# JRE version: OpenJDK Runtime Environment Temurin-21.0.7+6 (21.0.7+6) (build 21.0.7+6-LTS)
# Java VM: OpenJDK 64-Bit Server VM Temurin-21.0.7+6 (21.0.7+6-LTS, mixed mode, sharing, tiered, compressed oops, compressed class ptrs, parallel gc, windows-amd64)
GC Precious Log:
 CardTable entry size: 512
 CPUs: 12 total, 12 available
 Memory: 15752M
 Large Page Support: Disabled
 NUMA Support: Disabled
 Compressed Oops: Enabled (32-bit)
 Alignments: Space 512K, Generation 512K, Heap 2M
 Heap Min Capacity: 100M
 Heap Initial Capacity: 100M
 Heap Max Capacity: 2G
 Pre-touch: Disabled
 Parallel Workers: 10
Heap:
 PSYoungGen      total 4096K, used 922K [0x00000000d5580000, 0x00000000d5b00000, 0x0000000100000000)
  eden space 3584K, 11% used [0x00000000d5580000,0x00000000d55ea4b0,0x00000000d5900000)
  from space 512K, 97% used [0x00000000d5a80000,0x00000000d5afc608,0x00000000d5b00000)
  to   space 1024K, 0% used [0x00000000d5980000,0x00000000d5980000,0x00000000d5a80000)
 ParOldGen       total 160256K, used 160112K [0x0000000080000000, 0x0000000089c80000, 0x00000000d5580000)
  object space 160256K, 99% used [0x0000000080000000,0x0000000089c5c3b0,0x0000000089c80000)
 Metaspace       used 56593K, committed 57984K, reserved 1114112K
  class space    used 5891K, committed 6528K, reserved 1048576K
GC Heap History (20 events):
Event: 7.156 GC heap before
{Heap before GC invocations=90 (full 2):
 PSYoungGen      total 7680K, used 7496K [0x00000000d5580000, 0x00000000d5e80000, 0x0000000100000000)
  eden space 6144K, 100% used [0x00000000d5580000,0x00000000d5b80000,0x00000000d5b80000)
  from space 1536K, 88% used [0x00000000d5b80000,0x00000000d5cd23c0,0x00000000d5d00000)
  to   space 1536K, 0% used [0x00000000d5d00000,0x00000000d5d00000,0x00000000d5e80000)
 ParOldGen       total 149504K, used 149242K [0x0000000080000000, 0x0000000089200000, 0x00000000d5580000)
  object space 149504K, 99% used [0x0000000080000000,0x00000000891be970,0x0000000089200000)
 Metaspace       used 55901K, committed 57280K, reserved 1114112K
  class space    used 5838K, committed 6464K, reserved 1048576K
}
Event: 7.158 GC heap after
{Heap after GC invocations=90 (full 2):
 PSYoungGen      total 5632K, used 1532K [0x00000000d5580000, 0x00000000d6280000, 0x0000000100000000)
  eden space 4096K, 0% used [0x00000000d5580000,0x00000000d5580000,0x00000000d5980000)
  from space 1536K, 99% used [0x00000000d5d00000,0x00000000d5e7f098,0x00000000d5e80000)
  to   space 3584K, 0% used [0x00000000d5980000,0x00000000d5980000,0x00000000d5d00000)
 ParOldGen       total 151040K, used 150637K [0x0000000080000000, 0x0000000089380000, 0x00000000d5580000)
  object space 151040K, 99% used [0x0000000080000000,0x000000008931b4f8,0x0000000089380000)
 Metaspace       used 55901K, committed 57280K, reserved 1114112K
  class space    used 5838K, committed 6464K, reserved 1048576K
}
Event: 7.181 GC heap before
{Heap before GC invocations=91 (full 2):
 PSYoungGen      total 5632K, used 5628K [0x00000000d5580000, 0x00000000d6280000, 0x0000000100000000)
  eden space 4096K, 100% used [0x00000000d5580000,0x00000000d5980000,0x00000000d5980000)
  from space 1536K, 99% used [0x00000000d5d00000,0x00000000d5e7f098,0x00000000d5e80000)
  to   space 3584K, 0% used [0x00000000d5980000,0x00000000d5980000,0x00000000d5d00000)
 ParOldGen       total 151040K, used 150637K [0x0000000080000000, 0x0000000089380000, 0x00000000d5580000)
  object space 151040K, 99% used [0x0000000080000000,0x000000008931b4f8,0x0000000089380000)
 Metaspace       used 55962K, committed 57280K, reserved 1114112K
  class space    used 5847K, committed 6464K, reserved 1048576K
}
Event: 7.183 GC heap after
{Heap after GC invocations=91 (full 2):
 PSYoungGen      total 5632K, used 1154K [0x00000000d5580000, 0x00000000d5d80000, 0x0000000100000000)
  eden space 4096K, 0% used [0x00000000d5580000,0x00000000d5580000,0x00000000d5980000)
  from space 1536K, 75% used [0x00000000d5980000,0x00000000d5aa0be0,0x00000000d5b00000)
  to   space 2048K, 0% used [0x00000000d5b80000,0x00000000d5b80000,0x00000000d5d80000)
 ParOldGen       total 152576K, used 152190K [0x0000000080000000, 0x0000000089500000, 0x00000000d5580000)
  object space 152576K, 99% used [0x0000000080000000,0x000000008949fb98,0x0000000089500000)
 Metaspace       used 55962K, committed 57280K, reserved 1114112K
  class space    used 5847K, committed 6464K, reserved 1048576K
}
Event: 7.216 GC heap before
{Heap before GC invocations=92 (full 2):
 PSYoungGen      total 5632K, used 5250K [0x00000000d5580000, 0x00000000d5d80000, 0x0000000100000000)
  eden space 4096K, 99% used [0x00000000d5580000,0x00000000d597ffe8,0x00000000d5980000)
  from space 1536K, 75% used [0x00000000d5980000,0x00000000d5aa0be0,0x00000000d5b00000)
  to   space 2048K, 0% used [0x00000000d5b80000,0x00000000d5b80000,0x00000000d5d80000)
 ParOldGen       total 152576K, used 152190K [0x0000000080000000, 0x0000000089500000, 0x00000000d5580000)
  object space 152576K, 99% used [0x0000000080000000,0x000000008949fb98,0x0000000089500000)
 Metaspace       used 56097K, committed 57408K, reserved 1114112K
  class space    used 5859K, committed 6464K, reserved 1048576K
}
Event: 7.218 GC heap after
{Heap after GC invocations=92 (full 2):
 PSYoungGen      total 5120K, used 977K [0x00000000d5580000, 0x00000000d5c80000, 0x0000000100000000)
  eden space 4096K, 0% used [0x00000000d5580000,0x00000000d5580000,0x00000000d5980000)
  from space 1024K, 95% used [0x00000000d5b80000,0x00000000d5c74628,0x00000000d5c80000)
  to   space 1536K, 0% used [0x00000000d5980000,0x00000000d5980000,0x00000000d5b00000)
 ParOldGen       total 153600K, used 153153K [0x0000000080000000, 0x0000000089600000, 0x00000000d5580000)
  object space 153600K, 99% used [0x0000000080000000,0x00000000895906c0,0x0000000089600000)
 Metaspace       used 56097K, committed 57408K, reserved 1114112K
  class space    used 5859K, committed 6464K, reserved 1048576K
}
Event: 7.238 GC heap before
{Heap before GC invocations=93 (full 2):
 PSYoungGen      total 5120K, used 5073K [0x00000000d5580000, 0x00000000d5c80000, 0x0000000100000000)
  eden space 4096K, 100% used [0x00000000d5580000,0x00000000d5980000,0x00000000d5980000)
  from space 1024K, 95% used [0x00000000d5b80000,0x00000000d5c74628,0x00000000d5c80000)
  to   space 1536K, 0% used [0x00000000d5980000,0x00000000d5980000,0x00000000d5b00000)
 ParOldGen       total 153600K, used 153153K [0x0000000080000000, 0x0000000089600000, 0x00000000d5580000)
  object space 153600K, 99% used [0x0000000080000000,0x00000000895906c0,0x0000000089600000)
 Metaspace       used 56165K, committed 57536K, reserved 1114112K
  class space    used 5863K, committed 6528K, reserved 1048576K
}
Event: 7.240 GC heap after
{Heap after GC invocations=93 (full 2):
 PSYoungGen      total 5632K, used 1066K [0x00000000d5580000, 0x00000000d5c80000, 0x0000000100000000)
  eden space 4096K, 0% used [0x00000000d5580000,0x00000000d5580000,0x00000000d5980000)
  from space 1536K, 69% used [0x00000000d5980000,0x00000000d5a8abe0,0x00000000d5b00000)
  to   space 1536K, 0% used [0x00000000d5b00000,0x00000000d5b00000,0x00000000d5c80000)
 ParOldGen       total 154112K, used 154006K [0x0000000080000000, 0x0000000089680000, 0x00000000d5580000)
  object space 154112K, 99% used [0x0000000080000000,0x0000000089665ae8,0x0000000089680000)
 Metaspace       used 56165K, committed 57536K, reserved 1114112K
  class space    used 5863K, committed 6528K, reserved 1048576K
}
Event: 7.256 GC heap before
{Heap before GC invocations=94 (full 2):
 PSYoungGen      total 5632K, used 5162K [0x00000000d5580000, 0x00000000d5c80000, 0x0000000100000000)
  eden space 4096K, 100% used [0x00000000d5580000,0x00000000d5980000,0x00000000d5980000)
  from space 1536K, 69% used [0x00000000d5980000,0x00000000d5a8abe0,0x00000000d5b00000)
  to   space 1536K, 0% used [0x00000000d5b00000,0x00000000d5b00000,0x00000000d5c80000)
 ParOldGen       total 154112K, used 154006K [0x0000000080000000, 0x0000000089680000, 0x00000000d5580000)
  object space 154112K, 99% used [0x0000000080000000,0x0000000089665ae8,0x0000000089680000)
 Metaspace       used 56287K, committed 57664K, reserved 1114112K
  class space    used 5873K, committed 6528K, reserved 1048576K
}
Event: 7.258 GC heap after
{Heap after GC invocations=94 (full 2):
 PSYoungGen      total 5120K, used 928K [0x00000000d5580000, 0x00000000d5c00000, 0x0000000100000000)
  eden space 4096K, 0% used [0x00000000d5580000,0x00000000d5580000,0x00000000d5980000)
  from space 1024K, 90% used [0x00000000d5b00000,0x00000000d5be8000,0x00000000d5c00000)
  to   space 1024K, 0% used [0x00000000d5a00000,0x00000000d5a00000,0x00000000d5b00000)
 ParOldGen       total 155136K, used 154912K [0x0000000080000000, 0x0000000089780000, 0x00000000d5580000)
  object space 155136K, 99% used [0x0000000080000000,0x0000000089748358,0x0000000089780000)
 Metaspace       used 56287K, committed 57664K, reserved 1114112K
  class space    used 5873K, committed 6528K, reserved 1048576K
}
Event: 7.281 GC heap before
{Heap before GC invocations=95 (full 2):
 PSYoungGen      total 5120K, used 5023K [0x00000000d5580000, 0x00000000d5c00000, 0x0000000100000000)
  eden space 4096K, 99% used [0x00000000d5580000,0x00000000d597fff8,0x00000000d5980000)
  from space 1024K, 90% used [0x00000000d5b00000,0x00000000d5be8000,0x00000000d5c00000)
  to   space 1024K, 0% used [0x00000000d5a00000,0x00000000d5a00000,0x00000000d5b00000)
 ParOldGen       total 155136K, used 154912K [0x0000000080000000, 0x0000000089780000, 0x00000000d5580000)
  object space 155136K, 99% used [0x0000000080000000,0x0000000089748358,0x0000000089780000)
 Metaspace       used 56346K, committed 57728K, reserved 1114112K
  class space    used 5876K, committed 6528K, reserved 1048576K
}
Event: 7.283 GC heap after
{Heap after GC invocations=95 (full 2):
 PSYoungGen      total 5120K, used 941K [0x00000000d5580000, 0x00000000d5b80000, 0x0000000100000000)
  eden space 4096K, 0% used [0x00000000d5580000,0x00000000d5580000,0x00000000d5980000)
  from space 1024K, 91% used [0x00000000d5a00000,0x00000000d5aeb520,0x00000000d5b00000)
  to   space 512K, 0% used [0x00000000d5b00000,0x00000000d5b00000,0x00000000d5b80000)
 ParOldGen       total 156160K, used 155706K [0x0000000080000000, 0x0000000089880000, 0x00000000d5580000)
  object space 156160K, 99% used [0x0000000080000000,0x000000008980ebb0,0x0000000089880000)
 Metaspace       used 56346K, committed 57728K, reserved 1114112K
  class space    used 5876K, committed 6528K, reserved 1048576K
}
Event: 7.302 GC heap before
{Heap before GC invocations=96 (full 2):
 PSYoungGen      total 5120K, used 5037K [0x00000000d5580000, 0x00000000d5b80000, 0x0000000100000000)
  eden space 4096K, 100% used [0x00000000d5580000,0x00000000d5980000,0x00000000d5980000)
  from space 1024K, 91% used [0x00000000d5a00000,0x00000000d5aeb520,0x00000000d5b00000)
  to   space 512K, 0% used [0x00000000d5b00000,0x00000000d5b00000,0x00000000d5b80000)
 ParOldGen       total 156160K, used 155706K [0x0000000080000000, 0x0000000089880000, 0x00000000d5580000)
  object space 156160K, 99% used [0x0000000080000000,0x000000008980ebb0,0x0000000089880000)
 Metaspace       used 56381K, committed 57728K, reserved 1114112K
  class space    used 5880K, committed 6528K, reserved 1048576K
}
Event: 7.303 GC heap after
{Heap after GC invocations=96 (full 2):
 PSYoungGen      total 4096K, used 512K [0x00000000d5580000, 0x00000000d5d80000, 0x0000000100000000)
  eden space 3584K, 0% used [0x00000000d5580000,0x00000000d5580000,0x00000000d5900000)
  from space 512K, 100% used [0x00000000d5b00000,0x00000000d5b80000,0x00000000d5b80000)
  to   space 2048K, 0% used [0x00000000d5900000,0x00000000d5900000,0x00000000d5b00000)
 ParOldGen       total 157184K, used 156971K [0x0000000080000000, 0x0000000089980000, 0x00000000d5580000)
  object space 157184K, 99% used [0x0000000080000000,0x000000008994ae48,0x0000000089980000)
 Metaspace       used 56381K, committed 57728K, reserved 1114112K
  class space    used 5880K, committed 6528K, reserved 1048576K
}
Event: 7.317 GC heap before
{Heap before GC invocations=97 (full 2):
 PSYoungGen      total 4096K, used 4096K [0x00000000d5580000, 0x00000000d5d80000, 0x0000000100000000)
  eden space 3584K, 100% used [0x00000000d5580000,0x00000000d5900000,0x00000000d5900000)
  from space 512K, 100% used [0x00000000d5b00000,0x00000000d5b80000,0x00000000d5b80000)
  to   space 2048K, 0% used [0x00000000d5900000,0x00000000d5900000,0x00000000d5b00000)
 ParOldGen       total 157184K, used 156971K [0x0000000080000000, 0x0000000089980000, 0x00000000d5580000)
  object space 157184K, 99% used [0x0000000080000000,0x000000008994ae48,0x0000000089980000)
 Metaspace       used 56446K, committed 57792K, reserved 1114112K
  class space    used 5885K, committed 6528K, reserved 1048576K
}
Event: 7.318 GC heap after
{Heap after GC invocations=97 (full 2):
 PSYoungGen      total 5120K, used 1104K [0x00000000d5580000, 0x00000000d5c00000, 0x0000000100000000)
  eden space 3584K, 0% used [0x00000000d5580000,0x00000000d5580000,0x00000000d5900000)
  from space 1536K, 71% used [0x00000000d5900000,0x00000000d5a14398,0x00000000d5a80000)
  to   space 1536K, 0% used [0x00000000d5a80000,0x00000000d5a80000,0x00000000d5c00000)
 ParOldGen       total 157696K, used 157523K [0x0000000080000000, 0x0000000089a00000, 0x00000000d5580000)
  object space 157696K, 99% used [0x0000000080000000,0x00000000899d4e48,0x0000000089a00000)
 Metaspace       used 56446K, committed 57792K, reserved 1114112K
  class space    used 5885K, committed 6528K, reserved 1048576K
}
Event: 7.350 GC heap before
{Heap before GC invocations=98 (full 2):
 PSYoungGen      total 5120K, used 4688K [0x00000000d5580000, 0x00000000d5c00000, 0x0000000100000000)
  eden space 3584K, 100% used [0x00000000d5580000,0x00000000d5900000,0x00000000d5900000)
  from space 1536K, 71% used [0x00000000d5900000,0x00000000d5a14398,0x00000000d5a80000)
  to   space 1536K, 0% used [0x00000000d5a80000,0x00000000d5a80000,0x00000000d5c00000)
 ParOldGen       total 157696K, used 157523K [0x0000000080000000, 0x0000000089a00000, 0x00000000d5580000)
  object space 157696K, 99% used [0x0000000080000000,0x00000000899d4e48,0x0000000089a00000)
 Metaspace       used 56503K, committed 57920K, reserved 1114112K
  class space    used 5888K, committed 6528K, reserved 1048576K
}
Event: 7.351 GC heap after
{Heap after GC invocations=98 (full 2):
 PSYoungGen      total 4608K, used 719K [0x00000000d5580000, 0x00000000d5b80000, 0x0000000100000000)
  eden space 3584K, 0% used [0x00000000d5580000,0x00000000d5580000,0x00000000d5900000)
  from space 1024K, 70% used [0x00000000d5a80000,0x00000000d5b33c50,0x00000000d5b80000)
  to   space 1024K, 0% used [0x00000000d5980000,0x00000000d5980000,0x00000000d5a80000)
 ParOldGen       total 158720K, used 158477K [0x0000000080000000, 0x0000000089b00000, 0x00000000d5580000)
  object space 158720K, 99% used [0x0000000080000000,0x0000000089ac3698,0x0000000089b00000)
 Metaspace       used 56503K, committed 57920K, reserved 1114112K
  class space    used 5888K, committed 6528K, reserved 1048576K
}
Event: 7.370 GC heap before
{Heap before GC invocations=99 (full 2):
 PSYoungGen      total 4608K, used 4303K [0x00000000d5580000, 0x00000000d5b80000, 0x0000000100000000)
  eden space 3584K, 100% used [0x00000000d5580000,0x00000000d5900000,0x00000000d5900000)
  from space 1024K, 70% used [0x00000000d5a80000,0x00000000d5b33c50,0x00000000d5b80000)
  to   space 1024K, 0% used [0x00000000d5980000,0x00000000d5980000,0x00000000d5a80000)
 ParOldGen       total 158720K, used 158477K [0x0000000080000000, 0x0000000089b00000, 0x00000000d5580000)
  object space 158720K, 99% used [0x0000000080000000,0x0000000089ac3698,0x0000000089b00000)
 Metaspace       used 56582K, committed 57984K, reserved 1114112K
  class space    used 5891K, committed 6528K, reserved 1048576K
}
Event: 7.371 GC heap after
{Heap after GC invocations=99 (full 2):
 PSYoungGen      total 4608K, used 922K [0x00000000d5580000, 0x00000000d5b00000, 0x0000000100000000)
  eden space 3584K, 0% used [0x00000000d5580000,0x00000000d5580000,0x00000000d5900000)
  from space 1024K, 90% used [0x00000000d5980000,0x00000000d5a66908,0x00000000d5a80000)
  to   space 512K, 0% used [0x00000000d5a80000,0x00000000d5a80000,0x00000000d5b00000)
 ParOldGen       total 159232K, used 159084K [0x0000000080000000, 0x0000000089b80000, 0x00000000d5580000)
  object space 159232K, 99% used [0x0000000080000000,0x0000000089b5b2f0,0x0000000089b80000)
 Metaspace       used 56582K, committed 57984K, reserved 1114112K
  class space    used 5891K, committed 6528K, reserved 1048576K
}

