# JRE version: OpenJDK Runtime Environment Temurin-21.0.7+6 (21.0.7+6) (build 21.0.7+6-LTS)
# Java VM: OpenJDK 64-Bit Server VM Temurin-21.0.7+6 (21.0.7+6-LTS, mixed mode, sharing, tiered, compressed oops, compressed class ptrs, parallel gc, windows-amd64)
GC Precious Log:
 CardTable entry size: 512
 CPUs: 12 total, 12 available
 Memory: 15752M
 Large Page Support: Disabled
 NUMA Support: Disabled
 Compressed Oops: Enabled (32-bit)
 Alignments: Space 512K, Generation 512K, Heap 2M
 Heap Min Capacity: 100M
 Heap Initial Capacity: 100M
 Heap Max Capacity: 2G
 Pre-touch: Disabled
 Parallel Workers: 10
Heap:
 PSYoungGen      total 30720K, used 27028K [0x00000000d5580000, 0x00000000d7600000, 0x0000000100000000)
  eden space 29696K, 88% used [0x00000000d5580000,0x00000000d6f2d2c0,0x00000000d7280000)
  from space 1024K, 71% used [0x00000000d7380000,0x00000000d7438000,0x00000000d7480000)
  to   space 1536K, 0% used [0x00000000d7480000,0x00000000d7480000,0x00000000d7600000)
 ParOldGen       total 540672K, used 540554K [0x0000000080000000, 0x00000000a1000000, 0x00000000d5580000)
  object space 540672K, 99% used [0x0000000080000000,0x00000000a0fe2ab8,0x00000000a1000000)
 Metaspace       used 67630K, committed 69184K, reserved 1114112K
  class space    used 6753K, committed 7488K, reserved 1048576K
GC Heap History (20 events):
Event: 12.319 GC heap before
{Heap before GC invocations=651 (full 3):
 PSYoungGen      total 21504K, used 21488K [0x00000000d5580000, 0x00000000d7500000, 0x0000000100000000)
  eden space 20480K, 100% used [0x00000000d5580000,0x00000000d6980000,0x00000000d6980000)
  from space 1024K, 98% used [0x00000000d7380000,0x00000000d747c328,0x00000000d7480000)
  to   space 512K, 0% used [0x00000000d7480000,0x00000000d7480000,0x00000000d7500000)
 ParOldGen       total 524288K, used 523973K [0x0000000080000000, 0x00000000a0000000, 0x00000000d5580000)
  object space 524288K, 99% used [0x0000000080000000,0x000000009ffb1458,0x00000000a0000000)
 Metaspace       used 66290K, committed 67840K, reserved 1114112K
  class space    used 6642K, committed 7360K, reserved 1048576K
}
Event: 12.321 GC heap after
{Heap after GC invocations=651 (full 3):
 PSYoungGen      total 20992K, used 512K [0x00000000d5580000, 0x00000000d7500000, 0x0000000100000000)
  eden space 20480K, 0% used [0x00000000d5580000,0x00000000d5580000,0x00000000d6980000)
  from space 512K, 100% used [0x00000000d7480000,0x00000000d7500000,0x00000000d7500000)
  to   space 2560K, 0% used [0x00000000d7000000,0x00000000d7000000,0x00000000d7280000)
 ParOldGen       total 526336K, used 525915K [0x0000000080000000, 0x00000000a0200000, 0x00000000d5580000)
  object space 526336K, 99% used [0x0000000080000000,0x00000000a0196e80,0x00000000a0200000)
 Metaspace       used 66290K, committed 67840K, reserved 1114112K
  class space    used 6642K, committed 7360K, reserved 1048576K
}
Event: 12.345 GC heap before
{Heap before GC invocations=652 (full 3):
 PSYoungGen      total 20992K, used 20992K [0x00000000d5580000, 0x00000000d7500000, 0x0000000100000000)
  eden space 20480K, 100% used [0x00000000d5580000,0x00000000d6980000,0x00000000d6980000)
  from space 512K, 100% used [0x00000000d7480000,0x00000000d7500000,0x00000000d7500000)
  to   space 2560K, 0% used [0x00000000d7000000,0x00000000d7000000,0x00000000d7280000)
 ParOldGen       total 526336K, used 525936K [0x0000000080000000, 0x00000000a0200000, 0x00000000d5580000)
  object space 526336K, 99% used [0x0000000080000000,0x00000000a019c2a8,0x00000000a0200000)
 Metaspace       used 66334K, committed 67904K, reserved 1114112K
  class space    used 6642K, committed 7360K, reserved 1048576K
}
Event: 12.350 GC heap after
{Heap after GC invocations=652 (full 3):
 PSYoungGen      total 23040K, used 1612K [0x00000000d5580000, 0x00000000d7500000, 0x0000000100000000)
  eden space 20480K, 0% used [0x00000000d5580000,0x00000000d5580000,0x00000000d6980000)
  from space 2560K, 62% used [0x00000000d7000000,0x00000000d7193008,0x00000000d7280000)
  to   space 2048K, 0% used [0x00000000d7300000,0x00000000d7300000,0x00000000d7500000)
 ParOldGen       total 526336K, used 526320K [0x0000000080000000, 0x00000000a0200000, 0x00000000d5580000)
  object space 526336K, 99% used [0x0000000080000000,0x00000000a01fc2a8,0x00000000a0200000)
 Metaspace       used 66334K, committed 67904K, reserved 1114112K
  class space    used 6642K, committed 7360K, reserved 1048576K
}
Event: 12.379 GC heap before
{Heap before GC invocations=653 (full 3):
 PSYoungGen      total 23040K, used 22092K [0x00000000d5580000, 0x00000000d7500000, 0x0000000100000000)
  eden space 20480K, 100% used [0x00000000d5580000,0x00000000d6980000,0x00000000d6980000)
  from space 2560K, 62% used [0x00000000d7000000,0x00000000d7193008,0x00000000d7280000)
  to   space 2048K, 0% used [0x00000000d7300000,0x00000000d7300000,0x00000000d7500000)
 ParOldGen       total 526336K, used 526320K [0x0000000080000000, 0x00000000a0200000, 0x00000000d5580000)
  object space 526336K, 99% used [0x0000000080000000,0x00000000a01fc2a8,0x00000000a0200000)
 Metaspace       used 66346K, committed 67904K, reserved 1114112K
  class space    used 6642K, committed 7360K, reserved 1048576K
}
Event: 12.386 GC heap after
{Heap after GC invocations=653 (full 3):
 PSYoungGen      total 22528K, used 2016K [0x00000000d5580000, 0x00000000d7500000, 0x0000000100000000)
  eden space 20480K, 0% used [0x00000000d5580000,0x00000000d5580000,0x00000000d6980000)
  from space 2048K, 98% used [0x00000000d7300000,0x00000000d74f8000,0x00000000d7500000)
  to   space 2560K, 0% used [0x00000000d7000000,0x00000000d7000000,0x00000000d7280000)
 ParOldGen       total 527872K, used 527809K [0x0000000080000000, 0x00000000a0380000, 0x00000000d5580000)
  object space 527872K, 99% used [0x0000000080000000,0x00000000a0370598,0x00000000a0380000)
 Metaspace       used 66346K, committed 67904K, reserved 1114112K
  class space    used 6642K, committed 7360K, reserved 1048576K
}
Event: 12.417 GC heap before
{Heap before GC invocations=654 (full 3):
 PSYoungGen      total 22528K, used 22496K [0x00000000d5580000, 0x00000000d7500000, 0x0000000100000000)
  eden space 20480K, 100% used [0x00000000d5580000,0x00000000d6980000,0x00000000d6980000)
  from space 2048K, 98% used [0x00000000d7300000,0x00000000d74f8000,0x00000000d7500000)
  to   space 2560K, 0% used [0x00000000d7000000,0x00000000d7000000,0x00000000d7280000)
 ParOldGen       total 527872K, used 527809K [0x0000000080000000, 0x00000000a0380000, 0x00000000d5580000)
  object space 527872K, 99% used [0x0000000080000000,0x00000000a0370598,0x00000000a0380000)
 Metaspace       used 66362K, committed 67904K, reserved 1114112K
  class space    used 6644K, committed 7360K, reserved 1048576K
}
Event: 12.425 GC heap after
{Heap after GC invocations=654 (full 3):
 PSYoungGen      total 23040K, used 2392K [0x00000000d5580000, 0x00000000d7380000, 0x0000000100000000)
  eden space 20480K, 0% used [0x00000000d5580000,0x00000000d5580000,0x00000000d6980000)
  from space 2560K, 93% used [0x00000000d7000000,0x00000000d7256008,0x00000000d7280000)
  to   space 1024K, 0% used [0x00000000d7280000,0x00000000d7280000,0x00000000d7380000)
 ParOldGen       total 529920K, used 529521K [0x0000000080000000, 0x00000000a0580000, 0x00000000d5580000)
  object space 529920K, 99% used [0x0000000080000000,0x00000000a051c598,0x00000000a0580000)
 Metaspace       used 66362K, committed 67904K, reserved 1114112K
  class space    used 6644K, committed 7360K, reserved 1048576K
}
Event: 12.457 GC heap before
{Heap before GC invocations=655 (full 3):
 PSYoungGen      total 23040K, used 22872K [0x00000000d5580000, 0x00000000d7380000, 0x0000000100000000)
  eden space 20480K, 100% used [0x00000000d5580000,0x00000000d6980000,0x00000000d6980000)
  from space 2560K, 93% used [0x00000000d7000000,0x00000000d7256008,0x00000000d7280000)
  to   space 1024K, 0% used [0x00000000d7280000,0x00000000d7280000,0x00000000d7380000)
 ParOldGen       total 529920K, used 529521K [0x0000000080000000, 0x00000000a0580000, 0x00000000d5580000)
  object space 529920K, 99% used [0x0000000080000000,0x00000000a051c598,0x00000000a0580000)
 Metaspace       used 66393K, committed 67904K, reserved 1114112K
  class space    used 6644K, committed 7360K, reserved 1048576K
}
Event: 12.469 GC heap after
{Heap after GC invocations=655 (full 3):
 PSYoungGen      total 21504K, used 1024K [0x00000000d5580000, 0x00000000d7380000, 0x0000000100000000)
  eden space 20480K, 0% used [0x00000000d5580000,0x00000000d5580000,0x00000000d6980000)
  from space 1024K, 100% used [0x00000000d7280000,0x00000000d7380000,0x00000000d7380000)
  to   space 4608K, 0% used [0x00000000d6a80000,0x00000000d6a80000,0x00000000d6f00000)
 ParOldGen       total 532992K, used 532632K [0x0000000080000000, 0x00000000a0880000, 0x00000000d5580000)
  object space 532992K, 99% used [0x0000000080000000,0x00000000a0826180,0x00000000a0880000)
 Metaspace       used 66393K, committed 67904K, reserved 1114112K
  class space    used 6644K, committed 7360K, reserved 1048576K
}
Event: 12.501 GC heap before
{Heap before GC invocations=656 (full 3):
 PSYoungGen      total 21504K, used 21504K [0x00000000d5580000, 0x00000000d7380000, 0x0000000100000000)
  eden space 20480K, 100% used [0x00000000d5580000,0x00000000d6980000,0x00000000d6980000)
  from space 1024K, 100% used [0x00000000d7280000,0x00000000d7380000,0x00000000d7380000)
  to   space 4608K, 0% used [0x00000000d6a80000,0x00000000d6a80000,0x00000000d6f00000)
 ParOldGen       total 532992K, used 532632K [0x0000000080000000, 0x00000000a0880000, 0x00000000d5580000)
  object space 532992K, 99% used [0x0000000080000000,0x00000000a0826180,0x00000000a0880000)
 Metaspace       used 66404K, committed 67904K, reserved 1114112K
  class space    used 6644K, committed 7360K, reserved 1048576K
}
Event: 12.521 GC heap after
{Heap after GC invocations=656 (full 3):
 PSYoungGen      total 26112K, used 1984K [0x00000000d5580000, 0x00000000d7380000, 0x0000000100000000)
  eden space 21504K, 0% used [0x00000000d5580000,0x00000000d5580000,0x00000000d6a80000)
  from space 4608K, 43% used [0x00000000d6a80000,0x00000000d6c70000,0x00000000d6f00000)
  to   space 3072K, 0% used [0x00000000d7080000,0x00000000d7080000,0x00000000d7380000)
 ParOldGen       total 534016K, used 533525K [0x0000000080000000, 0x00000000a0980000, 0x00000000d5580000)
  object space 534016K, 99% used [0x0000000080000000,0x00000000a09055e0,0x00000000a0980000)
 Metaspace       used 66404K, committed 67904K, reserved 1114112K
  class space    used 6644K, committed 7360K, reserved 1048576K
}
Event: 12.569 GC heap before
{Heap before GC invocations=657 (full 3):
 PSYoungGen      total 26112K, used 23488K [0x00000000d5580000, 0x00000000d7380000, 0x0000000100000000)
  eden space 21504K, 100% used [0x00000000d5580000,0x00000000d6a80000,0x00000000d6a80000)
  from space 4608K, 43% used [0x00000000d6a80000,0x00000000d6c70000,0x00000000d6f00000)
  to   space 3072K, 0% used [0x00000000d7080000,0x00000000d7080000,0x00000000d7380000)
 ParOldGen       total 534016K, used 533525K [0x0000000080000000, 0x00000000a0980000, 0x00000000d5580000)
  object space 534016K, 99% used [0x0000000080000000,0x00000000a09055e0,0x00000000a0980000)
 Metaspace       used 66420K, committed 67904K, reserved 1114112K
  class space    used 6644K, committed 7360K, reserved 1048576K
}
Event: 12.592 GC heap after
{Heap after GC invocations=657 (full 3):
 PSYoungGen      total 28160K, used 2452K [0x00000000d5580000, 0x00000000d7400000, 0x0000000100000000)
  eden space 25088K, 0% used [0x00000000d5580000,0x00000000d5580000,0x00000000d6e00000)
  from space 3072K, 79% used [0x00000000d7080000,0x00000000d72e5300,0x00000000d7380000)
  to   space 2560K, 0% used [0x00000000d6e00000,0x00000000d6e00000,0x00000000d7080000)
 ParOldGen       total 535552K, used 535354K [0x0000000080000000, 0x00000000a0b00000, 0x00000000d5580000)
  object space 535552K, 99% used [0x0000000080000000,0x00000000a0acebe8,0x00000000a0b00000)
 Metaspace       used 66420K, committed 67904K, reserved 1114112K
  class space    used 6644K, committed 7360K, reserved 1048576K
}
Event: 12.643 GC heap before
{Heap before GC invocations=658 (full 3):
 PSYoungGen      total 28160K, used 27540K [0x00000000d5580000, 0x00000000d7400000, 0x0000000100000000)
  eden space 25088K, 100% used [0x00000000d5580000,0x00000000d6e00000,0x00000000d6e00000)
  from space 3072K, 79% used [0x00000000d7080000,0x00000000d72e5300,0x00000000d7380000)
  to   space 2560K, 0% used [0x00000000d6e00000,0x00000000d6e00000,0x00000000d7080000)
 ParOldGen       total 535552K, used 535354K [0x0000000080000000, 0x00000000a0b00000, 0x00000000d5580000)
  object space 535552K, 99% used [0x0000000080000000,0x00000000a0acebe8,0x00000000a0b00000)
 Metaspace       used 66468K, committed 67968K, reserved 1114112K
  class space    used 6645K, committed 7360K, reserved 1048576K
}
Event: 12.663 GC heap after
{Heap after GC invocations=658 (full 3):
 PSYoungGen      total 27648K, used 2464K [0x00000000d5580000, 0x00000000d7800000, 0x0000000100000000)
  eden space 25088K, 0% used [0x00000000d5580000,0x00000000d5580000,0x00000000d6e00000)
  from space 2560K, 96% used [0x00000000d6e00000,0x00000000d7068000,0x00000000d7080000)
  to   space 2560K, 0% used [0x00000000d7580000,0x00000000d7580000,0x00000000d7800000)
 ParOldGen       total 538112K, used 537649K [0x0000000080000000, 0x00000000a0d80000, 0x00000000d5580000)
  object space 538112K, 99% used [0x0000000080000000,0x00000000a0d0c400,0x00000000a0d80000)
 Metaspace       used 66468K, committed 67968K, reserved 1114112K
  class space    used 6645K, committed 7360K, reserved 1048576K
}
Event: 12.788 GC heap before
{Heap before GC invocations=659 (full 3):
 PSYoungGen      total 27648K, used 27552K [0x00000000d5580000, 0x00000000d7800000, 0x0000000100000000)
  eden space 25088K, 100% used [0x00000000d5580000,0x00000000d6e00000,0x00000000d6e00000)
  from space 2560K, 96% used [0x00000000d6e00000,0x00000000d7068000,0x00000000d7080000)
  to   space 2560K, 0% used [0x00000000d7580000,0x00000000d7580000,0x00000000d7800000)
 ParOldGen       total 538112K, used 537649K [0x0000000080000000, 0x00000000a0d80000, 0x00000000d5580000)
  object space 538112K, 99% used [0x0000000080000000,0x00000000a0d0c400,0x00000000a0d80000)
 Metaspace       used 67525K, committed 69120K, reserved 1114112K
  class space    used 6749K, committed 7488K, reserved 1048576K
}
Event: 12.802 GC heap after
{Heap after GC invocations=659 (full 3):
 PSYoungGen      total 32256K, used 1735K [0x00000000d5580000, 0x00000000d7780000, 0x0000000100000000)
  eden space 30208K, 0% used [0x00000000d5580000,0x00000000d5580000,0x00000000d7300000)
  from space 2048K, 84% used [0x00000000d7580000,0x00000000d7731d60,0x00000000d7780000)
  to   space 2048K, 0% used [0x00000000d7380000,0x00000000d7380000,0x00000000d7580000)
 ParOldGen       total 540160K, used 539945K [0x0000000080000000, 0x00000000a0f80000, 0x00000000d5580000)
  object space 540160K, 99% used [0x0000000080000000,0x00000000a0f4a7c8,0x00000000a0f80000)
 Metaspace       used 67525K, committed 69120K, reserved 1114112K
  class space    used 6749K, committed 7488K, reserved 1048576K
}
Event: 12.876 GC heap before
{Heap before GC invocations=660 (full 3):
 PSYoungGen      total 32256K, used 31943K [0x00000000d5580000, 0x00000000d7780000, 0x0000000100000000)
  eden space 30208K, 100% used [0x00000000d5580000,0x00000000d7300000,0x00000000d7300000)
  from space 2048K, 84% used [0x00000000d7580000,0x00000000d7731d60,0x00000000d7780000)
  to   space 2048K, 0% used [0x00000000d7380000,0x00000000d7380000,0x00000000d7580000)
 ParOldGen       total 540160K, used 539945K [0x0000000080000000, 0x00000000a0f80000, 0x00000000d5580000)
  object space 540160K, 99% used [0x0000000080000000,0x00000000a0f4a7c8,0x00000000a0f80000)
 Metaspace       used 67550K, committed 69120K, reserved 1114112K
  class space    used 6752K, committed 7488K, reserved 1048576K
}
Event: 12.881 GC heap after
{Heap after GC invocations=660 (full 3):
 PSYoungGen      total 30720K, used 736K [0x00000000d5580000, 0x00000000d7600000, 0x0000000100000000)
  eden space 29696K, 0% used [0x00000000d5580000,0x00000000d5580000,0x00000000d7280000)
  from space 1024K, 71% used [0x00000000d7380000,0x00000000d7438000,0x00000000d7480000)
  to   space 1536K, 0% used [0x00000000d7480000,0x00000000d7480000,0x00000000d7600000)
 ParOldGen       total 540672K, used 540554K [0x0000000080000000, 0x00000000a1000000, 0x00000000d5580000)
  object space 540672K, 99% used [0x0000000080000000,0x00000000a0fe2ab8,0x00000000a1000000)
 Metaspace       used 67550K, committed 69120K, reserved 1114112K
  class space    used 6752K, committed 7488K, reserved 1048576K
}

