# JRE version: Java(TM) SE Runtime Environment (17.0.12+8) (build 17.0.12+8-LTS-286)
# Java VM: Java HotSpot(TM) 64-Bit Server VM (17.0.12+8-LTS-286, mixed mode, sharing, tiered, compressed oops, compressed class ptrs, g1 gc, windows-amd64)
GC Precious Log:
 CPUs: 12 total, 12 available
 Memory: 15752M
 Large Page Support: Disabled
 NUMA Support: Disabled
 Compressed Oops: Enabled (Zero based)
 Heap Region Size: 2M
 Heap Min Capacity: 8M
 Heap Initial Capacity: 248M
 Heap Max Capacity: 3940M
 Pre-touch: Disabled
 Parallel Workers: 10
 Concurrent Workers: 3
 Concurrent Refinement Workers: 10
 Periodic GC: Disabled
Heap:
 garbage-first heap   total 122880K, used 95241K [0x0000000709c00000, 0x0000000800000000)
  region size 2048K, 34 young (69632K), 3 survivors (6144K)
 Metaspace       used 75373K, committed 75968K, reserved 1179648K
  class space    used 10214K, committed 10496K, reserved 1048576K
GC Heap History (20 events):
Event: 3.805 GC heap before
{Heap before GC invocations=6 (full 0):
 garbage-first heap   total 61440K, used 40959K [0x0000000709c00000, 0x0000000800000000)
  region size 2048K, 13 young (26624K), 1 survivors (2048K)
 Metaspace       used 30828K, committed 31296K, reserved 1114112K
  class space    used 3969K, committed 4160K, reserved 1048576K
}
Event: 3.812 GC heap after
{Heap after GC invocations=7 (full 0):
 garbage-first heap   total 157696K, used 18390K [0x0000000709c00000, 0x0000000800000000)
  region size 2048K, 2 young (4096K), 2 survivors (4096K)
 Metaspace       used 30828K, committed 31296K, reserved 1114112K
  class space    used 3969K, committed 4160K, reserved 1048576K
}
Event: 4.269 GC heap before
{Heap before GC invocations=7 (full 0):
 garbage-first heap   total 157696K, used 40918K [0x0000000709c00000, 0x0000000800000000)
  region size 2048K, 14 young (28672K), 2 survivors (4096K)
 Metaspace       used 35562K, committed 35968K, reserved 1114112K
  class space    used 4560K, committed 4800K, reserved 1048576K
}
Event: 4.276 GC heap after
{Heap after GC invocations=8 (full 0):
 garbage-first heap   total 157696K, used 20311K [0x0000000709c00000, 0x0000000800000000)
  region size 2048K, 3 young (6144K), 3 survivors (6144K)
 Metaspace       used 35562K, committed 35968K, reserved 1114112K
  class space    used 4560K, committed 4800K, reserved 1048576K
}
Event: 5.415 GC heap before
{Heap before GC invocations=9 (full 0):
 garbage-first heap   total 81920K, used 63319K [0x0000000709c00000, 0x0000000800000000)
  region size 2048K, 24 young (49152K), 3 survivors (6144K)
 Metaspace       used 47550K, committed 48064K, reserved 1114112K
  class space    used 6147K, committed 6400K, reserved 1048576K
}
Event: 5.427 GC heap after
{Heap after GC invocations=10 (full 0):
 garbage-first heap   total 81920K, used 23082K [0x0000000709c00000, 0x0000000800000000)
  region size 2048K, 3 young (6144K), 3 survivors (6144K)
 Metaspace       used 47550K, committed 48064K, reserved 1114112K
  class space    used 6147K, committed 6400K, reserved 1048576K
}
Event: 5.460 GC heap before
{Heap before GC invocations=10 (full 0):
 garbage-first heap   total 81920K, used 23082K [0x0000000709c00000, 0x0000000800000000)
  region size 2048K, 4 young (8192K), 3 survivors (6144K)
 Metaspace       used 48103K, committed 48512K, reserved 1114112K
  class space    used 6203K, committed 6400K, reserved 1048576K
}
Event: 5.466 GC heap after
{Heap after GC invocations=11 (full 0):
 garbage-first heap   total 81920K, used 23372K [0x0000000709c00000, 0x0000000800000000)
  region size 2048K, 1 young (2048K), 1 survivors (2048K)
 Metaspace       used 48103K, committed 48512K, reserved 1114112K
  class space    used 6203K, committed 6400K, reserved 1048576K
}
Event: 6.073 GC heap before
{Heap before GC invocations=11 (full 0):
 garbage-first heap   total 81920K, used 60236K [0x0000000709c00000, 0x0000000800000000)
  region size 2048K, 19 young (38912K), 1 survivors (2048K)
 Metaspace       used 55852K, committed 56320K, reserved 1114112K
  class space    used 7430K, committed 7680K, reserved 1048576K
}
Event: 6.079 GC heap after
{Heap after GC invocations=12 (full 0):
 garbage-first heap   total 81920K, used 23914K [0x0000000709c00000, 0x0000000800000000)
  region size 2048K, 1 young (2048K), 1 survivors (2048K)
 Metaspace       used 55852K, committed 56320K, reserved 1114112K
  class space    used 7430K, committed 7680K, reserved 1048576K
}
Event: 7.424 GC heap before
{Heap before GC invocations=12 (full 0):
 garbage-first heap   total 81920K, used 44394K [0x0000000709c00000, 0x0000000800000000)
  region size 2048K, 12 young (24576K), 1 survivors (2048K)
 Metaspace       used 60011K, committed 60480K, reserved 1114112K
  class space    used 7946K, committed 8192K, reserved 1048576K
}
Event: 7.429 GC heap after
{Heap after GC invocations=13 (full 0):
 garbage-first heap   total 81920K, used 25058K [0x0000000709c00000, 0x0000000800000000)
  region size 2048K, 2 young (4096K), 2 survivors (4096K)
 Metaspace       used 60011K, committed 60480K, reserved 1114112K
  class space    used 7946K, committed 8192K, reserved 1048576K
}
Event: 7.981 GC heap before
{Heap before GC invocations=14 (full 0):
 garbage-first heap   total 81920K, used 63970K [0x0000000709c00000, 0x0000000800000000)
  region size 2048K, 21 young (43008K), 2 survivors (4096K)
 Metaspace       used 65469K, committed 65920K, reserved 1114112K
  class space    used 8939K, committed 9152K, reserved 1048576K
}
Event: 7.990 GC heap after
{Heap after GC invocations=15 (full 0):
 garbage-first heap   total 81920K, used 28076K [0x0000000709c00000, 0x0000000800000000)
  region size 2048K, 3 young (6144K), 3 survivors (6144K)
 Metaspace       used 65469K, committed 65920K, reserved 1114112K
  class space    used 8939K, committed 9152K, reserved 1048576K
}
Event: 8.276 GC heap before
{Heap before GC invocations=15 (full 0):
 garbage-first heap   total 81920K, used 64940K [0x0000000709c00000, 0x0000000800000000)
  region size 2048K, 21 young (43008K), 3 survivors (6144K)
 Metaspace       used 68382K, committed 68928K, reserved 1114112K
  class space    used 9352K, committed 9600K, reserved 1048576K
}
Event: 8.279 GC heap after
{Heap after GC invocations=16 (full 0):
 garbage-first heap   total 122880K, used 29695K [0x0000000709c00000, 0x0000000800000000)
  region size 2048K, 1 young (2048K), 1 survivors (2048K)
 Metaspace       used 68382K, committed 68928K, reserved 1114112K
  class space    used 9352K, committed 9600K, reserved 1048576K
}
Event: 8.706 GC heap before
{Heap before GC invocations=16 (full 0):
 garbage-first heap   total 122880K, used 97279K [0x0000000709c00000, 0x0000000800000000)
  region size 2048K, 34 young (69632K), 1 survivors (2048K)
 Metaspace       used 68995K, committed 69440K, reserved 1114112K
  class space    used 9397K, committed 9600K, reserved 1048576K
}
Event: 8.708 GC heap after
{Heap after GC invocations=17 (full 0):
 garbage-first heap   total 122880K, used 31382K [0x0000000709c00000, 0x0000000800000000)
  region size 2048K, 2 young (4096K), 2 survivors (4096K)
 Metaspace       used 68995K, committed 69440K, reserved 1114112K
  class space    used 9397K, committed 9600K, reserved 1048576K
}
Event: 9.067 GC heap before
{Heap before GC invocations=17 (full 0):
 garbage-first heap   total 122880K, used 98966K [0x0000000709c00000, 0x0000000800000000)
  region size 2048K, 35 young (71680K), 2 survivors (4096K)
 Metaspace       used 70255K, committed 70784K, reserved 1114112K
  class space    used 9509K, committed 9728K, reserved 1048576K
}
Event: 9.069 GC heap after
{Heap after GC invocations=18 (full 0):
 garbage-first heap   total 122880K, used 33801K [0x0000000709c00000, 0x0000000800000000)
  region size 2048K, 3 young (6144K), 3 survivors (6144K)
 Metaspace       used 70255K, committed 70784K, reserved 1114112K
  class space    used 9509K, committed 9728K, reserved 1048576K
}

