# JRE version: OpenJDK Runtime Environment Temurin-21.0.7+6 (21.0.7+6) (build 21.0.7+6-LTS)
# Java VM: OpenJDK 64-Bit Server VM Temurin-21.0.7+6 (21.0.7+6-LTS, mixed mode, sharing, tiered, compressed oops, compressed class ptrs, parallel gc, windows-amd64)
GC Precious Log:
 CardTable entry size: 512
 CPUs: 12 total, 12 available
 Memory: 15752M
 Large Page Support: Disabled
 NUMA Support: Disabled
 Compressed Oops: Enabled (32-bit)
 Alignments: Space 512K, Generation 512K, Heap 2M
 Heap Min Capacity: 100M
 Heap Initial Capacity: 100M
 Heap Max Capacity: 1G
 Pre-touch: Disabled
 Parallel Workers: 10
Heap:
 PSYoungGen      total 5632K, used 3794K [0x00000000eab00000, 0x00000000eb200000, 0x0000000100000000)
  eden space 4096K, 64% used [0x00000000eab00000,0x00000000ead980e8,0x00000000eaf00000)
  from space 1536K, 74% used [0x00000000eb080000,0x00000000eb19c770,0x00000000eb200000)
  to   space 1536K, 0% used [0x00000000eaf00000,0x00000000eaf00000,0x00000000eb080000)
 ParOldGen       total 222720K, used 222461K [0x00000000c0000000, 0x00000000cd980000, 0x00000000eab00000)
  object space 222720K, 99% used [0x00000000c0000000,0x00000000cd93f5a0,0x00000000cd980000)
 Metaspace       used 60375K, committed 61760K, reserved 1114112K
  class space    used 6126K, committed 6784K, reserved 1048576K
GC Heap History (20 events):
Event: 20.271 GC heap before
{Heap before GC invocations=172 (full 3):
 PSYoungGen      total 5632K, used 5233K [0x00000000eab00000, 0x00000000eb200000, 0x0000000100000000)
  eden space 4096K, 100% used [0x00000000eab00000,0x00000000eaf00000,0x00000000eaf00000)
  from space 1536K, 74% used [0x00000000eb080000,0x00000000eb19c770,0x00000000eb200000)
  to   space 1536K, 0% used [0x00000000eaf00000,0x00000000eaf00000,0x00000000eb080000)
 ParOldGen       total 212992K, used 212542K [0x00000000c0000000, 0x00000000cd000000, 0x00000000eab00000)
  object space 212992K, 99% used [0x00000000c0000000,0x00000000ccf8f908,0x00000000cd000000)
 Metaspace       used 60346K, committed 61760K, reserved 1114112K
  class space    used 6124K, committed 6784K, reserved 1048576K
}
Event: 20.272 GC heap after
{Heap after GC invocations=172 (full 3):
 PSYoungGen      total 5632K, used 1076K [0x00000000eab00000, 0x00000000eb200000, 0x0000000100000000)
  eden space 4096K, 0% used [0x00000000eab00000,0x00000000eab00000,0x00000000eaf00000)
  from space 1536K, 70% used [0x00000000eaf00000,0x00000000eb00d140,0x00000000eb080000)
  to   space 1536K, 0% used [0x00000000eb080000,0x00000000eb080000,0x00000000eb200000)
 ParOldGen       total 214016K, used 213561K [0x00000000c0000000, 0x00000000cd100000, 0x00000000eab00000)
  object space 214016K, 99% used [0x00000000c0000000,0x00000000cd08e5c8,0x00000000cd100000)
 Metaspace       used 60346K, committed 61760K, reserved 1114112K
  class space    used 6124K, committed 6784K, reserved 1048576K
}
Event: 20.282 GC heap before
{Heap before GC invocations=173 (full 3):
 PSYoungGen      total 5632K, used 5172K [0x00000000eab00000, 0x00000000eb200000, 0x0000000100000000)
  eden space 4096K, 100% used [0x00000000eab00000,0x00000000eaf00000,0x00000000eaf00000)
  from space 1536K, 70% used [0x00000000eaf00000,0x00000000eb00d140,0x00000000eb080000)
  to   space 1536K, 0% used [0x00000000eb080000,0x00000000eb080000,0x00000000eb200000)
 ParOldGen       total 214016K, used 213561K [0x00000000c0000000, 0x00000000cd100000, 0x00000000eab00000)
  object space 214016K, 99% used [0x00000000c0000000,0x00000000cd08e5c8,0x00000000cd100000)
 Metaspace       used 60346K, committed 61760K, reserved 1114112K
  class space    used 6124K, committed 6784K, reserved 1048576K
}
Event: 20.284 GC heap after
{Heap after GC invocations=173 (full 3):
 PSYoungGen      total 5632K, used 1034K [0x00000000eab00000, 0x00000000eb200000, 0x0000000100000000)
  eden space 4096K, 0% used [0x00000000eab00000,0x00000000eab00000,0x00000000eaf00000)
  from space 1536K, 67% used [0x00000000eb080000,0x00000000eb182a30,0x00000000eb200000)
  to   space 1536K, 0% used [0x00000000eaf00000,0x00000000eaf00000,0x00000000eb080000)
 ParOldGen       total 214528K, used 214511K [0x00000000c0000000, 0x00000000cd180000, 0x00000000eab00000)
  object space 214528K, 99% used [0x00000000c0000000,0x00000000cd17bd68,0x00000000cd180000)
 Metaspace       used 60346K, committed 61760K, reserved 1114112K
  class space    used 6124K, committed 6784K, reserved 1048576K
}
Event: 20.293 GC heap before
{Heap before GC invocations=174 (full 3):
 PSYoungGen      total 5632K, used 5130K [0x00000000eab00000, 0x00000000eb200000, 0x0000000100000000)
  eden space 4096K, 100% used [0x00000000eab00000,0x00000000eaf00000,0x00000000eaf00000)
  from space 1536K, 67% used [0x00000000eb080000,0x00000000eb182a30,0x00000000eb200000)
  to   space 1536K, 0% used [0x00000000eaf00000,0x00000000eaf00000,0x00000000eb080000)
 ParOldGen       total 214528K, used 214511K [0x00000000c0000000, 0x00000000cd180000, 0x00000000eab00000)
  object space 214528K, 99% used [0x00000000c0000000,0x00000000cd17bd68,0x00000000cd180000)
 Metaspace       used 60352K, committed 61760K, reserved 1114112K
  class space    used 6124K, committed 6784K, reserved 1048576K
}
Event: 20.295 GC heap after
{Heap after GC invocations=174 (full 3):
 PSYoungGen      total 5632K, used 1056K [0x00000000eab00000, 0x00000000eb200000, 0x0000000100000000)
  eden space 4096K, 0% used [0x00000000eab00000,0x00000000eab00000,0x00000000eaf00000)
  from space 1536K, 68% used [0x00000000eaf00000,0x00000000eb008000,0x00000000eb080000)
  to   space 1536K, 0% used [0x00000000eb080000,0x00000000eb080000,0x00000000eb200000)
 ParOldGen       total 215552K, used 215477K [0x00000000c0000000, 0x00000000cd280000, 0x00000000eab00000)
  object space 215552K, 99% used [0x00000000c0000000,0x00000000cd26d440,0x00000000cd280000)
 Metaspace       used 60352K, committed 61760K, reserved 1114112K
  class space    used 6124K, committed 6784K, reserved 1048576K
}
Event: 20.303 GC heap before
{Heap before GC invocations=175 (full 3):
 PSYoungGen      total 5632K, used 5152K [0x00000000eab00000, 0x00000000eb200000, 0x0000000100000000)
  eden space 4096K, 100% used [0x00000000eab00000,0x00000000eaf00000,0x00000000eaf00000)
  from space 1536K, 68% used [0x00000000eaf00000,0x00000000eb008000,0x00000000eb080000)
  to   space 1536K, 0% used [0x00000000eb080000,0x00000000eb080000,0x00000000eb200000)
 ParOldGen       total 215552K, used 215477K [0x00000000c0000000, 0x00000000cd280000, 0x00000000eab00000)
  object space 215552K, 99% used [0x00000000c0000000,0x00000000cd26d440,0x00000000cd280000)
 Metaspace       used 60352K, committed 61760K, reserved 1114112K
  class space    used 6124K, committed 6784K, reserved 1048576K
}
Event: 20.305 GC heap after
{Heap after GC invocations=175 (full 3):
 PSYoungGen      total 5632K, used 1108K [0x00000000eab00000, 0x00000000eb200000, 0x0000000100000000)
  eden space 4096K, 0% used [0x00000000eab00000,0x00000000eab00000,0x00000000eaf00000)
  from space 1536K, 72% used [0x00000000eb080000,0x00000000eb195250,0x00000000eb200000)
  to   space 1536K, 0% used [0x00000000eaf00000,0x00000000eaf00000,0x00000000eb080000)
 ParOldGen       total 216576K, used 216473K [0x00000000c0000000, 0x00000000cd380000, 0x00000000eab00000)
  object space 216576K, 99% used [0x00000000c0000000,0x00000000cd3667d8,0x00000000cd380000)
 Metaspace       used 60352K, committed 61760K, reserved 1114112K
  class space    used 6124K, committed 6784K, reserved 1048576K
}
Event: 20.315 GC heap before
{Heap before GC invocations=176 (full 3):
 PSYoungGen      total 5632K, used 5204K [0x00000000eab00000, 0x00000000eb200000, 0x0000000100000000)
  eden space 4096K, 100% used [0x00000000eab00000,0x00000000eaf00000,0x00000000eaf00000)
  from space 1536K, 72% used [0x00000000eb080000,0x00000000eb195250,0x00000000eb200000)
  to   space 1536K, 0% used [0x00000000eaf00000,0x00000000eaf00000,0x00000000eb080000)
 ParOldGen       total 216576K, used 216473K [0x00000000c0000000, 0x00000000cd380000, 0x00000000eab00000)
  object space 216576K, 99% used [0x00000000c0000000,0x00000000cd3667d8,0x00000000cd380000)
 Metaspace       used 60352K, committed 61760K, reserved 1114112K
  class space    used 6124K, committed 6784K, reserved 1048576K
}
Event: 20.316 GC heap after
{Heap after GC invocations=176 (full 3):
 PSYoungGen      total 5632K, used 1010K [0x00000000eab00000, 0x00000000eb200000, 0x0000000100000000)
  eden space 4096K, 0% used [0x00000000eab00000,0x00000000eab00000,0x00000000eaf00000)
  from space 1536K, 65% used [0x00000000eaf00000,0x00000000eaffca40,0x00000000eb080000)
  to   space 1536K, 0% used [0x00000000eb080000,0x00000000eb080000,0x00000000eb200000)
 ParOldGen       total 217600K, used 217445K [0x00000000c0000000, 0x00000000cd480000, 0x00000000eab00000)
  object space 217600K, 99% used [0x00000000c0000000,0x00000000cd459428,0x00000000cd480000)
 Metaspace       used 60352K, committed 61760K, reserved 1114112K
  class space    used 6124K, committed 6784K, reserved 1048576K
}
Event: 20.325 GC heap before
{Heap before GC invocations=177 (full 3):
 PSYoungGen      total 5632K, used 5106K [0x00000000eab00000, 0x00000000eb200000, 0x0000000100000000)
  eden space 4096K, 100% used [0x00000000eab00000,0x00000000eaf00000,0x00000000eaf00000)
  from space 1536K, 65% used [0x00000000eaf00000,0x00000000eaffca40,0x00000000eb080000)
  to   space 1536K, 0% used [0x00000000eb080000,0x00000000eb080000,0x00000000eb200000)
 ParOldGen       total 217600K, used 217445K [0x00000000c0000000, 0x00000000cd480000, 0x00000000eab00000)
  object space 217600K, 99% used [0x00000000c0000000,0x00000000cd459428,0x00000000cd480000)
 Metaspace       used 60352K, committed 61760K, reserved 1114112K
  class space    used 6124K, committed 6784K, reserved 1048576K
}
Event: 20.326 GC heap after
{Heap after GC invocations=177 (full 3):
 PSYoungGen      total 5632K, used 1079K [0x00000000eab00000, 0x00000000eb200000, 0x0000000100000000)
  eden space 4096K, 0% used [0x00000000eab00000,0x00000000eab00000,0x00000000eaf00000)
  from space 1536K, 70% used [0x00000000eb080000,0x00000000eb18dd28,0x00000000eb200000)
  to   space 1536K, 0% used [0x00000000eaf00000,0x00000000eaf00000,0x00000000eb080000)
 ParOldGen       total 218624K, used 218368K [0x00000000c0000000, 0x00000000cd580000, 0x00000000eab00000)
  object space 218624K, 99% used [0x00000000c0000000,0x00000000cd540160,0x00000000cd580000)
 Metaspace       used 60352K, committed 61760K, reserved 1114112K
  class space    used 6124K, committed 6784K, reserved 1048576K
}
Event: 20.336 GC heap before
{Heap before GC invocations=178 (full 3):
 PSYoungGen      total 5632K, used 5175K [0x00000000eab00000, 0x00000000eb200000, 0x0000000100000000)
  eden space 4096K, 100% used [0x00000000eab00000,0x00000000eaf00000,0x00000000eaf00000)
  from space 1536K, 70% used [0x00000000eb080000,0x00000000eb18dd28,0x00000000eb200000)
  to   space 1536K, 0% used [0x00000000eaf00000,0x00000000eaf00000,0x00000000eb080000)
 ParOldGen       total 218624K, used 218368K [0x00000000c0000000, 0x00000000cd580000, 0x00000000eab00000)
  object space 218624K, 99% used [0x00000000c0000000,0x00000000cd540160,0x00000000cd580000)
 Metaspace       used 60353K, committed 61760K, reserved 1114112K
  class space    used 6124K, committed 6784K, reserved 1048576K
}
Event: 20.337 GC heap after
{Heap after GC invocations=178 (full 3):
 PSYoungGen      total 5632K, used 1105K [0x00000000eab00000, 0x00000000eb200000, 0x0000000100000000)
  eden space 4096K, 0% used [0x00000000eab00000,0x00000000eab00000,0x00000000eaf00000)
  from space 1536K, 71% used [0x00000000eaf00000,0x00000000eb0144f8,0x00000000eb080000)
  to   space 1536K, 0% used [0x00000000eb080000,0x00000000eb080000,0x00000000eb200000)
 ParOldGen       total 219648K, used 219320K [0x00000000c0000000, 0x00000000cd680000, 0x00000000eab00000)
  object space 219648K, 99% used [0x00000000c0000000,0x00000000cd62e3b0,0x00000000cd680000)
 Metaspace       used 60353K, committed 61760K, reserved 1114112K
  class space    used 6124K, committed 6784K, reserved 1048576K
}
Event: 20.349 GC heap before
{Heap before GC invocations=179 (full 3):
 PSYoungGen      total 5632K, used 5201K [0x00000000eab00000, 0x00000000eb200000, 0x0000000100000000)
  eden space 4096K, 100% used [0x00000000eab00000,0x00000000eaf00000,0x00000000eaf00000)
  from space 1536K, 71% used [0x00000000eaf00000,0x00000000eb0144f8,0x00000000eb080000)
  to   space 1536K, 0% used [0x00000000eb080000,0x00000000eb080000,0x00000000eb200000)
 ParOldGen       total 219648K, used 219320K [0x00000000c0000000, 0x00000000cd680000, 0x00000000eab00000)
  object space 219648K, 99% used [0x00000000c0000000,0x00000000cd62e3b0,0x00000000cd680000)
 Metaspace       used 60353K, committed 61760K, reserved 1114112K
  class space    used 6124K, committed 6784K, reserved 1048576K
}
Event: 20.350 GC heap after
{Heap after GC invocations=179 (full 3):
 PSYoungGen      total 5632K, used 1377K [0x00000000eab00000, 0x00000000eb200000, 0x0000000100000000)
  eden space 4096K, 0% used [0x00000000eab00000,0x00000000eab00000,0x00000000eaf00000)
  from space 1536K, 89% used [0x00000000eb080000,0x00000000eb1d8590,0x00000000eb200000)
  to   space 1536K, 0% used [0x00000000eaf00000,0x00000000eaf00000,0x00000000eb080000)
 ParOldGen       total 220672K, used 220259K [0x00000000c0000000, 0x00000000cd780000, 0x00000000eab00000)
  object space 220672K, 99% used [0x00000000c0000000,0x00000000cd718ea0,0x00000000cd780000)
 Metaspace       used 60353K, committed 61760K, reserved 1114112K
  class space    used 6124K, committed 6784K, reserved 1048576K
}
Event: 20.360 GC heap before
{Heap before GC invocations=180 (full 3):
 PSYoungGen      total 5632K, used 5473K [0x00000000eab00000, 0x00000000eb200000, 0x0000000100000000)
  eden space 4096K, 100% used [0x00000000eab00000,0x00000000eaf00000,0x00000000eaf00000)
  from space 1536K, 89% used [0x00000000eb080000,0x00000000eb1d8590,0x00000000eb200000)
  to   space 1536K, 0% used [0x00000000eaf00000,0x00000000eaf00000,0x00000000eb080000)
 ParOldGen       total 220672K, used 220259K [0x00000000c0000000, 0x00000000cd780000, 0x00000000eab00000)
  object space 220672K, 99% used [0x00000000c0000000,0x00000000cd718ea0,0x00000000cd780000)
 Metaspace       used 60353K, committed 61760K, reserved 1114112K
  class space    used 6124K, committed 6784K, reserved 1048576K
}
Event: 20.361 GC heap after
{Heap after GC invocations=180 (full 3):
 PSYoungGen      total 5632K, used 1074K [0x00000000eab00000, 0x00000000eb200000, 0x0000000100000000)
  eden space 4096K, 0% used [0x00000000eab00000,0x00000000eab00000,0x00000000eaf00000)
  from space 1536K, 69% used [0x00000000eaf00000,0x00000000eb00cab0,0x00000000eb080000)
  to   space 1536K, 0% used [0x00000000eb080000,0x00000000eb080000,0x00000000eb200000)
 ParOldGen       total 221696K, used 221525K [0x00000000c0000000, 0x00000000cd880000, 0x00000000eab00000)
  object space 221696K, 99% used [0x00000000c0000000,0x00000000cd8554e8,0x00000000cd880000)
 Metaspace       used 60353K, committed 61760K, reserved 1114112K
  class space    used 6124K, committed 6784K, reserved 1048576K
}
Event: 20.373 GC heap before
{Heap before GC invocations=181 (full 3):
 PSYoungGen      total 5632K, used 5170K [0x00000000eab00000, 0x00000000eb200000, 0x0000000100000000)
  eden space 4096K, 100% used [0x00000000eab00000,0x00000000eaf00000,0x00000000eaf00000)
  from space 1536K, 69% used [0x00000000eaf00000,0x00000000eb00cab0,0x00000000eb080000)
  to   space 1536K, 0% used [0x00000000eb080000,0x00000000eb080000,0x00000000eb200000)
 ParOldGen       total 221696K, used 221525K [0x00000000c0000000, 0x00000000cd880000, 0x00000000eab00000)
  object space 221696K, 99% used [0x00000000c0000000,0x00000000cd8554e8,0x00000000cd880000)
 Metaspace       used 60375K, committed 61760K, reserved 1114112K
  class space    used 6126K, committed 6784K, reserved 1048576K
}
Event: 20.374 GC heap after
{Heap after GC invocations=181 (full 3):
 PSYoungGen      total 5632K, used 1137K [0x00000000eab00000, 0x00000000eb200000, 0x0000000100000000)
  eden space 4096K, 0% used [0x00000000eab00000,0x00000000eab00000,0x00000000eaf00000)
  from space 1536K, 74% used [0x00000000eb080000,0x00000000eb19c770,0x00000000eb200000)
  to   space 1536K, 0% used [0x00000000eaf00000,0x00000000eaf00000,0x00000000eb080000)
 ParOldGen       total 222720K, used 222461K [0x00000000c0000000, 0x00000000cd980000, 0x00000000eab00000)
  object space 222720K, 99% used [0x00000000c0000000,0x00000000cd93f5a0,0x00000000cd980000)
 Metaspace       used 60375K, committed 61760K, reserved 1114112K
  class space    used 6126K, committed 6784K, reserved 1048576K
}

