# JRE version: OpenJDK Runtime Environment Temurin-21.0.7+6 (21.0.7+6) (build 21.0.7+6-LTS)
# Java VM: OpenJDK 64-Bit Server VM Temurin-21.0.7+6 (21.0.7+6-LTS, mixed mode, sharing, tiered, compressed oops, compressed class ptrs, parallel gc, windows-amd64)
GC Precious Log:
 CardTable entry size: 512
 CPUs: 12 total, 12 available
 Memory: 15752M
 Large Page Support: Disabled
 NUMA Support: Disabled
 Compressed Oops: Enabled (32-bit)
 Alignments: Space 512K, Generation 512K, Heap 2M
 Heap Min Capacity: 100M
 Heap Initial Capacity: 100M
 Heap Max Capacity: 2G
 Pre-touch: Disabled
 Parallel Workers: 10
Heap:
 PSYoungGen      total 2560K, used 2021K [0x00000000d5580000, 0x00000000d5900000, 0x0000000100000000)
  eden space 1536K, 73% used [0x00000000d5580000,0x00000000d5699740,0x00000000d5700000)
  from space 1024K, 87% used [0x00000000d5800000,0x00000000d58e0000,0x00000000d5900000)
  to   space 1024K, 0% used [0x00000000d5700000,0x00000000d5700000,0x00000000d5800000)
 ParOldGen       total 522752K, used 522546K [0x0000000080000000, 0x000000009fe80000, 0x00000000d5580000)
  object space 522752K, 99% used [0x0000000080000000,0x000000009fe4c990,0x000000009fe80000)
 Metaspace       used 64906K, committed 66496K, reserved 1114112K
  class space    used 6509K, committed 7232K, reserved 1048576K
GC Heap History (20 events):
Event: 11.121 GC heap before
{Heap before GC invocations=734 (full 3):
 PSYoungGen      total 4096K, used 3575K [0x00000000d5580000, 0x00000000d5a80000, 0x0000000100000000)
  eden space 3072K, 99% used [0x00000000d5580000,0x00000000d587deb0,0x00000000d5880000)
  from space 1024K, 50% used [0x00000000d5980000,0x00000000d5a00000,0x00000000d5a80000)
  to   space 1024K, 0% used [0x00000000d5880000,0x00000000d5880000,0x00000000d5980000)
 ParOldGen       total 513536K, used 513470K [0x0000000080000000, 0x000000009f580000, 0x00000000d5580000)
  object space 513536K, 99% used [0x0000000080000000,0x000000009f56fb18,0x000000009f580000)
 Metaspace       used 64906K, committed 66496K, reserved 1114112K
  class space    used 6509K, committed 7232K, reserved 1048576K
}
Event: 11.122 GC heap after
{Heap after GC invocations=734 (full 3):
 PSYoungGen      total 4096K, used 480K [0x00000000d5580000, 0x00000000d5a00000, 0x0000000100000000)
  eden space 3072K, 0% used [0x00000000d5580000,0x00000000d5580000,0x00000000d5880000)
  from space 1024K, 46% used [0x00000000d5880000,0x00000000d58f8000,0x00000000d5980000)
  to   space 512K, 0% used [0x00000000d5980000,0x00000000d5980000,0x00000000d5a00000)
 ParOldGen       total 514048K, used 513878K [0x0000000080000000, 0x000000009f600000, 0x00000000d5580000)
  object space 514048K, 99% used [0x0000000080000000,0x000000009f5d5b18,0x000000009f600000)
 Metaspace       used 64906K, committed 66496K, reserved 1114112K
  class space    used 6509K, committed 7232K, reserved 1048576K
}
Event: 11.128 GC heap before
{Heap before GC invocations=735 (full 3):
 PSYoungGen      total 4096K, used 3552K [0x00000000d5580000, 0x00000000d5a00000, 0x0000000100000000)
  eden space 3072K, 100% used [0x00000000d5580000,0x00000000d5880000,0x00000000d5880000)
  from space 1024K, 46% used [0x00000000d5880000,0x00000000d58f8000,0x00000000d5980000)
  to   space 512K, 0% used [0x00000000d5980000,0x00000000d5980000,0x00000000d5a00000)
 ParOldGen       total 514048K, used 513878K [0x0000000080000000, 0x000000009f600000, 0x00000000d5580000)
  object space 514048K, 99% used [0x0000000080000000,0x000000009f5d5b18,0x000000009f600000)
 Metaspace       used 64906K, committed 66496K, reserved 1114112K
  class space    used 6509K, committed 7232K, reserved 1048576K
}
Event: 11.129 GC heap after
{Heap after GC invocations=735 (full 3):
 PSYoungGen      total 3584K, used 416K [0x00000000d5580000, 0x00000000d5a00000, 0x0000000100000000)
  eden space 3072K, 0% used [0x00000000d5580000,0x00000000d5580000,0x00000000d5880000)
  from space 512K, 81% used [0x00000000d5980000,0x00000000d59e8000,0x00000000d5a00000)
  to   space 512K, 0% used [0x00000000d5900000,0x00000000d5900000,0x00000000d5980000)
 ParOldGen       total 514560K, used 514222K [0x0000000080000000, 0x000000009f680000, 0x00000000d5580000)
  object space 514560K, 99% used [0x0000000080000000,0x000000009f62bb18,0x000000009f680000)
 Metaspace       used 64906K, committed 66496K, reserved 1114112K
  class space    used 6509K, committed 7232K, reserved 1048576K
}
Event: 11.134 GC heap before
{Heap before GC invocations=736 (full 3):
 PSYoungGen      total 3584K, used 3480K [0x00000000d5580000, 0x00000000d5a00000, 0x0000000100000000)
  eden space 3072K, 99% used [0x00000000d5580000,0x00000000d587e2b0,0x00000000d5880000)
  from space 512K, 81% used [0x00000000d5980000,0x00000000d59e8000,0x00000000d5a00000)
  to   space 512K, 0% used [0x00000000d5900000,0x00000000d5900000,0x00000000d5980000)
 ParOldGen       total 514560K, used 514222K [0x0000000080000000, 0x000000009f680000, 0x00000000d5580000)
  object space 514560K, 99% used [0x0000000080000000,0x000000009f62bb18,0x000000009f680000)
 Metaspace       used 64906K, committed 66496K, reserved 1114112K
  class space    used 6509K, committed 7232K, reserved 1048576K
}
Event: 11.135 GC heap after
{Heap after GC invocations=736 (full 3):
 PSYoungGen      total 3584K, used 384K [0x00000000d5580000, 0x00000000d5a00000, 0x0000000100000000)
  eden space 3072K, 0% used [0x00000000d5580000,0x00000000d5580000,0x00000000d5880000)
  from space 512K, 75% used [0x00000000d5900000,0x00000000d5960000,0x00000000d5980000)
  to   space 512K, 0% used [0x00000000d5980000,0x00000000d5980000,0x00000000d5a00000)
 ParOldGen       total 514560K, used 514494K [0x0000000080000000, 0x000000009f680000, 0x00000000d5580000)
  object space 514560K, 99% used [0x0000000080000000,0x000000009f66fb18,0x000000009f680000)
 Metaspace       used 64906K, committed 66496K, reserved 1114112K
  class space    used 6509K, committed 7232K, reserved 1048576K
}
Event: 11.141 GC heap before
{Heap before GC invocations=737 (full 3):
 PSYoungGen      total 3584K, used 3455K [0x00000000d5580000, 0x00000000d5a00000, 0x0000000100000000)
  eden space 3072K, 99% used [0x00000000d5580000,0x00000000d587fc90,0x00000000d5880000)
  from space 512K, 75% used [0x00000000d5900000,0x00000000d5960000,0x00000000d5980000)
  to   space 512K, 0% used [0x00000000d5980000,0x00000000d5980000,0x00000000d5a00000)
 ParOldGen       total 514560K, used 514494K [0x0000000080000000, 0x000000009f680000, 0x00000000d5580000)
  object space 514560K, 99% used [0x0000000080000000,0x000000009f66fb18,0x000000009f680000)
 Metaspace       used 64906K, committed 66496K, reserved 1114112K
  class space    used 6509K, committed 7232K, reserved 1048576K
}
Event: 11.142 GC heap after
{Heap after GC invocations=737 (full 3):
 PSYoungGen      total 3584K, used 480K [0x00000000d5580000, 0x00000000d5a00000, 0x0000000100000000)
  eden space 3072K, 0% used [0x00000000d5580000,0x00000000d5580000,0x00000000d5880000)
  from space 512K, 93% used [0x00000000d5980000,0x00000000d59f8000,0x00000000d5a00000)
  to   space 512K, 0% used [0x00000000d5900000,0x00000000d5900000,0x00000000d5980000)
 ParOldGen       total 515072K, used 514766K [0x0000000080000000, 0x000000009f700000, 0x00000000d5580000)
  object space 515072K, 99% used [0x0000000080000000,0x000000009f6b3b18,0x000000009f700000)
 Metaspace       used 64906K, committed 66496K, reserved 1114112K
  class space    used 6509K, committed 7232K, reserved 1048576K
}
Event: 11.149 GC heap before
{Heap before GC invocations=738 (full 3):
 PSYoungGen      total 3584K, used 3552K [0x00000000d5580000, 0x00000000d5a00000, 0x0000000100000000)
  eden space 3072K, 100% used [0x00000000d5580000,0x00000000d5880000,0x00000000d5880000)
  from space 512K, 93% used [0x00000000d5980000,0x00000000d59f8000,0x00000000d5a00000)
  to   space 512K, 0% used [0x00000000d5900000,0x00000000d5900000,0x00000000d5980000)
 ParOldGen       total 515072K, used 514766K [0x0000000080000000, 0x000000009f700000, 0x00000000d5580000)
  object space 515072K, 99% used [0x0000000080000000,0x000000009f6b3b18,0x000000009f700000)
 Metaspace       used 64906K, committed 66496K, reserved 1114112K
  class space    used 6509K, committed 7232K, reserved 1048576K
}
Event: 11.150 GC heap after
{Heap after GC invocations=738 (full 3):
 PSYoungGen      total 3584K, used 504K [0x00000000d5580000, 0x00000000d5a80000, 0x0000000100000000)
  eden space 3072K, 0% used [0x00000000d5580000,0x00000000d5580000,0x00000000d5880000)
  from space 512K, 98% used [0x00000000d5900000,0x00000000d597e010,0x00000000d5980000)
  to   space 1024K, 0% used [0x00000000d5980000,0x00000000d5980000,0x00000000d5a80000)
 ParOldGen       total 515584K, used 515134K [0x0000000080000000, 0x000000009f780000, 0x00000000d5580000)
  object space 515584K, 99% used [0x0000000080000000,0x000000009f70fb18,0x000000009f780000)
 Metaspace       used 64906K, committed 66496K, reserved 1114112K
  class space    used 6509K, committed 7232K, reserved 1048576K
}
Event: 11.165 GC heap before
{Heap before GC invocations=739 (full 3):
 PSYoungGen      total 3584K, used 3576K [0x00000000d5580000, 0x00000000d5a80000, 0x0000000100000000)
  eden space 3072K, 100% used [0x00000000d5580000,0x00000000d5880000,0x00000000d5880000)
  from space 512K, 98% used [0x00000000d5900000,0x00000000d597e010,0x00000000d5980000)
  to   space 1024K, 0% used [0x00000000d5980000,0x00000000d5980000,0x00000000d5a80000)
 ParOldGen       total 515584K, used 515134K [0x0000000080000000, 0x000000009f780000, 0x00000000d5580000)
  object space 515584K, 99% used [0x0000000080000000,0x000000009f70fb18,0x000000009f780000)
 Metaspace       used 64906K, committed 66496K, reserved 1114112K
  class space    used 6509K, committed 7232K, reserved 1048576K
}
Event: 11.167 GC heap after
{Heap after GC invocations=739 (full 3):
 PSYoungGen      total 2048K, used 993K [0x00000000d5580000, 0x00000000d5e80000, 0x0000000100000000)
  eden space 1024K, 0% used [0x00000000d5580000,0x00000000d5580000,0x00000000d5680000)
  from space 1024K, 97% used [0x00000000d5980000,0x00000000d5a78700,0x00000000d5a80000)
  to   space 3072K, 0% used [0x00000000d5680000,0x00000000d5680000,0x00000000d5980000)
 ParOldGen       total 516608K, used 516470K [0x0000000080000000, 0x000000009f880000, 0x00000000d5580000)
  object space 516608K, 99% used [0x0000000080000000,0x000000009f85d880,0x000000009f880000)
 Metaspace       used 64906K, committed 66496K, reserved 1114112K
  class space    used 6509K, committed 7232K, reserved 1048576K
}
Event: 11.175 GC heap before
{Heap before GC invocations=740 (full 3):
 PSYoungGen      total 2048K, used 2017K [0x00000000d5580000, 0x00000000d5e80000, 0x0000000100000000)
  eden space 1024K, 100% used [0x00000000d5580000,0x00000000d5680000,0x00000000d5680000)
  from space 1024K, 97% used [0x00000000d5980000,0x00000000d5a78700,0x00000000d5a80000)
  to   space 3072K, 0% used [0x00000000d5680000,0x00000000d5680000,0x00000000d5980000)
 ParOldGen       total 516608K, used 516470K [0x0000000080000000, 0x000000009f880000, 0x00000000d5580000)
  object space 516608K, 99% used [0x0000000080000000,0x000000009f85d880,0x000000009f880000)
 Metaspace       used 64906K, committed 66496K, reserved 1114112K
  class space    used 6509K, committed 7232K, reserved 1048576K
}
Event: 11.176 GC heap after
{Heap after GC invocations=740 (full 3):
 PSYoungGen      total 2560K, used 1110K [0x00000000d5580000, 0x00000000d5a80000, 0x0000000100000000)
  eden space 1024K, 0% used [0x00000000d5580000,0x00000000d5580000,0x00000000d5680000)
  from space 1536K, 72% used [0x00000000d5680000,0x00000000d5795800,0x00000000d5800000)
  to   space 2048K, 0% used [0x00000000d5880000,0x00000000d5880000,0x00000000d5a80000)
 ParOldGen       total 517632K, used 517393K [0x0000000080000000, 0x000000009f980000, 0x00000000d5580000)
  object space 517632K, 99% used [0x0000000080000000,0x000000009f944780,0x000000009f980000)
 Metaspace       used 64906K, committed 66496K, reserved 1114112K
  class space    used 6509K, committed 7232K, reserved 1048576K
}
Event: 11.186 GC heap before
{Heap before GC invocations=741 (full 3):
 PSYoungGen      total 2560K, used 2134K [0x00000000d5580000, 0x00000000d5a80000, 0x0000000100000000)
  eden space 1024K, 100% used [0x00000000d5580000,0x00000000d5680000,0x00000000d5680000)
  from space 1536K, 72% used [0x00000000d5680000,0x00000000d5795800,0x00000000d5800000)
  to   space 2048K, 0% used [0x00000000d5880000,0x00000000d5880000,0x00000000d5a80000)
 ParOldGen       total 517632K, used 517393K [0x0000000080000000, 0x000000009f980000, 0x00000000d5580000)
  object space 517632K, 99% used [0x0000000080000000,0x000000009f944780,0x000000009f980000)
 Metaspace       used 64906K, committed 66496K, reserved 1114112K
  class space    used 6509K, committed 7232K, reserved 1048576K
}
Event: 11.188 GC heap after
{Heap after GC invocations=741 (full 3):
 PSYoungGen      total 2560K, used 1207K [0x00000000d5580000, 0x00000000d5a00000, 0x0000000100000000)
  eden space 1024K, 0% used [0x00000000d5580000,0x00000000d5580000,0x00000000d5680000)
  from space 1536K, 78% used [0x00000000d5880000,0x00000000d59adc00,0x00000000d5a00000)
  to   space 1536K, 0% used [0x00000000d5680000,0x00000000d5680000,0x00000000d5800000)
 ParOldGen       total 518656K, used 518418K [0x0000000080000000, 0x000000009fa80000, 0x00000000d5580000)
  object space 518656K, 99% used [0x0000000080000000,0x000000009fa448d0,0x000000009fa80000)
 Metaspace       used 64906K, committed 66496K, reserved 1114112K
  class space    used 6509K, committed 7232K, reserved 1048576K
}
Event: 11.198 GC heap before
{Heap before GC invocations=742 (full 3):
 PSYoungGen      total 2560K, used 2185K [0x00000000d5580000, 0x00000000d5a00000, 0x0000000100000000)
  eden space 1024K, 95% used [0x00000000d5580000,0x00000000d5674968,0x00000000d5680000)
  from space 1536K, 78% used [0x00000000d5880000,0x00000000d59adc00,0x00000000d5a00000)
  to   space 1536K, 0% used [0x00000000d5680000,0x00000000d5680000,0x00000000d5800000)
 ParOldGen       total 518656K, used 518418K [0x0000000080000000, 0x000000009fa80000, 0x00000000d5580000)
  object space 518656K, 99% used [0x0000000080000000,0x000000009fa448d0,0x000000009fa80000)
 Metaspace       used 64906K, committed 66496K, reserved 1114112K
  class space    used 6509K, committed 7232K, reserved 1048576K
}
Event: 11.200 GC heap after
{Heap after GC invocations=742 (full 3):
 PSYoungGen      total 2560K, used 1159K [0x00000000d5580000, 0x00000000d5980000, 0x0000000100000000)
  eden space 1024K, 0% used [0x00000000d5580000,0x00000000d5580000,0x00000000d5680000)
  from space 1536K, 75% used [0x00000000d5680000,0x00000000d57a1ed0,0x00000000d5800000)
  to   space 1536K, 0% used [0x00000000d5800000,0x00000000d5800000,0x00000000d5980000)
 ParOldGen       total 519680K, used 519480K [0x0000000080000000, 0x000000009fb80000, 0x00000000d5580000)
  object space 519680K, 99% used [0x0000000080000000,0x000000009fb4e370,0x000000009fb80000)
 Metaspace       used 64906K, committed 66496K, reserved 1114112K
  class space    used 6509K, committed 7232K, reserved 1048576K
}
Event: 11.209 GC heap before
{Heap before GC invocations=743 (full 3):
 PSYoungGen      total 2560K, used 2183K [0x00000000d5580000, 0x00000000d5980000, 0x0000000100000000)
  eden space 1024K, 100% used [0x00000000d5580000,0x00000000d5680000,0x00000000d5680000)
  from space 1536K, 75% used [0x00000000d5680000,0x00000000d57a1ed0,0x00000000d5800000)
  to   space 1536K, 0% used [0x00000000d5800000,0x00000000d5800000,0x00000000d5980000)
 ParOldGen       total 519680K, used 519480K [0x0000000080000000, 0x000000009fb80000, 0x00000000d5580000)
  object space 519680K, 99% used [0x0000000080000000,0x000000009fb4e370,0x000000009fb80000)
 Metaspace       used 64906K, committed 66496K, reserved 1114112K
  class space    used 6509K, committed 7232K, reserved 1048576K
}
Event: 11.212 GC heap after
{Heap after GC invocations=743 (full 3):
 PSYoungGen      total 2560K, used 1120K [0x00000000d5580000, 0x00000000d5980000, 0x0000000100000000)
  eden space 1024K, 0% used [0x00000000d5580000,0x00000000d5580000,0x00000000d5680000)
  from space 1536K, 72% used [0x00000000d5800000,0x00000000d59182d0,0x00000000d5980000)
  to   space 1536K, 0% used [0x00000000d5680000,0x00000000d5680000,0x00000000d5800000)
 ParOldGen       total 520704K, used 520473K [0x0000000080000000, 0x000000009fc80000, 0x00000000d5580000)
  object space 520704K, 99% used [0x0000000080000000,0x000000009fc46760,0x000000009fc80000)
 Metaspace       used 64906K, committed 66496K, reserved 1114112K
  class space    used 6509K, committed 7232K, reserved 1048576K
}

