# JRE version: OpenJDK Runtime Environment Temurin-21.0.7+6 (21.0.7+6) (build 21.0.7+6-LTS)
# Java VM: OpenJDK 64-Bit Server VM Temurin-21.0.7+6 (21.0.7+6-LTS, mixed mode, sharing, tiered, compressed oops, compressed class ptrs, parallel gc, windows-amd64)
GC Precious Log:
 CardTable entry size: 512
 CPUs: 12 total, 12 available
 Memory: 15752M
 Large Page Support: Disabled
 NUMA Support: Disabled
 Compressed Oops: Enabled (32-bit)
 Alignments: Space 512K, Generation 512K, Heap 2M
 Heap Min Capacity: 100M
 Heap Initial Capacity: 100M
 Heap Max Capacity: 2G
 Pre-touch: Disabled
 Parallel Workers: 10
Heap:
 PSYoungGen      total 18944K, used 4739K [0x00000000d5580000, 0x00000000d6980000, 0x0000000100000000)
  eden space 17408K, 25% used [0x00000000d5580000,0x00000000d59c0dd0,0x00000000d6680000)
  from space 1536K, 25% used [0x00000000d6700000,0x00000000d6760000,0x00000000d6880000)
  to   space 1024K, 0% used [0x00000000d6880000,0x00000000d6880000,0x00000000d6980000)
 ParOldGen       total 68608K, used 53607K [0x0000000080000000, 0x0000000084300000, 0x00000000d5580000)
  object space 68608K, 78% used [0x0000000080000000,0x0000000083459c30,0x0000000084300000)
 Metaspace       used 46476K, committed 47616K, reserved 1114112K
  class space    used 4345K, committed 4864K, reserved 1048576K
GC Heap History (20 events):
Event: 12.763 GC heap before
{Heap before GC invocations=32 (full 2):
 PSYoungGen      total 19456K, used 19232K [0x00000000d5580000, 0x00000000d6b00000, 0x0000000100000000)
  eden space 18432K, 100% used [0x00000000d5580000,0x00000000d6780000,0x00000000d6780000)
  from space 1024K, 78% used [0x00000000d6980000,0x00000000d6a48060,0x00000000d6a80000)
  to   space 512K, 0% used [0x00000000d6a80000,0x00000000d6a80000,0x00000000d6b00000)
 ParOldGen       total 68608K, used 41572K [0x0000000080000000, 0x0000000084300000, 0x00000000d5580000)
  object space 68608K, 60% used [0x0000000080000000,0x00000000828993c8,0x0000000084300000)
 Metaspace       used 45252K, committed 46464K, reserved 1114112K
  class space    used 4306K, committed 4864K, reserved 1048576K
}
Event: 12.765 GC heap after
{Heap after GC invocations=32 (full 2):
 PSYoungGen      total 18944K, used 498K [0x00000000d5580000, 0x00000000d6c80000, 0x0000000100000000)
  eden space 18432K, 0% used [0x00000000d5580000,0x00000000d5580000,0x00000000d6780000)
  from space 512K, 97% used [0x00000000d6a80000,0x00000000d6afc948,0x00000000d6b00000)
  to   space 2560K, 0% used [0x00000000d6780000,0x00000000d6780000,0x00000000d6a00000)
 ParOldGen       total 68608K, used 42995K [0x0000000080000000, 0x0000000084300000, 0x00000000d5580000)
  object space 68608K, 62% used [0x0000000080000000,0x00000000829fce98,0x0000000084300000)
 Metaspace       used 45252K, committed 46464K, reserved 1114112K
  class space    used 4306K, committed 4864K, reserved 1048576K
}
Event: 12.926 GC heap before
{Heap before GC invocations=33 (full 2):
 PSYoungGen      total 18944K, used 18930K [0x00000000d5580000, 0x00000000d6c80000, 0x0000000100000000)
  eden space 18432K, 99% used [0x00000000d5580000,0x00000000d677fff0,0x00000000d6780000)
  from space 512K, 97% used [0x00000000d6a80000,0x00000000d6afc948,0x00000000d6b00000)
  to   space 2560K, 0% used [0x00000000d6780000,0x00000000d6780000,0x00000000d6a00000)
 ParOldGen       total 68608K, used 42995K [0x0000000080000000, 0x0000000084300000, 0x00000000d5580000)
  object space 68608K, 62% used [0x0000000080000000,0x00000000829fce98,0x0000000084300000)
 Metaspace       used 45398K, committed 46592K, reserved 1114112K
  class space    used 4306K, committed 4864K, reserved 1048576K
}
Event: 12.927 GC heap after
{Heap after GC invocations=33 (full 2):
 PSYoungGen      total 19456K, used 784K [0x00000000d5580000, 0x00000000d6b00000, 0x0000000100000000)
  eden space 18432K, 0% used [0x00000000d5580000,0x00000000d5580000,0x00000000d6780000)
  from space 1024K, 76% used [0x00000000d6780000,0x00000000d6844010,0x00000000d6880000)
  to   space 1536K, 0% used [0x00000000d6980000,0x00000000d6980000,0x00000000d6b00000)
 ParOldGen       total 68608K, used 43437K [0x0000000080000000, 0x0000000084300000, 0x00000000d5580000)
  object space 68608K, 63% used [0x0000000080000000,0x0000000082a6b7e0,0x0000000084300000)
 Metaspace       used 45398K, committed 46592K, reserved 1114112K
  class space    used 4306K, committed 4864K, reserved 1048576K
}
Event: 13.128 GC heap before
{Heap before GC invocations=34 (full 2):
 PSYoungGen      total 19456K, used 19216K [0x00000000d5580000, 0x00000000d6b00000, 0x0000000100000000)
  eden space 18432K, 100% used [0x00000000d5580000,0x00000000d6780000,0x00000000d6780000)
  from space 1024K, 76% used [0x00000000d6780000,0x00000000d6844010,0x00000000d6880000)
  to   space 1536K, 0% used [0x00000000d6980000,0x00000000d6980000,0x00000000d6b00000)
 ParOldGen       total 68608K, used 43437K [0x0000000080000000, 0x0000000084300000, 0x00000000d5580000)
  object space 68608K, 63% used [0x0000000080000000,0x0000000082a6b7e0,0x0000000084300000)
 Metaspace       used 45595K, committed 46848K, reserved 1114112K
  class space    used 4314K, committed 4864K, reserved 1048576K
}
Event: 13.131 GC heap after
{Heap after GC invocations=34 (full 2):
 PSYoungGen      total 18944K, used 1520K [0x00000000d5580000, 0x00000000d6d80000, 0x0000000100000000)
  eden space 17408K, 0% used [0x00000000d5580000,0x00000000d5580000,0x00000000d6680000)
  from space 1536K, 98% used [0x00000000d6980000,0x00000000d6afc040,0x00000000d6b00000)
  to   space 3072K, 0% used [0x00000000d6680000,0x00000000d6680000,0x00000000d6980000)
 ParOldGen       total 68608K, used 44423K [0x0000000080000000, 0x0000000084300000, 0x00000000d5580000)
  object space 68608K, 64% used [0x0000000080000000,0x0000000082b61d30,0x0000000084300000)
 Metaspace       used 45595K, committed 46848K, reserved 1114112K
  class space    used 4314K, committed 4864K, reserved 1048576K
}
Event: 13.284 GC heap before
{Heap before GC invocations=35 (full 2):
 PSYoungGen      total 18944K, used 18928K [0x00000000d5580000, 0x00000000d6d80000, 0x0000000100000000)
  eden space 17408K, 100% used [0x00000000d5580000,0x00000000d6680000,0x00000000d6680000)
  from space 1536K, 98% used [0x00000000d6980000,0x00000000d6afc040,0x00000000d6b00000)
  to   space 3072K, 0% used [0x00000000d6680000,0x00000000d6680000,0x00000000d6980000)
 ParOldGen       total 68608K, used 44423K [0x0000000080000000, 0x0000000084300000, 0x00000000d5580000)
  object space 68608K, 64% used [0x0000000080000000,0x0000000082b61d30,0x0000000084300000)
 Metaspace       used 45759K, committed 46976K, reserved 1114112K
  class space    used 4315K, committed 4864K, reserved 1048576K
}
Event: 13.286 GC heap after
{Heap after GC invocations=35 (full 2):
 PSYoungGen      total 20480K, used 2841K [0x00000000d5580000, 0x00000000d6c80000, 0x0000000100000000)
  eden space 17408K, 0% used [0x00000000d5580000,0x00000000d5580000,0x00000000d6680000)
  from space 3072K, 92% used [0x00000000d6680000,0x00000000d6946670,0x00000000d6980000)
  to   space 3072K, 0% used [0x00000000d6980000,0x00000000d6980000,0x00000000d6c80000)
 ParOldGen       total 68608K, used 45925K [0x0000000080000000, 0x0000000084300000, 0x00000000d5580000)
  object space 68608K, 66% used [0x0000000080000000,0x0000000082cd97c0,0x0000000084300000)
 Metaspace       used 45759K, committed 46976K, reserved 1114112K
  class space    used 4315K, committed 4864K, reserved 1048576K
}
Event: 13.415 GC heap before
{Heap before GC invocations=36 (full 2):
 PSYoungGen      total 20480K, used 20249K [0x00000000d5580000, 0x00000000d6c80000, 0x0000000100000000)
  eden space 17408K, 100% used [0x00000000d5580000,0x00000000d6680000,0x00000000d6680000)
  from space 3072K, 92% used [0x00000000d6680000,0x00000000d6946670,0x00000000d6980000)
  to   space 3072K, 0% used [0x00000000d6980000,0x00000000d6980000,0x00000000d6c80000)
 ParOldGen       total 68608K, used 45925K [0x0000000080000000, 0x0000000084300000, 0x00000000d5580000)
  object space 68608K, 66% used [0x0000000080000000,0x0000000082cd97c0,0x0000000084300000)
 Metaspace       used 45912K, committed 47104K, reserved 1114112K
  class space    used 4318K, committed 4864K, reserved 1048576K
}
Event: 13.418 GC heap after
{Heap after GC invocations=36 (full 2):
 PSYoungGen      total 19968K, used 2048K [0x00000000d5580000, 0x00000000d6c00000, 0x0000000100000000)
  eden space 17408K, 0% used [0x00000000d5580000,0x00000000d5580000,0x00000000d6680000)
  from space 2560K, 80% used [0x00000000d6980000,0x00000000d6b80020,0x00000000d6c00000)
  to   space 2560K, 0% used [0x00000000d6700000,0x00000000d6700000,0x00000000d6980000)
 ParOldGen       total 68608K, used 48653K [0x0000000080000000, 0x0000000084300000, 0x00000000d5580000)
  object space 68608K, 70% used [0x0000000080000000,0x0000000082f835b0,0x0000000084300000)
 Metaspace       used 45912K, committed 47104K, reserved 1114112K
  class space    used 4318K, committed 4864K, reserved 1048576K
}
Event: 13.529 GC heap before
{Heap before GC invocations=37 (full 2):
 PSYoungGen      total 19968K, used 19456K [0x00000000d5580000, 0x00000000d6c00000, 0x0000000100000000)
  eden space 17408K, 100% used [0x00000000d5580000,0x00000000d6680000,0x00000000d6680000)
  from space 2560K, 80% used [0x00000000d6980000,0x00000000d6b80020,0x00000000d6c00000)
  to   space 2560K, 0% used [0x00000000d6700000,0x00000000d6700000,0x00000000d6980000)
 ParOldGen       total 68608K, used 48653K [0x0000000080000000, 0x0000000084300000, 0x00000000d5580000)
  object space 68608K, 70% used [0x0000000080000000,0x0000000082f835b0,0x0000000084300000)
 Metaspace       used 45993K, committed 47168K, reserved 1114112K
  class space    used 4318K, committed 4864K, reserved 1048576K
}
Event: 13.532 GC heap after
{Heap after GC invocations=37 (full 2):
 PSYoungGen      total 18944K, used 1497K [0x00000000d5580000, 0x00000000d6a80000, 0x0000000100000000)
  eden space 17408K, 0% used [0x00000000d5580000,0x00000000d5580000,0x00000000d6680000)
  from space 1536K, 97% used [0x00000000d6700000,0x00000000d68764d0,0x00000000d6880000)
  to   space 2048K, 0% used [0x00000000d6880000,0x00000000d6880000,0x00000000d6a80000)
 ParOldGen       total 68608K, used 50576K [0x0000000080000000, 0x0000000084300000, 0x00000000d5580000)
  object space 68608K, 73% used [0x0000000080000000,0x00000000831643c8,0x0000000084300000)
 Metaspace       used 45993K, committed 47168K, reserved 1114112K
  class space    used 4318K, committed 4864K, reserved 1048576K
}
Event: 13.657 GC heap before
{Heap before GC invocations=38 (full 2):
 PSYoungGen      total 18944K, used 18905K [0x00000000d5580000, 0x00000000d6a80000, 0x0000000100000000)
  eden space 17408K, 100% used [0x00000000d5580000,0x00000000d6680000,0x00000000d6680000)
  from space 1536K, 97% used [0x00000000d6700000,0x00000000d68764d0,0x00000000d6880000)
  to   space 2048K, 0% used [0x00000000d6880000,0x00000000d6880000,0x00000000d6a80000)
 ParOldGen       total 68608K, used 50576K [0x0000000080000000, 0x0000000084300000, 0x00000000d5580000)
  object space 68608K, 73% used [0x0000000080000000,0x00000000831643c8,0x0000000084300000)
 Metaspace       used 46071K, committed 47296K, reserved 1114112K
  class space    used 4318K, committed 4864K, reserved 1048576K
}
Event: 13.659 GC heap after
{Heap after GC invocations=38 (full 2):
 PSYoungGen      total 17920K, used 368K [0x00000000d5580000, 0x00000000d6900000, 0x0000000100000000)
  eden space 17408K, 0% used [0x00000000d5580000,0x00000000d5580000,0x00000000d6680000)
  from space 512K, 71% used [0x00000000d6880000,0x00000000d68dc010,0x00000000d6900000)
  to   space 1024K, 0% used [0x00000000d6700000,0x00000000d6700000,0x00000000d6800000)
 ParOldGen       total 68608K, used 51501K [0x0000000080000000, 0x0000000084300000, 0x00000000d5580000)
  object space 68608K, 75% used [0x0000000080000000,0x000000008324b690,0x0000000084300000)
 Metaspace       used 46071K, committed 47296K, reserved 1114112K
  class space    used 4318K, committed 4864K, reserved 1048576K
}
Event: 13.724 GC heap before
{Heap before GC invocations=39 (full 2):
 PSYoungGen      total 17920K, used 17776K [0x00000000d5580000, 0x00000000d6900000, 0x0000000100000000)
  eden space 17408K, 100% used [0x00000000d5580000,0x00000000d6680000,0x00000000d6680000)
  from space 512K, 71% used [0x00000000d6880000,0x00000000d68dc010,0x00000000d6900000)
  to   space 1024K, 0% used [0x00000000d6700000,0x00000000d6700000,0x00000000d6800000)
 ParOldGen       total 68608K, used 51501K [0x0000000080000000, 0x0000000084300000, 0x00000000d5580000)
  object space 68608K, 75% used [0x0000000080000000,0x000000008324b690,0x0000000084300000)
 Metaspace       used 46113K, committed 47360K, reserved 1114112K
  class space    used 4318K, committed 4864K, reserved 1048576K
}
Event: 13.725 GC heap after
{Heap after GC invocations=39 (full 2):
 PSYoungGen      total 18432K, used 992K [0x00000000d5580000, 0x00000000d6b80000, 0x0000000100000000)
  eden space 17408K, 0% used [0x00000000d5580000,0x00000000d5580000,0x00000000d6680000)
  from space 1024K, 96% used [0x00000000d6700000,0x00000000d67f8020,0x00000000d6800000)
  to   space 2560K, 0% used [0x00000000d6900000,0x00000000d6900000,0x00000000d6b80000)
 ParOldGen       total 68608K, used 52358K [0x0000000080000000, 0x0000000084300000, 0x00000000d5580000)
  object space 68608K, 76% used [0x0000000080000000,0x0000000083321bd0,0x0000000084300000)
 Metaspace       used 46113K, committed 47360K, reserved 1114112K
  class space    used 4318K, committed 4864K, reserved 1048576K
}
Event: 13.808 GC heap before
{Heap before GC invocations=40 (full 2):
 PSYoungGen      total 18432K, used 18400K [0x00000000d5580000, 0x00000000d6b80000, 0x0000000100000000)
  eden space 17408K, 100% used [0x00000000d5580000,0x00000000d6680000,0x00000000d6680000)
  from space 1024K, 96% used [0x00000000d6700000,0x00000000d67f8020,0x00000000d6800000)
  to   space 2560K, 0% used [0x00000000d6900000,0x00000000d6900000,0x00000000d6b80000)
 ParOldGen       total 68608K, used 52358K [0x0000000080000000, 0x0000000084300000, 0x00000000d5580000)
  object space 68608K, 76% used [0x0000000080000000,0x0000000083321bd0,0x0000000084300000)
 Metaspace       used 46185K, committed 47424K, reserved 1114112K
  class space    used 4318K, committed 4864K, reserved 1048576K
}
Event: 13.810 GC heap after
{Heap after GC invocations=40 (full 2):
 PSYoungGen      total 18432K, used 736K [0x00000000d5580000, 0x00000000d6a00000, 0x0000000100000000)
  eden space 17408K, 0% used [0x00000000d5580000,0x00000000d5580000,0x00000000d6680000)
  from space 1024K, 71% used [0x00000000d6900000,0x00000000d69b8020,0x00000000d6a00000)
  to   space 1536K, 0% used [0x00000000d6700000,0x00000000d6700000,0x00000000d6880000)
 ParOldGen       total 68608K, used 53319K [0x0000000080000000, 0x0000000084300000, 0x00000000d5580000)
  object space 68608K, 77% used [0x0000000080000000,0x0000000083411c10,0x0000000084300000)
 Metaspace       used 46185K, committed 47424K, reserved 1114112K
  class space    used 4318K, committed 4864K, reserved 1048576K
}
Event: 45.401 GC heap before
{Heap before GC invocations=41 (full 2):
 PSYoungGen      total 18432K, used 18144K [0x00000000d5580000, 0x00000000d6a00000, 0x0000000100000000)
  eden space 17408K, 100% used [0x00000000d5580000,0x00000000d6680000,0x00000000d6680000)
  from space 1024K, 71% used [0x00000000d6900000,0x00000000d69b8020,0x00000000d6a00000)
  to   space 1536K, 0% used [0x00000000d6700000,0x00000000d6700000,0x00000000d6880000)
 ParOldGen       total 68608K, used 53319K [0x0000000080000000, 0x0000000084300000, 0x00000000d5580000)
  object space 68608K, 77% used [0x0000000080000000,0x0000000083411c10,0x0000000084300000)
 Metaspace       used 46267K, committed 47424K, reserved 1114112K
  class space    used 4318K, committed 4864K, reserved 1048576K
}
Event: 45.402 GC heap after
{Heap after GC invocations=41 (full 2):
 PSYoungGen      total 18944K, used 384K [0x00000000d5580000, 0x00000000d6980000, 0x0000000100000000)
  eden space 17408K, 0% used [0x00000000d5580000,0x00000000d5580000,0x00000000d6680000)
  from space 1536K, 25% used [0x00000000d6700000,0x00000000d6760000,0x00000000d6880000)
  to   space 1024K, 0% used [0x00000000d6880000,0x00000000d6880000,0x00000000d6980000)
 ParOldGen       total 68608K, used 53607K [0x0000000080000000, 0x0000000084300000, 0x00000000d5580000)
  object space 68608K, 78% used [0x0000000080000000,0x0000000083459c30,0x0000000084300000)
 Metaspace       used 46267K, committed 47424K, reserved 1114112K
  class space    used 4318K, committed 4864K, reserved 1048576K
}

