# JRE version: OpenJDK Runtime Environment Temurin-21.0.7+6 (21.0.7+6) (build 21.0.7+6-LTS)
# Java VM: OpenJDK 64-Bit Server VM Temurin-21.0.7+6 (21.0.7+6-LTS, mixed mode, sharing, tiered, compressed oops, compressed class ptrs, parallel gc, windows-amd64)
GC Precious Log:
 CardTable entry size: 512
 CPUs: 12 total, 12 available
 Memory: 15752M
 Large Page Support: Disabled
 NUMA Support: Disabled
 Compressed Oops: Enabled (32-bit)
 Alignments: Space 512K, Generation 512K, Heap 2M
 Heap Min Capacity: 100M
 Heap Initial Capacity: 100M
 Heap Max Capacity: 1G
 Pre-touch: Disabled
 Parallel Workers: 10
Heap:
 PSYoungGen      total 3584K, used 2405K [0x00000000eab00000, 0x00000000eb080000, 0x0000000100000000)
  eden space 2560K, 65% used [0x00000000eab00000,0x00000000eaca1718,0x00000000ead80000)
  from space 1024K, 71% used [0x00000000ead80000,0x00000000eae38000,0x00000000eae80000)
  to   space 1536K, 0% used [0x00000000eaf00000,0x00000000eaf00000,0x00000000eb080000)
 ParOldGen       total 196096K, used 196035K [0x00000000c0000000, 0x00000000cbf80000, 0x00000000eab00000)
  object space 196096K, 99% used [0x00000000c0000000,0x00000000cbf70d70,0x00000000cbf80000)
 Metaspace       used 58176K, committed 59648K, reserved 1114112K
  class space    used 5999K, committed 6656K, reserved 1048576K
GC Heap History (20 events):
Event: 8.158 GC heap before
{Heap before GC invocations=113 (full 2):
 PSYoungGen      total 5632K, used 5121K [0x00000000eab00000, 0x00000000eb200000, 0x0000000100000000)
  eden space 4096K, 100% used [0x00000000eab00000,0x00000000eaf00000,0x00000000eaf00000)
  from space 1536K, 66% used [0x00000000eb080000,0x00000000eb1807d0,0x00000000eb200000)
  to   space 1536K, 0% used [0x00000000eaf00000,0x00000000eaf00000,0x00000000eb080000)
 ParOldGen       total 186880K, used 186474K [0x00000000c0000000, 0x00000000cb680000, 0x00000000eab00000)
  object space 186880K, 99% used [0x00000000c0000000,0x00000000cb61a9e0,0x00000000cb680000)
 Metaspace       used 57726K, committed 59200K, reserved 1114112K
  class space    used 5994K, committed 6656K, reserved 1048576K
}
Event: 8.159 GC heap after
{Heap after GC invocations=113 (full 2):
 PSYoungGen      total 5632K, used 1014K [0x00000000eab00000, 0x00000000eb200000, 0x0000000100000000)
  eden space 4096K, 0% used [0x00000000eab00000,0x00000000eab00000,0x00000000eaf00000)
  from space 1536K, 66% used [0x00000000eaf00000,0x00000000eaffd8e0,0x00000000eb080000)
  to   space 1536K, 0% used [0x00000000eb080000,0x00000000eb080000,0x00000000eb200000)
 ParOldGen       total 187392K, used 187298K [0x00000000c0000000, 0x00000000cb700000, 0x00000000eab00000)
  object space 187392K, 99% used [0x00000000c0000000,0x00000000cb6e8a68,0x00000000cb700000)
 Metaspace       used 57726K, committed 59200K, reserved 1114112K
  class space    used 5994K, committed 6656K, reserved 1048576K
}
Event: 8.174 GC heap before
{Heap before GC invocations=114 (full 2):
 PSYoungGen      total 5632K, used 5107K [0x00000000eab00000, 0x00000000eb200000, 0x0000000100000000)
  eden space 4096K, 99% used [0x00000000eab00000,0x00000000eaeff3f0,0x00000000eaf00000)
  from space 1536K, 66% used [0x00000000eaf00000,0x00000000eaffd8e0,0x00000000eb080000)
  to   space 1536K, 0% used [0x00000000eb080000,0x00000000eb080000,0x00000000eb200000)
 ParOldGen       total 187392K, used 187298K [0x00000000c0000000, 0x00000000cb700000, 0x00000000eab00000)
  object space 187392K, 99% used [0x00000000c0000000,0x00000000cb6e8a68,0x00000000cb700000)
 Metaspace       used 57759K, committed 59200K, reserved 1114112K
  class space    used 5995K, committed 6656K, reserved 1048576K
}
Event: 8.175 GC heap after
{Heap after GC invocations=114 (full 2):
 PSYoungGen      total 5632K, used 1142K [0x00000000eab00000, 0x00000000eb200000, 0x0000000100000000)
  eden space 4096K, 0% used [0x00000000eab00000,0x00000000eab00000,0x00000000eaf00000)
  from space 1536K, 74% used [0x00000000eb080000,0x00000000eb19dae8,0x00000000eb200000)
  to   space 1536K, 0% used [0x00000000eaf00000,0x00000000eaf00000,0x00000000eb080000)
 ParOldGen       total 188416K, used 188186K [0x00000000c0000000, 0x00000000cb800000, 0x00000000eab00000)
  object space 188416K, 99% used [0x00000000c0000000,0x00000000cb7c6ac0,0x00000000cb800000)
 Metaspace       used 57759K, committed 59200K, reserved 1114112K
  class space    used 5995K, committed 6656K, reserved 1048576K
}
Event: 8.188 GC heap before
{Heap before GC invocations=115 (full 2):
 PSYoungGen      total 5632K, used 5232K [0x00000000eab00000, 0x00000000eb200000, 0x0000000100000000)
  eden space 4096K, 99% used [0x00000000eab00000,0x00000000eaefe5b8,0x00000000eaf00000)
  from space 1536K, 74% used [0x00000000eb080000,0x00000000eb19dae8,0x00000000eb200000)
  to   space 1536K, 0% used [0x00000000eaf00000,0x00000000eaf00000,0x00000000eb080000)
 ParOldGen       total 188416K, used 188186K [0x00000000c0000000, 0x00000000cb800000, 0x00000000eab00000)
  object space 188416K, 99% used [0x00000000c0000000,0x00000000cb7c6ac0,0x00000000cb800000)
 Metaspace       used 57802K, committed 59264K, reserved 1114112K
  class space    used 5995K, committed 6656K, reserved 1048576K
}
Event: 8.190 GC heap after
{Heap after GC invocations=115 (full 2):
 PSYoungGen      total 5632K, used 994K [0x00000000eab00000, 0x00000000eb200000, 0x0000000100000000)
  eden space 4096K, 0% used [0x00000000eab00000,0x00000000eab00000,0x00000000eaf00000)
  from space 1536K, 64% used [0x00000000eaf00000,0x00000000eaff8af8,0x00000000eb080000)
  to   space 1536K, 0% used [0x00000000eb080000,0x00000000eb080000,0x00000000eb200000)
 ParOldGen       total 189440K, used 189167K [0x00000000c0000000, 0x00000000cb900000, 0x00000000eab00000)
  object space 189440K, 99% used [0x00000000c0000000,0x00000000cb8bbd60,0x00000000cb900000)
 Metaspace       used 57802K, committed 59264K, reserved 1114112K
  class space    used 5995K, committed 6656K, reserved 1048576K
}
Event: 8.206 GC heap before
{Heap before GC invocations=116 (full 2):
 PSYoungGen      total 5632K, used 5090K [0x00000000eab00000, 0x00000000eb200000, 0x0000000100000000)
  eden space 4096K, 100% used [0x00000000eab00000,0x00000000eaf00000,0x00000000eaf00000)
  from space 1536K, 64% used [0x00000000eaf00000,0x00000000eaff8af8,0x00000000eb080000)
  to   space 1536K, 0% used [0x00000000eb080000,0x00000000eb080000,0x00000000eb200000)
 ParOldGen       total 189440K, used 189167K [0x00000000c0000000, 0x00000000cb900000, 0x00000000eab00000)
  object space 189440K, 99% used [0x00000000c0000000,0x00000000cb8bbd60,0x00000000cb900000)
 Metaspace       used 57821K, committed 59264K, reserved 1114112K
  class space    used 5995K, committed 6656K, reserved 1048576K
}
Event: 8.208 GC heap after
{Heap after GC invocations=116 (full 2):
 PSYoungGen      total 5120K, used 998K [0x00000000eab00000, 0x00000000eb180000, 0x0000000100000000)
  eden space 4096K, 0% used [0x00000000eab00000,0x00000000eab00000,0x00000000eaf00000)
  from space 1024K, 97% used [0x00000000eb080000,0x00000000eb179bd8,0x00000000eb180000)
  to   space 1024K, 0% used [0x00000000eaf80000,0x00000000eaf80000,0x00000000eb080000)
 ParOldGen       total 190464K, used 190012K [0x00000000c0000000, 0x00000000cba00000, 0x00000000eab00000)
  object space 190464K, 99% used [0x00000000c0000000,0x00000000cb98f1c8,0x00000000cba00000)
 Metaspace       used 57821K, committed 59264K, reserved 1114112K
  class space    used 5995K, committed 6656K, reserved 1048576K
}
Event: 8.219 GC heap before
{Heap before GC invocations=117 (full 2):
 PSYoungGen      total 5120K, used 5094K [0x00000000eab00000, 0x00000000eb180000, 0x0000000100000000)
  eden space 4096K, 100% used [0x00000000eab00000,0x00000000eaf00000,0x00000000eaf00000)
  from space 1024K, 97% used [0x00000000eb080000,0x00000000eb179bd8,0x00000000eb180000)
  to   space 1024K, 0% used [0x00000000eaf80000,0x00000000eaf80000,0x00000000eb080000)
 ParOldGen       total 190464K, used 190012K [0x00000000c0000000, 0x00000000cba00000, 0x00000000eab00000)
  object space 190464K, 99% used [0x00000000c0000000,0x00000000cb98f1c8,0x00000000cba00000)
 Metaspace       used 57858K, committed 59264K, reserved 1114112K
  class space    used 5999K, committed 6656K, reserved 1048576K
}
Event: 8.220 GC heap after
{Heap after GC invocations=117 (full 2):
 PSYoungGen      total 5120K, used 1008K [0x00000000eab00000, 0x00000000eb100000, 0x0000000100000000)
  eden space 4096K, 0% used [0x00000000eab00000,0x00000000eab00000,0x00000000eaf00000)
  from space 1024K, 98% used [0x00000000eaf80000,0x00000000eb07c138,0x00000000eb080000)
  to   space 512K, 0% used [0x00000000eb080000,0x00000000eb080000,0x00000000eb100000)
 ParOldGen       total 190976K, used 190890K [0x00000000c0000000, 0x00000000cba80000, 0x00000000eab00000)
  object space 190976K, 99% used [0x00000000c0000000,0x00000000cba6abd0,0x00000000cba80000)
 Metaspace       used 57858K, committed 59264K, reserved 1114112K
  class space    used 5999K, committed 6656K, reserved 1048576K
}
Event: 8.248 GC heap before
{Heap before GC invocations=118 (full 2):
 PSYoungGen      total 5120K, used 5104K [0x00000000eab00000, 0x00000000eb100000, 0x0000000100000000)
  eden space 4096K, 100% used [0x00000000eab00000,0x00000000eaf00000,0x00000000eaf00000)
  from space 1024K, 98% used [0x00000000eaf80000,0x00000000eb07c138,0x00000000eb080000)
  to   space 512K, 0% used [0x00000000eb080000,0x00000000eb080000,0x00000000eb100000)
 ParOldGen       total 190976K, used 190890K [0x00000000c0000000, 0x00000000cba80000, 0x00000000eab00000)
  object space 190976K, 99% used [0x00000000c0000000,0x00000000cba6abd0,0x00000000cba80000)
 Metaspace       used 57918K, committed 59328K, reserved 1114112K
  class space    used 5999K, committed 6656K, reserved 1048576K
}
Event: 8.251 GC heap after
{Heap after GC invocations=118 (full 2):
 PSYoungGen      total 4096K, used 512K [0x00000000eab00000, 0x00000000eb300000, 0x0000000100000000)
  eden space 3584K, 0% used [0x00000000eab00000,0x00000000eab00000,0x00000000eae80000)
  from space 512K, 100% used [0x00000000eb080000,0x00000000eb100000,0x00000000eb100000)
  to   space 2048K, 0% used [0x00000000eae80000,0x00000000eae80000,0x00000000eb080000)
 ParOldGen       total 192512K, used 192243K [0x00000000c0000000, 0x00000000cbc00000, 0x00000000eab00000)
  object space 192512K, 99% used [0x00000000c0000000,0x00000000cbbbcdc0,0x00000000cbc00000)
 Metaspace       used 57918K, committed 59328K, reserved 1114112K
  class space    used 5999K, committed 6656K, reserved 1048576K
}
Event: 8.268 GC heap before
{Heap before GC invocations=119 (full 2):
 PSYoungGen      total 4096K, used 4096K [0x00000000eab00000, 0x00000000eb300000, 0x0000000100000000)
  eden space 3584K, 100% used [0x00000000eab00000,0x00000000eae80000,0x00000000eae80000)
  from space 512K, 100% used [0x00000000eb080000,0x00000000eb100000,0x00000000eb100000)
  to   space 2048K, 0% used [0x00000000eae80000,0x00000000eae80000,0x00000000eb080000)
 ParOldGen       total 192512K, used 192243K [0x00000000c0000000, 0x00000000cbc00000, 0x00000000eab00000)
  object space 192512K, 99% used [0x00000000c0000000,0x00000000cbbbcdc0,0x00000000cbc00000)
 Metaspace       used 57966K, committed 59392K, reserved 1114112K
  class space    used 5999K, committed 6656K, reserved 1048576K
}
Event: 8.270 GC heap after
{Heap after GC invocations=119 (full 2):
 PSYoungGen      total 5120K, used 1106K [0x00000000eab00000, 0x00000000eb180000, 0x0000000100000000)
  eden space 3584K, 0% used [0x00000000eab00000,0x00000000eab00000,0x00000000eae80000)
  from space 1536K, 72% used [0x00000000eae80000,0x00000000eaf94948,0x00000000eb000000)
  to   space 1536K, 0% used [0x00000000eb000000,0x00000000eb000000,0x00000000eb180000)
 ParOldGen       total 193024K, used 192714K [0x00000000c0000000, 0x00000000cbc80000, 0x00000000eab00000)
  object space 193024K, 99% used [0x00000000c0000000,0x00000000cbc32b38,0x00000000cbc80000)
 Metaspace       used 57966K, committed 59392K, reserved 1114112K
  class space    used 5999K, committed 6656K, reserved 1048576K
}
Event: 8.286 GC heap before
{Heap before GC invocations=120 (full 2):
 PSYoungGen      total 5120K, used 4690K [0x00000000eab00000, 0x00000000eb180000, 0x0000000100000000)
  eden space 3584K, 100% used [0x00000000eab00000,0x00000000eae80000,0x00000000eae80000)
  from space 1536K, 72% used [0x00000000eae80000,0x00000000eaf94948,0x00000000eb000000)
  to   space 1536K, 0% used [0x00000000eb000000,0x00000000eb000000,0x00000000eb180000)
 ParOldGen       total 193024K, used 192714K [0x00000000c0000000, 0x00000000cbc80000, 0x00000000eab00000)
  object space 193024K, 99% used [0x00000000c0000000,0x00000000cbc32b38,0x00000000cbc80000)
 Metaspace       used 58030K, committed 59456K, reserved 1114112K
  class space    used 5999K, committed 6656K, reserved 1048576K
}
Event: 8.288 GC heap after
{Heap after GC invocations=120 (full 2):
 PSYoungGen      total 5120K, used 1023K [0x00000000eab00000, 0x00000000eb180000, 0x0000000100000000)
  eden space 3584K, 0% used [0x00000000eab00000,0x00000000eab00000,0x00000000eae80000)
  from space 1536K, 66% used [0x00000000eb000000,0x00000000eb0fff08,0x00000000eb180000)
  to   space 1536K, 0% used [0x00000000eae80000,0x00000000eae80000,0x00000000eb000000)
 ParOldGen       total 194048K, used 193603K [0x00000000c0000000, 0x00000000cbd80000, 0x00000000eab00000)
  object space 194048K, 99% used [0x00000000c0000000,0x00000000cbd10f28,0x00000000cbd80000)
 Metaspace       used 58030K, committed 59456K, reserved 1114112K
  class space    used 5999K, committed 6656K, reserved 1048576K
}
Event: 8.300 GC heap before
{Heap before GC invocations=121 (full 2):
 PSYoungGen      total 5120K, used 4607K [0x00000000eab00000, 0x00000000eb180000, 0x0000000100000000)
  eden space 3584K, 100% used [0x00000000eab00000,0x00000000eae80000,0x00000000eae80000)
  from space 1536K, 66% used [0x00000000eb000000,0x00000000eb0fff08,0x00000000eb180000)
  to   space 1536K, 0% used [0x00000000eae80000,0x00000000eae80000,0x00000000eb000000)
 ParOldGen       total 194048K, used 193603K [0x00000000c0000000, 0x00000000cbd80000, 0x00000000eab00000)
  object space 194048K, 99% used [0x00000000c0000000,0x00000000cbd10f28,0x00000000cbd80000)
 Metaspace       used 58055K, committed 59456K, reserved 1114112K
  class space    used 5999K, committed 6656K, reserved 1048576K
}
Event: 8.301 GC heap after
{Heap after GC invocations=121 (full 2):
 PSYoungGen      total 4608K, used 949K [0x00000000eab00000, 0x00000000eb080000, 0x0000000100000000)
  eden space 3584K, 0% used [0x00000000eab00000,0x00000000eab00000,0x00000000eae80000)
  from space 1024K, 92% used [0x00000000eae80000,0x00000000eaf6d4c8,0x00000000eaf80000)
  to   space 1024K, 0% used [0x00000000eaf80000,0x00000000eaf80000,0x00000000eb080000)
 ParOldGen       total 194560K, used 194421K [0x00000000c0000000, 0x00000000cbe00000, 0x00000000eab00000)
  object space 194560K, 99% used [0x00000000c0000000,0x00000000cbddd620,0x00000000cbe00000)
 Metaspace       used 58055K, committed 59456K, reserved 1114112K
  class space    used 5999K, committed 6656K, reserved 1048576K
}
Event: 8.321 GC heap before
{Heap before GC invocations=122 (full 2):
 PSYoungGen      total 4608K, used 4533K [0x00000000eab00000, 0x00000000eb080000, 0x0000000100000000)
  eden space 3584K, 100% used [0x00000000eab00000,0x00000000eae80000,0x00000000eae80000)
  from space 1024K, 92% used [0x00000000eae80000,0x00000000eaf6d4c8,0x00000000eaf80000)
  to   space 1024K, 0% used [0x00000000eaf80000,0x00000000eaf80000,0x00000000eb080000)
 ParOldGen       total 194560K, used 194421K [0x00000000c0000000, 0x00000000cbe00000, 0x00000000eab00000)
  object space 194560K, 99% used [0x00000000c0000000,0x00000000cbddd620,0x00000000cbe00000)
 Metaspace       used 58096K, committed 59520K, reserved 1114112K
  class space    used 5999K, committed 6656K, reserved 1048576K
}
Event: 8.323 GC heap after
{Heap after GC invocations=122 (full 2):
 PSYoungGen      total 3584K, used 1006K [0x00000000eab00000, 0x00000000eb280000, 0x0000000100000000)
  eden space 2560K, 0% used [0x00000000eab00000,0x00000000eab00000,0x00000000ead80000)
  from space 1024K, 98% used [0x00000000eaf80000,0x00000000eb07b980,0x00000000eb080000)
  to   space 2048K, 0% used [0x00000000ead80000,0x00000000ead80000,0x00000000eaf80000)
 ParOldGen       total 195584K, used 195219K [0x00000000c0000000, 0x00000000cbf00000, 0x00000000eab00000)
  object space 195584K, 99% used [0x00000000c0000000,0x00000000cbea4db8,0x00000000cbf00000)
 Metaspace       used 58096K, committed 59520K, reserved 1114112K
  class space    used 5999K, committed 6656K, reserved 1048576K
}

