# JRE version: OpenJDK Runtime Environment Temurin-21.0.7+6 (21.0.7+6) (build 21.0.7+6-LTS)
# Java VM: OpenJDK 64-Bit Server VM Temurin-21.0.7+6 (21.0.7+6-LTS, mixed mode, sharing, tiered, compressed oops, compressed class ptrs, parallel gc, windows-amd64)
GC Precious Log:
 CardTable entry size: 512
 CPUs: 12 total, 12 available
 Memory: 15752M
 Large Page Support: Disabled
 NUMA Support: Disabled
 Compressed Oops: Enabled (32-bit)
 Alignments: Space 512K, Generation 512K, Heap 2M
 Heap Min Capacity: 100M
 Heap Initial Capacity: 100M
 Heap Max Capacity: 2G
 Pre-touch: Disabled
 Parallel Workers: 10
Heap:
 PSYoungGen      total 6656K, used 6302K [0x00000000d5580000, 0x00000000d5e00000, 0x0000000100000000)
  eden space 4608K, 100% used [0x00000000d5580000,0x00000000d5a00000,0x00000000d5a00000)
  from space 2048K, 82% used [0x00000000d5c00000,0x00000000d5da7820,0x00000000d5e00000)
  to   space 2048K, 0% used [0x00000000d5a00000,0x00000000d5a00000,0x00000000d5c00000)
 ParOldGen       total 322560K, used 287070K [0x0000000080000000, 0x0000000093b00000, 0x00000000d5580000)
  object space 322560K, 88% used [0x0000000080000000,0x0000000091857bd8,0x0000000093b00000)
 Metaspace       used 58802K, committed 60160K, reserved 1114112K
  class space    used 6051K, committed 6656K, reserved 1048576K
GC Heap History (20 events):
Event: 6.697 GC heap before
{Heap before GC invocations=368 (full 3):
 PSYoungGen      total 6656K, used 6513K [0x00000000d5580000, 0x00000000d5e00000, 0x0000000100000000)
  eden space 4608K, 99% used [0x00000000d5580000,0x00000000d59ff008,0x00000000d5a00000)
  from space 2048K, 93% used [0x00000000d5c00000,0x00000000d5ddd4a8,0x00000000d5e00000)
  to   space 2048K, 0% used [0x00000000d5a00000,0x00000000d5a00000,0x00000000d5c00000)
 ParOldGen       total 322560K, used 269635K [0x0000000080000000, 0x0000000093b00000, 0x00000000d5580000)
  object space 322560K, 83% used [0x0000000080000000,0x0000000090750c20,0x0000000093b00000)
 Metaspace       used 58491K, committed 59840K, reserved 1114112K
  class space    used 6046K, committed 6656K, reserved 1048576K
}
Event: 6.698 GC heap after
{Heap after GC invocations=368 (full 3):
 PSYoungGen      total 6656K, used 1831K [0x00000000d5580000, 0x00000000d5e00000, 0x0000000100000000)
  eden space 4608K, 0% used [0x00000000d5580000,0x00000000d5580000,0x00000000d5a00000)
  from space 2048K, 89% used [0x00000000d5a00000,0x00000000d5bc9eb0,0x00000000d5c00000)
  to   space 2048K, 0% used [0x00000000d5c00000,0x00000000d5c00000,0x00000000d5e00000)
 ParOldGen       total 322560K, used 271362K [0x0000000080000000, 0x0000000093b00000, 0x00000000d5580000)
  object space 322560K, 84% used [0x0000000080000000,0x0000000090900a18,0x0000000093b00000)
 Metaspace       used 58491K, committed 59840K, reserved 1114112K
  class space    used 6046K, committed 6656K, reserved 1048576K
}
Event: 6.703 GC heap before
{Heap before GC invocations=369 (full 3):
 PSYoungGen      total 6656K, used 6407K [0x00000000d5580000, 0x00000000d5e00000, 0x0000000100000000)
  eden space 4608K, 99% used [0x00000000d5580000,0x00000000d59f8138,0x00000000d5a00000)
  from space 2048K, 89% used [0x00000000d5a00000,0x00000000d5bc9eb0,0x00000000d5c00000)
  to   space 2048K, 0% used [0x00000000d5c00000,0x00000000d5c00000,0x00000000d5e00000)
 ParOldGen       total 322560K, used 271362K [0x0000000080000000, 0x0000000093b00000, 0x00000000d5580000)
  object space 322560K, 84% used [0x0000000080000000,0x0000000090900a18,0x0000000093b00000)
 Metaspace       used 58511K, committed 59840K, reserved 1114112K
  class space    used 6046K, committed 6656K, reserved 1048576K
}
Event: 6.705 GC heap after
{Heap after GC invocations=369 (full 3):
 PSYoungGen      total 6656K, used 1882K [0x00000000d5580000, 0x00000000d5e00000, 0x0000000100000000)
  eden space 4608K, 0% used [0x00000000d5580000,0x00000000d5580000,0x00000000d5a00000)
  from space 2048K, 91% used [0x00000000d5c00000,0x00000000d5dd6ba8,0x00000000d5e00000)
  to   space 2048K, 0% used [0x00000000d5a00000,0x00000000d5a00000,0x00000000d5c00000)
 ParOldGen       total 322560K, used 273094K [0x0000000080000000, 0x0000000093b00000, 0x00000000d5580000)
  object space 322560K, 84% used [0x0000000080000000,0x0000000090ab19d8,0x0000000093b00000)
 Metaspace       used 58511K, committed 59840K, reserved 1114112K
  class space    used 6046K, committed 6656K, reserved 1048576K
}
Event: 6.713 GC heap before
{Heap before GC invocations=370 (full 3):
 PSYoungGen      total 6656K, used 6490K [0x00000000d5580000, 0x00000000d5e00000, 0x0000000100000000)
  eden space 4608K, 100% used [0x00000000d5580000,0x00000000d5a00000,0x00000000d5a00000)
  from space 2048K, 91% used [0x00000000d5c00000,0x00000000d5dd6ba8,0x00000000d5e00000)
  to   space 2048K, 0% used [0x00000000d5a00000,0x00000000d5a00000,0x00000000d5c00000)
 ParOldGen       total 322560K, used 273094K [0x0000000080000000, 0x0000000093b00000, 0x00000000d5580000)
  object space 322560K, 84% used [0x0000000080000000,0x0000000090ab19d8,0x0000000093b00000)
 Metaspace       used 58522K, committed 59904K, reserved 1114112K
  class space    used 6046K, committed 6656K, reserved 1048576K
}
Event: 6.714 GC heap after
{Heap after GC invocations=370 (full 3):
 PSYoungGen      total 6656K, used 1902K [0x00000000d5580000, 0x00000000d5e00000, 0x0000000100000000)
  eden space 4608K, 0% used [0x00000000d5580000,0x00000000d5580000,0x00000000d5a00000)
  from space 2048K, 92% used [0x00000000d5a00000,0x00000000d5bdb8e8,0x00000000d5c00000)
  to   space 2048K, 0% used [0x00000000d5c00000,0x00000000d5c00000,0x00000000d5e00000)
 ParOldGen       total 322560K, used 274777K [0x0000000080000000, 0x0000000093b00000, 0x00000000d5580000)
  object space 322560K, 85% used [0x0000000080000000,0x0000000090c56470,0x0000000093b00000)
 Metaspace       used 58522K, committed 59904K, reserved 1114112K
  class space    used 6046K, committed 6656K, reserved 1048576K
}
Event: 6.717 GC heap before
{Heap before GC invocations=371 (full 3):
 PSYoungGen      total 6656K, used 6498K [0x00000000d5580000, 0x00000000d5e00000, 0x0000000100000000)
  eden space 4608K, 99% used [0x00000000d5580000,0x00000000d59fd2a0,0x00000000d5a00000)
  from space 2048K, 92% used [0x00000000d5a00000,0x00000000d5bdb8e8,0x00000000d5c00000)
  to   space 2048K, 0% used [0x00000000d5c00000,0x00000000d5c00000,0x00000000d5e00000)
 ParOldGen       total 322560K, used 274777K [0x0000000080000000, 0x0000000093b00000, 0x00000000d5580000)
  object space 322560K, 85% used [0x0000000080000000,0x0000000090c56470,0x0000000093b00000)
 Metaspace       used 58523K, committed 59904K, reserved 1114112K
  class space    used 6046K, committed 6656K, reserved 1048576K
}
Event: 6.718 GC heap after
{Heap after GC invocations=371 (full 3):
 PSYoungGen      total 6656K, used 1979K [0x00000000d5580000, 0x00000000d5e00000, 0x0000000100000000)
  eden space 4608K, 0% used [0x00000000d5580000,0x00000000d5580000,0x00000000d5a00000)
  from space 2048K, 96% used [0x00000000d5c00000,0x00000000d5deeee8,0x00000000d5e00000)
  to   space 2048K, 0% used [0x00000000d5a00000,0x00000000d5a00000,0x00000000d5c00000)
 ParOldGen       total 322560K, used 276455K [0x0000000080000000, 0x0000000093b00000, 0x00000000d5580000)
  object space 322560K, 85% used [0x0000000080000000,0x0000000090df9f38,0x0000000093b00000)
 Metaspace       used 58523K, committed 59904K, reserved 1114112K
  class space    used 6046K, committed 6656K, reserved 1048576K
}
Event: 6.724 GC heap before
{Heap before GC invocations=372 (full 3):
 PSYoungGen      total 6656K, used 6587K [0x00000000d5580000, 0x00000000d5e00000, 0x0000000100000000)
  eden space 4608K, 100% used [0x00000000d5580000,0x00000000d5a00000,0x00000000d5a00000)
  from space 2048K, 96% used [0x00000000d5c00000,0x00000000d5deeee8,0x00000000d5e00000)
  to   space 2048K, 0% used [0x00000000d5a00000,0x00000000d5a00000,0x00000000d5c00000)
 ParOldGen       total 322560K, used 276455K [0x0000000080000000, 0x0000000093b00000, 0x00000000d5580000)
  object space 322560K, 85% used [0x0000000080000000,0x0000000090df9f38,0x0000000093b00000)
 Metaspace       used 58565K, committed 59968K, reserved 1114112K
  class space    used 6046K, committed 6656K, reserved 1048576K
}
Event: 6.726 GC heap after
{Heap after GC invocations=372 (full 3):
 PSYoungGen      total 6656K, used 1797K [0x00000000d5580000, 0x00000000d5e00000, 0x0000000100000000)
  eden space 4608K, 0% used [0x00000000d5580000,0x00000000d5580000,0x00000000d5a00000)
  from space 2048K, 87% used [0x00000000d5a00000,0x00000000d5bc1448,0x00000000d5c00000)
  to   space 2048K, 0% used [0x00000000d5c00000,0x00000000d5c00000,0x00000000d5e00000)
 ParOldGen       total 322560K, used 278298K [0x0000000080000000, 0x0000000093b00000, 0x00000000d5580000)
  object space 322560K, 86% used [0x0000000080000000,0x0000000090fc6a20,0x0000000093b00000)
 Metaspace       used 58565K, committed 59968K, reserved 1114112K
  class space    used 6046K, committed 6656K, reserved 1048576K
}
Event: 6.728 GC heap before
{Heap before GC invocations=373 (full 3):
 PSYoungGen      total 6656K, used 6405K [0x00000000d5580000, 0x00000000d5e00000, 0x0000000100000000)
  eden space 4608K, 100% used [0x00000000d5580000,0x00000000d5a00000,0x00000000d5a00000)
  from space 2048K, 87% used [0x00000000d5a00000,0x00000000d5bc1448,0x00000000d5c00000)
  to   space 2048K, 0% used [0x00000000d5c00000,0x00000000d5c00000,0x00000000d5e00000)
 ParOldGen       total 322560K, used 278298K [0x0000000080000000, 0x0000000093b00000, 0x00000000d5580000)
  object space 322560K, 86% used [0x0000000080000000,0x0000000090fc6a20,0x0000000093b00000)
 Metaspace       used 58570K, committed 59968K, reserved 1114112K
  class space    used 6047K, committed 6656K, reserved 1048576K
}
Event: 6.730 GC heap after
{Heap after GC invocations=373 (full 3):
 PSYoungGen      total 6656K, used 1968K [0x00000000d5580000, 0x00000000d5f00000, 0x0000000100000000)
  eden space 4608K, 0% used [0x00000000d5580000,0x00000000d5580000,0x00000000d5a00000)
  from space 2048K, 96% used [0x00000000d5c00000,0x00000000d5dec368,0x00000000d5e00000)
  to   space 2048K, 0% used [0x00000000d5a00000,0x00000000d5a00000,0x00000000d5c00000)
 ParOldGen       total 322560K, used 280099K [0x0000000080000000, 0x0000000093b00000, 0x00000000d5580000)
  object space 322560K, 86% used [0x0000000080000000,0x0000000091188ea8,0x0000000093b00000)
 Metaspace       used 58570K, committed 59968K, reserved 1114112K
  class space    used 6047K, committed 6656K, reserved 1048576K
}
Event: 6.738 GC heap before
{Heap before GC invocations=374 (full 3):
 PSYoungGen      total 6656K, used 6523K [0x00000000d5580000, 0x00000000d5f00000, 0x0000000100000000)
  eden space 4608K, 98% used [0x00000000d5580000,0x00000000d59f28e8,0x00000000d5a00000)
  from space 2048K, 96% used [0x00000000d5c00000,0x00000000d5dec368,0x00000000d5e00000)
  to   space 2048K, 0% used [0x00000000d5a00000,0x00000000d5a00000,0x00000000d5c00000)
 ParOldGen       total 322560K, used 280099K [0x0000000080000000, 0x0000000093b00000, 0x00000000d5580000)
  object space 322560K, 86% used [0x0000000080000000,0x0000000091188ea8,0x0000000093b00000)
 Metaspace       used 58580K, committed 59968K, reserved 1114112K
  class space    used 6047K, committed 6656K, reserved 1048576K
}
Event: 6.740 GC heap after
{Heap after GC invocations=374 (full 3):
 PSYoungGen      total 6656K, used 1998K [0x00000000d5580000, 0x00000000d5e00000, 0x0000000100000000)
  eden space 4608K, 0% used [0x00000000d5580000,0x00000000d5580000,0x00000000d5a00000)
  from space 2048K, 97% used [0x00000000d5a00000,0x00000000d5bf3830,0x00000000d5c00000)
  to   space 2048K, 0% used [0x00000000d5c00000,0x00000000d5c00000,0x00000000d5e00000)
 ParOldGen       total 322560K, used 281900K [0x0000000080000000, 0x0000000093b00000, 0x00000000d5580000)
  object space 322560K, 87% used [0x0000000080000000,0x000000009134b340,0x0000000093b00000)
 Metaspace       used 58580K, committed 59968K, reserved 1114112K
  class space    used 6047K, committed 6656K, reserved 1048576K
}
Event: 6.746 GC heap before
{Heap before GC invocations=375 (full 3):
 PSYoungGen      total 6656K, used 6593K [0x00000000d5580000, 0x00000000d5e00000, 0x0000000100000000)
  eden space 4608K, 99% used [0x00000000d5580000,0x00000000d59fcc30,0x00000000d5a00000)
  from space 2048K, 97% used [0x00000000d5a00000,0x00000000d5bf3830,0x00000000d5c00000)
  to   space 2048K, 0% used [0x00000000d5c00000,0x00000000d5c00000,0x00000000d5e00000)
 ParOldGen       total 322560K, used 281900K [0x0000000080000000, 0x0000000093b00000, 0x00000000d5580000)
  object space 322560K, 87% used [0x0000000080000000,0x000000009134b340,0x0000000093b00000)
 Metaspace       used 58590K, committed 59968K, reserved 1114112K
  class space    used 6047K, committed 6656K, reserved 1048576K
}
Event: 6.747 GC heap after
{Heap after GC invocations=375 (full 3):
 PSYoungGen      total 6656K, used 1990K [0x00000000d5580000, 0x00000000d5e00000, 0x0000000100000000)
  eden space 4608K, 0% used [0x00000000d5580000,0x00000000d5580000,0x00000000d5a00000)
  from space 2048K, 97% used [0x00000000d5c00000,0x00000000d5df1b00,0x00000000d5e00000)
  to   space 2048K, 0% used [0x00000000d5a00000,0x00000000d5a00000,0x00000000d5c00000)
 ParOldGen       total 322560K, used 283665K [0x0000000080000000, 0x0000000093b00000, 0x00000000d5580000)
  object space 322560K, 87% used [0x0000000080000000,0x0000000091504668,0x0000000093b00000)
 Metaspace       used 58590K, committed 59968K, reserved 1114112K
  class space    used 6047K, committed 6656K, reserved 1048576K
}
Event: 6.752 GC heap before
{Heap before GC invocations=376 (full 3):
 PSYoungGen      total 6656K, used 6598K [0x00000000d5580000, 0x00000000d5e00000, 0x0000000100000000)
  eden space 4608K, 100% used [0x00000000d5580000,0x00000000d5a00000,0x00000000d5a00000)
  from space 2048K, 97% used [0x00000000d5c00000,0x00000000d5df1b00,0x00000000d5e00000)
  to   space 2048K, 0% used [0x00000000d5a00000,0x00000000d5a00000,0x00000000d5c00000)
 ParOldGen       total 322560K, used 283665K [0x0000000080000000, 0x0000000093b00000, 0x00000000d5580000)
  object space 322560K, 87% used [0x0000000080000000,0x0000000091504668,0x0000000093b00000)
 Metaspace       used 58598K, committed 59968K, reserved 1114112K
  class space    used 6047K, committed 6656K, reserved 1048576K
}
Event: 6.753 GC heap after
{Heap after GC invocations=376 (full 3):
 PSYoungGen      total 6656K, used 1669K [0x00000000d5580000, 0x00000000d5e00000, 0x0000000100000000)
  eden space 4608K, 0% used [0x00000000d5580000,0x00000000d5580000,0x00000000d5a00000)
  from space 2048K, 81% used [0x00000000d5a00000,0x00000000d5ba14e0,0x00000000d5c00000)
  to   space 2048K, 0% used [0x00000000d5c00000,0x00000000d5c00000,0x00000000d5e00000)
 ParOldGen       total 322560K, used 285505K [0x0000000080000000, 0x0000000093b00000, 0x00000000d5580000)
  object space 322560K, 88% used [0x0000000080000000,0x00000000916d06b0,0x0000000093b00000)
 Metaspace       used 58598K, committed 59968K, reserved 1114112K
  class space    used 6047K, committed 6656K, reserved 1048576K
}
Event: 6.759 GC heap before
{Heap before GC invocations=377 (full 3):
 PSYoungGen      total 6656K, used 6277K [0x00000000d5580000, 0x00000000d5e00000, 0x0000000100000000)
  eden space 4608K, 100% used [0x00000000d5580000,0x00000000d5a00000,0x00000000d5a00000)
  from space 2048K, 81% used [0x00000000d5a00000,0x00000000d5ba14e0,0x00000000d5c00000)
  to   space 2048K, 0% used [0x00000000d5c00000,0x00000000d5c00000,0x00000000d5e00000)
 ParOldGen       total 322560K, used 285505K [0x0000000080000000, 0x0000000093b00000, 0x00000000d5580000)
  object space 322560K, 88% used [0x0000000080000000,0x00000000916d06b0,0x0000000093b00000)
 Metaspace       used 58637K, committed 59968K, reserved 1114112K
  class space    used 6047K, committed 6656K, reserved 1048576K
}
Event: 6.760 GC heap after
{Heap after GC invocations=377 (full 3):
 PSYoungGen      total 6656K, used 1694K [0x00000000d5580000, 0x00000000d5e00000, 0x0000000100000000)
  eden space 4608K, 0% used [0x00000000d5580000,0x00000000d5580000,0x00000000d5a00000)
  from space 2048K, 82% used [0x00000000d5c00000,0x00000000d5da7820,0x00000000d5e00000)
  to   space 2048K, 0% used [0x00000000d5a00000,0x00000000d5a00000,0x00000000d5c00000)
 ParOldGen       total 322560K, used 287070K [0x0000000080000000, 0x0000000093b00000, 0x00000000d5580000)
  object space 322560K, 88% used [0x0000000080000000,0x0000000091857bd8,0x0000000093b00000)
 Metaspace       used 58637K, committed 59968K, reserved 1114112K
  class space    used 6047K, committed 6656K, reserved 1048576K
}

