# JRE version: OpenJDK Runtime Environment Temurin-21.0.7+6 (21.0.7+6) (build 21.0.7+6-LTS)
# Java VM: OpenJDK 64-Bit Server VM Temurin-21.0.7+6 (21.0.7+6-LTS, mixed mode, sharing, tiered, compressed oops, compressed class ptrs, parallel gc, windows-amd64)
GC Precious Log:
 CardTable entry size: 512
 CPUs: 12 total, 12 available
 Memory: 15752M
 Large Page Support: Disabled
 NUMA Support: Disabled
 Compressed Oops: Enabled (32-bit)
 Alignments: Space 512K, Generation 512K, Heap 2M
 Heap Min Capacity: 100M
 Heap Initial Capacity: 100M
 Heap Max Capacity: 2G
 Pre-touch: Disabled
 Parallel Workers: 10
Heap:
 PSYoungGen      total 9216K, used 8890K [0x00000000d5580000, 0x00000000d6100000, 0x0000000100000000)
  eden space 7680K, 100% used [0x00000000d5580000,0x00000000d5d00000,0x00000000d5d00000)
  from space 1536K, 78% used [0x00000000d5f80000,0x00000000d60ae810,0x00000000d6100000)
  to   space 1536K, 99% used [0x00000000d5e00000,0x00000000d5f7f000,0x00000000d5f80000)
 ParOldGen       total 346624K, used 289259K [0x0000000080000000, 0x0000000095280000, 0x00000000d5580000)
  object space 346624K, 83% used [0x0000000080000000,0x0000000091a86de8,0x0000000095280000)
 Metaspace       used 58807K, committed 60224K, reserved 1114112K
  class space    used 6045K, committed 6720K, reserved 1048576K
GC Heap History (20 events):
Event: 6.298 GC heap before
{Heap before GC invocations=330 (full 2):
 PSYoungGen      total 7168K, used 7162K [0x00000000d5580000, 0x00000000d6080000, 0x0000000100000000)
  eden space 5120K, 100% used [0x00000000d5580000,0x00000000d5a80000,0x00000000d5a80000)
  from space 2048K, 99% used [0x00000000d5a80000,0x00000000d5c7e890,0x00000000d5c80000)
  to   space 2560K, 0% used [0x00000000d5e00000,0x00000000d5e00000,0x00000000d6080000)
 ParOldGen       total 330240K, used 329787K [0x0000000080000000, 0x0000000094280000, 0x00000000d5580000)
  object space 330240K, 99% used [0x0000000080000000,0x000000009420ef38,0x0000000094280000)
 Metaspace       used 58167K, committed 59584K, reserved 1114112K
  class space    used 6031K, committed 6720K, reserved 1048576K
}
Event: 6.300 GC heap after
{Heap after GC invocations=330 (full 2):
 PSYoungGen      total 8192K, used 1965K [0x00000000d5580000, 0x00000000d6000000, 0x0000000100000000)
  eden space 6144K, 0% used [0x00000000d5580000,0x00000000d5580000,0x00000000d5b80000)
  from space 2048K, 95% used [0x00000000d5e00000,0x00000000d5feb518,0x00000000d6000000)
  to   space 2048K, 0% used [0x00000000d5c00000,0x00000000d5c00000,0x00000000d5e00000)
 ParOldGen       total 331776K, used 331671K [0x0000000080000000, 0x0000000094400000, 0x00000000d5580000)
  object space 331776K, 99% used [0x0000000080000000,0x00000000943e5c68,0x0000000094400000)
 Metaspace       used 58167K, committed 59584K, reserved 1114112K
  class space    used 6031K, committed 6720K, reserved 1048576K
}
Event: 6.304 GC heap before
{Heap before GC invocations=331 (full 2):
 PSYoungGen      total 8192K, used 8109K [0x00000000d5580000, 0x00000000d6000000, 0x0000000100000000)
  eden space 6144K, 100% used [0x00000000d5580000,0x00000000d5b80000,0x00000000d5b80000)
  from space 2048K, 95% used [0x00000000d5e00000,0x00000000d5feb518,0x00000000d6000000)
  to   space 2048K, 0% used [0x00000000d5c00000,0x00000000d5c00000,0x00000000d5e00000)
 ParOldGen       total 331776K, used 331671K [0x0000000080000000, 0x0000000094400000, 0x00000000d5580000)
  object space 331776K, 99% used [0x0000000080000000,0x00000000943e5c68,0x0000000094400000)
 Metaspace       used 58178K, committed 59584K, reserved 1114112K
  class space    used 6031K, committed 6720K, reserved 1048576K
}
Event: 6.305 GC heap after
{Heap after GC invocations=331 (full 2):
 PSYoungGen      total 8704K, used 2047K [0x00000000d5580000, 0x00000000d6200000, 0x0000000100000000)
  eden space 6656K, 0% used [0x00000000d5580000,0x00000000d5580000,0x00000000d5c00000)
  from space 2048K, 99% used [0x00000000d5c00000,0x00000000d5dffc10,0x00000000d5e00000)
  to   space 2560K, 0% used [0x00000000d5f80000,0x00000000d5f80000,0x00000000d6200000)
 ParOldGen       total 334336K, used 334100K [0x0000000080000000, 0x0000000094680000, 0x00000000d5580000)
  object space 334336K, 99% used [0x0000000080000000,0x00000000946450b8,0x0000000094680000)
 Metaspace       used 58178K, committed 59584K, reserved 1114112K
  class space    used 6031K, committed 6720K, reserved 1048576K
}
Event: 6.309 GC heap before
{Heap before GC invocations=332 (full 2):
 PSYoungGen      total 8704K, used 8633K [0x00000000d5580000, 0x00000000d6200000, 0x0000000100000000)
  eden space 6656K, 98% used [0x00000000d5580000,0x00000000d5bee8c8,0x00000000d5c00000)
  from space 2048K, 99% used [0x00000000d5c00000,0x00000000d5dffc10,0x00000000d5e00000)
  to   space 2560K, 0% used [0x00000000d5f80000,0x00000000d5f80000,0x00000000d6200000)
 ParOldGen       total 334336K, used 334100K [0x0000000080000000, 0x0000000094680000, 0x00000000d5580000)
  object space 334336K, 99% used [0x0000000080000000,0x00000000946450b8,0x0000000094680000)
 Metaspace       used 58215K, committed 59648K, reserved 1114112K
  class space    used 6032K, committed 6720K, reserved 1048576K
}
Event: 6.311 GC heap after
{Heap after GC invocations=332 (full 2):
 PSYoungGen      total 7680K, used 2552K [0x00000000d5580000, 0x00000000d6780000, 0x0000000100000000)
  eden space 5120K, 0% used [0x00000000d5580000,0x00000000d5580000,0x00000000d5a80000)
  from space 2560K, 99% used [0x00000000d5f80000,0x00000000d61fe148,0x00000000d6200000)
  to   space 5120K, 0% used [0x00000000d5a80000,0x00000000d5a80000,0x00000000d5f80000)
 ParOldGen       total 336384K, used 336094K [0x0000000080000000, 0x0000000094880000, 0x00000000d5580000)
  object space 336384K, 99% used [0x0000000080000000,0x0000000094837848,0x0000000094880000)
 Metaspace       used 58215K, committed 59648K, reserved 1114112K
  class space    used 6032K, committed 6720K, reserved 1048576K
}
Event: 6.314 GC heap before
{Heap before GC invocations=333 (full 2):
 PSYoungGen      total 7680K, used 7601K [0x00000000d5580000, 0x00000000d6780000, 0x0000000100000000)
  eden space 5120K, 98% used [0x00000000d5580000,0x00000000d5a6e3a0,0x00000000d5a80000)
  from space 2560K, 99% used [0x00000000d5f80000,0x00000000d61fe148,0x00000000d6200000)
  to   space 5120K, 0% used [0x00000000d5a80000,0x00000000d5a80000,0x00000000d5f80000)
 ParOldGen       total 336384K, used 336094K [0x0000000080000000, 0x0000000094880000, 0x00000000d5580000)
  object space 336384K, 99% used [0x0000000080000000,0x0000000094837848,0x0000000094880000)
 Metaspace       used 58215K, committed 59648K, reserved 1114112K
  class space    used 6032K, committed 6720K, reserved 1048576K
}
Event: 6.315 GC heap after
{Heap after GC invocations=333 (full 2):
 PSYoungGen      total 7680K, used 2273K [0x00000000d5580000, 0x00000000d6280000, 0x0000000100000000)
  eden space 5120K, 0% used [0x00000000d5580000,0x00000000d5580000,0x00000000d5a80000)
  from space 2560K, 88% used [0x00000000d5a80000,0x00000000d5cb87e0,0x00000000d5d00000)
  to   space 3584K, 0% used [0x00000000d5f00000,0x00000000d5f00000,0x00000000d6280000)
 ParOldGen       total 338944K, used 338468K [0x0000000080000000, 0x0000000094b00000, 0x00000000d5580000)
  object space 338944K, 99% used [0x0000000080000000,0x0000000094a892e8,0x0000000094b00000)
 Metaspace       used 58215K, committed 59648K, reserved 1114112K
  class space    used 6032K, committed 6720K, reserved 1048576K
}
Event: 6.318 GC heap before
{Heap before GC invocations=334 (full 2):
 PSYoungGen      total 7680K, used 7355K [0x00000000d5580000, 0x00000000d6280000, 0x0000000100000000)
  eden space 5120K, 99% used [0x00000000d5580000,0x00000000d5a76680,0x00000000d5a80000)
  from space 2560K, 88% used [0x00000000d5a80000,0x00000000d5cb87e0,0x00000000d5d00000)
  to   space 3584K, 0% used [0x00000000d5f00000,0x00000000d5f00000,0x00000000d6280000)
 ParOldGen       total 338944K, used 338468K [0x0000000080000000, 0x0000000094b00000, 0x00000000d5580000)
  object space 338944K, 99% used [0x0000000080000000,0x0000000094a892e8,0x0000000094b00000)
 Metaspace       used 58215K, committed 59648K, reserved 1114112K
  class space    used 6032K, committed 6720K, reserved 1048576K
}
Event: 6.320 GC heap after
{Heap after GC invocations=334 (full 2):
 PSYoungGen      total 8704K, used 2266K [0x00000000d5580000, 0x00000000d6180000, 0x0000000100000000)
  eden space 6144K, 0% used [0x00000000d5580000,0x00000000d5580000,0x00000000d5b80000)
  from space 2560K, 88% used [0x00000000d5f00000,0x00000000d6136bf8,0x00000000d6180000)
  to   space 2560K, 0% used [0x00000000d5c80000,0x00000000d5c80000,0x00000000d5f00000)
 ParOldGen       total 340992K, used 340539K [0x0000000080000000, 0x0000000094d00000, 0x00000000d5580000)
  object space 340992K, 99% used [0x0000000080000000,0x0000000094c8ee20,0x0000000094d00000)
 Metaspace       used 58215K, committed 59648K, reserved 1114112K
  class space    used 6032K, committed 6720K, reserved 1048576K
}
Event: 6.325 GC heap before
{Heap before GC invocations=335 (full 2):
 PSYoungGen      total 8704K, used 8410K [0x00000000d5580000, 0x00000000d6180000, 0x0000000100000000)
  eden space 6144K, 100% used [0x00000000d5580000,0x00000000d5b80000,0x00000000d5b80000)
  from space 2560K, 88% used [0x00000000d5f00000,0x00000000d6136bf8,0x00000000d6180000)
  to   space 2560K, 0% used [0x00000000d5c80000,0x00000000d5c80000,0x00000000d5f00000)
 ParOldGen       total 340992K, used 340539K [0x0000000080000000, 0x0000000094d00000, 0x00000000d5580000)
  object space 340992K, 99% used [0x0000000080000000,0x0000000094c8ee20,0x0000000094d00000)
 Metaspace       used 58224K, committed 59648K, reserved 1114112K
  class space    used 6032K, committed 6720K, reserved 1048576K
}
Event: 6.326 GC heap after
{Heap after GC invocations=335 (full 2):
 PSYoungGen      total 9728K, used 2185K [0x00000000d5580000, 0x00000000d6200000, 0x0000000100000000)
  eden space 7168K, 0% used [0x00000000d5580000,0x00000000d5580000,0x00000000d5c80000)
  from space 2560K, 85% used [0x00000000d5c80000,0x00000000d5ea2658,0x00000000d5f00000)
  to   space 2560K, 0% used [0x00000000d5f80000,0x00000000d5f80000,0x00000000d6200000)
 ParOldGen       total 343040K, used 342594K [0x0000000080000000, 0x0000000094f00000, 0x00000000d5580000)
  object space 343040K, 99% used [0x0000000080000000,0x0000000094e90af0,0x0000000094f00000)
 Metaspace       used 58224K, committed 59648K, reserved 1114112K
  class space    used 6032K, committed 6720K, reserved 1048576K
}
Event: 6.357 GC heap before
{Heap before GC invocations=336 (full 2):
 PSYoungGen      total 9728K, used 9353K [0x00000000d5580000, 0x00000000d6200000, 0x0000000100000000)
  eden space 7168K, 99% used [0x00000000d5580000,0x00000000d5c7fff0,0x00000000d5c80000)
  from space 2560K, 85% used [0x00000000d5c80000,0x00000000d5ea2658,0x00000000d5f00000)
  to   space 2560K, 0% used [0x00000000d5f80000,0x00000000d5f80000,0x00000000d6200000)
 ParOldGen       total 343040K, used 342594K [0x0000000080000000, 0x0000000094f00000, 0x00000000d5580000)
  object space 343040K, 99% used [0x0000000080000000,0x0000000094e90af0,0x0000000094f00000)
 Metaspace       used 58298K, committed 59712K, reserved 1114112K
  class space    used 6038K, committed 6720K, reserved 1048576K
}
Event: 6.358 GC heap after
{Heap after GC invocations=336 (full 2):
 PSYoungGen      total 10240K, used 2199K [0x00000000d5580000, 0x00000000d6300000, 0x0000000100000000)
  eden space 7680K, 0% used [0x00000000d5580000,0x00000000d5580000,0x00000000d5d00000)
  from space 2560K, 85% used [0x00000000d5f80000,0x00000000d61a5c60,0x00000000d6200000)
  to   space 2560K, 0% used [0x00000000d5d00000,0x00000000d5d00000,0x00000000d5f80000)
 ParOldGen       total 344576K, used 344562K [0x0000000080000000, 0x0000000095080000, 0x00000000d5580000)
  object space 344576K, 99% used [0x0000000080000000,0x000000009507caf0,0x0000000095080000)
 Metaspace       used 58298K, committed 59712K, reserved 1114112K
  class space    used 6038K, committed 6720K, reserved 1048576K
}
Event: 6.383 GC heap before
{Heap before GC invocations=337 (full 2):
 PSYoungGen      total 10240K, used 7282K [0x00000000d5580000, 0x00000000d6300000, 0x0000000100000000)
  eden space 7680K, 66% used [0x00000000d5580000,0x00000000d5a76e20,0x00000000d5d00000)
  from space 2560K, 85% used [0x00000000d5f80000,0x00000000d61a5c60,0x00000000d6200000)
  to   space 2560K, 0% used [0x00000000d5d00000,0x00000000d5d00000,0x00000000d5f80000)
 ParOldGen       total 344576K, used 344562K [0x0000000080000000, 0x0000000095080000, 0x00000000d5580000)
  object space 344576K, 99% used [0x0000000080000000,0x000000009507caf0,0x0000000095080000)
 Metaspace       used 58363K, committed 59776K, reserved 1114112K
  class space    used 6038K, committed 6720K, reserved 1048576K
}
Event: 6.385 GC heap after
{Heap after GC invocations=337 (full 2):
 PSYoungGen      total 10240K, used 960K [0x00000000d5580000, 0x00000000d6100000, 0x0000000100000000)
  eden space 7680K, 0% used [0x00000000d5580000,0x00000000d5580000,0x00000000d5d00000)
  from space 2560K, 37% used [0x00000000d5d00000,0x00000000d5df0000,0x00000000d5f80000)
  to   space 1536K, 0% used [0x00000000d5f80000,0x00000000d5f80000,0x00000000d6100000)
 ParOldGen       total 346624K, used 346598K [0x0000000080000000, 0x0000000095280000, 0x00000000d5580000)
  object space 346624K, 99% used [0x0000000080000000,0x0000000095279b68,0x0000000095280000)
 Metaspace       used 58363K, committed 59776K, reserved 1114112K
  class space    used 6038K, committed 6720K, reserved 1048576K
}
Event: 6.385 GC heap before
{Heap before GC invocations=338 (full 3):
 PSYoungGen      total 10240K, used 960K [0x00000000d5580000, 0x00000000d6100000, 0x0000000100000000)
  eden space 7680K, 0% used [0x00000000d5580000,0x00000000d5580000,0x00000000d5d00000)
  from space 2560K, 37% used [0x00000000d5d00000,0x00000000d5df0000,0x00000000d5f80000)
  to   space 1536K, 0% used [0x00000000d5f80000,0x00000000d5f80000,0x00000000d6100000)
 ParOldGen       total 346624K, used 346598K [0x0000000080000000, 0x0000000095280000, 0x00000000d5580000)
  object space 346624K, 99% used [0x0000000080000000,0x0000000095279b68,0x0000000095280000)
 Metaspace       used 58363K, committed 59776K, reserved 1114112K
  class space    used 6038K, committed 6720K, reserved 1048576K
}
Event: 6.569 GC heap after
{Heap after GC invocations=338 (full 3):
 PSYoungGen      total 10240K, used 0K [0x00000000d5580000, 0x00000000d6100000, 0x0000000100000000)
  eden space 7680K, 0% used [0x00000000d5580000,0x00000000d5580000,0x00000000d5d00000)
  from space 2560K, 0% used [0x00000000d5d00000,0x00000000d5d00000,0x00000000d5f80000)
  to   space 1536K, 0% used [0x00000000d5f80000,0x00000000d5f80000,0x00000000d6100000)
 ParOldGen       total 346624K, used 287865K [0x0000000080000000, 0x0000000095280000, 0x00000000d5580000)
  object space 346624K, 83% used [0x0000000080000000,0x000000009191e510,0x0000000095280000)
 Metaspace       used 58363K, committed 59776K, reserved 1114112K
  class space    used 6038K, committed 6720K, reserved 1048576K
}
Event: 6.619 GC heap before
{Heap before GC invocations=339 (full 3):
 PSYoungGen      total 10240K, used 7680K [0x00000000d5580000, 0x00000000d6100000, 0x0000000100000000)
  eden space 7680K, 100% used [0x00000000d5580000,0x00000000d5d00000,0x00000000d5d00000)
  from space 2560K, 0% used [0x00000000d5d00000,0x00000000d5d00000,0x00000000d5f80000)
  to   space 1536K, 0% used [0x00000000d5f80000,0x00000000d5f80000,0x00000000d6100000)
 ParOldGen       total 346624K, used 287865K [0x0000000080000000, 0x0000000095280000, 0x00000000d5580000)
  object space 346624K, 83% used [0x0000000080000000,0x000000009191e510,0x0000000095280000)
 Metaspace       used 58533K, committed 59968K, reserved 1114112K
  class space    used 6041K, committed 6720K, reserved 1048576K
}
Event: 6.621 GC heap after
{Heap after GC invocations=339 (full 3):
 PSYoungGen      total 9216K, used 1210K [0x00000000d5580000, 0x00000000d6100000, 0x0000000100000000)
  eden space 7680K, 0% used [0x00000000d5580000,0x00000000d5580000,0x00000000d5d00000)
  from space 1536K, 78% used [0x00000000d5f80000,0x00000000d60ae810,0x00000000d6100000)
  to   space 1536K, 0% used [0x00000000d5e00000,0x00000000d5e00000,0x00000000d5f80000)
 ParOldGen       total 346624K, used 287873K [0x0000000080000000, 0x0000000095280000, 0x00000000d5580000)
  object space 346624K, 83% used [0x0000000080000000,0x0000000091920510,0x0000000095280000)
 Metaspace       used 58533K, committed 59968K, reserved 1114112K
  class space    used 6041K, committed 6720K, reserved 1048576K
}

