# JRE version: OpenJDK Runtime Environment Temurin-21.0.7+6 (21.0.7+6) (build 21.0.7+6-LTS)
# Java VM: OpenJDK 64-Bit Server VM Temurin-21.0.7+6 (21.0.7+6-LTS, mixed mode, sharing, tiered, compressed oops, compressed class ptrs, parallel gc, windows-amd64)
GC Precious Log:
 CardTable entry size: 512
 CPUs: 12 total, 12 available
 Memory: 15752M
 Large Page Support: Disabled
 NUMA Support: Disabled
 Compressed Oops: Enabled (32-bit)
 Alignments: Space 512K, Generation 512K, Heap 2M
 Heap Min Capacity: 100M
 Heap Initial Capacity: 100M
 Heap Max Capacity: 2G
 Pre-touch: Disabled
 Parallel Workers: 10
Heap:
 PSYoungGen      total 3584K, used 2007K [0x00000000d5580000, 0x00000000d5c00000, 0x0000000100000000)
  eden space 3072K, 51% used [0x00000000d5580000,0x00000000d570dc58,0x00000000d5880000)
  from space 512K, 81% used [0x00000000d5880000,0x00000000d58e8000,0x00000000d5900000)
  to   space 1536K, 0% used [0x00000000d5a80000,0x00000000d5a80000,0x00000000d5c00000)
 ParOldGen       total 719360K, used 299201K [0x0000000080000000, 0x00000000abe80000, 0x00000000d5580000)
  object space 719360K, 41% used [0x0000000080000000,0x00000000924307b0,0x00000000abe80000)
 Metaspace       used 73450K, committed 75008K, reserved 1179648K
  class space    used 7392K, committed 8128K, reserved 1048576K
GC Heap History (20 events):
Event: 42.642 GC heap before
{Heap before GC invocations=1524 (full 4):
 PSYoungGen      total 4096K, used 3296K [0x00000000d5580000, 0x00000000d5b80000, 0x0000000100000000)
  eden space 2560K, 100% used [0x00000000d5580000,0x00000000d5800000,0x00000000d5800000)
  from space 1536K, 47% used [0x00000000d5900000,0x00000000d59b8000,0x00000000d5a80000)
  to   space 1024K, 0% used [0x00000000d5a80000,0x00000000d5a80000,0x00000000d5b80000)
 ParOldGen       total 719360K, used 287949K [0x0000000080000000, 0x00000000abe80000, 0x00000000d5580000)
  object space 719360K, 40% used [0x0000000080000000,0x0000000091933760,0x00000000abe80000)
 Metaspace       used 73110K, committed 74688K, reserved 1179648K
  class space    used 7350K, committed 8064K, reserved 1048576K
}
Event: 42.643 GC heap after
{Heap after GC invocations=1524 (full 4):
 PSYoungGen      total 3584K, used 1024K [0x00000000d5580000, 0x00000000d5c00000, 0x0000000100000000)
  eden space 2560K, 0% used [0x00000000d5580000,0x00000000d5580000,0x00000000d5800000)
  from space 1024K, 100% used [0x00000000d5a80000,0x00000000d5b80000,0x00000000d5b80000)
  to   space 2048K, 0% used [0x00000000d5800000,0x00000000d5800000,0x00000000d5a00000)
 ParOldGen       total 719360K, used 288623K [0x0000000080000000, 0x00000000abe80000, 0x00000000d5580000)
  object space 719360K, 40% used [0x0000000080000000,0x00000000919dbd88,0x00000000abe80000)
 Metaspace       used 73110K, committed 74688K, reserved 1179648K
  class space    used 7350K, committed 8064K, reserved 1048576K
}
Event: 42.661 GC heap before
{Heap before GC invocations=1525 (full 4):
 PSYoungGen      total 3584K, used 3584K [0x00000000d5580000, 0x00000000d5c00000, 0x0000000100000000)
  eden space 2560K, 100% used [0x00000000d5580000,0x00000000d5800000,0x00000000d5800000)
  from space 1024K, 100% used [0x00000000d5a80000,0x00000000d5b80000,0x00000000d5b80000)
  to   space 2048K, 0% used [0x00000000d5800000,0x00000000d5800000,0x00000000d5a00000)
 ParOldGen       total 719360K, used 288623K [0x0000000080000000, 0x00000000abe80000, 0x00000000d5580000)
  object space 719360K, 40% used [0x0000000080000000,0x00000000919dbd88,0x00000000abe80000)
 Metaspace       used 73110K, committed 74688K, reserved 1179648K
  class space    used 7350K, committed 8064K, reserved 1048576K
}
Event: 42.662 GC heap after
{Heap after GC invocations=1525 (full 4):
 PSYoungGen      total 3584K, used 818K [0x00000000d5580000, 0x00000000d5b00000, 0x0000000100000000)
  eden space 2560K, 0% used [0x00000000d5580000,0x00000000d5580000,0x00000000d5800000)
  from space 1024K, 79% used [0x00000000d5800000,0x00000000d58cc808,0x00000000d5900000)
  to   space 1536K, 0% used [0x00000000d5980000,0x00000000d5980000,0x00000000d5b00000)
 ParOldGen       total 719360K, used 289305K [0x0000000080000000, 0x00000000abe80000, 0x00000000d5580000)
  object space 719360K, 40% used [0x0000000080000000,0x0000000091a865a0,0x00000000abe80000)
 Metaspace       used 73110K, committed 74688K, reserved 1179648K
  class space    used 7350K, committed 8064K, reserved 1048576K
}
Event: 42.689 GC heap before
{Heap before GC invocations=1526 (full 4):
 PSYoungGen      total 3584K, used 3366K [0x00000000d5580000, 0x00000000d5b00000, 0x0000000100000000)
  eden space 2560K, 99% used [0x00000000d5580000,0x00000000d57fd2c0,0x00000000d5800000)
  from space 1024K, 79% used [0x00000000d5800000,0x00000000d58cc808,0x00000000d5900000)
  to   space 1536K, 0% used [0x00000000d5980000,0x00000000d5980000,0x00000000d5b00000)
 ParOldGen       total 719360K, used 289305K [0x0000000080000000, 0x00000000abe80000, 0x00000000d5580000)
  object space 719360K, 40% used [0x0000000080000000,0x0000000091a865a0,0x00000000abe80000)
 Metaspace       used 73111K, committed 74688K, reserved 1179648K
  class space    used 7350K, committed 8064K, reserved 1048576K
}
Event: 42.691 GC heap after
{Heap after GC invocations=1526 (full 4):
 PSYoungGen      total 2048K, used 1521K [0x00000000d5580000, 0x00000000d5f00000, 0x0000000100000000)
  eden space 512K, 0% used [0x00000000d5580000,0x00000000d5580000,0x00000000d5600000)
  from space 1536K, 99% used [0x00000000d5980000,0x00000000d5afc570,0x00000000d5b00000)
  to   space 3584K, 0% used [0x00000000d5600000,0x00000000d5600000,0x00000000d5980000)
 ParOldGen       total 719360K, used 290798K [0x0000000080000000, 0x00000000abe80000, 0x00000000d5580000)
  object space 719360K, 40% used [0x0000000080000000,0x0000000091bfb980,0x00000000abe80000)
 Metaspace       used 73111K, committed 74688K, reserved 1179648K
  class space    used 7350K, committed 8064K, reserved 1048576K
}
Event: 42.692 GC heap before
{Heap before GC invocations=1527 (full 4):
 PSYoungGen      total 2048K, used 2033K [0x00000000d5580000, 0x00000000d5f00000, 0x0000000100000000)
  eden space 512K, 100% used [0x00000000d5580000,0x00000000d5600000,0x00000000d5600000)
  from space 1536K, 99% used [0x00000000d5980000,0x00000000d5afc570,0x00000000d5b00000)
  to   space 3584K, 0% used [0x00000000d5600000,0x00000000d5600000,0x00000000d5980000)
 ParOldGen       total 719360K, used 290798K [0x0000000080000000, 0x00000000abe80000, 0x00000000d5580000)
  object space 719360K, 40% used [0x0000000080000000,0x0000000091bfb980,0x00000000abe80000)
 Metaspace       used 73111K, committed 74688K, reserved 1179648K
  class space    used 7350K, committed 8064K, reserved 1048576K
}
Event: 42.694 GC heap after
{Heap after GC invocations=1527 (full 4):
 PSYoungGen      total 1536K, used 625K [0x00000000d5580000, 0x00000000d5a00000, 0x0000000100000000)
  eden space 512K, 0% used [0x00000000d5580000,0x00000000d5580000,0x00000000d5600000)
  from space 1024K, 61% used [0x00000000d5600000,0x00000000d569c6a0,0x00000000d5700000)
  to   space 1536K, 0% used [0x00000000d5880000,0x00000000d5880000,0x00000000d5a00000)
 ParOldGen       total 719360K, used 292371K [0x0000000080000000, 0x00000000abe80000, 0x00000000d5580000)
  object space 719360K, 40% used [0x0000000080000000,0x0000000091d84cf8,0x00000000abe80000)
 Metaspace       used 73111K, committed 74688K, reserved 1179648K
  class space    used 7350K, committed 8064K, reserved 1048576K
}
Event: 42.694 GC heap before
{Heap before GC invocations=1528 (full 4):
 PSYoungGen      total 1536K, used 1137K [0x00000000d5580000, 0x00000000d5a00000, 0x0000000100000000)
  eden space 512K, 100% used [0x00000000d5580000,0x00000000d5600000,0x00000000d5600000)
  from space 1024K, 61% used [0x00000000d5600000,0x00000000d569c6a0,0x00000000d5700000)
  to   space 1536K, 0% used [0x00000000d5880000,0x00000000d5880000,0x00000000d5a00000)
 ParOldGen       total 719360K, used 292371K [0x0000000080000000, 0x00000000abe80000, 0x00000000d5580000)
  object space 719360K, 40% used [0x0000000080000000,0x0000000091d84cf8,0x00000000abe80000)
 Metaspace       used 73111K, committed 74688K, reserved 1179648K
  class space    used 7350K, committed 8064K, reserved 1048576K
}
Event: 42.695 GC heap after
{Heap after GC invocations=1528 (full 4):
 PSYoungGen      total 2048K, used 576K [0x00000000d5580000, 0x00000000d5980000, 0x0000000100000000)
  eden space 1024K, 0% used [0x00000000d5580000,0x00000000d5580000,0x00000000d5680000)
  from space 1024K, 56% used [0x00000000d5880000,0x00000000d5910000,0x00000000d5980000)
  to   space 1024K, 0% used [0x00000000d5780000,0x00000000d5780000,0x00000000d5880000)
 ParOldGen       total 719360K, used 292830K [0x0000000080000000, 0x00000000abe80000, 0x00000000d5580000)
  object space 719360K, 40% used [0x0000000080000000,0x0000000091df7a38,0x00000000abe80000)
 Metaspace       used 73111K, committed 74688K, reserved 1179648K
  class space    used 7350K, committed 8064K, reserved 1048576K
}
Event: 42.696 GC heap before
{Heap before GC invocations=1529 (full 4):
 PSYoungGen      total 2048K, used 1599K [0x00000000d5580000, 0x00000000d5980000, 0x0000000100000000)
  eden space 1024K, 99% used [0x00000000d5580000,0x00000000d567fff0,0x00000000d5680000)
  from space 1024K, 56% used [0x00000000d5880000,0x00000000d5910000,0x00000000d5980000)
  to   space 1024K, 0% used [0x00000000d5780000,0x00000000d5780000,0x00000000d5880000)
 ParOldGen       total 719360K, used 292830K [0x0000000080000000, 0x00000000abe80000, 0x00000000d5580000)
  object space 719360K, 40% used [0x0000000080000000,0x0000000091df7a38,0x00000000abe80000)
 Metaspace       used 73111K, committed 74688K, reserved 1179648K
  class space    used 7350K, committed 8064K, reserved 1048576K
}
Event: 42.697 GC heap after
{Heap after GC invocations=1529 (full 4):
 PSYoungGen      total 2560K, used 1024K [0x00000000d5580000, 0x00000000d5b00000, 0x0000000100000000)
  eden space 1536K, 0% used [0x00000000d5580000,0x00000000d5580000,0x00000000d5700000)
  from space 1024K, 100% used [0x00000000d5780000,0x00000000d5880000,0x00000000d5880000)
  to   space 2048K, 0% used [0x00000000d5900000,0x00000000d5900000,0x00000000d5b00000)
 ParOldGen       total 719360K, used 293254K [0x0000000080000000, 0x00000000abe80000, 0x00000000d5580000)
  object space 719360K, 40% used [0x0000000080000000,0x0000000091e61a38,0x00000000abe80000)
 Metaspace       used 73111K, committed 74688K, reserved 1179648K
  class space    used 7350K, committed 8064K, reserved 1048576K
}
Event: 42.699 GC heap before
{Heap before GC invocations=1530 (full 4):
 PSYoungGen      total 2560K, used 2559K [0x00000000d5580000, 0x00000000d5b00000, 0x0000000100000000)
  eden space 1536K, 99% used [0x00000000d5580000,0x00000000d56fffe8,0x00000000d5700000)
  from space 1024K, 100% used [0x00000000d5780000,0x00000000d5880000,0x00000000d5880000)
  to   space 2048K, 0% used [0x00000000d5900000,0x00000000d5900000,0x00000000d5b00000)
 ParOldGen       total 719360K, used 293254K [0x0000000080000000, 0x00000000abe80000, 0x00000000d5580000)
  object space 719360K, 40% used [0x0000000080000000,0x0000000091e61a38,0x00000000abe80000)
 Metaspace       used 73111K, committed 74688K, reserved 1179648K
  class space    used 7350K, committed 8064K, reserved 1048576K
}
Event: 42.701 GC heap after
{Heap after GC invocations=1530 (full 4):
 PSYoungGen      total 3584K, used 1440K [0x00000000d5580000, 0x00000000d5a80000, 0x0000000100000000)
  eden space 2048K, 0% used [0x00000000d5580000,0x00000000d5580000,0x00000000d5780000)
  from space 1536K, 93% used [0x00000000d5900000,0x00000000d5a68000,0x00000000d5a80000)
  to   space 1536K, 0% used [0x00000000d5780000,0x00000000d5780000,0x00000000d5900000)
 ParOldGen       total 719360K, used 294129K [0x0000000080000000, 0x00000000abe80000, 0x00000000d5580000)
  object space 719360K, 40% used [0x0000000080000000,0x0000000091f3c5c0,0x00000000abe80000)
 Metaspace       used 73111K, committed 74688K, reserved 1179648K
  class space    used 7350K, committed 8064K, reserved 1048576K
}
Event: 42.703 GC heap before
{Heap before GC invocations=1531 (full 4):
 PSYoungGen      total 3584K, used 3487K [0x00000000d5580000, 0x00000000d5a80000, 0x0000000100000000)
  eden space 2048K, 99% used [0x00000000d5580000,0x00000000d577fff8,0x00000000d5780000)
  from space 1536K, 93% used [0x00000000d5900000,0x00000000d5a68000,0x00000000d5a80000)
  to   space 1536K, 0% used [0x00000000d5780000,0x00000000d5780000,0x00000000d5900000)
 ParOldGen       total 719360K, used 294129K [0x0000000080000000, 0x00000000abe80000, 0x00000000d5580000)
  object space 719360K, 40% used [0x0000000080000000,0x0000000091f3c5c0,0x00000000abe80000)
 Metaspace       used 73112K, committed 74688K, reserved 1179648K
  class space    used 7350K, committed 8064K, reserved 1048576K
}
Event: 42.705 GC heap after
{Heap after GC invocations=1531 (full 4):
 PSYoungGen      total 3584K, used 1536K [0x00000000d5580000, 0x00000000d5f00000, 0x0000000100000000)
  eden space 2048K, 0% used [0x00000000d5580000,0x00000000d5580000,0x00000000d5780000)
  from space 1536K, 100% used [0x00000000d5780000,0x00000000d5900000,0x00000000d5900000)
  to   space 3584K, 0% used [0x00000000d5b80000,0x00000000d5b80000,0x00000000d5f00000)
 ParOldGen       total 719360K, used 295726K [0x0000000080000000, 0x00000000abe80000, 0x00000000d5580000)
  object space 719360K, 41% used [0x0000000080000000,0x00000000920cb9a0,0x00000000abe80000)
 Metaspace       used 73112K, committed 74688K, reserved 1179648K
  class space    used 7350K, committed 8064K, reserved 1048576K
}
Event: 42.708 GC heap before
{Heap before GC invocations=1532 (full 4):
 PSYoungGen      total 3584K, used 3584K [0x00000000d5580000, 0x00000000d5f00000, 0x0000000100000000)
  eden space 2048K, 100% used [0x00000000d5580000,0x00000000d5780000,0x00000000d5780000)
  from space 1536K, 100% used [0x00000000d5780000,0x00000000d5900000,0x00000000d5900000)
  to   space 3584K, 0% used [0x00000000d5b80000,0x00000000d5b80000,0x00000000d5f00000)
 ParOldGen       total 719360K, used 295726K [0x0000000080000000, 0x00000000abe80000, 0x00000000d5580000)
  object space 719360K, 41% used [0x0000000080000000,0x00000000920cb9a0,0x00000000abe80000)
 Metaspace       used 73112K, committed 74688K, reserved 1179648K
  class space    used 7350K, committed 8064K, reserved 1048576K
}
Event: 42.710 GC heap after
{Heap after GC invocations=1532 (full 4):
 PSYoungGen      total 4608K, used 1952K [0x00000000d5580000, 0x00000000d5d80000, 0x0000000100000000)
  eden space 2560K, 0% used [0x00000000d5580000,0x00000000d5580000,0x00000000d5800000)
  from space 2048K, 95% used [0x00000000d5b80000,0x00000000d5d68000,0x00000000d5d80000)
  to   space 2560K, 0% used [0x00000000d5880000,0x00000000d5880000,0x00000000d5b00000)
 ParOldGen       total 719360K, used 297297K [0x0000000080000000, 0x00000000abe80000, 0x00000000d5580000)
  object space 719360K, 41% used [0x0000000080000000,0x00000000922547b0,0x00000000abe80000)
 Metaspace       used 73112K, committed 74688K, reserved 1179648K
  class space    used 7350K, committed 8064K, reserved 1048576K
}
Event: 81.282 GC heap before
{Heap before GC invocations=1533 (full 4):
 PSYoungGen      total 4608K, used 4511K [0x00000000d5580000, 0x00000000d5d80000, 0x0000000100000000)
  eden space 2560K, 99% used [0x00000000d5580000,0x00000000d57ffff0,0x00000000d5800000)
  from space 2048K, 95% used [0x00000000d5b80000,0x00000000d5d68000,0x00000000d5d80000)
  to   space 2560K, 0% used [0x00000000d5880000,0x00000000d5880000,0x00000000d5b00000)
 ParOldGen       total 719360K, used 297297K [0x0000000080000000, 0x00000000abe80000, 0x00000000d5580000)
  object space 719360K, 41% used [0x0000000080000000,0x00000000922547b0,0x00000000abe80000)
 Metaspace       used 73415K, committed 75008K, reserved 1179648K
  class space    used 7385K, committed 8128K, reserved 1048576K
}
Event: 81.285 GC heap after
{Heap after GC invocations=1533 (full 4):
 PSYoungGen      total 3584K, used 416K [0x00000000d5580000, 0x00000000d5c00000, 0x0000000100000000)
  eden space 3072K, 0% used [0x00000000d5580000,0x00000000d5580000,0x00000000d5880000)
  from space 512K, 81% used [0x00000000d5880000,0x00000000d58e8000,0x00000000d5900000)
  to   space 1536K, 0% used [0x00000000d5a80000,0x00000000d5a80000,0x00000000d5c00000)
 ParOldGen       total 719360K, used 299201K [0x0000000080000000, 0x00000000abe80000, 0x00000000d5580000)
  object space 719360K, 41% used [0x0000000080000000,0x00000000924307b0,0x00000000abe80000)
 Metaspace       used 73415K, committed 75008K, reserved 1179648K
  class space    used 7385K, committed 8128K, reserved 1048576K
}

