# JRE version: OpenJDK Runtime Environment Temurin-21.0.7+6 (21.0.7+6) (build 21.0.7+6-LTS)
# Java VM: OpenJDK 64-Bit Server VM Temurin-21.0.7+6 (21.0.7+6-LTS, mixed mode, sharing, tiered, compressed oops, compressed class ptrs, parallel gc, windows-amd64)
GC Precious Log:
 CardTable entry size: 512
 CPUs: 12 total, 12 available
 Memory: 15752M
 Large Page Support: Disabled
 NUMA Support: Disabled
 Compressed Oops: Enabled (32-bit)
 Alignments: Space 512K, Generation 512K, Heap 2M
 Heap Min Capacity: 100M
 Heap Initial Capacity: 100M
 Heap Max Capacity: 2G
 Pre-touch: Disabled
 Parallel Workers: 10
Heap:
 PSYoungGen      total 19456K, used 11058K [0x00000000d5580000, 0x00000000d6b80000, 0x0000000100000000)
  eden space 17408K, 52% used [0x00000000d5580000,0x00000000d5e75220,0x00000000d6680000)
  from space 2048K, 92% used [0x00000000d6980000,0x00000000d6b57780,0x00000000d6b80000)
  to   space 2048K, 0% used [0x00000000d6780000,0x00000000d6780000,0x00000000d6980000)
 ParOldGen       total 68608K, used 48667K [0x0000000080000000, 0x0000000084300000, 0x00000000d5580000)
  object space 68608K, 70% used [0x0000000080000000,0x0000000082f86f00,0x0000000084300000)
 Metaspace       used 50965K, committed 52224K, reserved 1114112K
  class space    used 5390K, committed 5952K, reserved 1048576K
GC Heap History (20 events):
Event: 9.388 GC heap before
{Heap before GC invocations=23 (full 2):
 PSYoungGen      total 24576K, used 24357K [0x00000000d5580000, 0x00000000d7180000, 0x0000000100000000)
  eden space 22016K, 100% used [0x00000000d5580000,0x00000000d6b00000,0x00000000d6b00000)
  from space 2560K, 91% used [0x00000000d6f00000,0x00000000d7149540,0x00000000d7180000)
  to   space 3072K, 0% used [0x00000000d6b80000,0x00000000d6b80000,0x00000000d6e80000)
 ParOldGen       total 68608K, used 28351K [0x0000000080000000, 0x0000000084300000, 0x00000000d5580000)
  object space 68608K, 41% used [0x0000000080000000,0x0000000081bafd48,0x0000000084300000)
 Metaspace       used 43265K, committed 44608K, reserved 1114112K
  class space    used 4538K, committed 5120K, reserved 1048576K
}
Event: 9.391 GC heap after
{Heap after GC invocations=23 (full 2):
 PSYoungGen      total 25088K, used 2647K [0x00000000d5580000, 0x00000000d7100000, 0x0000000100000000)
  eden space 22016K, 0% used [0x00000000d5580000,0x00000000d5580000,0x00000000d6b00000)
  from space 3072K, 86% used [0x00000000d6b80000,0x00000000d6e15e00,0x00000000d6e80000)
  to   space 2560K, 0% used [0x00000000d6e80000,0x00000000d6e80000,0x00000000d7100000)
 ParOldGen       total 68608K, used 30202K [0x0000000080000000, 0x0000000084300000, 0x00000000d5580000)
  object space 68608K, 44% used [0x0000000080000000,0x0000000081d7ea30,0x0000000084300000)
 Metaspace       used 43265K, committed 44608K, reserved 1114112K
  class space    used 4538K, committed 5120K, reserved 1048576K
}
Event: 9.474 GC heap before
{Heap before GC invocations=24 (full 2):
 PSYoungGen      total 25088K, used 24663K [0x00000000d5580000, 0x00000000d7100000, 0x0000000100000000)
  eden space 22016K, 100% used [0x00000000d5580000,0x00000000d6b00000,0x00000000d6b00000)
  from space 3072K, 86% used [0x00000000d6b80000,0x00000000d6e15e00,0x00000000d6e80000)
  to   space 2560K, 0% used [0x00000000d6e80000,0x00000000d6e80000,0x00000000d7100000)
 ParOldGen       total 68608K, used 30202K [0x0000000080000000, 0x0000000084300000, 0x00000000d5580000)
  object space 68608K, 44% used [0x0000000080000000,0x0000000081d7ea30,0x0000000084300000)
 Metaspace       used 43810K, committed 45120K, reserved 1114112K
  class space    used 4599K, committed 5184K, reserved 1048576K
}
Event: 9.478 GC heap after
{Heap after GC invocations=24 (full 2):
 PSYoungGen      total 24576K, used 2340K [0x00000000d5580000, 0x00000000d7100000, 0x0000000100000000)
  eden space 22016K, 0% used [0x00000000d5580000,0x00000000d5580000,0x00000000d6b00000)
  from space 2560K, 91% used [0x00000000d6e80000,0x00000000d70c9000,0x00000000d7100000)
  to   space 2560K, 0% used [0x00000000d6c00000,0x00000000d6c00000,0x00000000d6e80000)
 ParOldGen       total 68608K, used 32432K [0x0000000080000000, 0x0000000084300000, 0x00000000d5580000)
  object space 68608K, 47% used [0x0000000080000000,0x0000000081fac0f0,0x0000000084300000)
 Metaspace       used 43810K, committed 45120K, reserved 1114112K
  class space    used 4599K, committed 5184K, reserved 1048576K
}
Event: 9.581 GC heap before
{Heap before GC invocations=25 (full 2):
 PSYoungGen      total 24576K, used 24356K [0x00000000d5580000, 0x00000000d7100000, 0x0000000100000000)
  eden space 22016K, 100% used [0x00000000d5580000,0x00000000d6b00000,0x00000000d6b00000)
  from space 2560K, 91% used [0x00000000d6e80000,0x00000000d70c9000,0x00000000d7100000)
  to   space 2560K, 0% used [0x00000000d6c00000,0x00000000d6c00000,0x00000000d6e80000)
 ParOldGen       total 68608K, used 32432K [0x0000000080000000, 0x0000000084300000, 0x00000000d5580000)
  object space 68608K, 47% used [0x0000000080000000,0x0000000081fac0f0,0x0000000084300000)
 Metaspace       used 44660K, committed 45952K, reserved 1114112K
  class space    used 4696K, committed 5248K, reserved 1048576K
}
Event: 9.585 GC heap after
{Heap after GC invocations=25 (full 2):
 PSYoungGen      total 24064K, used 2016K [0x00000000d5580000, 0x00000000d7000000, 0x0000000100000000)
  eden space 22016K, 0% used [0x00000000d5580000,0x00000000d5580000,0x00000000d6b00000)
  from space 2048K, 98% used [0x00000000d6c00000,0x00000000d6df8000,0x00000000d6e00000)
  to   space 2048K, 0% used [0x00000000d6e00000,0x00000000d6e00000,0x00000000d7000000)
 ParOldGen       total 68608K, used 34652K [0x0000000080000000, 0x0000000084300000, 0x00000000d5580000)
  object space 68608K, 50% used [0x0000000080000000,0x00000000821d7200,0x0000000084300000)
 Metaspace       used 44660K, committed 45952K, reserved 1114112K
  class space    used 4696K, committed 5248K, reserved 1048576K
}
Event: 9.683 GC heap before
{Heap before GC invocations=26 (full 2):
 PSYoungGen      total 24064K, used 24032K [0x00000000d5580000, 0x00000000d7000000, 0x0000000100000000)
  eden space 22016K, 100% used [0x00000000d5580000,0x00000000d6b00000,0x00000000d6b00000)
  from space 2048K, 98% used [0x00000000d6c00000,0x00000000d6df8000,0x00000000d6e00000)
  to   space 2048K, 0% used [0x00000000d6e00000,0x00000000d6e00000,0x00000000d7000000)
 ParOldGen       total 68608K, used 34652K [0x0000000080000000, 0x0000000084300000, 0x00000000d5580000)
  object space 68608K, 50% used [0x0000000080000000,0x00000000821d7200,0x0000000084300000)
 Metaspace       used 45012K, committed 46272K, reserved 1114112K
  class space    used 4742K, committed 5312K, reserved 1048576K
}
Event: 9.686 GC heap after
{Heap after GC invocations=26 (full 2):
 PSYoungGen      total 22016K, used 2024K [0x00000000d5580000, 0x00000000d7500000, 0x0000000100000000)
  eden space 19968K, 0% used [0x00000000d5580000,0x00000000d5580000,0x00000000d6900000)
  from space 2048K, 98% used [0x00000000d6e00000,0x00000000d6ffa2e0,0x00000000d7000000)
  to   space 5120K, 0% used [0x00000000d6900000,0x00000000d6900000,0x00000000d6e00000)
 ParOldGen       total 68608K, used 37009K [0x0000000080000000, 0x0000000084300000, 0x00000000d5580000)
  object space 68608K, 53% used [0x0000000080000000,0x0000000082424448,0x0000000084300000)
 Metaspace       used 45012K, committed 46272K, reserved 1114112K
  class space    used 4742K, committed 5312K, reserved 1048576K
}
Event: 9.839 GC heap before
{Heap before GC invocations=27 (full 2):
 PSYoungGen      total 22016K, used 21992K [0x00000000d5580000, 0x00000000d7500000, 0x0000000100000000)
  eden space 19968K, 99% used [0x00000000d5580000,0x00000000d68fffe0,0x00000000d6900000)
  from space 2048K, 98% used [0x00000000d6e00000,0x00000000d6ffa2e0,0x00000000d7000000)
  to   space 5120K, 0% used [0x00000000d6900000,0x00000000d6900000,0x00000000d6e00000)
 ParOldGen       total 68608K, used 37009K [0x0000000080000000, 0x0000000084300000, 0x00000000d5580000)
  object space 68608K, 53% used [0x0000000080000000,0x0000000082424448,0x0000000084300000)
 Metaspace       used 45829K, committed 47168K, reserved 1114112K
  class space    used 4844K, committed 5440K, reserved 1048576K
}
Event: 9.843 GC heap after
{Heap after GC invocations=27 (full 2):
 PSYoungGen      total 23040K, used 2941K [0x00000000d5580000, 0x00000000d7000000, 0x0000000100000000)
  eden space 19968K, 0% used [0x00000000d5580000,0x00000000d5580000,0x00000000d6900000)
  from space 3072K, 95% used [0x00000000d6900000,0x00000000d6bdf5f8,0x00000000d6c00000)
  to   space 3584K, 0% used [0x00000000d6c80000,0x00000000d6c80000,0x00000000d7000000)
 ParOldGen       total 68608K, used 39030K [0x0000000080000000, 0x0000000084300000, 0x00000000d5580000)
  object space 68608K, 56% used [0x0000000080000000,0x000000008261db50,0x0000000084300000)
 Metaspace       used 45829K, committed 47168K, reserved 1114112K
  class space    used 4844K, committed 5440K, reserved 1048576K
}
Event: 9.915 GC heap before
{Heap before GC invocations=28 (full 2):
 PSYoungGen      total 23040K, used 22909K [0x00000000d5580000, 0x00000000d7000000, 0x0000000100000000)
  eden space 19968K, 100% used [0x00000000d5580000,0x00000000d6900000,0x00000000d6900000)
  from space 3072K, 95% used [0x00000000d6900000,0x00000000d6bdf5f8,0x00000000d6c00000)
  to   space 3584K, 0% used [0x00000000d6c80000,0x00000000d6c80000,0x00000000d7000000)
 ParOldGen       total 68608K, used 39030K [0x0000000080000000, 0x0000000084300000, 0x00000000d5580000)
  object space 68608K, 56% used [0x0000000080000000,0x000000008261db50,0x0000000084300000)
 Metaspace       used 46770K, committed 48128K, reserved 1114112K
  class space    used 4957K, committed 5568K, reserved 1048576K
}
Event: 9.918 GC heap after
{Heap after GC invocations=28 (full 2):
 PSYoungGen      total 22016K, used 1541K [0x00000000d5580000, 0x00000000d6e80000, 0x0000000100000000)
  eden space 19968K, 0% used [0x00000000d5580000,0x00000000d5580000,0x00000000d6900000)
  from space 2048K, 75% used [0x00000000d6c80000,0x00000000d6e01700,0x00000000d6e80000)
  to   space 2560K, 0% used [0x00000000d6980000,0x00000000d6980000,0x00000000d6c00000)
 ParOldGen       total 68608K, used 41747K [0x0000000080000000, 0x0000000084300000, 0x00000000d5580000)
  object space 68608K, 60% used [0x0000000080000000,0x00000000828c4f70,0x0000000084300000)
 Metaspace       used 46770K, committed 48128K, reserved 1114112K
  class space    used 4957K, committed 5568K, reserved 1048576K
}
Event: 9.970 GC heap before
{Heap before GC invocations=29 (full 2):
 PSYoungGen      total 22016K, used 21508K [0x00000000d5580000, 0x00000000d6e80000, 0x0000000100000000)
  eden space 19968K, 99% used [0x00000000d5580000,0x00000000d68ffb98,0x00000000d6900000)
  from space 2048K, 75% used [0x00000000d6c80000,0x00000000d6e01700,0x00000000d6e80000)
  to   space 2560K, 0% used [0x00000000d6980000,0x00000000d6980000,0x00000000d6c00000)
 ParOldGen       total 68608K, used 41747K [0x0000000080000000, 0x0000000084300000, 0x00000000d5580000)
  object space 68608K, 60% used [0x0000000080000000,0x00000000828c4f70,0x0000000084300000)
 Metaspace       used 47128K, committed 48448K, reserved 1114112K
  class space    used 4995K, committed 5632K, reserved 1048576K
}
Event: 9.972 GC heap after
{Heap after GC invocations=29 (full 2):
 PSYoungGen      total 22016K, used 1810K [0x00000000d5580000, 0x00000000d6d00000, 0x0000000100000000)
  eden space 19968K, 0% used [0x00000000d5580000,0x00000000d5580000,0x00000000d6900000)
  from space 2048K, 88% used [0x00000000d6980000,0x00000000d6b44a20,0x00000000d6b80000)
  to   space 1536K, 0% used [0x00000000d6b80000,0x00000000d6b80000,0x00000000d6d00000)
 ParOldGen       total 68608K, used 43037K [0x0000000080000000, 0x0000000084300000, 0x00000000d5580000)
  object space 68608K, 62% used [0x0000000080000000,0x0000000082a07690,0x0000000084300000)
 Metaspace       used 47128K, committed 48448K, reserved 1114112K
  class space    used 4995K, committed 5632K, reserved 1048576K
}
Event: 10.087 GC heap before
{Heap before GC invocations=30 (full 2):
 PSYoungGen      total 22016K, used 21778K [0x00000000d5580000, 0x00000000d6d00000, 0x0000000100000000)
  eden space 19968K, 100% used [0x00000000d5580000,0x00000000d6900000,0x00000000d6900000)
  from space 2048K, 88% used [0x00000000d6980000,0x00000000d6b44a20,0x00000000d6b80000)
  to   space 1536K, 0% used [0x00000000d6b80000,0x00000000d6b80000,0x00000000d6d00000)
 ParOldGen       total 68608K, used 43037K [0x0000000080000000, 0x0000000084300000, 0x00000000d5580000)
  object space 68608K, 62% used [0x0000000080000000,0x0000000082a07690,0x0000000084300000)
 Metaspace       used 47830K, committed 49152K, reserved 1114112K
  class space    used 5084K, committed 5696K, reserved 1048576K
}
Event: 10.090 GC heap after
{Heap after GC invocations=30 (full 2):
 PSYoungGen      total 18944K, used 1533K [0x00000000d5580000, 0x00000000d7300000, 0x0000000100000000)
  eden space 17408K, 0% used [0x00000000d5580000,0x00000000d5580000,0x00000000d6680000)
  from space 1536K, 99% used [0x00000000d6b80000,0x00000000d6cff608,0x00000000d6d00000)
  to   space 5120K, 0% used [0x00000000d6680000,0x00000000d6680000,0x00000000d6b80000)
 ParOldGen       total 68608K, used 45964K [0x0000000080000000, 0x0000000084300000, 0x00000000d5580000)
  object space 68608K, 66% used [0x0000000080000000,0x0000000082ce3170,0x0000000084300000)
 Metaspace       used 47830K, committed 49152K, reserved 1114112K
  class space    used 5084K, committed 5696K, reserved 1048576K
}
Event: 10.236 GC heap before
{Heap before GC invocations=31 (full 2):
 PSYoungGen      total 18944K, used 18941K [0x00000000d5580000, 0x00000000d7300000, 0x0000000100000000)
  eden space 17408K, 100% used [0x00000000d5580000,0x00000000d6680000,0x00000000d6680000)
  from space 1536K, 99% used [0x00000000d6b80000,0x00000000d6cff608,0x00000000d6d00000)
  to   space 5120K, 0% used [0x00000000d6680000,0x00000000d6680000,0x00000000d6b80000)
 ParOldGen       total 68608K, used 45964K [0x0000000080000000, 0x0000000084300000, 0x00000000d5580000)
  object space 68608K, 66% used [0x0000000080000000,0x0000000082ce3170,0x0000000084300000)
 Metaspace       used 48430K, committed 49728K, reserved 1114112K
  class space    used 5151K, committed 5760K, reserved 1048576K
}
Event: 10.238 GC heap after
{Heap after GC invocations=31 (full 2):
 PSYoungGen      total 18944K, used 1310K [0x00000000d5580000, 0x00000000d6c00000, 0x0000000100000000)
  eden space 17408K, 0% used [0x00000000d5580000,0x00000000d5580000,0x00000000d6680000)
  from space 1536K, 85% used [0x00000000d6680000,0x00000000d67c7828,0x00000000d6800000)
  to   space 2560K, 0% used [0x00000000d6980000,0x00000000d6980000,0x00000000d6c00000)
 ParOldGen       total 68608K, used 47488K [0x0000000080000000, 0x0000000084300000, 0x00000000d5580000)
  object space 68608K, 69% used [0x0000000080000000,0x0000000082e60318,0x0000000084300000)
 Metaspace       used 48430K, committed 49728K, reserved 1114112K
  class space    used 5151K, committed 5760K, reserved 1048576K
}
Event: 10.595 GC heap before
{Heap before GC invocations=32 (full 2):
 PSYoungGen      total 18944K, used 18708K [0x00000000d5580000, 0x00000000d6c00000, 0x0000000100000000)
  eden space 17408K, 99% used [0x00000000d5580000,0x00000000d667daa8,0x00000000d6680000)
  from space 1536K, 85% used [0x00000000d6680000,0x00000000d67c7828,0x00000000d6800000)
  to   space 2560K, 0% used [0x00000000d6980000,0x00000000d6980000,0x00000000d6c00000)
 ParOldGen       total 68608K, used 47488K [0x0000000080000000, 0x0000000084300000, 0x00000000d5580000)
  object space 68608K, 69% used [0x0000000080000000,0x0000000082e60318,0x0000000084300000)
 Metaspace       used 50383K, committed 51712K, reserved 1114112K
  class space    used 5332K, committed 5952K, reserved 1048576K
}
Event: 10.598 GC heap after
{Heap after GC invocations=32 (full 2):
 PSYoungGen      total 19456K, used 1885K [0x00000000d5580000, 0x00000000d6b80000, 0x0000000100000000)
  eden space 17408K, 0% used [0x00000000d5580000,0x00000000d5580000,0x00000000d6680000)
  from space 2048K, 92% used [0x00000000d6980000,0x00000000d6b57780,0x00000000d6b80000)
  to   space 2048K, 0% used [0x00000000d6780000,0x00000000d6780000,0x00000000d6980000)
 ParOldGen       total 68608K, used 48667K [0x0000000080000000, 0x0000000084300000, 0x00000000d5580000)
  object space 68608K, 70% used [0x0000000080000000,0x0000000082f86f00,0x0000000084300000)
 Metaspace       used 50383K, committed 51712K, reserved 1114112K
  class space    used 5332K, committed 5952K, reserved 1048576K
}

