# JRE version: OpenJDK Runtime Environment Temurin-21.0.7+6 (21.0.7+6) (build 21.0.7+6-LTS)
# Java VM: OpenJDK 64-Bit Server VM Temurin-21.0.7+6 (21.0.7+6-LTS, mixed mode, sharing, tiered, compressed oops, compressed class ptrs, parallel gc, windows-amd64)
GC Precious Log:
 CardTable entry size: 512
 CPUs: 12 total, 12 available
 Memory: 15752M
 Large Page Support: Disabled
 NUMA Support: Disabled
 Compressed Oops: Enabled (32-bit)
 Alignments: Space 512K, Generation 512K, Heap 2M
 Heap Min Capacity: 100M
 Heap Initial Capacity: 100M
 Heap Max Capacity: 2G
 Pre-touch: Disabled
 Parallel Workers: 10
Heap:
 PSYoungGen      total 24576K, used 3295K [0x00000000d5580000, 0x00000000d7000000, 0x0000000100000000)
  eden space 22016K, 4% used [0x00000000d5580000,0x00000000d5676ce0,0x00000000d6b00000)
  from space 2560K, 90% used [0x00000000d6b00000,0x00000000d6d41000,0x00000000d6d80000)
  to   space 2560K, 0% used [0x00000000d6d80000,0x00000000d6d80000,0x00000000d7000000)
 ParOldGen       total 68608K, used 31110K [0x0000000080000000, 0x0000000084300000, 0x00000000d5580000)
  object space 68608K, 45% used [0x0000000080000000,0x0000000081e61b78,0x0000000084300000)
 Metaspace       used 41357K, committed 42560K, reserved 1114112K
  class space    used 4291K, committed 4864K, reserved 1048576K
GC Heap History (20 events):
Event: 4.644 GC heap before
{Heap before GC invocations=13 (full 1):
 PSYoungGen      total 24064K, used 24032K [0x00000000d5580000, 0x00000000d7300000, 0x0000000100000000)
  eden space 22016K, 100% used [0x00000000d5580000,0x00000000d6b00000,0x00000000d6b00000)
  from space 2048K, 98% used [0x00000000d6f80000,0x00000000d71780e8,0x00000000d7180000)
  to   space 1536K, 0% used [0x00000000d7180000,0x00000000d7180000,0x00000000d7300000)
 ParOldGen       total 68608K, used 18043K [0x0000000080000000, 0x0000000084300000, 0x00000000d5580000)
  object space 68608K, 26% used [0x0000000080000000,0x000000008119eec8,0x0000000084300000)
 Metaspace       used 32147K, committed 33216K, reserved 1114112K
  class space    used 3156K, committed 3648K, reserved 1048576K
}
Event: 4.645 GC heap after
{Heap after GC invocations=13 (full 1):
 PSYoungGen      total 23040K, used 643K [0x00000000d5580000, 0x00000000d7280000, 0x0000000100000000)
  eden space 22016K, 0% used [0x00000000d5580000,0x00000000d5580000,0x00000000d6b00000)
  from space 1024K, 62% used [0x00000000d7180000,0x00000000d7220cd0,0x00000000d7280000)
  to   space 2048K, 0% used [0x00000000d6e80000,0x00000000d6e80000,0x00000000d7080000)
 ParOldGen       total 68608K, used 20059K [0x0000000080000000, 0x0000000084300000, 0x00000000d5580000)
  object space 68608K, 29% used [0x0000000080000000,0x0000000081396e30,0x0000000084300000)
 Metaspace       used 32147K, committed 33216K, reserved 1114112K
  class space    used 3156K, committed 3648K, reserved 1048576K
}
Event: 4.909 GC heap before
{Heap before GC invocations=14 (full 1):
 PSYoungGen      total 23040K, used 22624K [0x00000000d5580000, 0x00000000d7280000, 0x0000000100000000)
  eden space 22016K, 99% used [0x00000000d5580000,0x00000000d6af76a8,0x00000000d6b00000)
  from space 1024K, 62% used [0x00000000d7180000,0x00000000d7220cd0,0x00000000d7280000)
  to   space 2048K, 0% used [0x00000000d6e80000,0x00000000d6e80000,0x00000000d7080000)
 ParOldGen       total 68608K, used 20094K [0x0000000080000000, 0x0000000084300000, 0x00000000d5580000)
  object space 68608K, 29% used [0x0000000080000000,0x000000008139f9d0,0x0000000084300000)
 Metaspace       used 34575K, committed 35712K, reserved 1114112K
  class space    used 3468K, committed 3968K, reserved 1048576K
}
Event: 4.911 GC heap after
{Heap after GC invocations=14 (full 1):
 PSYoungGen      total 24064K, used 2034K [0x00000000d5580000, 0x00000000d7200000, 0x0000000100000000)
  eden space 22016K, 0% used [0x00000000d5580000,0x00000000d5580000,0x00000000d6b00000)
  from space 2048K, 99% used [0x00000000d6e80000,0x00000000d707cbb0,0x00000000d7080000)
  to   space 1536K, 0% used [0x00000000d7080000,0x00000000d7080000,0x00000000d7200000)
 ParOldGen       total 68608K, used 20457K [0x0000000080000000, 0x0000000084300000, 0x00000000d5580000)
  object space 68608K, 29% used [0x0000000080000000,0x00000000813fa7f0,0x0000000084300000)
 Metaspace       used 34575K, committed 35712K, reserved 1114112K
  class space    used 3468K, committed 3968K, reserved 1048576K
}
Event: 4.919 GC heap before
{Heap before GC invocations=15 (full 1):
 PSYoungGen      total 24064K, used 3035K [0x00000000d5580000, 0x00000000d7200000, 0x0000000100000000)
  eden space 22016K, 4% used [0x00000000d5580000,0x00000000d567a120,0x00000000d6b00000)
  from space 2048K, 99% used [0x00000000d6e80000,0x00000000d707cbb0,0x00000000d7080000)
  to   space 1536K, 0% used [0x00000000d7080000,0x00000000d7080000,0x00000000d7200000)
 ParOldGen       total 68608K, used 20457K [0x0000000080000000, 0x0000000084300000, 0x00000000d5580000)
  object space 68608K, 29% used [0x0000000080000000,0x00000000813fa7f0,0x0000000084300000)
 Metaspace       used 34726K, committed 35904K, reserved 1114112K
  class space    used 3484K, committed 4032K, reserved 1048576K
}
Event: 4.920 GC heap after
{Heap after GC invocations=15 (full 1):
 PSYoungGen      total 22528K, used 256K [0x00000000d5580000, 0x00000000d7100000, 0x0000000100000000)
  eden space 22016K, 0% used [0x00000000d5580000,0x00000000d5580000,0x00000000d6b00000)
  from space 512K, 50% used [0x00000000d7080000,0x00000000d70c0000,0x00000000d7100000)
  to   space 1536K, 0% used [0x00000000d6e00000,0x00000000d6e00000,0x00000000d6f80000)
 ParOldGen       total 68608K, used 22414K [0x0000000080000000, 0x0000000084300000, 0x00000000d5580000)
  object space 68608K, 32% used [0x0000000080000000,0x00000000815e3bd8,0x0000000084300000)
 Metaspace       used 34726K, committed 35904K, reserved 1114112K
  class space    used 3484K, committed 4032K, reserved 1048576K
}
Event: 4.948 GC heap before
{Heap before GC invocations=16 (full 1):
 PSYoungGen      total 22528K, used 3553K [0x00000000d5580000, 0x00000000d7100000, 0x0000000100000000)
  eden space 22016K, 14% used [0x00000000d5580000,0x00000000d58b84e8,0x00000000d6b00000)
  from space 512K, 50% used [0x00000000d7080000,0x00000000d70c0000,0x00000000d7100000)
  to   space 1536K, 0% used [0x00000000d6e00000,0x00000000d6e00000,0x00000000d6f80000)
 ParOldGen       total 68608K, used 22414K [0x0000000080000000, 0x0000000084300000, 0x00000000d5580000)
  object space 68608K, 32% used [0x0000000080000000,0x00000000815e3bd8,0x0000000084300000)
 Metaspace       used 35105K, committed 36160K, reserved 1114112K
  class space    used 3534K, committed 4032K, reserved 1048576K
}
Event: 4.949 GC heap after
{Heap after GC invocations=16 (full 1):
 PSYoungGen      total 23552K, used 320K [0x00000000d5580000, 0x00000000d7100000, 0x0000000100000000)
  eden space 22016K, 0% used [0x00000000d5580000,0x00000000d5580000,0x00000000d6b00000)
  from space 1536K, 20% used [0x00000000d6e00000,0x00000000d6e50000,0x00000000d6f80000)
  to   space 512K, 0% used [0x00000000d7080000,0x00000000d7080000,0x00000000d7100000)
 ParOldGen       total 68608K, used 22494K [0x0000000080000000, 0x0000000084300000, 0x00000000d5580000)
  object space 68608K, 32% used [0x0000000080000000,0x00000000815f7bd8,0x0000000084300000)
 Metaspace       used 35105K, committed 36160K, reserved 1114112K
  class space    used 3534K, committed 4032K, reserved 1048576K
}
Event: 4.949 GC heap before
{Heap before GC invocations=17 (full 2):
 PSYoungGen      total 23552K, used 320K [0x00000000d5580000, 0x00000000d7100000, 0x0000000100000000)
  eden space 22016K, 0% used [0x00000000d5580000,0x00000000d5580000,0x00000000d6b00000)
  from space 1536K, 20% used [0x00000000d6e00000,0x00000000d6e50000,0x00000000d6f80000)
  to   space 512K, 0% used [0x00000000d7080000,0x00000000d7080000,0x00000000d7100000)
 ParOldGen       total 68608K, used 22494K [0x0000000080000000, 0x0000000084300000, 0x00000000d5580000)
  object space 68608K, 32% used [0x0000000080000000,0x00000000815f7bd8,0x0000000084300000)
 Metaspace       used 35105K, committed 36160K, reserved 1114112K
  class space    used 3534K, committed 4032K, reserved 1048576K
}
Event: 4.980 GC heap after
{Heap after GC invocations=17 (full 2):
 PSYoungGen      total 23552K, used 0K [0x00000000d5580000, 0x00000000d7100000, 0x0000000100000000)
  eden space 22016K, 0% used [0x00000000d5580000,0x00000000d5580000,0x00000000d6b00000)
  from space 1536K, 0% used [0x00000000d6e00000,0x00000000d6e00000,0x00000000d6f80000)
  to   space 512K, 0% used [0x00000000d7080000,0x00000000d7080000,0x00000000d7100000)
 ParOldGen       total 68608K, used 21754K [0x0000000080000000, 0x0000000084300000, 0x00000000d5580000)
  object space 68608K, 31% used [0x0000000080000000,0x000000008153e828,0x0000000084300000)
 Metaspace       used 35105K, committed 36160K, reserved 1114112K
  class space    used 3534K, committed 4032K, reserved 1048576K
}
Event: 5.317 GC heap before
{Heap before GC invocations=18 (full 2):
 PSYoungGen      total 23552K, used 22015K [0x00000000d5580000, 0x00000000d7100000, 0x0000000100000000)
  eden space 22016K, 99% used [0x00000000d5580000,0x00000000d6affff8,0x00000000d6b00000)
  from space 1536K, 0% used [0x00000000d6e00000,0x00000000d6e00000,0x00000000d6f80000)
  to   space 512K, 0% used [0x00000000d7080000,0x00000000d7080000,0x00000000d7100000)
 ParOldGen       total 68608K, used 21756K [0x0000000080000000, 0x0000000084300000, 0x00000000d5580000)
  object space 68608K, 31% used [0x0000000080000000,0x000000008153f128,0x0000000084300000)
 Metaspace       used 36670K, committed 37888K, reserved 1114112K
  class space    used 3732K, committed 4288K, reserved 1048576K
}
Event: 5.319 GC heap after
{Heap after GC invocations=18 (full 2):
 PSYoungGen      total 22528K, used 512K [0x00000000d5580000, 0x00000000d7100000, 0x0000000100000000)
  eden space 22016K, 0% used [0x00000000d5580000,0x00000000d5580000,0x00000000d6b00000)
  from space 512K, 100% used [0x00000000d7080000,0x00000000d7100000,0x00000000d7100000)
  to   space 2048K, 0% used [0x00000000d6d00000,0x00000000d6d00000,0x00000000d6f00000)
 ParOldGen       total 68608K, used 22729K [0x0000000080000000, 0x0000000084300000, 0x00000000d5580000)
  object space 68608K, 33% used [0x0000000080000000,0x0000000081632648,0x0000000084300000)
 Metaspace       used 36670K, committed 37888K, reserved 1114112K
  class space    used 3732K, committed 4288K, reserved 1048576K
}
Event: 5.613 GC heap before
{Heap before GC invocations=19 (full 2):
 PSYoungGen      total 22528K, used 22528K [0x00000000d5580000, 0x00000000d7100000, 0x0000000100000000)
  eden space 22016K, 100% used [0x00000000d5580000,0x00000000d6b00000,0x00000000d6b00000)
  from space 512K, 100% used [0x00000000d7080000,0x00000000d7100000,0x00000000d7100000)
  to   space 2048K, 0% used [0x00000000d6d00000,0x00000000d6d00000,0x00000000d6f00000)
 ParOldGen       total 68608K, used 22729K [0x0000000080000000, 0x0000000084300000, 0x00000000d5580000)
  object space 68608K, 33% used [0x0000000080000000,0x0000000081632648,0x0000000084300000)
 Metaspace       used 38451K, committed 39616K, reserved 1114112K
  class space    used 3954K, committed 4480K, reserved 1048576K
}
Event: 5.614 GC heap after
{Heap after GC invocations=19 (full 2):
 PSYoungGen      total 24064K, used 1581K [0x00000000d5580000, 0x00000000d7100000, 0x0000000100000000)
  eden space 22016K, 0% used [0x00000000d5580000,0x00000000d5580000,0x00000000d6b00000)
  from space 2048K, 77% used [0x00000000d6d00000,0x00000000d6e8b670,0x00000000d6f00000)
  to   space 2048K, 0% used [0x00000000d6f00000,0x00000000d6f00000,0x00000000d7100000)
 ParOldGen       total 68608K, used 23185K [0x0000000080000000, 0x0000000084300000, 0x00000000d5580000)
  object space 68608K, 33% used [0x0000000080000000,0x00000000816a4648,0x0000000084300000)
 Metaspace       used 38451K, committed 39616K, reserved 1114112K
  class space    used 3954K, committed 4480K, reserved 1048576K
}
Event: 5.748 GC heap before
{Heap before GC invocations=20 (full 2):
 PSYoungGen      total 24064K, used 23597K [0x00000000d5580000, 0x00000000d7100000, 0x0000000100000000)
  eden space 22016K, 100% used [0x00000000d5580000,0x00000000d6b00000,0x00000000d6b00000)
  from space 2048K, 77% used [0x00000000d6d00000,0x00000000d6e8b670,0x00000000d6f00000)
  to   space 2048K, 0% used [0x00000000d6f00000,0x00000000d6f00000,0x00000000d7100000)
 ParOldGen       total 68608K, used 24189K [0x0000000080000000, 0x0000000084300000, 0x00000000d5580000)
  object space 68608K, 35% used [0x0000000080000000,0x000000008179f780,0x0000000084300000)
 Metaspace       used 39115K, committed 40256K, reserved 1114112K
  class space    used 4015K, committed 4544K, reserved 1048576K
}
Event: 5.750 GC heap after
{Heap after GC invocations=20 (full 2):
 PSYoungGen      total 24064K, used 2016K [0x00000000d5580000, 0x00000000d7200000, 0x0000000100000000)
  eden space 22016K, 0% used [0x00000000d5580000,0x00000000d5580000,0x00000000d6b00000)
  from space 2048K, 98% used [0x00000000d6f00000,0x00000000d70f8030,0x00000000d7100000)
  to   space 3584K, 0% used [0x00000000d6b00000,0x00000000d6b00000,0x00000000d6e80000)
 ParOldGen       total 68608K, used 25451K [0x0000000080000000, 0x0000000084300000, 0x00000000d5580000)
  object space 68608K, 37% used [0x0000000080000000,0x00000000818dadb8,0x0000000084300000)
 Metaspace       used 39115K, committed 40256K, reserved 1114112K
  class space    used 4015K, committed 4544K, reserved 1048576K
}
Event: 5.843 GC heap before
{Heap before GC invocations=21 (full 2):
 PSYoungGen      total 24064K, used 24032K [0x00000000d5580000, 0x00000000d7200000, 0x0000000100000000)
  eden space 22016K, 100% used [0x00000000d5580000,0x00000000d6b00000,0x00000000d6b00000)
  from space 2048K, 98% used [0x00000000d6f00000,0x00000000d70f8030,0x00000000d7100000)
  to   space 3584K, 0% used [0x00000000d6b00000,0x00000000d6b00000,0x00000000d6e80000)
 ParOldGen       total 68608K, used 25453K [0x0000000080000000, 0x0000000084300000, 0x00000000d5580000)
  object space 68608K, 37% used [0x0000000080000000,0x00000000818db6d8,0x0000000084300000)
 Metaspace       used 40224K, committed 41408K, reserved 1114112K
  class space    used 4162K, committed 4672K, reserved 1048576K
}
Event: 5.845 GC heap after
{Heap after GC invocations=21 (full 2):
 PSYoungGen      total 24064K, used 1873K [0x00000000d5580000, 0x00000000d7000000, 0x0000000100000000)
  eden space 22016K, 0% used [0x00000000d5580000,0x00000000d5580000,0x00000000d6b00000)
  from space 2048K, 91% used [0x00000000d6b00000,0x00000000d6cd4410,0x00000000d6d00000)
  to   space 2560K, 0% used [0x00000000d6d80000,0x00000000d6d80000,0x00000000d7000000)
 ParOldGen       total 68608K, used 27333K [0x0000000080000000, 0x0000000084300000, 0x00000000d5580000)
  object space 68608K, 39% used [0x0000000080000000,0x0000000081ab1718,0x0000000084300000)
 Metaspace       used 40224K, committed 41408K, reserved 1114112K
  class space    used 4162K, committed 4672K, reserved 1048576K
}
Event: 5.908 GC heap before
{Heap before GC invocations=22 (full 2):
 PSYoungGen      total 24064K, used 23889K [0x00000000d5580000, 0x00000000d7000000, 0x0000000100000000)
  eden space 22016K, 100% used [0x00000000d5580000,0x00000000d6b00000,0x00000000d6b00000)
  from space 2048K, 91% used [0x00000000d6b00000,0x00000000d6cd4410,0x00000000d6d00000)
  to   space 2560K, 0% used [0x00000000d6d80000,0x00000000d6d80000,0x00000000d7000000)
 ParOldGen       total 68608K, used 27333K [0x0000000080000000, 0x0000000084300000, 0x00000000d5580000)
  object space 68608K, 39% used [0x0000000080000000,0x0000000081ab1718,0x0000000084300000)
 Metaspace       used 40653K, committed 41792K, reserved 1114112K
  class space    used 4223K, committed 4736K, reserved 1048576K
}
Event: 5.911 GC heap after
{Heap after GC invocations=22 (full 2):
 PSYoungGen      total 24576K, used 2176K [0x00000000d5580000, 0x00000000d7000000, 0x0000000100000000)
  eden space 22016K, 0% used [0x00000000d5580000,0x00000000d5580000,0x00000000d6b00000)
  from space 2560K, 85% used [0x00000000d6d80000,0x00000000d6fa0010,0x00000000d7000000)
  to   space 2560K, 0% used [0x00000000d6b00000,0x00000000d6b00000,0x00000000d6d80000)
 ParOldGen       total 68608K, used 29058K [0x0000000080000000, 0x0000000084300000, 0x00000000d5580000)
  object space 68608K, 42% used [0x0000000080000000,0x0000000081c60810,0x0000000084300000)
 Metaspace       used 40653K, committed 41792K, reserved 1114112K
  class space    used 4223K, committed 4736K, reserved 1048576K
}

