# JRE version: OpenJDK Runtime Environment Temurin-21.0.7+6 (21.0.7+6) (build 21.0.7+6-LTS)
# Java VM: OpenJDK 64-Bit Server VM Temurin-21.0.7+6 (21.0.7+6-LTS, mixed mode, sharing, tiered, compressed oops, compressed class ptrs, parallel gc, windows-amd64)
GC Precious Log:
 CardTable entry size: 512
 CPUs: 12 total, 12 available
 Memory: 15752M
 Large Page Support: Disabled
 NUMA Support: Disabled
 Compressed Oops: Enabled (32-bit)
 Alignments: Space 512K, Generation 512K, Heap 2M
 Heap Min Capacity: 100M
 Heap Initial Capacity: 100M
 Heap Max Capacity: 2G
 Pre-touch: Disabled
 Parallel Workers: 10
Heap:
 PSYoungGen      total 23040K, used 22062K [0x00000000d5580000, 0x00000000d6d80000, 0x0000000100000000)
  eden space 22016K, 95% used [0x00000000d5580000,0x00000000d6a11148,0x00000000d6b00000)
  from space 1024K, 97% used [0x00000000d6c80000,0x00000000d6d7a970,0x00000000d6d80000)
  to   space 1024K, 0% used [0x00000000d6b00000,0x00000000d6b00000,0x00000000d6c00000)
 ParOldGen       total 68608K, used 34079K [0x0000000080000000, 0x0000000084300000, 0x00000000d5580000)
  object space 68608K, 49% used [0x0000000080000000,0x0000000082147f28,0x0000000084300000)
 Metaspace       used 40082K, committed 41024K, reserved 1114112K
  class space    used 3961K, committed 4416K, reserved 1048576K
GC Heap History (20 events):
Event: 7.367 GC heap before
{Heap before GC invocations=13 (full 1):
 PSYoungGen      total 25088K, used 25024K [0x00000000d5580000, 0x00000000d7180000, 0x0000000100000000)
  eden space 22528K, 100% used [0x00000000d5580000,0x00000000d6b80000,0x00000000d6b80000)
  from space 2560K, 97% used [0x00000000d6e00000,0x00000000d7070010,0x00000000d7080000)
  to   space 1024K, 0% used [0x00000000d7080000,0x00000000d7080000,0x00000000d7180000)
 ParOldGen       total 68608K, used 20537K [0x0000000080000000, 0x0000000084300000, 0x00000000d5580000)
  object space 68608K, 29% used [0x0000000080000000,0x000000008140e680,0x0000000084300000)
 Metaspace       used 32000K, committed 32896K, reserved 1114112K
  class space    used 3153K, committed 3520K, reserved 1048576K
}
Event: 7.371 GC heap after
{Heap after GC invocations=13 (full 1):
 PSYoungGen      total 23040K, used 1009K [0x00000000d5580000, 0x00000000d7600000, 0x0000000100000000)
  eden space 22016K, 0% used [0x00000000d5580000,0x00000000d5580000,0x00000000d6b00000)
  from space 1024K, 98% used [0x00000000d7080000,0x00000000d717c420,0x00000000d7180000)
  to   space 5632K, 0% used [0x00000000d6b00000,0x00000000d6b00000,0x00000000d7080000)
 ParOldGen       total 68608K, used 24345K [0x0000000080000000, 0x0000000084300000, 0x00000000d5580000)
  object space 68608K, 35% used [0x0000000080000000,0x00000000817c6690,0x0000000084300000)
 Metaspace       used 32000K, committed 32896K, reserved 1114112K
  class space    used 3153K, committed 3520K, reserved 1048576K
}
Event: 7.493 GC heap before
{Heap before GC invocations=14 (full 1):
 PSYoungGen      total 23040K, used 23025K [0x00000000d5580000, 0x00000000d7600000, 0x0000000100000000)
  eden space 22016K, 100% used [0x00000000d5580000,0x00000000d6b00000,0x00000000d6b00000)
  from space 1024K, 98% used [0x00000000d7080000,0x00000000d717c420,0x00000000d7180000)
  to   space 5632K, 0% used [0x00000000d6b00000,0x00000000d6b00000,0x00000000d7080000)
 ParOldGen       total 68608K, used 24345K [0x0000000080000000, 0x0000000084300000, 0x00000000d5580000)
  object space 68608K, 35% used [0x0000000080000000,0x00000000817c6690,0x0000000084300000)
 Metaspace       used 32020K, committed 32896K, reserved 1114112K
  class space    used 3153K, committed 3520K, reserved 1048576K
}
Event: 7.499 GC heap after
{Heap after GC invocations=14 (full 1):
 PSYoungGen      total 24576K, used 2530K [0x00000000d5580000, 0x00000000d7200000, 0x0000000100000000)
  eden space 22016K, 0% used [0x00000000d5580000,0x00000000d5580000,0x00000000d6b00000)
  from space 2560K, 98% used [0x00000000d6b00000,0x00000000d6d78800,0x00000000d6d80000)
  to   space 3584K, 0% used [0x00000000d6e80000,0x00000000d6e80000,0x00000000d7200000)
 ParOldGen       total 68608K, used 25324K [0x0000000080000000, 0x0000000084300000, 0x00000000d5580000)
  object space 68608K, 36% used [0x0000000080000000,0x00000000818bb398,0x0000000084300000)
 Metaspace       used 32020K, committed 32896K, reserved 1114112K
  class space    used 3153K, committed 3520K, reserved 1048576K
}
Event: 7.621 GC heap before
{Heap before GC invocations=15 (full 1):
 PSYoungGen      total 24576K, used 24546K [0x00000000d5580000, 0x00000000d7200000, 0x0000000100000000)
  eden space 22016K, 100% used [0x00000000d5580000,0x00000000d6b00000,0x00000000d6b00000)
  from space 2560K, 98% used [0x00000000d6b00000,0x00000000d6d78800,0x00000000d6d80000)
  to   space 3584K, 0% used [0x00000000d6e80000,0x00000000d6e80000,0x00000000d7200000)
 ParOldGen       total 68608K, used 25324K [0x0000000080000000, 0x0000000084300000, 0x00000000d5580000)
  object space 68608K, 36% used [0x0000000080000000,0x00000000818bb398,0x0000000084300000)
 Metaspace       used 32028K, committed 32896K, reserved 1114112K
  class space    used 3153K, committed 3520K, reserved 1048576K
}
Event: 7.626 GC heap after
{Heap after GC invocations=15 (full 1):
 PSYoungGen      total 25088K, used 2596K [0x00000000d5580000, 0x00000000d7180000, 0x0000000100000000)
  eden space 22016K, 0% used [0x00000000d5580000,0x00000000d5580000,0x00000000d6b00000)
  from space 3072K, 84% used [0x00000000d6e80000,0x00000000d7109000,0x00000000d7180000)
  to   space 3072K, 0% used [0x00000000d6b80000,0x00000000d6b80000,0x00000000d6e80000)
 ParOldGen       total 68608K, used 27564K [0x0000000080000000, 0x0000000084300000, 0x00000000d5580000)
  object space 68608K, 40% used [0x0000000080000000,0x0000000081aeb398,0x0000000084300000)
 Metaspace       used 32028K, committed 32896K, reserved 1114112K
  class space    used 3153K, committed 3520K, reserved 1048576K
}
Event: 7.772 GC heap before
{Heap before GC invocations=16 (full 1):
 PSYoungGen      total 25088K, used 24612K [0x00000000d5580000, 0x00000000d7180000, 0x0000000100000000)
  eden space 22016K, 100% used [0x00000000d5580000,0x00000000d6b00000,0x00000000d6b00000)
  from space 3072K, 84% used [0x00000000d6e80000,0x00000000d7109000,0x00000000d7180000)
  to   space 3072K, 0% used [0x00000000d6b80000,0x00000000d6b80000,0x00000000d6e80000)
 ParOldGen       total 68608K, used 27564K [0x0000000080000000, 0x0000000084300000, 0x00000000d5580000)
  object space 68608K, 40% used [0x0000000080000000,0x0000000081aeb398,0x0000000084300000)
 Metaspace       used 32065K, committed 32960K, reserved 1114112K
  class space    used 3153K, committed 3520K, reserved 1048576K
}
Event: 7.775 GC heap after
{Heap after GC invocations=16 (full 1):
 PSYoungGen      total 24576K, used 2496K [0x00000000d5580000, 0x00000000d7000000, 0x0000000100000000)
  eden space 22016K, 0% used [0x00000000d5580000,0x00000000d5580000,0x00000000d6b00000)
  from space 2560K, 97% used [0x00000000d6b80000,0x00000000d6df0010,0x00000000d6e00000)
  to   space 2048K, 0% used [0x00000000d6e00000,0x00000000d6e00000,0x00000000d7000000)
 ParOldGen       total 68608K, used 29984K [0x0000000080000000, 0x0000000084300000, 0x00000000d5580000)
  object space 68608K, 43% used [0x0000000080000000,0x0000000081d48398,0x0000000084300000)
 Metaspace       used 32065K, committed 32960K, reserved 1114112K
  class space    used 3153K, committed 3520K, reserved 1048576K
}
Event: 8.179 GC heap before
{Heap before GC invocations=17 (full 1):
 PSYoungGen      total 24576K, used 24512K [0x00000000d5580000, 0x00000000d7000000, 0x0000000100000000)
  eden space 22016K, 100% used [0x00000000d5580000,0x00000000d6b00000,0x00000000d6b00000)
  from space 2560K, 97% used [0x00000000d6b80000,0x00000000d6df0010,0x00000000d6e00000)
  to   space 2048K, 0% used [0x00000000d6e00000,0x00000000d6e00000,0x00000000d7000000)
 ParOldGen       total 68608K, used 29984K [0x0000000080000000, 0x0000000084300000, 0x00000000d5580000)
  object space 68608K, 43% used [0x0000000080000000,0x0000000081d48398,0x0000000084300000)
 Metaspace       used 33582K, committed 34432K, reserved 1114112K
  class space    used 3350K, committed 3712K, reserved 1048576K
}
Event: 8.183 GC heap after
{Heap after GC invocations=17 (full 1):
 PSYoungGen      total 24064K, used 1807K [0x00000000d5580000, 0x00000000d7000000, 0x0000000100000000)
  eden space 22016K, 0% used [0x00000000d5580000,0x00000000d5580000,0x00000000d6b00000)
  from space 2048K, 88% used [0x00000000d6e00000,0x00000000d6fc3ef8,0x00000000d7000000)
  to   space 2560K, 0% used [0x00000000d6b00000,0x00000000d6b00000,0x00000000d6d80000)
 ParOldGen       total 68608K, used 32321K [0x0000000080000000, 0x0000000084300000, 0x00000000d5580000)
  object space 68608K, 47% used [0x0000000080000000,0x0000000081f905a8,0x0000000084300000)
 Metaspace       used 33582K, committed 34432K, reserved 1114112K
  class space    used 3350K, committed 3712K, reserved 1048576K
}
Event: 8.666 GC heap before
{Heap before GC invocations=18 (full 1):
 PSYoungGen      total 24064K, used 19067K [0x00000000d5580000, 0x00000000d7000000, 0x0000000100000000)
  eden space 22016K, 78% used [0x00000000d5580000,0x00000000d665af50,0x00000000d6b00000)
  from space 2048K, 88% used [0x00000000d6e00000,0x00000000d6fc3ef8,0x00000000d7000000)
  to   space 2560K, 0% used [0x00000000d6b00000,0x00000000d6b00000,0x00000000d6d80000)
 ParOldGen       total 68608K, used 32321K [0x0000000080000000, 0x0000000084300000, 0x00000000d5580000)
  object space 68608K, 47% used [0x0000000080000000,0x0000000081f905a8,0x0000000084300000)
 Metaspace       used 34967K, committed 35840K, reserved 1114112K
  class space    used 3467K, committed 3840K, reserved 1048576K
}
Event: 8.669 GC heap after
{Heap after GC invocations=18 (full 1):
 PSYoungGen      total 24576K, used 384K [0x00000000d5580000, 0x00000000d6e80000, 0x0000000100000000)
  eden space 22016K, 0% used [0x00000000d5580000,0x00000000d5580000,0x00000000d6b00000)
  from space 2560K, 15% used [0x00000000d6b00000,0x00000000d6b60000,0x00000000d6d80000)
  to   space 1024K, 0% used [0x00000000d6d80000,0x00000000d6d80000,0x00000000d6e80000)
 ParOldGen       total 68608K, used 33942K [0x0000000080000000, 0x0000000084300000, 0x00000000d5580000)
  object space 68608K, 49% used [0x0000000080000000,0x0000000082125b00,0x0000000084300000)
 Metaspace       used 34967K, committed 35840K, reserved 1114112K
  class space    used 3467K, committed 3840K, reserved 1048576K
}
Event: 8.669 GC heap before
{Heap before GC invocations=19 (full 2):
 PSYoungGen      total 24576K, used 384K [0x00000000d5580000, 0x00000000d6e80000, 0x0000000100000000)
  eden space 22016K, 0% used [0x00000000d5580000,0x00000000d5580000,0x00000000d6b00000)
  from space 2560K, 15% used [0x00000000d6b00000,0x00000000d6b60000,0x00000000d6d80000)
  to   space 1024K, 0% used [0x00000000d6d80000,0x00000000d6d80000,0x00000000d6e80000)
 ParOldGen       total 68608K, used 33942K [0x0000000080000000, 0x0000000084300000, 0x00000000d5580000)
  object space 68608K, 49% used [0x0000000080000000,0x0000000082125b00,0x0000000084300000)
 Metaspace       used 34967K, committed 35840K, reserved 1114112K
  class space    used 3467K, committed 3840K, reserved 1048576K
}
Event: 8.716 GC heap after
{Heap after GC invocations=19 (full 2):
 PSYoungGen      total 24576K, used 0K [0x00000000d5580000, 0x00000000d6e80000, 0x0000000100000000)
  eden space 22016K, 0% used [0x00000000d5580000,0x00000000d5580000,0x00000000d6b00000)
  from space 2560K, 0% used [0x00000000d6b00000,0x00000000d6b00000,0x00000000d6d80000)
  to   space 1024K, 0% used [0x00000000d6d80000,0x00000000d6d80000,0x00000000d6e80000)
 ParOldGen       total 68608K, used 32938K [0x0000000080000000, 0x0000000084300000, 0x00000000d5580000)
  object space 68608K, 48% used [0x0000000080000000,0x000000008202abb8,0x0000000084300000)
 Metaspace       used 34967K, committed 35840K, reserved 1114112K
  class space    used 3467K, committed 3840K, reserved 1048576K
}
Event: 9.174 GC heap before
{Heap before GC invocations=20 (full 2):
 PSYoungGen      total 24576K, used 22016K [0x00000000d5580000, 0x00000000d6e80000, 0x0000000100000000)
  eden space 22016K, 100% used [0x00000000d5580000,0x00000000d6b00000,0x00000000d6b00000)
  from space 2560K, 0% used [0x00000000d6b00000,0x00000000d6b00000,0x00000000d6d80000)
  to   space 1024K, 0% used [0x00000000d6d80000,0x00000000d6d80000,0x00000000d6e80000)
 ParOldGen       total 68608K, used 32938K [0x0000000080000000, 0x0000000084300000, 0x00000000d5580000)
  object space 68608K, 48% used [0x0000000080000000,0x000000008202abb8,0x0000000084300000)
 Metaspace       used 36318K, committed 37248K, reserved 1114112K
  class space    used 3596K, committed 4032K, reserved 1048576K
}
Event: 9.176 GC heap after
{Heap after GC invocations=20 (full 2):
 PSYoungGen      total 23040K, used 1019K [0x00000000d5580000, 0x00000000d6f00000, 0x0000000100000000)
  eden space 22016K, 0% used [0x00000000d5580000,0x00000000d5580000,0x00000000d6b00000)
  from space 1024K, 99% used [0x00000000d6d80000,0x00000000d6e7ef28,0x00000000d6e80000)
  to   space 2048K, 0% used [0x00000000d6b00000,0x00000000d6b00000,0x00000000d6d00000)
 ParOldGen       total 68608K, used 33457K [0x0000000080000000, 0x0000000084300000, 0x00000000d5580000)
  object space 68608K, 48% used [0x0000000080000000,0x00000000820ac570,0x0000000084300000)
 Metaspace       used 36318K, committed 37248K, reserved 1114112K
  class space    used 3596K, committed 4032K, reserved 1048576K
}
Event: 9.596 GC heap before
{Heap before GC invocations=21 (full 2):
 PSYoungGen      total 23040K, used 23035K [0x00000000d5580000, 0x00000000d6f00000, 0x0000000100000000)
  eden space 22016K, 100% used [0x00000000d5580000,0x00000000d6b00000,0x00000000d6b00000)
  from space 1024K, 99% used [0x00000000d6d80000,0x00000000d6e7ef28,0x00000000d6e80000)
  to   space 2048K, 0% used [0x00000000d6b00000,0x00000000d6b00000,0x00000000d6d00000)
 ParOldGen       total 68608K, used 33457K [0x0000000080000000, 0x0000000084300000, 0x00000000d5580000)
  object space 68608K, 48% used [0x0000000080000000,0x00000000820ac570,0x0000000084300000)
 Metaspace       used 36343K, committed 37312K, reserved 1114112K
  class space    used 3596K, committed 4032K, reserved 1048576K
}
Event: 9.597 GC heap after
{Heap after GC invocations=21 (full 2):
 PSYoungGen      total 23040K, used 970K [0x00000000d5580000, 0x00000000d6e00000, 0x0000000100000000)
  eden space 22016K, 0% used [0x00000000d5580000,0x00000000d5580000,0x00000000d6b00000)
  from space 1024K, 94% used [0x00000000d6b00000,0x00000000d6bf28b8,0x00000000d6c00000)
  to   space 1536K, 0% used [0x00000000d6c80000,0x00000000d6c80000,0x00000000d6e00000)
 ParOldGen       total 68608K, used 34039K [0x0000000080000000, 0x0000000084300000, 0x00000000d5580000)
  object space 68608K, 49% used [0x0000000080000000,0x000000008213df28,0x0000000084300000)
 Metaspace       used 36343K, committed 37312K, reserved 1114112K
  class space    used 3596K, committed 4032K, reserved 1048576K
}
Event: 10.573 GC heap before
{Heap before GC invocations=22 (full 2):
 PSYoungGen      total 23040K, used 22986K [0x00000000d5580000, 0x00000000d6e00000, 0x0000000100000000)
  eden space 22016K, 100% used [0x00000000d5580000,0x00000000d6b00000,0x00000000d6b00000)
  from space 1024K, 94% used [0x00000000d6b00000,0x00000000d6bf28b8,0x00000000d6c00000)
  to   space 1536K, 0% used [0x00000000d6c80000,0x00000000d6c80000,0x00000000d6e00000)
 ParOldGen       total 68608K, used 34039K [0x0000000080000000, 0x0000000084300000, 0x00000000d5580000)
  object space 68608K, 49% used [0x0000000080000000,0x000000008213df28,0x0000000084300000)
 Metaspace       used 38468K, committed 39424K, reserved 1114112K
  class space    used 3791K, committed 4224K, reserved 1048576K
}
Event: 10.575 GC heap after
{Heap after GC invocations=22 (full 2):
 PSYoungGen      total 23040K, used 1002K [0x00000000d5580000, 0x00000000d6d80000, 0x0000000100000000)
  eden space 22016K, 0% used [0x00000000d5580000,0x00000000d5580000,0x00000000d6b00000)
  from space 1024K, 97% used [0x00000000d6c80000,0x00000000d6d7a970,0x00000000d6d80000)
  to   space 1024K, 0% used [0x00000000d6b00000,0x00000000d6b00000,0x00000000d6c00000)
 ParOldGen       total 68608K, used 34079K [0x0000000080000000, 0x0000000084300000, 0x00000000d5580000)
  object space 68608K, 49% used [0x0000000080000000,0x0000000082147f28,0x0000000084300000)
 Metaspace       used 38468K, committed 39424K, reserved 1114112K
  class space    used 3791K, committed 4224K, reserved 1048576K
}

