{"numTotalTestSuites":61,"numPassedTestSuites":20,"numFailedTestSuites":41,"numPendingTestSuites":0,"numTotalTests":133,"numPassedTests":57,"numFailedTests":76,"numPendingTests":0,"numTodoTests":0,"snapshot":{"added":0,"failure":false,"filesAdded":0,"filesRemoved":0,"filesRemovedList":[],"filesUnmatched":0,"filesUpdated":0,"matched":0,"total":0,"unchecked":0,"uncheckedKeysByFile":[],"unmatched":0,"updated":0,"didUpdate":false},"startTime":1752575744992,"success":false,"testResults":[{"assertionResults":[{"ancestorTitles":["Debug"],"fullName":"Debug should not render when show is false","status":"passed","title":"should not render when show is false","duration":1.3581089999997857,"failureMessages":[],"location":{"line":7,"column":3},"meta":{}},{"ancestorTitles":["Debug"],"fullName":"Debug should not render in production environment","status":"passed","title":"should not render in production environment","duration":3.2320449999997436,"failureMessages":[],"location":{"line":12,"column":3},"meta":{}},{"ancestorTitles":["Debug"],"fullName":"Debug should render with a title","status":"passed","title":"should render with a title","duration":2.2469529999998485,"failureMessages":[],"location":{"line":19,"column":3},"meta":{}},{"ancestorTitles":["Debug"],"fullName":"Debug should render with default title","status":"passed","title":"should render with default title","duration":1.4411049999998795,"failureMessages":[],"location":{"line":24,"column":3},"meta":{}},{"ancestorTitles":["Debug"],"fullName":"Debug should render formatted data","status":"passed","title":"should render formatted data","duration":1.9686970000002475,"failureMessages":[],"location":{"line":29,"column":3},"meta":{}}],"startTime":1752575752421,"endTime":1752575752430.9688,"status":"passed","message":"","name":"/workspace/src/test/components/Debug.test.jsx"},{"assertionResults":[{"ancestorTitles":["NotificationManagementDashboard","Component Loading and Initialization"],"fullName":"NotificationManagementDashboard Component Loading and Initialization should render loading state initially","status":"failed","title":"should render loading state initially","duration":0.7090879999996105,"failureMessages":["TypeError: Cannot read properties of undefined (reading 'Provider')\n    at renderWithAuth (/workspace/src/test/components/NotificationManagementDashboard.test.jsx:148:20)\n    at /workspace/src/test/components/NotificationManagementDashboard.test.jsx:180:7\n    at file:///workspace/node_modules/@vitest/runner/dist/chunk-hooks.js:155:11\n    at file:///workspace/node_modules/@vitest/runner/dist/chunk-hooks.js:752:26\n    at file:///workspace/node_modules/@vitest/runner/dist/chunk-hooks.js:1897:20\n    at new Promise (<anonymous>)\n    at runWithTimeout (file:///workspace/node_modules/@vitest/runner/dist/chunk-hooks.js:1863:10)\n    at runTest (file:///workspace/node_modules/@vitest/runner/dist/chunk-hooks.js:1574:12)\n    at processTicksAndRejections (node:internal/process/task_queues:105:5)\n    at runSuite (file:///workspace/node_modules/@vitest/runner/dist/chunk-hooks.js:1729:8)"],"location":{"line":179,"column":5},"meta":{}},{"ancestorTitles":["NotificationManagementDashboard","Component Loading and Initialization"],"fullName":"NotificationManagementDashboard Component Loading and Initialization should load dashboard data on mount when user is available","status":"failed","title":"should load dashboard data on mount when user is available","duration":0.48539900000014313,"failureMessages":["TypeError: Cannot read properties of undefined (reading 'Provider')\n    at renderWithAuth (/workspace/src/test/components/NotificationManagementDashboard.test.jsx:148:20)\n    at /workspace/src/test/components/NotificationManagementDashboard.test.jsx:185:7\n    at file:///workspace/node_modules/@vitest/runner/dist/chunk-hooks.js:155:11\n    at file:///workspace/node_modules/@vitest/runner/dist/chunk-hooks.js:752:26\n    at file:///workspace/node_modules/@vitest/runner/dist/chunk-hooks.js:1897:20\n    at new Promise (<anonymous>)\n    at runWithTimeout (file:///workspace/node_modules/@vitest/runner/dist/chunk-hooks.js:1863:10)\n    at runTest (file:///workspace/node_modules/@vitest/runner/dist/chunk-hooks.js:1574:12)\n    at processTicksAndRejections (node:internal/process/task_queues:105:5)\n    at runSuite (file:///workspace/node_modules/@vitest/runner/dist/chunk-hooks.js:1729:8)"],"location":{"line":184,"column":5},"meta":{}},{"ancestorTitles":["NotificationManagementDashboard","Component Loading and Initialization"],"fullName":"NotificationManagementDashboard Component Loading and Initialization should not load data when user is not available","status":"failed","title":"should not load data when user is not available","duration":0.40232799999921554,"failureMessages":["TypeError: Cannot read properties of undefined (reading 'Provider')\n    at renderWithAuth (/workspace/src/test/components/NotificationManagementDashboard.test.jsx:148:20)\n    at /workspace/src/test/components/NotificationManagementDashboard.test.jsx:195:7\n    at file:///workspace/node_modules/@vitest/runner/dist/chunk-hooks.js:155:11\n    at file:///workspace/node_modules/@vitest/runner/dist/chunk-hooks.js:752:26\n    at file:///workspace/node_modules/@vitest/runner/dist/chunk-hooks.js:1897:20\n    at new Promise (<anonymous>)\n    at runWithTimeout (file:///workspace/node_modules/@vitest/runner/dist/chunk-hooks.js:1863:10)\n    at runTest (file:///workspace/node_modules/@vitest/runner/dist/chunk-hooks.js:1574:12)\n    at processTicksAndRejections (node:internal/process/task_queues:105:5)\n    at runSuite (file:///workspace/node_modules/@vitest/runner/dist/chunk-hooks.js:1729:8)"],"location":{"line":194,"column":5},"meta":{}},{"ancestorTitles":["NotificationManagementDashboard","Component Loading and Initialization"],"fullName":"NotificationManagementDashboard Component Loading and Initialization should show login message when user is not available","status":"failed","title":"should show login message when user is not available","duration":0.3806140000006053,"failureMessages":["TypeError: Cannot read properties of undefined (reading 'Provider')\n    at renderWithAuth (/workspace/src/test/components/NotificationManagementDashboard.test.jsx:148:20)\n    at /workspace/src/test/components/NotificationManagementDashboard.test.jsx:203:7\n    at file:///workspace/node_modules/@vitest/runner/dist/chunk-hooks.js:155:11\n    at file:///workspace/node_modules/@vitest/runner/dist/chunk-hooks.js:752:26\n    at file:///workspace/node_modules/@vitest/runner/dist/chunk-hooks.js:1897:20\n    at new Promise (<anonymous>)\n    at runWithTimeout (file:///workspace/node_modules/@vitest/runner/dist/chunk-hooks.js:1863:10)\n    at runTest (file:///workspace/node_modules/@vitest/runner/dist/chunk-hooks.js:1574:12)\n    at processTicksAndRejections (node:internal/process/task_queues:105:5)\n    at runSuite (file:///workspace/node_modules/@vitest/runner/dist/chunk-hooks.js:1729:8)"],"location":{"line":202,"column":5},"meta":{}},{"ancestorTitles":["NotificationManagementDashboard","Dashboard Content"],"fullName":"NotificationManagementDashboard Dashboard Content should render dashboard header and actions","status":"failed","title":"should render dashboard header and actions","duration":0.46941900000001624,"failureMessages":["TypeError: Cannot read properties of undefined (reading 'Provider')\n    at renderWithAuth (/workspace/src/test/components/NotificationManagementDashboard.test.jsx:148:20)\n    at /workspace/src/test/components/NotificationManagementDashboard.test.jsx:213:7\n    at file:///workspace/node_modules/@vitest/runner/dist/chunk-hooks.js:155:11\n    at file:///workspace/node_modules/@vitest/runner/dist/chunk-hooks.js:752:26\n    at file:///workspace/node_modules/@vitest/runner/dist/chunk-hooks.js:1897:20\n    at new Promise (<anonymous>)\n    at runWithTimeout (file:///workspace/node_modules/@vitest/runner/dist/chunk-hooks.js:1863:10)\n    at runTest (file:///workspace/node_modules/@vitest/runner/dist/chunk-hooks.js:1574:12)\n    at processTicksAndRejections (node:internal/process/task_queues:105:5)\n    at runSuite (file:///workspace/node_modules/@vitest/runner/dist/chunk-hooks.js:1729:8)"],"location":{"line":212,"column":5},"meta":{}},{"ancestorTitles":["NotificationManagementDashboard","Dashboard Content"],"fullName":"NotificationManagementDashboard Dashboard Content should render analytics cards with correct data","status":"failed","title":"should render analytics cards with correct data","duration":0.4046969999999419,"failureMessages":["TypeError: Cannot read properties of undefined (reading 'Provider')\n    at renderWithAuth (/workspace/src/test/components/NotificationManagementDashboard.test.jsx:148:20)\n    at /workspace/src/test/components/NotificationManagementDashboard.test.jsx:224:7\n    at file:///workspace/node_modules/@vitest/runner/dist/chunk-hooks.js:155:11\n    at file:///workspace/node_modules/@vitest/runner/dist/chunk-hooks.js:752:26\n    at file:///workspace/node_modules/@vitest/runner/dist/chunk-hooks.js:1897:20\n    at new Promise (<anonymous>)\n    at runWithTimeout (file:///workspace/node_modules/@vitest/runner/dist/chunk-hooks.js:1863:10)\n    at runTest (file:///workspace/node_modules/@vitest/runner/dist/chunk-hooks.js:1574:12)\n    at processTicksAndRejections (node:internal/process/task_queues:105:5)\n    at runSuite (file:///workspace/node_modules/@vitest/runner/dist/chunk-hooks.js:1729:8)"],"location":{"line":223,"column":5},"meta":{}},{"ancestorTitles":["NotificationManagementDashboard","Dashboard Content"],"fullName":"NotificationManagementDashboard Dashboard Content should render filters section","status":"failed","title":"should render filters section","duration":0.3700989999997546,"failureMessages":["TypeError: Cannot read properties of undefined (reading 'Provider')\n    at renderWithAuth (/workspace/src/test/components/NotificationManagementDashboard.test.jsx:148:20)\n    at /workspace/src/test/components/NotificationManagementDashboard.test.jsx:235:7\n    at file:///workspace/node_modules/@vitest/runner/dist/chunk-hooks.js:155:11\n    at file:///workspace/node_modules/@vitest/runner/dist/chunk-hooks.js:752:26\n    at file:///workspace/node_modules/@vitest/runner/dist/chunk-hooks.js:1897:20\n    at new Promise (<anonymous>)\n    at runWithTimeout (file:///workspace/node_modules/@vitest/runner/dist/chunk-hooks.js:1863:10)\n    at runTest (file:///workspace/node_modules/@vitest/runner/dist/chunk-hooks.js:1574:12)\n    at processTicksAndRejections (node:internal/process/task_queues:105:5)\n    at runSuite (file:///workspace/node_modules/@vitest/runner/dist/chunk-hooks.js:1729:8)"],"location":{"line":234,"column":5},"meta":{}},{"ancestorTitles":["NotificationManagementDashboard","Dashboard Content"],"fullName":"NotificationManagementDashboard Dashboard Content should populate patient filter dropdown with actual patient names","status":"failed","title":"should populate patient filter dropdown with actual patient names","duration":0.3117630000006102,"failureMessages":["TypeError: Cannot read properties of undefined (reading 'Provider')\n    at renderWithAuth (/workspace/src/test/components/NotificationManagementDashboard.test.jsx:148:20)\n    at /workspace/src/test/components/NotificationManagementDashboard.test.jsx:246:7\n    at file:///workspace/node_modules/@vitest/runner/dist/chunk-hooks.js:155:11\n    at file:///workspace/node_modules/@vitest/runner/dist/chunk-hooks.js:752:26\n    at file:///workspace/node_modules/@vitest/runner/dist/chunk-hooks.js:1897:20\n    at new Promise (<anonymous>)\n    at runWithTimeout (file:///workspace/node_modules/@vitest/runner/dist/chunk-hooks.js:1863:10)\n    at runTest (file:///workspace/node_modules/@vitest/runner/dist/chunk-hooks.js:1574:12)\n    at processTicksAndRejections (node:internal/process/task_queues:105:5)\n    at runSuite (file:///workspace/node_modules/@vitest/runner/dist/chunk-hooks.js:1729:8)"],"location":{"line":245,"column":5},"meta":{}},{"ancestorTitles":["NotificationManagementDashboard","Error Handling"],"fullName":"NotificationManagementDashboard Error Handling should display error message when data loading fails","status":"failed","title":"should display error message when data loading fails","duration":0.3415679999998247,"failureMessages":["TypeError: Cannot read properties of undefined (reading 'Provider')\n    at renderWithAuth (/workspace/src/test/components/NotificationManagementDashboard.test.jsx:148:20)\n    at /workspace/src/test/components/NotificationManagementDashboard.test.jsx:266:7\n    at file:///workspace/node_modules/@vitest/runner/dist/chunk-hooks.js:155:11\n    at file:///workspace/node_modules/@vitest/runner/dist/chunk-hooks.js:752:26\n    at file:///workspace/node_modules/@vitest/runner/dist/chunk-hooks.js:1897:20\n    at new Promise (<anonymous>)\n    at runWithTimeout (file:///workspace/node_modules/@vitest/runner/dist/chunk-hooks.js:1863:10)\n    at runTest (file:///workspace/node_modules/@vitest/runner/dist/chunk-hooks.js:1574:12)\n    at processTicksAndRejections (node:internal/process/task_queues:105:5)\n    at runSuite (file:///workspace/node_modules/@vitest/runner/dist/chunk-hooks.js:1729:8)"],"location":{"line":260,"column":5},"meta":{}},{"ancestorTitles":["NotificationManagementDashboard","Error Handling"],"fullName":"NotificationManagementDashboard Error Handling should handle template loading errors gracefully","status":"failed","title":"should handle template loading errors gracefully","duration":0.38467599999967206,"failureMessages":["TypeError: Cannot read properties of undefined (reading 'Provider')\n    at renderWithAuth (/workspace/src/test/components/NotificationManagementDashboard.test.jsx:148:20)\n    at /workspace/src/test/components/NotificationManagementDashboard.test.jsx:276:7\n    at file:///workspace/node_modules/@vitest/runner/dist/chunk-hooks.js:155:11\n    at file:///workspace/node_modules/@vitest/runner/dist/chunk-hooks.js:752:26\n    at file:///workspace/node_modules/@vitest/runner/dist/chunk-hooks.js:1897:20\n    at new Promise (<anonymous>)\n    at runWithTimeout (file:///workspace/node_modules/@vitest/runner/dist/chunk-hooks.js:1863:10)\n    at runTest (file:///workspace/node_modules/@vitest/runner/dist/chunk-hooks.js:1574:12)\n    at processTicksAndRejections (node:internal/process/task_queues:105:5)\n    at runSuite (file:///workspace/node_modules/@vitest/runner/dist/chunk-hooks.js:1729:8)"],"location":{"line":273,"column":5},"meta":{}},{"ancestorTitles":["NotificationManagementDashboard","Error Handling"],"fullName":"NotificationManagementDashboard Error Handling should close error messages when close button is clicked","status":"failed","title":"should close error messages when close button is clicked","duration":0.37282000000050175,"failureMessages":["TypeError: Cannot read properties of undefined (reading 'Provider')\n    at renderWithAuth (/workspace/src/test/components/NotificationManagementDashboard.test.jsx:148:20)\n    at /workspace/src/test/components/NotificationManagementDashboard.test.jsx:289:7\n    at file:///workspace/node_modules/@vitest/runner/dist/chunk-hooks.js:155:11\n    at file:///workspace/node_modules/@vitest/runner/dist/chunk-hooks.js:752:26\n    at file:///workspace/node_modules/@vitest/runner/dist/chunk-hooks.js:1897:20\n    at new Promise (<anonymous>)\n    at runWithTimeout (file:///workspace/node_modules/@vitest/runner/dist/chunk-hooks.js:1863:10)\n    at runTest (file:///workspace/node_modules/@vitest/runner/dist/chunk-hooks.js:1574:12)\n    at processTicksAndRejections (node:internal/process/task_queues:105:5)\n    at runSuite (file:///workspace/node_modules/@vitest/runner/dist/chunk-hooks.js:1729:8)"],"location":{"line":283,"column":5},"meta":{}},{"ancestorTitles":["NotificationManagementDashboard","Modal Interactions"],"fullName":"NotificationManagementDashboard Modal Interactions should open send notification modal when send button is clicked","status":"failed","title":"should open send notification modal when send button is clicked","duration":0.355478999999832,"failureMessages":["TypeError: Cannot read properties of undefined (reading 'Provider')\n    at renderWithAuth (/workspace/src/test/components/NotificationManagementDashboard.test.jsx:148:20)\n    at /workspace/src/test/components/NotificationManagementDashboard.test.jsx:304:7\n    at file:///workspace/node_modules/@vitest/runner/dist/chunk-hooks.js:155:11\n    at file:///workspace/node_modules/@vitest/runner/dist/chunk-hooks.js:752:26\n    at file:///workspace/node_modules/@vitest/runner/dist/chunk-hooks.js:1897:20\n    at new Promise (<anonymous>)\n    at runWithTimeout (file:///workspace/node_modules/@vitest/runner/dist/chunk-hooks.js:1863:10)\n    at runTest (file:///workspace/node_modules/@vitest/runner/dist/chunk-hooks.js:1574:12)\n    at processTicksAndRejections (node:internal/process/task_queues:105:5)\n    at runSuite (file:///workspace/node_modules/@vitest/runner/dist/chunk-hooks.js:1729:8)"],"location":{"line":303,"column":5},"meta":{}},{"ancestorTitles":["NotificationManagementDashboard","Modal Interactions"],"fullName":"NotificationManagementDashboard Modal Interactions should open template selector modal when manage templates button is clicked","status":"failed","title":"should open template selector modal when manage templates button is clicked","duration":0.320451000000503,"failureMessages":["TypeError: Cannot read properties of undefined (reading 'Provider')\n    at renderWithAuth (/workspace/src/test/components/NotificationManagementDashboard.test.jsx:148:20)\n    at /workspace/src/test/components/NotificationManagementDashboard.test.jsx:319:7\n    at file:///workspace/node_modules/@vitest/runner/dist/chunk-hooks.js:155:11\n    at file:///workspace/node_modules/@vitest/runner/dist/chunk-hooks.js:752:26\n    at file:///workspace/node_modules/@vitest/runner/dist/chunk-hooks.js:1897:20\n    at new Promise (<anonymous>)\n    at runWithTimeout (file:///workspace/node_modules/@vitest/runner/dist/chunk-hooks.js:1863:10)\n    at runTest (file:///workspace/node_modules/@vitest/runner/dist/chunk-hooks.js:1574:12)\n    at processTicksAndRejections (node:internal/process/task_queues:105:5)\n    at runSuite (file:///workspace/node_modules/@vitest/runner/dist/chunk-hooks.js:1729:8)"],"location":{"line":318,"column":5},"meta":{}},{"ancestorTitles":["NotificationManagementDashboard","Modal Interactions"],"fullName":"NotificationManagementDashboard Modal Interactions should close modals when close button is clicked","status":"failed","title":"should close modals when close button is clicked","duration":0.3243640000000596,"failureMessages":["TypeError: Cannot read properties of undefined (reading 'Provider')\n    at renderWithAuth (/workspace/src/test/components/NotificationManagementDashboard.test.jsx:148:20)\n    at /workspace/src/test/components/NotificationManagementDashboard.test.jsx:333:7\n    at file:///workspace/node_modules/@vitest/runner/dist/chunk-hooks.js:155:11\n    at file:///workspace/node_modules/@vitest/runner/dist/chunk-hooks.js:752:26\n    at file:///workspace/node_modules/@vitest/runner/dist/chunk-hooks.js:1897:20\n    at new Promise (<anonymous>)\n    at runWithTimeout (file:///workspace/node_modules/@vitest/runner/dist/chunk-hooks.js:1863:10)\n    at runTest (file:///workspace/node_modules/@vitest/runner/dist/chunk-hooks.js:1574:12)\n    at processTicksAndRejections (node:internal/process/task_queues:105:5)\n    at runSuite (file:///workspace/node_modules/@vitest/runner/dist/chunk-hooks.js:1729:8)"],"location":{"line":332,"column":5},"meta":{}},{"ancestorTitles":["NotificationManagementDashboard","Notification Sending"],"fullName":"NotificationManagementDashboard Notification Sending should handle successful notification sending","status":"failed","title":"should handle successful notification sending","duration":0.3634879999999612,"failureMessages":["TypeError: Cannot read properties of undefined (reading 'Provider')\n    at renderWithAuth (/workspace/src/test/components/NotificationManagementDashboard.test.jsx:148:20)\n    at /workspace/src/test/components/NotificationManagementDashboard.test.jsx:356:7\n    at file:///workspace/node_modules/@vitest/runner/dist/chunk-hooks.js:155:11\n    at file:///workspace/node_modules/@vitest/runner/dist/chunk-hooks.js:752:26\n    at file:///workspace/node_modules/@vitest/runner/dist/chunk-hooks.js:1897:20\n    at new Promise (<anonymous>)\n    at runWithTimeout (file:///workspace/node_modules/@vitest/runner/dist/chunk-hooks.js:1863:10)\n    at runTest (file:///workspace/node_modules/@vitest/runner/dist/chunk-hooks.js:1574:12)\n    at processTicksAndRejections (node:internal/process/task_queues:105:5)\n    at runSuite (file:///workspace/node_modules/@vitest/runner/dist/chunk-hooks.js:1729:8)"],"location":{"line":350,"column":5},"meta":{}},{"ancestorTitles":["NotificationManagementDashboard","Notification Sending"],"fullName":"NotificationManagementDashboard Notification Sending should handle notification sending errors","status":"failed","title":"should handle notification sending errors","duration":0.37025400000038644,"failureMessages":["TypeError: Cannot read properties of undefined (reading 'Provider')\n    at renderWithAuth (/workspace/src/test/components/NotificationManagementDashboard.test.jsx:148:20)\n    at /workspace/src/test/components/NotificationManagementDashboard.test.jsx:387:7\n    at file:///workspace/node_modules/@vitest/runner/dist/chunk-hooks.js:155:11\n    at file:///workspace/node_modules/@vitest/runner/dist/chunk-hooks.js:752:26\n    at file:///workspace/node_modules/@vitest/runner/dist/chunk-hooks.js:1897:20\n    at new Promise (<anonymous>)\n    at runWithTimeout (file:///workspace/node_modules/@vitest/runner/dist/chunk-hooks.js:1863:10)\n    at runTest (file:///workspace/node_modules/@vitest/runner/dist/chunk-hooks.js:1574:12)\n    at processTicksAndRejections (node:internal/process/task_queues:105:5)\n    at runSuite (file:///workspace/node_modules/@vitest/runner/dist/chunk-hooks.js:1729:8)"],"location":{"line":381,"column":5},"meta":{}},{"ancestorTitles":["NotificationManagementDashboard","Notification Sending"],"fullName":"NotificationManagementDashboard Notification Sending should handle missing doctor ID error","status":"failed","title":"should handle missing doctor ID error","duration":0.3376829999997426,"failureMessages":["TypeError: Cannot read properties of undefined (reading 'Provider')\n    at renderWithAuth (/workspace/src/test/components/NotificationManagementDashboard.test.jsx:148:20)\n    at /workspace/src/test/components/NotificationManagementDashboard.test.jsx:406:7\n    at file:///workspace/node_modules/@vitest/runner/dist/chunk-hooks.js:155:11\n    at file:///workspace/node_modules/@vitest/runner/dist/chunk-hooks.js:752:26\n    at file:///workspace/node_modules/@vitest/runner/dist/chunk-hooks.js:1897:20\n    at new Promise (<anonymous>)\n    at runWithTimeout (file:///workspace/node_modules/@vitest/runner/dist/chunk-hooks.js:1863:10)\n    at runTest (file:///workspace/node_modules/@vitest/runner/dist/chunk-hooks.js:1574:12)\n    at processTicksAndRejections (node:internal/process/task_queues:105:5)\n    at runSuite (file:///workspace/node_modules/@vitest/runner/dist/chunk-hooks.js:1729:8)"],"location":{"line":405,"column":5},"meta":{}},{"ancestorTitles":["NotificationManagementDashboard","Filter Functionality"],"fullName":"NotificationManagementDashboard Filter Functionality should reset filters when reset button is clicked","status":"failed","title":"should reset filters when reset button is clicked","duration":0.5609199999998964,"failureMessages":["TypeError: Cannot read properties of undefined (reading 'Provider')\n    at renderWithAuth (/workspace/src/test/components/NotificationManagementDashboard.test.jsx:148:20)\n    at /workspace/src/test/components/NotificationManagementDashboard.test.jsx:423:7\n    at file:///workspace/node_modules/@vitest/runner/dist/chunk-hooks.js:155:11\n    at file:///workspace/node_modules/@vitest/runner/dist/chunk-hooks.js:752:26\n    at file:///workspace/node_modules/@vitest/runner/dist/chunk-hooks.js:1897:20\n    at new Promise (<anonymous>)\n    at runWithTimeout (file:///workspace/node_modules/@vitest/runner/dist/chunk-hooks.js:1863:10)\n    at runTest (file:///workspace/node_modules/@vitest/runner/dist/chunk-hooks.js:1574:12)\n    at processTicksAndRejections (node:internal/process/task_queues:105:5)\n    at runSuite (file:///workspace/node_modules/@vitest/runner/dist/chunk-hooks.js:1729:8)"],"location":{"line":421,"column":5},"meta":{}},{"ancestorTitles":["NotificationManagementDashboard","Filter Functionality"],"fullName":"NotificationManagementDashboard Filter Functionality should filter notifications by patient selection","status":"failed","title":"should filter notifications by patient selection","duration":0.49641300000075717,"failureMessages":["TypeError: Cannot read properties of undefined (reading 'Provider')\n    at renderWithAuth (/workspace/src/test/components/NotificationManagementDashboard.test.jsx:148:20)\n    at /workspace/src/test/components/NotificationManagementDashboard.test.jsx:447:7\n    at file:///workspace/node_modules/@vitest/runner/dist/chunk-hooks.js:155:11\n    at file:///workspace/node_modules/@vitest/runner/dist/chunk-hooks.js:752:26\n    at file:///workspace/node_modules/@vitest/runner/dist/chunk-hooks.js:1897:20\n    at new Promise (<anonymous>)\n    at runWithTimeout (file:///workspace/node_modules/@vitest/runner/dist/chunk-hooks.js:1863:10)\n    at runTest (file:///workspace/node_modules/@vitest/runner/dist/chunk-hooks.js:1574:12)\n    at processTicksAndRejections (node:internal/process/task_queues:105:5)\n    at runSuite (file:///workspace/node_modules/@vitest/runner/dist/chunk-hooks.js:1729:8)"],"location":{"line":445,"column":5},"meta":{}},{"ancestorTitles":["NotificationManagementDashboard","Notification History Actions"],"fullName":"NotificationManagementDashboard Notification History Actions should handle unsending notifications","status":"failed","title":"should handle unsending notifications","duration":0.3599899999999252,"failureMessages":["TypeError: Cannot read properties of undefined (reading 'Provider')\n    at renderWithAuth (/workspace/src/test/components/NotificationManagementDashboard.test.jsx:148:20)\n    at /workspace/src/test/components/NotificationManagementDashboard.test.jsx:468:7\n    at file:///workspace/node_modules/@vitest/runner/dist/chunk-hooks.js:155:11\n    at file:///workspace/node_modules/@vitest/runner/dist/chunk-hooks.js:752:26\n    at file:///workspace/node_modules/@vitest/runner/dist/chunk-hooks.js:1897:20\n    at new Promise (<anonymous>)\n    at runWithTimeout (file:///workspace/node_modules/@vitest/runner/dist/chunk-hooks.js:1863:10)\n    at runTest (file:///workspace/node_modules/@vitest/runner/dist/chunk-hooks.js:1574:12)\n    at processTicksAndRejections (node:internal/process/task_queues:105:5)\n    at runSuite (file:///workspace/node_modules/@vitest/runner/dist/chunk-hooks.js:1729:8)"],"location":{"line":462,"column":5},"meta":{}},{"ancestorTitles":["NotificationManagementDashboard","Notification History Actions"],"fullName":"NotificationManagementDashboard Notification History Actions should handle bulk operations","status":"failed","title":"should handle bulk operations","duration":0.313481000000138,"failureMessages":["TypeError: Cannot read properties of undefined (reading 'Provider')\n    at renderWithAuth (/workspace/src/test/components/NotificationManagementDashboard.test.jsx:148:20)\n    at /workspace/src/test/components/NotificationManagementDashboard.test.jsx:488:7\n    at file:///workspace/node_modules/@vitest/runner/dist/chunk-hooks.js:155:11\n    at file:///workspace/node_modules/@vitest/runner/dist/chunk-hooks.js:752:26\n    at file:///workspace/node_modules/@vitest/runner/dist/chunk-hooks.js:1897:20\n    at new Promise (<anonymous>)\n    at runWithTimeout (file:///workspace/node_modules/@vitest/runner/dist/chunk-hooks.js:1863:10)\n    at runTest (file:///workspace/node_modules/@vitest/runner/dist/chunk-hooks.js:1574:12)\n    at processTicksAndRejections (node:internal/process/task_queues:105:5)\n    at runSuite (file:///workspace/node_modules/@vitest/runner/dist/chunk-hooks.js:1729:8)"],"location":{"line":482,"column":5},"meta":{}},{"ancestorTitles":["NotificationManagementDashboard","Notification History Actions"],"fullName":"NotificationManagementDashboard Notification History Actions should refresh data when refresh button is clicked","status":"failed","title":"should refresh data when refresh button is clicked","duration":0.31312900000011723,"failureMessages":["TypeError: Cannot read properties of undefined (reading 'Provider')\n    at renderWithAuth (/workspace/src/test/components/NotificationManagementDashboard.test.jsx:148:20)\n    at /workspace/src/test/components/NotificationManagementDashboard.test.jsx:503:7\n    at file:///workspace/node_modules/@vitest/runner/dist/chunk-hooks.js:155:11\n    at file:///workspace/node_modules/@vitest/runner/dist/chunk-hooks.js:752:26\n    at file:///workspace/node_modules/@vitest/runner/dist/chunk-hooks.js:1897:20\n    at new Promise (<anonymous>)\n    at runWithTimeout (file:///workspace/node_modules/@vitest/runner/dist/chunk-hooks.js:1863:10)\n    at runTest (file:///workspace/node_modules/@vitest/runner/dist/chunk-hooks.js:1574:12)\n    at processTicksAndRejections (node:internal/process/task_queues:105:5)\n    at runSuite (file:///workspace/node_modules/@vitest/runner/dist/chunk-hooks.js:1729:8)"],"location":{"line":502,"column":5},"meta":{}},{"ancestorTitles":["NotificationManagementDashboard","User Context Handling"],"fullName":"NotificationManagementDashboard User Context Handling should work with user.id when userId is not available","status":"failed","title":"should work with user.id when userId is not available","duration":0.37687499999992724,"failureMessages":["TypeError: Cannot read properties of undefined (reading 'Provider')\n    at renderWithAuth (/workspace/src/test/components/NotificationManagementDashboard.test.jsx:148:20)\n    at /workspace/src/test/components/NotificationManagementDashboard.test.jsx:526:7\n    at file:///workspace/node_modules/@vitest/runner/dist/chunk-hooks.js:155:11\n    at file:///workspace/node_modules/@vitest/runner/dist/chunk-hooks.js:752:26\n    at file:///workspace/node_modules/@vitest/runner/dist/chunk-hooks.js:1897:20\n    at new Promise (<anonymous>)\n    at runWithTimeout (file:///workspace/node_modules/@vitest/runner/dist/chunk-hooks.js:1863:10)\n    at runTest (file:///workspace/node_modules/@vitest/runner/dist/chunk-hooks.js:1574:12)\n    at processTicksAndRejections (node:internal/process/task_queues:105:5)\n    at runSuite (file:///workspace/node_modules/@vitest/runner/dist/chunk-hooks.js:1729:8)"],"location":{"line":524,"column":5},"meta":{}},{"ancestorTitles":["NotificationManagementDashboard","User Context Handling"],"fullName":"NotificationManagementDashboard User Context Handling should handle user context changes","status":"failed","title":"should handle user context changes","duration":0.34275499999966996,"failureMessages":["TypeError: Cannot read properties of undefined (reading 'Provider')\n    at renderWithAuth (/workspace/src/test/components/NotificationManagementDashboard.test.jsx:148:20)\n    at /workspace/src/test/components/NotificationManagementDashboard.test.jsx:534:28\n    at file:///workspace/node_modules/@vitest/runner/dist/chunk-hooks.js:155:11\n    at file:///workspace/node_modules/@vitest/runner/dist/chunk-hooks.js:752:26\n    at file:///workspace/node_modules/@vitest/runner/dist/chunk-hooks.js:1897:20\n    at new Promise (<anonymous>)\n    at runWithTimeout (file:///workspace/node_modules/@vitest/runner/dist/chunk-hooks.js:1863:10)\n    at runTest (file:///workspace/node_modules/@vitest/runner/dist/chunk-hooks.js:1574:12)\n    at processTicksAndRejections (node:internal/process/task_queues:105:5)\n    at runSuite (file:///workspace/node_modules/@vitest/runner/dist/chunk-hooks.js:1729:8)"],"location":{"line":533,"column":5},"meta":{}},{"ancestorTitles":["NotificationManagementDashboard","Analytics Calculations"],"fullName":"NotificationManagementDashboard Analytics Calculations should calculate analytics correctly from notification history","status":"failed","title":"should calculate analytics correctly from notification history","duration":0.38063700000020617,"failureMessages":["TypeError: Cannot read properties of undefined (reading 'Provider')\n    at renderWithAuth (/workspace/src/test/components/NotificationManagementDashboard.test.jsx:148:20)\n    at /workspace/src/test/components/NotificationManagementDashboard.test.jsx:567:7\n    at file:///workspace/node_modules/@vitest/runner/dist/chunk-hooks.js:155:11\n    at file:///workspace/node_modules/@vitest/runner/dist/chunk-hooks.js:752:26\n    at file:///workspace/node_modules/@vitest/runner/dist/chunk-hooks.js:1897:20\n    at new Promise (<anonymous>)\n    at runWithTimeout (file:///workspace/node_modules/@vitest/runner/dist/chunk-hooks.js:1863:10)\n    at runTest (file:///workspace/node_modules/@vitest/runner/dist/chunk-hooks.js:1574:12)\n    at processTicksAndRejections (node:internal/process/task_queues:105:5)\n    at runSuite (file:///workspace/node_modules/@vitest/runner/dist/chunk-hooks.js:1729:8)"],"location":{"line":551,"column":5},"meta":{}}],"startTime":1752575752079,"endTime":1752575752089.3806,"status":"failed","message":"","name":"/workspace/src/test/components/NotificationManagementDashboard.test.jsx"},{"assertionResults":[{"ancestorTitles":["PatientSelector","Component Rendering"],"fullName":"PatientSelector Component Rendering should render patient selector with default props","status":"failed","title":"should render patient selector with default props","duration":13.564513000000261,"failureMessages":["TypeError: Cannot read properties of undefined (reading 'includes')\n    at /workspace/src/components/notifications/PatientSelector.jsx:74:58\n    at Array.filter (<anonymous>)\n    at getSelectedPatients (/workspace/src/components/notifications/PatientSelector.jsx:74:21)\n    at PatientSelector (/workspace/src/components/notifications/PatientSelector.jsx:108:28)\n    at renderWithHooks (/workspace/node_modules/react-dom/cjs/react-dom.development.js:15486:18)\n    at mountIndeterminateComponent (/workspace/node_modules/react-dom/cjs/react-dom.development.js:20103:13)\n    at beginWork (/workspace/node_modules/react-dom/cjs/react-dom.development.js:21626:16)\n    at beginWork$1 (/workspace/node_modules/react-dom/cjs/react-dom.development.js:27465:14)\n    at performUnitOfWork (/workspace/node_modules/react-dom/cjs/react-dom.development.js:26599:12)\n    at workLoopSync (/workspace/node_modules/react-dom/cjs/react-dom.development.js:26505:5)"],"location":{"line":77,"column":5},"meta":{}},{"ancestorTitles":["PatientSelector","Component Rendering"],"fullName":"PatientSelector Component Rendering should render loading state","status":"failed","title":"should render loading state","duration":2.5099200000004203,"failureMessages":["TypeError: Cannot read properties of undefined (reading 'includes')\n    at /workspace/src/components/notifications/PatientSelector.jsx:74:58\n    at Array.filter (<anonymous>)\n    at getSelectedPatients (/workspace/src/components/notifications/PatientSelector.jsx:74:21)\n    at PatientSelector (/workspace/src/components/notifications/PatientSelector.jsx:108:28)\n    at renderWithHooks (/workspace/node_modules/react-dom/cjs/react-dom.development.js:15486:18)\n    at mountIndeterminateComponent (/workspace/node_modules/react-dom/cjs/react-dom.development.js:20103:13)\n    at beginWork (/workspace/node_modules/react-dom/cjs/react-dom.development.js:21626:16)\n    at beginWork$1 (/workspace/node_modules/react-dom/cjs/react-dom.development.js:27465:14)\n    at performUnitOfWork (/workspace/node_modules/react-dom/cjs/react-dom.development.js:26599:12)\n    at workLoopSync (/workspace/node_modules/react-dom/cjs/react-dom.development.js:26505:5)"],"location":{"line":85,"column":5},"meta":{}},{"ancestorTitles":["PatientSelector","Component Rendering"],"fullName":"PatientSelector Component Rendering should render error state","status":"failed","title":"should render error state","duration":2.4103540000005523,"failureMessages":["TypeError: Cannot read properties of undefined (reading 'includes')\n    at /workspace/src/components/notifications/PatientSelector.jsx:74:58\n    at Array.filter (<anonymous>)\n    at getSelectedPatients (/workspace/src/components/notifications/PatientSelector.jsx:74:21)\n    at PatientSelector (/workspace/src/components/notifications/PatientSelector.jsx:108:28)\n    at renderWithHooks (/workspace/node_modules/react-dom/cjs/react-dom.development.js:15486:18)\n    at mountIndeterminateComponent (/workspace/node_modules/react-dom/cjs/react-dom.development.js:20103:13)\n    at beginWork (/workspace/node_modules/react-dom/cjs/react-dom.development.js:21626:16)\n    at beginWork$1 (/workspace/node_modules/react-dom/cjs/react-dom.development.js:27465:14)\n    at performUnitOfWork (/workspace/node_modules/react-dom/cjs/react-dom.development.js:26599:12)\n    at workLoopSync (/workspace/node_modules/react-dom/cjs/react-dom.development.js:26505:5)"],"location":{"line":92,"column":5},"meta":{}},{"ancestorTitles":["PatientSelector","Component Rendering"],"fullName":"PatientSelector Component Rendering should render empty state when no patients","status":"failed","title":"should render empty state when no patients","duration":7.462810999999419,"failureMessages":["TestingLibraryElementError: Unable to find an element with the text: No patients available. This could be because the text is broken up by multiple elements. In this case, you can provide a function for your text matcher to make your matcher more flexible.\n\nIgnored nodes: comments, script, style\n\u001b[36m<body>\u001b[39m\n  \u001b[36m<div>\u001b[39m\n    \u001b[36m<div\u001b[39m\n      \u001b[33mclass\u001b[39m=\u001b[32m\"patient-selector  \"\u001b[39m\n    \u001b[36m>\u001b[39m\n      \u001b[36m<div\u001b[39m\n        \u001b[33mclass\u001b[39m=\u001b[32m\"search-input-container\"\u001b[39m\n      \u001b[36m>\u001b[39m\n        \u001b[36m<input\u001b[39m\n          \u001b[33maria-expanded\u001b[39m=\u001b[32m\"false\"\u001b[39m\n          \u001b[33maria-haspopup\u001b[39m=\u001b[32m\"listbox\"\u001b[39m\n          \u001b[33mclass\u001b[39m=\u001b[32m\"search-input\"\u001b[39m\n          \u001b[33mplaceholder\u001b[39m=\u001b[32m\"Search patients...\"\u001b[39m\n          \u001b[33mrole\u001b[39m=\u001b[32m\"combobox\"\u001b[39m\n          \u001b[33mtype\u001b[39m=\u001b[32m\"text\"\u001b[39m\n          \u001b[33mvalue\u001b[39m=\u001b[32m\"\"\u001b[39m\n        \u001b[36m/>\u001b[39m\n        \u001b[36m<div\u001b[39m\n          \u001b[33mclass\u001b[39m=\u001b[32m\"search-icon\"\u001b[39m\n        \u001b[36m>\u001b[39m\n          \u001b[36m<svg\u001b[39m\n            \u001b[33mfill\u001b[39m=\u001b[32m\"none\"\u001b[39m\n            \u001b[33mstroke\u001b[39m=\u001b[32m\"currentColor\"\u001b[39m\n            \u001b[33mstroke-width\u001b[39m=\u001b[32m\"2\"\u001b[39m\n            \u001b[33mviewBox\u001b[39m=\u001b[32m\"0 0 24 24\"\u001b[39m\n          \u001b[36m>\u001b[39m\n            \u001b[36m<circle\u001b[39m\n              \u001b[33mcx\u001b[39m=\u001b[32m\"11\"\u001b[39m\n              \u001b[33mcy\u001b[39m=\u001b[32m\"11\"\u001b[39m\n              \u001b[33mr\u001b[39m=\u001b[32m\"8\"\u001b[39m\n            \u001b[36m/>\u001b[39m\n            \u001b[36m<path\u001b[39m\n              \u001b[33md\u001b[39m=\u001b[32m\"m21 21-4.35-4.35\"\u001b[39m\n            \u001b[36m/>\u001b[39m\n          \u001b[36m</svg>\u001b[39m\n        \u001b[36m</div>\u001b[39m\n      \u001b[36m</div>\u001b[39m\n      \u001b[36m<div\u001b[39m\n        \u001b[33mclass\u001b[39m=\u001b[32m\"help-text\"\u001b[39m\n      \u001b[36m>\u001b[39m\n        \u001b[0mSearch and select a patient to send notification to\u001b[0m\n      \u001b[36m</div>\u001b[39m\n    \u001b[36m</div>\u001b[39m\n  \u001b[36m</div>\u001b[39m\n\u001b[36m</body>\u001b[39m\n    at Object.getElementError (/workspace/node_modules/@testing-library/dom/dist/config.js:37:19)\n    at /workspace/node_modules/@testing-library/dom/dist/query-helpers.js:76:38\n    at /workspace/node_modules/@testing-library/dom/dist/query-helpers.js:52:17\n    at /workspace/node_modules/@testing-library/dom/dist/query-helpers.js:95:19\n    at /workspace/src/test/components/PatientSelector.test.jsx:103:21\n    at file:///workspace/node_modules/@vitest/runner/dist/chunk-hooks.js:155:11\n    at file:///workspace/node_modules/@vitest/runner/dist/chunk-hooks.js:752:26\n    at file:///workspace/node_modules/@vitest/runner/dist/chunk-hooks.js:1897:20\n    at new Promise (<anonymous>)\n    at runWithTimeout (file:///workspace/node_modules/@vitest/runner/dist/chunk-hooks.js:1863:10)"],"location":{"line":100,"column":5},"meta":{}},{"ancestorTitles":["PatientSelector","Component Rendering"],"fullName":"PatientSelector Component Rendering should render patient cards for each patient","status":"failed","title":"should render patient cards for each patient","duration":2.143335999999181,"failureMessages":["TypeError: Cannot read properties of undefined (reading 'includes')\n    at /workspace/src/components/notifications/PatientSelector.jsx:74:58\n    at Array.filter (<anonymous>)\n    at getSelectedPatients (/workspace/src/components/notifications/PatientSelector.jsx:74:21)\n    at PatientSelector (/workspace/src/components/notifications/PatientSelector.jsx:108:28)\n    at renderWithHooks (/workspace/node_modules/react-dom/cjs/react-dom.development.js:15486:18)\n    at mountIndeterminateComponent (/workspace/node_modules/react-dom/cjs/react-dom.development.js:20103:13)\n    at beginWork (/workspace/node_modules/react-dom/cjs/react-dom.development.js:21626:16)\n    at beginWork$1 (/workspace/node_modules/react-dom/cjs/react-dom.development.js:27465:14)\n    at performUnitOfWork (/workspace/node_modules/react-dom/cjs/react-dom.development.js:26599:12)\n    at workLoopSync (/workspace/node_modules/react-dom/cjs/react-dom.development.js:26505:5)"],"location":{"line":107,"column":5},"meta":{}},{"ancestorTitles":["PatientSelector","Component Rendering"],"fullName":"PatientSelector Component Rendering should apply custom className","status":"failed","title":"should apply custom className","duration":2.4111069999999017,"failureMessages":["TypeError: Cannot read properties of undefined (reading 'includes')\n    at /workspace/src/components/notifications/PatientSelector.jsx:74:58\n    at Array.filter (<anonymous>)\n    at getSelectedPatients (/workspace/src/components/notifications/PatientSelector.jsx:74:21)\n    at PatientSelector (/workspace/src/components/notifications/PatientSelector.jsx:108:28)\n    at renderWithHooks (/workspace/node_modules/react-dom/cjs/react-dom.development.js:15486:18)\n    at mountIndeterminateComponent (/workspace/node_modules/react-dom/cjs/react-dom.development.js:20103:13)\n    at beginWork (/workspace/node_modules/react-dom/cjs/react-dom.development.js:21626:16)\n    at beginWork$1 (/workspace/node_modules/react-dom/cjs/react-dom.development.js:27465:14)\n    at performUnitOfWork (/workspace/node_modules/react-dom/cjs/react-dom.development.js:26599:12)\n    at workLoopSync (/workspace/node_modules/react-dom/cjs/react-dom.development.js:26505:5)"],"location":{"line":116,"column":5},"meta":{}},{"ancestorTitles":["PatientSelector","Patient Selection"],"fullName":"PatientSelector Patient Selection should handle single patient selection","status":"failed","title":"should handle single patient selection","duration":2.306731000000582,"failureMessages":["TypeError: Cannot read properties of undefined (reading 'includes')\n    at /workspace/src/components/notifications/PatientSelector.jsx:74:58\n    at Array.filter (<anonymous>)\n    at getSelectedPatients (/workspace/src/components/notifications/PatientSelector.jsx:74:21)\n    at PatientSelector (/workspace/src/components/notifications/PatientSelector.jsx:108:28)\n    at renderWithHooks (/workspace/node_modules/react-dom/cjs/react-dom.development.js:15486:18)\n    at mountIndeterminateComponent (/workspace/node_modules/react-dom/cjs/react-dom.development.js:20103:13)\n    at beginWork (/workspace/node_modules/react-dom/cjs/react-dom.development.js:21626:16)\n    at beginWork$1 (/workspace/node_modules/react-dom/cjs/react-dom.development.js:27465:14)\n    at performUnitOfWork (/workspace/node_modules/react-dom/cjs/react-dom.development.js:26599:12)\n    at workLoopSync (/workspace/node_modules/react-dom/cjs/react-dom.development.js:26505:5)"],"location":{"line":126,"column":5},"meta":{}},{"ancestorTitles":["PatientSelector","Patient Selection"],"fullName":"PatientSelector Patient Selection should handle multiple patient selection","status":"failed","title":"should handle multiple patient selection","duration":1.9997179999991204,"failureMessages":["TypeError: Cannot read properties of undefined (reading 'includes')\n    at /workspace/src/components/notifications/PatientSelector.jsx:74:58\n    at Array.filter (<anonymous>)\n    at getSelectedPatients (/workspace/src/components/notifications/PatientSelector.jsx:74:21)\n    at PatientSelector (/workspace/src/components/notifications/PatientSelector.jsx:108:28)\n    at renderWithHooks (/workspace/node_modules/react-dom/cjs/react-dom.development.js:15486:18)\n    at mountIndeterminateComponent (/workspace/node_modules/react-dom/cjs/react-dom.development.js:20103:13)\n    at beginWork (/workspace/node_modules/react-dom/cjs/react-dom.development.js:21626:16)\n    at beginWork$1 (/workspace/node_modules/react-dom/cjs/react-dom.development.js:27465:14)\n    at performUnitOfWork (/workspace/node_modules/react-dom/cjs/react-dom.development.js:26599:12)\n    at workLoopSync (/workspace/node_modules/react-dom/cjs/react-dom.development.js:26505:5)"],"location":{"line":141,"column":5},"meta":{}},{"ancestorTitles":["PatientSelector","Patient Selection"],"fullName":"PatientSelector Patient Selection should deselect patient when clicked again in multi-select mode","status":"failed","title":"should deselect patient when clicked again in multi-select mode","duration":2.074689000000035,"failureMessages":["TypeError: Cannot read properties of undefined (reading 'includes')\n    at /workspace/src/components/notifications/PatientSelector.jsx:74:58\n    at Array.filter (<anonymous>)\n    at getSelectedPatients (/workspace/src/components/notifications/PatientSelector.jsx:74:21)\n    at PatientSelector (/workspace/src/components/notifications/PatientSelector.jsx:108:28)\n    at renderWithHooks (/workspace/node_modules/react-dom/cjs/react-dom.development.js:15486:18)\n    at mountIndeterminateComponent (/workspace/node_modules/react-dom/cjs/react-dom.development.js:20103:13)\n    at beginWork (/workspace/node_modules/react-dom/cjs/react-dom.development.js:21626:16)\n    at beginWork$1 (/workspace/node_modules/react-dom/cjs/react-dom.development.js:27465:14)\n    at performUnitOfWork (/workspace/node_modules/react-dom/cjs/react-dom.development.js:26599:12)\n    at workLoopSync (/workspace/node_modules/react-dom/cjs/react-dom.development.js:26505:5)"],"location":{"line":157,"column":5},"meta":{}},{"ancestorTitles":["PatientSelector","Patient Selection"],"fullName":"PatientSelector Patient Selection should replace selection in single-select mode","status":"failed","title":"should replace selection in single-select mode","duration":2.296744000000217,"failureMessages":["TypeError: Cannot read properties of undefined (reading 'includes')\n    at /workspace/src/components/notifications/PatientSelector.jsx:74:58\n    at Array.filter (<anonymous>)\n    at getSelectedPatients (/workspace/src/components/notifications/PatientSelector.jsx:74:21)\n    at PatientSelector (/workspace/src/components/notifications/PatientSelector.jsx:108:28)\n    at renderWithHooks (/workspace/node_modules/react-dom/cjs/react-dom.development.js:15486:18)\n    at mountIndeterminateComponent (/workspace/node_modules/react-dom/cjs/react-dom.development.js:20103:13)\n    at beginWork (/workspace/node_modules/react-dom/cjs/react-dom.development.js:21626:16)\n    at beginWork$1 (/workspace/node_modules/react-dom/cjs/react-dom.development.js:27465:14)\n    at performUnitOfWork (/workspace/node_modules/react-dom/cjs/react-dom.development.js:26599:12)\n    at workLoopSync (/workspace/node_modules/react-dom/cjs/react-dom.development.js:26505:5)"],"location":{"line":172,"column":5},"meta":{}},{"ancestorTitles":["PatientSelector","Patient Selection"],"fullName":"PatientSelector Patient Selection should respect maxSelections limit","status":"failed","title":"should respect maxSelections limit","duration":2.2061499999999796,"failureMessages":["TypeError: Cannot read properties of undefined (reading 'includes')\n    at /workspace/src/components/notifications/PatientSelector.jsx:74:58\n    at Array.filter (<anonymous>)\n    at getSelectedPatients (/workspace/src/components/notifications/PatientSelector.jsx:74:21)\n    at PatientSelector (/workspace/src/components/notifications/PatientSelector.jsx:108:28)\n    at renderWithHooks (/workspace/node_modules/react-dom/cjs/react-dom.development.js:15486:18)\n    at mountIndeterminateComponent (/workspace/node_modules/react-dom/cjs/react-dom.development.js:20103:13)\n    at beginWork (/workspace/node_modules/react-dom/cjs/react-dom.development.js:21626:16)\n    at beginWork$1 (/workspace/node_modules/react-dom/cjs/react-dom.development.js:27465:14)\n    at performUnitOfWork (/workspace/node_modules/react-dom/cjs/react-dom.development.js:26599:12)\n    at workLoopSync (/workspace/node_modules/react-dom/cjs/react-dom.development.js:26505:5)"],"location":{"line":188,"column":5},"meta":{}},{"ancestorTitles":["PatientSelector","Patient Selection"],"fullName":"PatientSelector Patient Selection should show max selections warning","status":"failed","title":"should show max selections warning","duration":2.0133889999997336,"failureMessages":["TypeError: Cannot read properties of undefined (reading 'includes')\n    at /workspace/src/components/notifications/PatientSelector.jsx:74:58\n    at Array.filter (<anonymous>)\n    at getSelectedPatients (/workspace/src/components/notifications/PatientSelector.jsx:74:21)\n    at PatientSelector (/workspace/src/components/notifications/PatientSelector.jsx:108:28)\n    at renderWithHooks (/workspace/node_modules/react-dom/cjs/react-dom.development.js:15486:18)\n    at mountIndeterminateComponent (/workspace/node_modules/react-dom/cjs/react-dom.development.js:20103:13)\n    at beginWork (/workspace/node_modules/react-dom/cjs/react-dom.development.js:21626:16)\n    at beginWork$1 (/workspace/node_modules/react-dom/cjs/react-dom.development.js:27465:14)\n    at performUnitOfWork (/workspace/node_modules/react-dom/cjs/react-dom.development.js:26599:12)\n    at workLoopSync (/workspace/node_modules/react-dom/cjs/react-dom.development.js:26505:5)"],"location":{"line":205,"column":5},"meta":{}},{"ancestorTitles":["PatientSelector","Patient Selection"],"fullName":"PatientSelector Patient Selection should disable selection when component is disabled","status":"failed","title":"should disable selection when component is disabled","duration":2.380033000000367,"failureMessages":["TypeError: Cannot read properties of undefined (reading 'includes')\n    at /workspace/src/components/notifications/PatientSelector.jsx:74:58\n    at Array.filter (<anonymous>)\n    at getSelectedPatients (/workspace/src/components/notifications/PatientSelector.jsx:74:21)\n    at PatientSelector (/workspace/src/components/notifications/PatientSelector.jsx:108:28)\n    at renderWithHooks (/workspace/node_modules/react-dom/cjs/react-dom.development.js:15486:18)\n    at mountIndeterminateComponent (/workspace/node_modules/react-dom/cjs/react-dom.development.js:20103:13)\n    at beginWork (/workspace/node_modules/react-dom/cjs/react-dom.development.js:21626:16)\n    at beginWork$1 (/workspace/node_modules/react-dom/cjs/react-dom.development.js:27465:14)\n    at performUnitOfWork (/workspace/node_modules/react-dom/cjs/react-dom.development.js:26599:12)\n    at workLoopSync (/workspace/node_modules/react-dom/cjs/react-dom.development.js:26505:5)"],"location":{"line":214,"column":5},"meta":{}},{"ancestorTitles":["PatientSelector","Search Functionality"],"fullName":"PatientSelector Search Functionality should filter patients by name","status":"failed","title":"should filter patients by name","duration":2.185523999999532,"failureMessages":["TypeError: Cannot read properties of undefined (reading 'includes')\n    at /workspace/src/components/notifications/PatientSelector.jsx:74:58\n    at Array.filter (<anonymous>)\n    at getSelectedPatients (/workspace/src/components/notifications/PatientSelector.jsx:74:21)\n    at PatientSelector (/workspace/src/components/notifications/PatientSelector.jsx:108:28)\n    at renderWithHooks (/workspace/node_modules/react-dom/cjs/react-dom.development.js:15486:18)\n    at mountIndeterminateComponent (/workspace/node_modules/react-dom/cjs/react-dom.development.js:20103:13)\n    at beginWork (/workspace/node_modules/react-dom/cjs/react-dom.development.js:21626:16)\n    at beginWork$1 (/workspace/node_modules/react-dom/cjs/react-dom.development.js:27465:14)\n    at performUnitOfWork (/workspace/node_modules/react-dom/cjs/react-dom.development.js:26599:12)\n    at workLoopSync (/workspace/node_modules/react-dom/cjs/react-dom.development.js:26505:5)"],"location":{"line":231,"column":5},"meta":{}},{"ancestorTitles":["PatientSelector","Search Functionality"],"fullName":"PatientSelector Search Functionality should filter patients by email","status":"failed","title":"should filter patients by email","duration":7.182999999999993,"failureMessages":["TypeError: Cannot read properties of undefined (reading 'includes')\n    at /workspace/src/components/notifications/PatientSelector.jsx:74:58\n    at Array.filter (<anonymous>)\n    at getSelectedPatients (/workspace/src/components/notifications/PatientSelector.jsx:74:21)\n    at PatientSelector (/workspace/src/components/notifications/PatientSelector.jsx:108:28)\n    at renderWithHooks (/workspace/node_modules/react-dom/cjs/react-dom.development.js:15486:18)\n    at mountIndeterminateComponent (/workspace/node_modules/react-dom/cjs/react-dom.development.js:20103:13)\n    at beginWork (/workspace/node_modules/react-dom/cjs/react-dom.development.js:21626:16)\n    at beginWork$1 (/workspace/node_modules/react-dom/cjs/react-dom.development.js:27465:14)\n    at performUnitOfWork (/workspace/node_modules/react-dom/cjs/react-dom.development.js:26599:12)\n    at workLoopSync (/workspace/node_modules/react-dom/cjs/react-dom.development.js:26505:5)"],"location":{"line":243,"column":5},"meta":{}},{"ancestorTitles":["PatientSelector","Search Functionality"],"fullName":"PatientSelector Search Functionality should be case insensitive","status":"failed","title":"should be case insensitive","duration":1.904714999999669,"failureMessages":["TypeError: Cannot read properties of undefined (reading 'includes')\n    at /workspace/src/components/notifications/PatientSelector.jsx:74:58\n    at Array.filter (<anonymous>)\n    at getSelectedPatients (/workspace/src/components/notifications/PatientSelector.jsx:74:21)\n    at PatientSelector (/workspace/src/components/notifications/PatientSelector.jsx:108:28)\n    at renderWithHooks (/workspace/node_modules/react-dom/cjs/react-dom.development.js:15486:18)\n    at mountIndeterminateComponent (/workspace/node_modules/react-dom/cjs/react-dom.development.js:20103:13)\n    at beginWork (/workspace/node_modules/react-dom/cjs/react-dom.development.js:21626:16)\n    at beginWork$1 (/workspace/node_modules/react-dom/cjs/react-dom.development.js:27465:14)\n    at performUnitOfWork (/workspace/node_modules/react-dom/cjs/react-dom.development.js:26599:12)\n    at workLoopSync (/workspace/node_modules/react-dom/cjs/react-dom.development.js:26505:5)"],"location":{"line":255,"column":5},"meta":{}},{"ancestorTitles":["PatientSelector","Search Functionality"],"fullName":"PatientSelector Search Functionality should show no results message when search yields no matches","status":"failed","title":"should show no results message when search yields no matches","duration":1.7882399999998597,"failureMessages":["TypeError: Cannot read properties of undefined (reading 'includes')\n    at /workspace/src/components/notifications/PatientSelector.jsx:74:58\n    at Array.filter (<anonymous>)\n    at getSelectedPatients (/workspace/src/components/notifications/PatientSelector.jsx:74:21)\n    at PatientSelector (/workspace/src/components/notifications/PatientSelector.jsx:108:28)\n    at renderWithHooks (/workspace/node_modules/react-dom/cjs/react-dom.development.js:15486:18)\n    at mountIndeterminateComponent (/workspace/node_modules/react-dom/cjs/react-dom.development.js:20103:13)\n    at beginWork (/workspace/node_modules/react-dom/cjs/react-dom.development.js:21626:16)\n    at beginWork$1 (/workspace/node_modules/react-dom/cjs/react-dom.development.js:27465:14)\n    at performUnitOfWork (/workspace/node_modules/react-dom/cjs/react-dom.development.js:26599:12)\n    at workLoopSync (/workspace/node_modules/react-dom/cjs/react-dom.development.js:26505:5)"],"location":{"line":265,"column":5},"meta":{}},{"ancestorTitles":["PatientSelector","Search Functionality"],"fullName":"PatientSelector Search Functionality should clear search when clear button is clicked","status":"failed","title":"should clear search when clear button is clicked","duration":1.8837560000001758,"failureMessages":["TypeError: Cannot read properties of undefined (reading 'includes')\n    at /workspace/src/components/notifications/PatientSelector.jsx:74:58\n    at Array.filter (<anonymous>)\n    at getSelectedPatients (/workspace/src/components/notifications/PatientSelector.jsx:74:21)\n    at PatientSelector (/workspace/src/components/notifications/PatientSelector.jsx:108:28)\n    at renderWithHooks (/workspace/node_modules/react-dom/cjs/react-dom.development.js:15486:18)\n    at mountIndeterminateComponent (/workspace/node_modules/react-dom/cjs/react-dom.development.js:20103:13)\n    at beginWork (/workspace/node_modules/react-dom/cjs/react-dom.development.js:21626:16)\n    at beginWork$1 (/workspace/node_modules/react-dom/cjs/react-dom.development.js:27465:14)\n    at performUnitOfWork (/workspace/node_modules/react-dom/cjs/react-dom.development.js:26599:12)\n    at workLoopSync (/workspace/node_modules/react-dom/cjs/react-dom.development.js:26505:5)"],"location":{"line":276,"column":5},"meta":{}},{"ancestorTitles":["PatientSelector","Search Functionality"],"fullName":"PatientSelector Search Functionality should not render search when showSearch is false","status":"failed","title":"should not render search when showSearch is false","duration":1.7129180000001725,"failureMessages":["TypeError: Cannot read properties of undefined (reading 'includes')\n    at /workspace/src/components/notifications/PatientSelector.jsx:74:58\n    at Array.filter (<anonymous>)\n    at getSelectedPatients (/workspace/src/components/notifications/PatientSelector.jsx:74:21)\n    at PatientSelector (/workspace/src/components/notifications/PatientSelector.jsx:108:28)\n    at renderWithHooks (/workspace/node_modules/react-dom/cjs/react-dom.development.js:15486:18)\n    at mountIndeterminateComponent (/workspace/node_modules/react-dom/cjs/react-dom.development.js:20103:13)\n    at beginWork (/workspace/node_modules/react-dom/cjs/react-dom.development.js:21626:16)\n    at beginWork$1 (/workspace/node_modules/react-dom/cjs/react-dom.development.js:27465:14)\n    at performUnitOfWork (/workspace/node_modules/react-dom/cjs/react-dom.development.js:26599:12)\n    at workLoopSync (/workspace/node_modules/react-dom/cjs/react-dom.development.js:26505:5)"],"location":{"line":291,"column":5},"meta":{}},{"ancestorTitles":["PatientSelector","Filter Functionality"],"fullName":"PatientSelector Filter Functionality should filter patients by appointment status","status":"failed","title":"should filter patients by appointment status","duration":1.905413000000408,"failureMessages":["TypeError: Cannot read properties of undefined (reading 'includes')\n    at /workspace/src/components/notifications/PatientSelector.jsx:74:58\n    at Array.filter (<anonymous>)\n    at getSelectedPatients (/workspace/src/components/notifications/PatientSelector.jsx:74:21)\n    at PatientSelector (/workspace/src/components/notifications/PatientSelector.jsx:108:28)\n    at renderWithHooks (/workspace/node_modules/react-dom/cjs/react-dom.development.js:15486:18)\n    at mountIndeterminateComponent (/workspace/node_modules/react-dom/cjs/react-dom.development.js:20103:13)\n    at beginWork (/workspace/node_modules/react-dom/cjs/react-dom.development.js:21626:16)\n    at beginWork$1 (/workspace/node_modules/react-dom/cjs/react-dom.development.js:27465:14)\n    at performUnitOfWork (/workspace/node_modules/react-dom/cjs/react-dom.development.js:26599:12)\n    at workLoopSync (/workspace/node_modules/react-dom/cjs/react-dom.development.js:26505:5)"],"location":{"line":299,"column":5},"meta":{}},{"ancestorTitles":["PatientSelector","Filter Functionality"],"fullName":"PatientSelector Filter Functionality should show all patients when filter is set to all","status":"failed","title":"should show all patients when filter is set to all","duration":1.955163999999968,"failureMessages":["TypeError: Cannot read properties of undefined (reading 'includes')\n    at /workspace/src/components/notifications/PatientSelector.jsx:74:58\n    at Array.filter (<anonymous>)\n    at getSelectedPatients (/workspace/src/components/notifications/PatientSelector.jsx:74:21)\n    at PatientSelector (/workspace/src/components/notifications/PatientSelector.jsx:108:28)\n    at renderWithHooks (/workspace/node_modules/react-dom/cjs/react-dom.development.js:15486:18)\n    at mountIndeterminateComponent (/workspace/node_modules/react-dom/cjs/react-dom.development.js:20103:13)\n    at beginWork (/workspace/node_modules/react-dom/cjs/react-dom.development.js:21626:16)\n    at beginWork$1 (/workspace/node_modules/react-dom/cjs/react-dom.development.js:27465:14)\n    at performUnitOfWork (/workspace/node_modules/react-dom/cjs/react-dom.development.js:26599:12)\n    at workLoopSync (/workspace/node_modules/react-dom/cjs/react-dom.development.js:26505:5)"],"location":{"line":311,"column":5},"meta":{}},{"ancestorTitles":["PatientSelector","Filter Functionality"],"fullName":"PatientSelector Filter Functionality should not render filters when showFilters is false","status":"failed","title":"should not render filters when showFilters is false","duration":1.7074659999998403,"failureMessages":["TypeError: Cannot read properties of undefined (reading 'includes')\n    at /workspace/src/components/notifications/PatientSelector.jsx:74:58\n    at Array.filter (<anonymous>)\n    at getSelectedPatients (/workspace/src/components/notifications/PatientSelector.jsx:74:21)\n    at PatientSelector (/workspace/src/components/notifications/PatientSelector.jsx:108:28)\n    at renderWithHooks (/workspace/node_modules/react-dom/cjs/react-dom.development.js:15486:18)\n    at mountIndeterminateComponent (/workspace/node_modules/react-dom/cjs/react-dom.development.js:20103:13)\n    at beginWork (/workspace/node_modules/react-dom/cjs/react-dom.development.js:21626:16)\n    at beginWork$1 (/workspace/node_modules/react-dom/cjs/react-dom.development.js:27465:14)\n    at performUnitOfWork (/workspace/node_modules/react-dom/cjs/react-dom.development.js:26599:12)\n    at workLoopSync (/workspace/node_modules/react-dom/cjs/react-dom.development.js:26505:5)"],"location":{"line":323,"column":5},"meta":{}},{"ancestorTitles":["PatientSelector","Filter Functionality"],"fullName":"PatientSelector Filter Functionality should combine search and filter","status":"failed","title":"should combine search and filter","duration":1.897914000000128,"failureMessages":["TypeError: Cannot read properties of undefined (reading 'includes')\n    at /workspace/src/components/notifications/PatientSelector.jsx:74:58\n    at Array.filter (<anonymous>)\n    at getSelectedPatients (/workspace/src/components/notifications/PatientSelector.jsx:74:21)\n    at PatientSelector (/workspace/src/components/notifications/PatientSelector.jsx:108:28)\n    at renderWithHooks (/workspace/node_modules/react-dom/cjs/react-dom.development.js:15486:18)\n    at mountIndeterminateComponent (/workspace/node_modules/react-dom/cjs/react-dom.development.js:20103:13)\n    at beginWork (/workspace/node_modules/react-dom/cjs/react-dom.development.js:21626:16)\n    at beginWork$1 (/workspace/node_modules/react-dom/cjs/react-dom.development.js:27465:14)\n    at performUnitOfWork (/workspace/node_modules/react-dom/cjs/react-dom.development.js:26599:12)\n    at workLoopSync (/workspace/node_modules/react-dom/cjs/react-dom.development.js:26505:5)"],"location":{"line":329,"column":5},"meta":{}},{"ancestorTitles":["PatientSelector","Patient Card Display"],"fullName":"PatientSelector Patient Card Display should display patient information correctly","status":"failed","title":"should display patient information correctly","duration":1.7701399999996283,"failureMessages":["TypeError: Cannot read properties of undefined (reading 'includes')\n    at /workspace/src/components/notifications/PatientSelector.jsx:74:58\n    at Array.filter (<anonymous>)\n    at getSelectedPatients (/workspace/src/components/notifications/PatientSelector.jsx:74:21)\n    at PatientSelector (/workspace/src/components/notifications/PatientSelector.jsx:108:28)\n    at renderWithHooks (/workspace/node_modules/react-dom/cjs/react-dom.development.js:15486:18)\n    at mountIndeterminateComponent (/workspace/node_modules/react-dom/cjs/react-dom.development.js:20103:13)\n    at beginWork (/workspace/node_modules/react-dom/cjs/react-dom.development.js:21626:16)\n    at beginWork$1 (/workspace/node_modules/react-dom/cjs/react-dom.development.js:27465:14)\n    at performUnitOfWork (/workspace/node_modules/react-dom/cjs/react-dom.development.js:26599:12)\n    at workLoopSync (/workspace/node_modules/react-dom/cjs/react-dom.development.js:26505:5)"],"location":{"line":346,"column":5},"meta":{}},{"ancestorTitles":["PatientSelector","Patient Card Display"],"fullName":"PatientSelector Patient Card Display should display profile image when available","status":"failed","title":"should display profile image when available","duration":1.8068389999998544,"failureMessages":["TypeError: Cannot read properties of undefined (reading 'includes')\n    at /workspace/src/components/notifications/PatientSelector.jsx:74:58\n    at Array.filter (<anonymous>)\n    at getSelectedPatients (/workspace/src/components/notifications/PatientSelector.jsx:74:21)\n    at PatientSelector (/workspace/src/components/notifications/PatientSelector.jsx:108:28)\n    at renderWithHooks (/workspace/node_modules/react-dom/cjs/react-dom.development.js:15486:18)\n    at mountIndeterminateComponent (/workspace/node_modules/react-dom/cjs/react-dom.development.js:20103:13)\n    at beginWork (/workspace/node_modules/react-dom/cjs/react-dom.development.js:21626:16)\n    at beginWork$1 (/workspace/node_modules/react-dom/cjs/react-dom.development.js:27465:14)\n    at performUnitOfWork (/workspace/node_modules/react-dom/cjs/react-dom.development.js:26599:12)\n    at workLoopSync (/workspace/node_modules/react-dom/cjs/react-dom.development.js:26505:5)"],"location":{"line":359,"column":5},"meta":{}},{"ancestorTitles":["PatientSelector","Patient Card Display"],"fullName":"PatientSelector Patient Card Display should display default avatar when no profile image","status":"failed","title":"should display default avatar when no profile image","duration":1.8417390000004161,"failureMessages":["TypeError: Cannot read properties of undefined (reading 'includes')\n    at /workspace/src/components/notifications/PatientSelector.jsx:74:58\n    at Array.filter (<anonymous>)\n    at getSelectedPatients (/workspace/src/components/notifications/PatientSelector.jsx:74:21)\n    at PatientSelector (/workspace/src/components/notifications/PatientSelector.jsx:108:28)\n    at renderWithHooks (/workspace/node_modules/react-dom/cjs/react-dom.development.js:15486:18)\n    at mountIndeterminateComponent (/workspace/node_modules/react-dom/cjs/react-dom.development.js:20103:13)\n    at beginWork (/workspace/node_modules/react-dom/cjs/react-dom.development.js:21626:16)\n    at beginWork$1 (/workspace/node_modules/react-dom/cjs/react-dom.development.js:27465:14)\n    at performUnitOfWork (/workspace/node_modules/react-dom/cjs/react-dom.development.js:26599:12)\n    at workLoopSync (/workspace/node_modules/react-dom/cjs/react-dom.development.js:26505:5)"],"location":{"line":369,"column":5},"meta":{}},{"ancestorTitles":["PatientSelector","Patient Card Display"],"fullName":"PatientSelector Patient Card Display should show selected state for selected patients","status":"failed","title":"should show selected state for selected patients","duration":1.926086999999825,"failureMessages":["TypeError: Cannot read properties of undefined (reading 'includes')\n    at /workspace/src/components/notifications/PatientSelector.jsx:74:58\n    at Array.filter (<anonymous>)\n    at getSelectedPatients (/workspace/src/components/notifications/PatientSelector.jsx:74:21)\n    at PatientSelector (/workspace/src/components/notifications/PatientSelector.jsx:108:28)\n    at renderWithHooks (/workspace/node_modules/react-dom/cjs/react-dom.development.js:15486:18)\n    at mountIndeterminateComponent (/workspace/node_modules/react-dom/cjs/react-dom.development.js:20103:13)\n    at beginWork (/workspace/node_modules/react-dom/cjs/react-dom.development.js:21626:16)\n    at beginWork$1 (/workspace/node_modules/react-dom/cjs/react-dom.development.js:27465:14)\n    at performUnitOfWork (/workspace/node_modules/react-dom/cjs/react-dom.development.js:26599:12)\n    at workLoopSync (/workspace/node_modules/react-dom/cjs/react-dom.development.js:26505:5)"],"location":{"line":378,"column":5},"meta":{}},{"ancestorTitles":["PatientSelector","Patient Card Display"],"fullName":"PatientSelector Patient Card Display should show disabled state when component is disabled","status":"failed","title":"should show disabled state when component is disabled","duration":1.6559420000003229,"failureMessages":["TypeError: Cannot read properties of undefined (reading 'includes')\n    at /workspace/src/components/notifications/PatientSelector.jsx:74:58\n    at Array.filter (<anonymous>)\n    at getSelectedPatients (/workspace/src/components/notifications/PatientSelector.jsx:74:21)\n    at PatientSelector (/workspace/src/components/notifications/PatientSelector.jsx:108:28)\n    at renderWithHooks (/workspace/node_modules/react-dom/cjs/react-dom.development.js:15486:18)\n    at mountIndeterminateComponent (/workspace/node_modules/react-dom/cjs/react-dom.development.js:20103:13)\n    at beginWork (/workspace/node_modules/react-dom/cjs/react-dom.development.js:21626:16)\n    at beginWork$1 (/workspace/node_modules/react-dom/cjs/react-dom.development.js:27465:14)\n    at performUnitOfWork (/workspace/node_modules/react-dom/cjs/react-dom.development.js:26599:12)\n    at workLoopSync (/workspace/node_modules/react-dom/cjs/react-dom.development.js:26505:5)"],"location":{"line":390,"column":5},"meta":{}},{"ancestorTitles":["PatientSelector","Accessibility"],"fullName":"PatientSelector Accessibility should have proper ARIA labels and roles","status":"failed","title":"should have proper ARIA labels and roles","duration":1.670626999999513,"failureMessages":["TypeError: Cannot read properties of undefined (reading 'includes')\n    at /workspace/src/components/notifications/PatientSelector.jsx:74:58\n    at Array.filter (<anonymous>)\n    at getSelectedPatients (/workspace/src/components/notifications/PatientSelector.jsx:74:21)\n    at PatientSelector (/workspace/src/components/notifications/PatientSelector.jsx:108:28)\n    at renderWithHooks (/workspace/node_modules/react-dom/cjs/react-dom.development.js:15486:18)\n    at mountIndeterminateComponent (/workspace/node_modules/react-dom/cjs/react-dom.development.js:20103:13)\n    at beginWork (/workspace/node_modules/react-dom/cjs/react-dom.development.js:21626:16)\n    at beginWork$1 (/workspace/node_modules/react-dom/cjs/react-dom.development.js:27465:14)\n    at performUnitOfWork (/workspace/node_modules/react-dom/cjs/react-dom.development.js:26599:12)\n    at workLoopSync (/workspace/node_modules/react-dom/cjs/react-dom.development.js:26505:5)"],"location":{"line":401,"column":5},"meta":{}},{"ancestorTitles":["PatientSelector","Accessibility"],"fullName":"PatientSelector Accessibility should support keyboard navigation","status":"failed","title":"should support keyboard navigation","duration":4.407175999999708,"failureMessages":["TypeError: Cannot read properties of undefined (reading 'includes')\n    at /workspace/src/components/notifications/PatientSelector.jsx:74:58\n    at Array.filter (<anonymous>)\n    at getSelectedPatients (/workspace/src/components/notifications/PatientSelector.jsx:74:21)\n    at PatientSelector (/workspace/src/components/notifications/PatientSelector.jsx:108:28)\n    at renderWithHooks (/workspace/node_modules/react-dom/cjs/react-dom.development.js:15486:18)\n    at mountIndeterminateComponent (/workspace/node_modules/react-dom/cjs/react-dom.development.js:20103:13)\n    at beginWork (/workspace/node_modules/react-dom/cjs/react-dom.development.js:21626:16)\n    at beginWork$1 (/workspace/node_modules/react-dom/cjs/react-dom.development.js:27465:14)\n    at performUnitOfWork (/workspace/node_modules/react-dom/cjs/react-dom.development.js:26599:12)\n    at workLoopSync (/workspace/node_modules/react-dom/cjs/react-dom.development.js:26505:5)"],"location":{"line":409,"column":5},"meta":{}},{"ancestorTitles":["PatientSelector","Accessibility"],"fullName":"PatientSelector Accessibility should support space key for selection","status":"failed","title":"should support space key for selection","duration":1.7742289999996501,"failureMessages":["TypeError: Cannot read properties of undefined (reading 'includes')\n    at /workspace/src/components/notifications/PatientSelector.jsx:74:58\n    at Array.filter (<anonymous>)\n    at getSelectedPatients (/workspace/src/components/notifications/PatientSelector.jsx:74:21)\n    at PatientSelector (/workspace/src/components/notifications/PatientSelector.jsx:108:28)\n    at renderWithHooks (/workspace/node_modules/react-dom/cjs/react-dom.development.js:15486:18)\n    at mountIndeterminateComponent (/workspace/node_modules/react-dom/cjs/react-dom.development.js:20103:13)\n    at beginWork (/workspace/node_modules/react-dom/cjs/react-dom.development.js:21626:16)\n    at beginWork$1 (/workspace/node_modules/react-dom/cjs/react-dom.development.js:27465:14)\n    at performUnitOfWork (/workspace/node_modules/react-dom/cjs/react-dom.development.js:26599:12)\n    at workLoopSync (/workspace/node_modules/react-dom/cjs/react-dom.development.js:26505:5)"],"location":{"line":422,"column":5},"meta":{}},{"ancestorTitles":["PatientSelector","Accessibility"],"fullName":"PatientSelector Accessibility should announce selection changes to screen readers","status":"failed","title":"should announce selection changes to screen readers","duration":1.7358939999994618,"failureMessages":["TypeError: Cannot read properties of undefined (reading 'includes')\n    at /workspace/src/components/notifications/PatientSelector.jsx:74:58\n    at Array.filter (<anonymous>)\n    at getSelectedPatients (/workspace/src/components/notifications/PatientSelector.jsx:74:21)\n    at PatientSelector (/workspace/src/components/notifications/PatientSelector.jsx:108:28)\n    at renderWithHooks (/workspace/node_modules/react-dom/cjs/react-dom.development.js:15486:18)\n    at mountIndeterminateComponent (/workspace/node_modules/react-dom/cjs/react-dom.development.js:20103:13)\n    at beginWork (/workspace/node_modules/react-dom/cjs/react-dom.development.js:21626:16)\n    at beginWork$1 (/workspace/node_modules/react-dom/cjs/react-dom.development.js:27465:14)\n    at performUnitOfWork (/workspace/node_modules/react-dom/cjs/react-dom.development.js:26599:12)\n    at workLoopSync (/workspace/node_modules/react-dom/cjs/react-dom.development.js:26505:5)"],"location":{"line":435,"column":5},"meta":{}},{"ancestorTitles":["PatientSelector","Performance"],"fullName":"PatientSelector Performance should handle large patient lists efficiently","status":"failed","title":"should handle large patient lists efficiently","duration":1.8670149999998102,"failureMessages":["TypeError: Cannot read properties of undefined (reading 'includes')\n    at /workspace/src/components/notifications/PatientSelector.jsx:74:58\n    at Array.filter (<anonymous>)\n    at getSelectedPatients (/workspace/src/components/notifications/PatientSelector.jsx:74:21)\n    at PatientSelector (/workspace/src/components/notifications/PatientSelector.jsx:108:28)\n    at renderWithHooks (/workspace/node_modules/react-dom/cjs/react-dom.development.js:15486:18)\n    at mountIndeterminateComponent (/workspace/node_modules/react-dom/cjs/react-dom.development.js:20103:13)\n    at beginWork (/workspace/node_modules/react-dom/cjs/react-dom.development.js:21626:16)\n    at beginWork$1 (/workspace/node_modules/react-dom/cjs/react-dom.development.js:27465:14)\n    at performUnitOfWork (/workspace/node_modules/react-dom/cjs/react-dom.development.js:26599:12)\n    at workLoopSync (/workspace/node_modules/react-dom/cjs/react-dom.development.js:26505:5)"],"location":{"line":447,"column":5},"meta":{}},{"ancestorTitles":["PatientSelector","Error Handling"],"fullName":"PatientSelector Error Handling should handle malformed patient data gracefully","status":"failed","title":"should handle malformed patient data gracefully","duration":1.737739000000147,"failureMessages":["TypeError: Cannot read properties of undefined (reading 'includes')\n    at /workspace/src/components/notifications/PatientSelector.jsx:74:58\n    at Array.filter (<anonymous>)\n    at getSelectedPatients (/workspace/src/components/notifications/PatientSelector.jsx:74:21)\n    at PatientSelector (/workspace/src/components/notifications/PatientSelector.jsx:108:28)\n    at renderWithHooks (/workspace/node_modules/react-dom/cjs/react-dom.development.js:15486:18)\n    at mountIndeterminateComponent (/workspace/node_modules/react-dom/cjs/react-dom.development.js:20103:13)\n    at beginWork (/workspace/node_modules/react-dom/cjs/react-dom.development.js:21626:16)\n    at beginWork$1 (/workspace/node_modules/react-dom/cjs/react-dom.development.js:27465:14)\n    at performUnitOfWork (/workspace/node_modules/react-dom/cjs/react-dom.development.js:26599:12)\n    at workLoopSync (/workspace/node_modules/react-dom/cjs/react-dom.development.js:26505:5)"],"location":{"line":466,"column":5},"meta":{}},{"ancestorTitles":["PatientSelector","Error Handling"],"fullName":"PatientSelector Error Handling should handle selection change errors gracefully","status":"failed","title":"should handle selection change errors gracefully","duration":1.7685780000001614,"failureMessages":["TypeError: Cannot read properties of undefined (reading 'includes')\n    at /workspace/src/components/notifications/PatientSelector.jsx:74:58\n    at Array.filter (<anonymous>)\n    at getSelectedPatients (/workspace/src/components/notifications/PatientSelector.jsx:74:21)\n    at PatientSelector (/worksp
[...]
u001b[39m\n            \u001b[33mclass\u001b[39m=\u001b[32m\"btn-secondary\"\u001b[39m\n          \u001b[36m>\u001b[39m\n            \u001b[36m<span\u001b[39m\n              \u001b[33mclass\u001b[39m=\u001b[32m\"icon\"\u001b[39m\n            \u001b[36m>\u001b[39m\n              \u001b[0m📋\u001b[0m\n            \u001b[36m</span>\u001b[39m\n            \u001b[0mManage Templates\u001b[0m\n          \u001b[36m</button>\u001b[39m\n          \u001b[36m<button\u001b[39m\n            \u001b[33maria-label\u001b[39m=\u001b[32m\"Send new notification\"\u001b[39m\n            \u001b[33mclass\u001b[39m=\u001b[32m\"btn-primary\"\u001b[39m\n          \u001b[36m>\u001b[39m\n            \u001b[36m<span\u001b[39m\n              \u001b[33mclass\u001b[39m=\u001b[32m\"icon\"\u001b[39m\n            \u001b[36m>\u001b[39m\n              \u001b[0m📤\u001b[0m\n            \u001b[36m</span>\u001b[39m\n            \u001b[0mSend Notification\u001b[0m\n          \u001b[36m</button>\u001b[39m\n        \u001b[36m</div>\u001b[39m\n      \u001b[36m</div>\u001b[39m\n      \u001b[36m<div\u001b[39m\n        \u001b[33mclass\u001b[39m=\u001b[32m\"analytics-grid\"\u001b[39m\n      \u001b[36m>\u001b[39m\n        \u001b[36m<div\u001b[39m\n          \u001b[33mclass\u001b[39m=\u001b[32m\"analytics-card\"\u001b[39m\n        \u001b[36m>\u001b[39m\n          \u001b[36m<div\u001b[39m\n            \u001b[33mclass\u001b[39m=\u001b[32m\"card-icon sent\"\u001b[39m\n          \u001b[36m>\u001b[39m\n            \u001b[0m📤\u001b[0m\n          \u001b[36m</div>\u001b[39m\n          \u001b[36m<div\u001b[39m\n            \u001b[33mclass\u001b[39m=\u001b[32m\"card-content\"\u001b[39m\n          \u001b[36m>\u001b[39m\n            \u001b[36m<h3>\u001b[39m\n              \u001b[0mTotal Sent\u001b[0m\n            \u001b[36m</h3>\u001b[39m\n            \u001b[36m<p\u001b[39m\n              \u001b[33mclass\u001b[39m=\u001b[32m\"stat-number\"\u001b[39m\n            \u001b[36m>\u001b[39m\n              \u001b[0m2\u001b[0m\n            \u001b[36m</p>\u001b[39m\n          \u001b[36m</div>\u001b[39m\n        \u001b[36m</div>\u001b[39m\n        \u001b[36m<div\u001b[39m\n          \u001b[33mclass\u001b[39m=\u001b[32m\"analytics-card\"\u001b[39m\n        \u001b[36m>\u001b[39m\n          \u001b[36m<div\u001b[39m\n            \u001b[33mclass\u001b[39m=\u001b[32m\"card-icon pending\"\u001b[39m\n          \u001b[36m>\u001b[39m\n            \u001b[0m⏳\u001b[0m\n          \u001b[36m</div>\u001b[39m\n          \u001b[36m<div\u001b[39m\n            \u001b[33mclass\u001b[39m=\u001b[32m\"card-content\"\u001b[39m\n          \u001b[36m>\u001b[39m\n            \u001b[36m<h3>\u001b[39m\n              \u001b[0mPending\u001b[0m\n            \u001b[36m</h3>\u001b[39m\n            \u001b[36m<p\u001b[39m\n              \u001b[33mclass\u001b[39m=\u001b[32m\"stat-number\"\u001b[39m\n            \u001b[36m>\u001b[39m\n              \u001b[0m1\u001b[0m\n            \u001b[36m</p>\u001b[39m\n          \u001b[36m</div>\u001b[39m\n        \u001b[36m</div>\u001b[39m\n        \u001b[36m<div\u001b[39m\n          \u001b[33mclass\u001b[39m=\u001b[32m\"analytics-card\"\u001b[39m\n        \u001b[36m>\u001b[39m\n          \u001b[36m<div\u001b[39m\n            \u001b[33mclass\u001b[39m=\u001b[32m\"card-icon today\"\u001b[39m\n          \u001b[36m>\u001b[39m\n            \u001b[0m📅\u001b[0m\n          \u001b[36m</div>\u001b[39m\n          \u001b[36m<div\u001b[39m\n            \u001b[33mclass\u001b[39m=\u001b[32m\"card-content\"\u001b[39m\n          \u001b[36m>\u001b[39m\n            \u001b[36m<h3>\u001b[39m\n              \u001b[0mToday's Sent\u001b[0m\n            \u001b[36m</h3>\u001b[39m\n            \u001b[36m<p\u001b[39m\n              \u001b[33mclass\u001b[39m=\u001b[32m\"stat-number\"\u001b[39m\n            \u001b[36m>\u001b[39m\n              \u001b[0m0\u001b[0m\n            \u001b[36m</p>\u001b[39m\n          \u001b[36m</div>\u001b[39m\n        \u001b[36m</div>\u001b[39m\n        \u001b[36m<div\u001b[39m\n          \u001b[33mclass\u001b[39m=\u001b[32m\"analytics-card\"\u001b[39m\n        \u001b[36m>\u001b[39m\n          \u001b[36m<div\u001b[39m\n            \u001b[33mclass\u001b[39m=\u001b[32m\"card-icon template\"\u001b[39m\n          \u001b[36m>\u001b[39m\n            \u001b[0m🎯\u001b[0m\n          \u001b[36m</div>\u001b[39m\n          \u001b[36m<div\u001b[39m\n            \u001b[33mclass\u001b[39m=\u001b[32m\"card-content\"\u001b[39m\n          \u001b[36m>\u001b[39m\n            \u001b[36m<h3>\u001b[39m\n              \u001b[0mMost Used Template\u001b[0m\n            \u001b[36m</h3>\u001b[39m\n            \u001b[36m<p\u001b[39m\n              \u001b[33mclass\u001b[39m=\u001b[32m\"stat-text\"\u001b[39m\n            \u001b[36m>\u001b[39m\n              \u001b[0mNone\u001b[0m\n            \u001b[36m</p>\u001b[39m\n          \u001b[36m</div>\u001b[39m\n        \u001b[36m</div>\u001b[39m\n      \u001b[36m</div>\u001b[39m\n      \u001b[36m<div\u001b[39m\n        \u001b[33mclass\u001b[39m=\u001b[32m\"filters-section\"\u001b[39m\n      \u001b[36m>\u001b[39m\n        \u001b[36m<div\u001b[39m\n          \u001b[33mclass\u001b[39m=\u001b[32m\"filters-group\"\u001b[39m\n        \u001b[36m>\u001b[39m\n          \u001b[36m<div\u001b[39m\n            \u001b[33mclass\u001b[39m=\u001b[32m\"filter-item\"\u001b[39m\n          \u001b[36m>\u001b[39m\n            \u001b[36m<label\u001b[39m\n              \u001b[33mfor\u001b[39m=\u001b[32m\"patient-filter\"\u001b[39m\n            \u001b[36m>\u001b[39m\n              \u001b[0mFilter by Patient:\u001b[0m\n            \u001b[36m</label>\u001b[39m\n            \u001b[36m<select\u001b[39m\n              \u001b[33mclass\u001b[39m=\u001b[32m\"filter-select\"\u001b[39m\n              \u001b[33mid\u001b[39m=\u001b[32m\"patient-filter\"\u001b[39m\n            \u001b[36m>\u001b[39m\n              \u001b[36m<option\u001b[39m\n                \u001b[33mvalue\u001b[39m=\u001b[32m\"\"\u001b[39m\n              \u001b[36m>\u001b[39m\n                \u001b[0mAll Patients\u001b[0m\n              \u001b[36m</option>\u001b[39m\n              \u001b[36m<option\u001b[39m\n                \u001b[33mvalue\u001b[39m=\u001b[32m\"2\"\u001b[39m\n              \u001b[36m>\u001b[39m\n                \u001b[0mJohn\u001b[0m\n                \u001b[0m \u001b[0m\n                \u001b[0mDoe\u001b[0m\n                \u001b[0m (\u001b[0m\n                \u001b[0mjohn.doe@test.com\u001b[0m\n                \u001b[0m)\u001b[0m\n              \u001b[36m</option>\u001b[39m\n              \u001b[36m<option\u001b[39m\n                \u001b[33mvalue\u001b[39m=\u001b[32m\"3\"\u001b[39m\n              \u001b[36m>\u001b[39m\n                \u001b[0mJane\u001b[0m\n                \u001b[0m \u001b[0m\n                \u001b[0mSmith\u001b[0m\n                \u001b[0m (\u001b[0m\n                \u001b[0mjane.smith@test.com\u001b[0m\n                \u001b[0m)\u001b[0m\n              \u001b[36m</option>\u001b[39m\n              \u001b[36m<option\u001b[39m\n                \u001b[33mvalue\u001b[39m=\u001b[32m\"4\"\u001b[39m\n              \u001b[36m>\u001b[39m\n                \u001b[0mBob\u001b[0m\n                \u001b[0m \u001b[0m\n                \u001b[0mJohnson\u001b[0m\n                \u001b[0m (\u001b[0m\n                \u001b[0mbob.johnson@test.com\u001b[0m\n                \u001b[0m)\u001b[0m\n              \u001b[36m</option>\u001b[39m\n            \u001b[36m</select>\u001b[39m\n          \u001b[36m</div>\u001b[39m\n          \u001b[36m<div\u001b[39m\n            \u001b[33mclass\u001b[39m=\u001b[32m\"filter-item\"\u001b[39m\n          \u001b[36m>\u001b[39m\n            \u001b[36m<label\u001b[39m\n              \u001b[33mfor\u001b[39m=\u001b[32m\"status-filter\"\u001b[39m\n            \u001b[36m>\u001b[39m\n              \u001b[0mFilter by Status:\u001b[0m\n            \u001b[36m</label>\u001b[39m\n            \u001b[36m<select\u001b[39m\n              \u001b[33mclass\u001b[39m=\u001b[32m\"filter-select\"\u001b[39m\n              \u001b[33mid\u001b[39m=\u001b[32m\"status-filter\"\u001b[39m\n            \u001b[36m>\u001b[39m\n              \u001b[36m<option\u001b[39m\n                \u001b[33mvalue\u001b[39m=\u001b[32m\"all\"\u001b[39m\n              \u001b[36m>\u001b[39m\n                \u001b[0mAll Status\u001b[0m\n              \u001b[36m</option>\u001b[39m\n              \u001b[36m<option\u001b[39m\n                \u001b[33mvalue\u001b[39m=\u001b[32m\"SENT\"\u001b[39m\n              \u001b[36m>\u001b[39m\n                \u001b[0mSent\u001b[0m\n              \u001b[36m</option>\u001b[39m\n              \u001b[36m<option\u001b[39m\n                \u001b[33mvalue\u001b[39m=\u001b[32m\"PENDING\"\u001b[39m\n              \u001b[36m>\u001b[39m\n                \u001b[0mPending\u001b[0m\n              \u001b[36m</option>\u001b[39m\n              \u001b[36m<option\u001b[39m\n                \u001b[33mvalue\u001b[39m=\u001b[32m\"DELIVERED\"\u001b[39m\n              \u001b[36m>\u001b[39m\n                \u001b[0mDelivered\u001b[0m\n              \u001b[36m</option>\u001b[39m\n              \u001b[36m<option\u001b[39m\n                \u001b[33mvalue\u001b[39m=\u001b[32m\"FAILED\"\u001b[39m\n              \u001b[36m>\u001b[39m\n                \u001b[0mFailed\u001b[0m\n              \u001b[36m</option>\u001b[39m\n              \u001b[36m<option\u001b[39m\n                \u001b[33mvalue\u001b[39m=\u001b[32m\"CANCELLED\"\u001b[39m\n              \u001b[36m>\u001b[39m\n                \u001b[0mCancelled\u001b[0m\n              \u001b[36m</option>\u001b[39m\n              \u001b[36m<option\u001b[39m\n                \u001b[33mvalue\u001b[39m=\u001b[32m\"READ\"\u001b[39m\n              \u001b[36m>\u001b[39m\n                \u001b[0mRead\u001b[0m\n              \u001b[36m</option>\u001b[39m\n            \u001b[36m</select>\u001b[39m\n          \u001b[36m</div>\u001b[39m\n          \u001b[36m<div\u001b[39m\n            \u001b[33mclass\u001b[39m=\u001b[32m\"filter-item\"\u001b[39m\n          \u001b[36m>\u001b[39m\n            \u001b[36m<label\u001b[39m\n              \u001b[33mfor\u001b[39m=\u001b[32m\"date-filter\"\u001b[39m\n            \u001b[36m>\u001b[39m\n              \u001b[0mDate Range:\u001b[0m\n            \u001b[36m</label>\u001b[39m\n            \u001b[36m<select\u001b[39m\n              \u001b[33mclass\u001b[39m=\u001b[32m\"filter-select\"\u001b[39m\n              \u001b[33mid\u001b[39m=\u001b[32m\"date-filter\"\u001b[39m\n            \u001b[36m>\u001b[39m\n              \u001b[36m<option\u001b[39m\n                \u001b[33mvalue\u001b[39m=\u001b[32m\"today\"\u001b[39m\n              \u001b[36m>\u001b[39m\n                \u001b[0mToday\u001b[0m\n              \u001b[36m</option>\u001b[39m\n              \u001b[36m<option\u001b[39m\n                \u001b[33mvalue\u001b[39m=\u001b[32m\"week\"\u001b[39m\n              \u001b[36m>\u001b[39m\n                \u001b[0mPast Week\u001b[0m\n              \u001b[36m</option>\u001b[39m\n              \u001b[36m<option\u001b[39m\n                \u001b[33mvalue\u001b[39m=\u001b[32m\"month\"\u001b[39m\n              \u001b[36m>\u001b[39m\n                \u001b[0mPast Month\u001b[0m\n              \u001b[36m</option>\u001b[39m\n              \u001b[36m<option\u001b[39m\n                \u001b[33mvalue\u001b[39m=\u001b[32m\"all\"\u001b[39m\n              \u001b[36m>\u001b[39m\n                \u001b[0mAll Time\u001b[0m\n              \u001b[36m</option>\u001b[39m\n            \u001b[36m</select>\u001b[39m\n          \u001b[36m</div>\u001b[39m\n          \u001b[36m<button\u001b[39m\n            \u001b[33maria-label\u001b[39m=\u001b[32m\"Reset all filters\"\u001b[39m\n            \u001b[33mclass\u001b[39m=\u001b[32m\"btn-secondary reset-filters\"\u001b[39m\n          \u001b[36m>\u001b[39m\n            \u001b[0mReset Filters\u001b[0m\n          \u001b[36m</button>\u001b[39m\n        \u001b[36m</div>\u001b[39m\n      \u001b[36m</div>\u001b[39m\n      \u001b[36m<div\u001b[39m\n        \u001b[33mclass\u001b[39m=\u001b[32m\"history-section\"\u001b[39m\n      \u001b[36m>\u001b[39m\n        \u001b[36m<div\u001b[39m\n          \u001b[33mclass\u001b[39m=\u001b[32m\"section-header\"\u001b[39m\n        \u001b[36m>\u001b[39m\n          \u001b[36m<h2>\u001b[39m\n            \u001b[0mNotification History\u001b[0m\n          \u001b[36m</h2>\u001b[39m\n          \u001b[36m<div\u001b[39m\n            \u001b[33mclass\u001b[39m=\u001b[32m\"history-actions\"\u001b[39m\n          \u001b[36m>\u001b[39m\n            \u001b[36m<button\u001b[39m\n              \u001b[33maria-label\u001b[39m=\u001b[32m\"Refresh notification history\"\u001b[39m\n              \u001b[33mclass\u001b[39m=\u001b[32m\"btn-secondary\"\u001b[39m\n            \u001b[36m>\u001b[39m\n              \u001b[36m<span\u001b[39m\n                \u001b[33mclass\u001b[39m=\u001b[32m\"icon\"\u001b[39m\n              \u001b[36m>\u001b[39m\n                \u001b[0m🔄\u001b[0m\n              \u001b[36m</span>\u001b[39m\n              \u001b[0mRefresh\u001b[0m\n            \u001b[36m</button>\u001b[39m\n          \u001b[36m</div>\u001b[39m\n        \u001b[36m</div>\u001b[39m\n        \u001b[36m<div\u001b[39m\n          \u001b[33mdata-testid\u001b[39m=\u001b[32m\"notification-history-table\"\u001b[39m\n        \u001b[36m>\u001b[39m\n          \u001b[36m<h3>\u001b[39m\n            \u001b[0mNotification History\u001b[0m\n          \u001b[36m</h3>\u001b[39m\n          \u001b[36m<div\u001b[39m\n            \u001b[33mdata-testid\u001b[39m=\u001b[32m\"notification-list\"\u001b[39m\n          \u001b[36m/>\u001b[39m\n          \u001b[36m<button\u001b[39m\n            \u001b[33mdata-testid\u001b[39m=\u001b[32m\"refresh-history\"\u001b[39m\n          \u001b[36m>\u001b[39m\n            \u001b[0mRefresh\u001b[0m\n          \u001b[36m</button>\u001b[39m\n        \u001b[36m</div>\u001b[39m\n      \u001b[36m</div>\u001b[39m\n    \u001b[36m</div>\u001b[39m\n  \u001b[36m</div>\u001b[39m\n\u001b[36m</body>\u001b[39m\n    at Object.getElementError (/workspace/node_modules/@testing-library/dom/dist/config.js:37:19)\n    at /workspace/node_modules/@testing-library/dom/dist/query-helpers.js:76:38\n    at /workspace/node_modules/@testing-library/dom/dist/query-helpers.js:52:17\n    at /workspace/node_modules/@testing-library/dom/dist/query-helpers.js:95:19\n    at /workspace/src/test/integration/NotificationWorkflow.test.jsx:532:39\n    at file:///workspace/node_modules/@vitest/runner/dist/chunk-hooks.js:752:20"],"location":{"line":523,"column":5},"meta":{}},{"ancestorTitles":["Notification System Integration Tests","Template Management Integration"],"fullName":"Notification System Integration Tests Template Management Integration should manage notification templates correctly","status":"passed","title":"should manage notification templates correctly","duration":36.379079000000274,"failureMessages":[],"location":{"line":545,"column":5},"meta":{}},{"ancestorTitles":["Notification System Integration Tests","Patient Data Validation"],"fullName":"Notification System Integration Tests Patient Data Validation should validate patient data integrity and prevent \"Unknown Patient\" issues","status":"failed","title":"should validate patient data integrity and prevent \"Unknown Patient\" issues","duration":1003.0665879999997,"failureMessages":["Error: Unable to find an element with the text: Valid Patient. This could be because the text is broken up by multiple elements. In this case, you can provide a function for your text matcher to make your matcher more flexible.\n\nIgnored nodes: comments, script, style\n\u001b[36m<div\u001b[39m\n  \u001b[33mdata-testid\u001b[39m=\u001b[32m\"notification-history-table\"\u001b[39m\n\u001b[36m>\u001b[39m\n  \u001b[36m<h3>\u001b[39m\n    \u001b[0mNotification History\u001b[0m\n  \u001b[36m</h3>\u001b[39m\n  \u001b[36m<div\u001b[39m\n    \u001b[33mdata-testid\u001b[39m=\u001b[32m\"notification-list\"\u001b[39m\n  \u001b[36m/>\u001b[39m\n  \u001b[36m<button\u001b[39m\n    \u001b[33mdata-testid\u001b[39m=\u001b[32m\"refresh-history\"\u001b[39m\n  \u001b[36m>\u001b[39m\n    \u001b[0mRefresh\u001b[0m\n  \u001b[36m</button>\u001b[39m\n\u001b[36m</div>\u001b[39m\n    at Proxy.waitForWrapper (/workspace/node_modules/@testing-library/dom/dist/wait-for.js:163:27)\n    at /workspace/src/test/integration/NotificationWorkflow.test.jsx:631:13\n    at file:///workspace/node_modules/@vitest/runner/dist/chunk-hooks.js:155:11\n    at file:///workspace/node_modules/@vitest/runner/dist/chunk-hooks.js:752:26\n    at file:///workspace/node_modules/@vitest/runner/dist/chunk-hooks.js:1897:20\n    at new Promise (<anonymous>)\n    at runWithTimeout (file:///workspace/node_modules/@vitest/runner/dist/chunk-hooks.js:1863:10)\n    at runTest (file:///workspace/node_modules/@vitest/runner/dist/chunk-hooks.js:1574:12)\n    at runSuite (file:///workspace/node_modules/@vitest/runner/dist/chunk-hooks.js:1729:8)\n    at runSuite (file:///workspace/node_modules/@vitest/runner/dist/chunk-hooks.js:1729:8)"],"location":{"line":578,"column":5},"meta":{}},{"ancestorTitles":["Notification System Integration Tests","Authentication Integration"],"fullName":"Notification System Integration Tests Authentication Integration should handle authentication state changes","status":"failed","title":"should handle authentication state changes","duration":1002.3509290000002,"failureMessages":["Error: Unable to find an element with the text: /please login to access/i. This could be because the text is broken up by multiple elements. In this case, you can provide a function for your text matcher to make your matcher more flexible.\n\nIgnored nodes: comments, script, style\n\u001b[36m<body>\u001b[39m\n  \u001b[36m<div>\u001b[39m\n    \u001b[36m<div\u001b[39m\n      \u001b[33mclass\u001b[39m=\u001b[32m\"notification-management-loading\"\u001b[39m\n    \u001b[36m>\u001b[39m\n      \u001b[36m<div\u001b[39m\n        \u001b[33mclass\u001b[39m=\u001b[32m\"loading-spinner\"\u001b[39m\n      \u001b[36m/>\u001b[39m\n      \u001b[36m<p>\u001b[39m\n        \u001b[0mLoading notification management dashboard...\u001b[0m\n      \u001b[36m</p>\u001b[39m\n    \u001b[36m</div>\u001b[39m\n  \u001b[36m</div>\u001b[39m\n\u001b[36m</body>\u001b[39m\n    at Proxy.waitForWrapper (/workspace/node_modules/@testing-library/dom/dist/wait-for.js:163:27)\n    at /workspace/src/test/integration/NotificationWorkflow.test.jsx:649:13\n    at file:///workspace/node_modules/@vitest/runner/dist/chunk-hooks.js:155:11\n    at file:///workspace/node_modules/@vitest/runner/dist/chunk-hooks.js:752:26\n    at file:///workspace/node_modules/@vitest/runner/dist/chunk-hooks.js:1897:20\n    at new Promise (<anonymous>)\n    at runWithTimeout (file:///workspace/node_modules/@vitest/runner/dist/chunk-hooks.js:1863:10)\n    at runTest (file:///workspace/node_modules/@vitest/runner/dist/chunk-hooks.js:1574:12)\n    at runSuite (file:///workspace/node_modules/@vitest/runner/dist/chunk-hooks.js:1729:8)\n    at runSuite (file:///workspace/node_modules/@vitest/runner/dist/chunk-hooks.js:1729:8)"],"location":{"line":645,"column":5},"meta":{}},{"ancestorTitles":["Notification System Integration Tests","Authentication Integration"],"fullName":"Notification System Integration Tests Authentication Integration should handle different doctor IDs correctly","status":"passed","title":"should handle different doctor IDs correctly","duration":5.403150000000096,"failureMessages":[],"location":{"line":669,"column":5},"meta":{}},{"ancestorTitles":["Notification System Integration Tests","Performance and Data Loading"],"fullName":"Notification System Integration Tests Performance and Data Loading should handle large datasets efficiently","status":"passed","title":"should handle large datasets efficiently","duration":18.204241999999795,"failureMessages":[],"location":{"line":681,"column":5},"meta":{}}],"startTime":1752575745724,"endTime":1752575751948.2043,"status":"failed","message":"","name":"/workspace/src/test/integration/NotificationWorkflow.test.jsx"}]}