{"numTotalTestSuites":9,"numPassedTestSuites":2,"numFailedTestSuites":7,"numPendingTestSuites":0,"numTotalTests":11,"numPassedTests":4,"numFailedTests":7,"numPendingTests":0,"numTodoTests":0,"snapshot":{"added":0,"failure":false,"filesAdded":0,"filesRemoved":0,"filesRemovedList":[],"filesUnmatched":0,"filesUpdated":0,"matched":0,"total":0,"unchecked":0,"uncheckedKeysByFile":[],"unmatched":0,"updated":0,"didUpdate":false},"startTime":1752574691437,"success":false,"testResults":[{"assertionResults":[{"ancestorTitles":["Notification System Integration Tests","Complete Notification Workflow"],"fullName":"Notification System Integration Tests Complete Notification Workflow should complete the entire notification sending workflow","status":"failed","title":"should complete the entire notification sending workflow","duration":1044.398002,"failureMessages":["Error: Unable to find an element with the text: John Doe. This could be because the text is broken up by multiple elements. In this case, you can provide a function for your text matcher to make your matcher more flexible.\n\nIgnored nodes: comments, script, style\n\u001b[36m<div\u001b[39m\n  \u001b[33mdata-testid\u001b[39m=\u001b[32m\"notification-history-table\"\u001b[39m\n\u001b[36m>\u001b[39m\n  \u001b[36m<h3>\u001b[39m\n    \u001b[0mNotification History\u001b[0m\n  \u001b[36m</h3>\u001b[39m\n  \u001b[36m<div\u001b[39m\n    \u001b[33mdata-testid\u001b[39m=\u001b[32m\"notification-list\"\u001b[39m\n  \u001b[36m/>\u001b[39m\n  \u001b[36m<button\u001b[39m\n    \u001b[33mdata-testid\u001b[39m=\u001b[32m\"refresh-history\"\u001b[39m\n  \u001b[36m>\u001b[39m\n    \u001b[0mRefresh\u001b[0m\n  \u001b[36m</button>\u001b[39m\n\u001b[36m</div>\u001b[39m\n    at Proxy.waitForWrapper (/workspace/node_modules/@testing-library/dom/dist/wait-for.js:163:27)\n    at /workspace/src/test/integration/NotificationWorkflow.test.jsx:311:13\n    at file:///workspace/node_modules/@vitest/runner/dist/chunk-hooks.js:752:20"],"location":{"line":294,"column":5},"meta":{}},{"ancestorTitles":["Notification System Integration Tests","Complete Notification Workflow"],"fullName":"Notification System Integration Tests Complete Notification Workflow should handle the patient data retrieval edge case correctly","status":"failed","title":"should handle the patient data retrieval edge case correctly","duration":1006.9931320000001,"failureMessages":["Error: Unable to find an element with the text: Alice Cooper. This could be because the text is broken up by multiple elements. In this case, you can provide a function for your text matcher to make your matcher more flexible.\n\nIgnored nodes: comments, script, style\n\u001b[36m<div\u001b[39m\n  \u001b[33mdata-testid\u001b[39m=\u001b[32m\"notification-history-table\"\u001b[39m\n\u001b[36m>\u001b[39m\n  \u001b[36m<h3>\u001b[39m\n    \u001b[0mNotification History\u001b[0m\n  \u001b[36m</h3>\u001b[39m\n  \u001b[36m<div\u001b[39m\n    \u001b[33mdata-testid\u001b[39m=\u001b[32m\"notification-list\"\u001b[39m\n  \u001b[36m/>\u001b[39m\n  \u001b[36m<button\u001b[39m\n    \u001b[33mdata-testid\u001b[39m=\u001b[32m\"refresh-history\"\u001b[39m\n  \u001b[36m>\u001b[39m\n    \u001b[0mRefresh\u001b[0m\n  \u001b[36m</button>\u001b[39m\n\u001b[36m</div>\u001b[39m\n    at Proxy.waitForWrapper (/workspace/node_modules/@testing-library/dom/dist/wait-for.js:163:27)\n    at /workspace/src/test/integration/NotificationWorkflow.test.jsx:423:13\n    at file:///workspace/node_modules/@vitest/runner/dist/chunk-hooks.js:155:11\n    at file:///workspace/node_modules/@vitest/runner/dist/chunk-hooks.js:752:26\n    at file:///workspace/node_modules/@vitest/runner/dist/chunk-hooks.js:1897:20\n    at new Promise (<anonymous>)\n    at runWithTimeout (file:///workspace/node_modules/@vitest/runner/dist/chunk-hooks.js:1863:10)\n    at runTest (file:///workspace/node_modules/@vitest/runner/dist/chunk-hooks.js:1574:12)\n    at runSuite (file:///workspace/node_modules/@vitest/runner/dist/chunk-hooks.js:1729:8)\n    at runSuite (file:///workspace/node_modules/@vitest/runner/dist/chunk-hooks.js:1729:8)"],"location":{"line":362,"column":5},"meta":{}},{"ancestorTitles":["Notification System Integration Tests","Error Handling Integration"],"fullName":"Notification System Integration Tests Error Handling Integration should handle API failures gracefully throughout the workflow","status":"failed","title":"should handle API failures gracefully throughout the workflow","duration":1007.3787179999999,"failureMessages":["Error: Unable to find role=\"alert\"\n\nIgnored nodes: comments, script, style\n\u001b[36m<body>\u001b[39m\n  \u001b[36m<div>\u001b[39m\n    \u001b[36m<div\u001b[39m\n      \u001b[33mclass\u001b[39m=\u001b[32m\"notification-management-dashboard\"\u001b[39m\n    \u001b[36m>\u001b[39m\n      \u001b[36m<div\u001b[39m\n        \u001b[33mclass\u001b[39m=\u001b[32m\"dashboard-header\"\u001b[39m\n      \u001b[36m>\u001b[39m\n        \u001b[36m<div\u001b[39m\n          \u001b[33mclass\u001b[39m=\u001b[32m\"header-info\"\u001b[39m\n        \u001b[36m>\u001b[39m\n          \u001b[36m<h1>\u001b[39m\n            \u001b[0mNotification Management\u001b[0m\n          \u001b[36m</h1>\u001b[39m\n          \u001b[36m<p>\u001b[39m\n            \u001b[0mSend notifications and manage communication with your patients\u001b[0m\n          \u001b[36m</p>\u001b[39m\n        \u001b[36m</div>\u001b[39m\n        \u001b[36m<div\u001b[39m\n          \u001b[33mclass\u001b[39m=\u001b[32m\"header-actions\"\u001b[39m\n        \u001b[36m>\u001b[39m\n          \u001b[36m<button\u001b[39m\n            \u001b[33maria-label\u001b[39m=\u001b[32m\"Manage notification templates\"\u001b[39m\n            \u001b[33mclass\u001b[39m=\u001b[32m\"btn-secondary\"\u001b[39m\n          \u001b[36m>\u001b[39m\n            \u001b[36m<span\u001b[39m\n              \u001b[33mclass\u001b[39m=\u001b[32m\"icon\"\u001b[39m\n            \u001b[36m>\u001b[39m\n              \u001b[0m📋\u001b[0m\n            \u001b[36m</span>\u001b[39m\n            \u001b[0mManage Templates\u001b[0m\n          \u001b[36m</button>\u001b[39m\n          \u001b[36m<button\u001b[39m\n            \u001b[33maria-label\u001b[39m=\u001b[32m\"Send new notification\"\u001b[39m\n            \u001b[33mclass\u001b[39m=\u001b[32m\"btn-primary\"\u001b[39m\n          \u001b[36m>\u001b[39m\n            \u001b[36m<span\u001b[39m\n              \u001b[33mclass\u001b[39m=\u001b[32m\"icon\"\u001b[39m\n            \u001b[36m>\u001b[39m\n              \u001b[0m📤\u001b[0m\n            \u001b[36m</span>\u001b[39m\n            \u001b[0mSend Notification\u001b[0m\n          \u001b[36m</button>\u001b[39m\n        \u001b[36m</div>\u001b[39m\n      \u001b[36m</div>\u001b[39m\n      \u001b[36m<div\u001b[39m\n        \u001b[33mclass\u001b[39m=\u001b[32m\"analytics-grid\"\u001b[39m\n      \u001b[36m>\u001b[39m\n        \u001b[36m<div\u001b[39m\n          \u001b[33mclass\u001b[39m=\u001b[32m\"analytics-card\"\u001b[39m\n        \u001b[36m>\u001b[39m\n          \u001b[36m<div\u001b[39m\n            \u001b[33mclass\u001b[39m=\u001b[32m\"card-icon sent\"\u001b[39m\n          \u001b[36m>\u001b[39m\n            \u001b[0m📤\u001b[0m\n          \u001b[36m</div>\u001b[39m\n          \u001b[36m<div\u001b[39m\n            \u001b[33mclass\u001b[39m=\u001b[32m\"card-content\"\u001b[39m\n          \u001b[36m>\u001b[39m\n            \u001b[36m<h3>\u001b[39m\n              \u001b[0mTotal Sent\u001b[0m\n            \u001b[36m</h3>\u001b[39m\n            \u001b[36m<p\u001b[39m\n              \u001b[33mclass\u001b[39m=\u001b[32m\"stat-number\"\u001b[39m\n            \u001b[36m>\u001b[39m\n              \u001b[0m2\u001b[0m\n            \u001b[36m</p>\u001b[39m\n          \u001b[36m</div>\u001b[39m\n        \u001b[36m</div>\u001b[39m\n        \u001b[36m<div\u001b[39m\n          \u001b[33mclass\u001b[39m=\u001b[32m\"analytics-card\"\u001b[39m\n        \u001b[36m>\u001b[39m\n          \u001b[36m<div\u001b[39m\n            \u001b[33mclass\u001b[39m=\u001b[32m\"card-icon pending\"\u001b[39m\n          \u001b[36m>\u001b[39m\n            \u001b[0m⏳\u001b[0m\n          \u001b[36m</div>\u001b[39m\n          \u001b[36m<div\u001b[39m\n            \u001b[33mclass\u001b[39m=\u001b[32m\"card-content\"\u001b[39m\n          \u001b[36m>\u001b[39m\n            \u001b[36m<h3>\u001b[39m\n              \u001b[0mPending\u001b[0m\n            \u001b[36m</h3>\u001b[39m\n            \u001b[36m<p\u001b[39m\n              \u001b[33mclass\u001b[39m=\u001b[32m\"stat-number\"\u001b[39m\n            \u001b[36m>\u001b[39m\n              \u001b[0m1\u001b[0m\n            \u001b[36m</p>\u001b[39m\n          \u001b[36m</div>\u001b[39m\n        \u001b[36m</div>\u001b[39m\n        \u001b[36m<div\u001b[39m\n          \u001b[33mclass\u001b[39m=\u001b[32m\"analytics-card\"\u001b[39m\n        \u001b[36m>\u001b[39m\n          \u001b[36m<div\u001b[39m\n            \u001b[33mclass\u001b[39m=\u001b[32m\"card-icon today\"\u001b[39m\n          \u001b[36m>\u001b[39m\n            \u001b[0m📅\u001b[0m\n          \u001b[36m</div>\u001b[39m\n          \u001b[36m<div\u001b[39m\n            \u001b[33mclass\u001b[39m=\u001b[32m\"card-content\"\u001b[39m\n          \u001b[36m>\u001b[39m\n            \u001b[36m<h3>\u001b[39m\n              \u001b[0mToday's Sent\u001b[0m\n            \u001b[36m</h3>\u001b[39m\n            \u001b[36m<p\u001b[39m\n              \u001b[33mclass\u001b[39m=\u001b[32m\"stat-number\"\u001b[39m\n            \u001b[36m>\u001b[39m\n              \u001b[0m0\u001b[0m\n            \u001b[36m</p>\u001b[39m\n          \u001b[36m</div>\u001b[39m\n        \u001b[36m</div>\u001b[39m\n        \u001b[36m<div\u001b[39m\n          \u001b[33mclass\u001b[39m=\u001b[32m\"analytics-card\"\u001b[39m\n        \u001b[36m>\u001b[39m\n          \u001b[36m<div\u001b[39m\n            \u001b[33mclass\u001b[39m=\u001b[32m\"card-icon template\"\u001b[39m\n          \u001b[36m>\u001b[39m\n            \u001b[0m🎯\u001b[0m\n          \u001b[36m</div>\u001b[39m\n          \u001b[36m<div\u001b[39m\n            \u001b[33mclass\u001b[39m=\u001b[32m\"card-content\"\u001b[39m\n          \u001b[36m>\u001b[39m\n            \u001b[36m<h3>\u001b[39m\n              \u001b[0mMost Used Template\u001b[0m\n            \u001b[36m</h3>\u001b[39m\n            \u001b[36m<p\u001b[39m\n              \u001b[33mclass\u001b[39m=\u001b[32m\"stat-text\"\u001b[39m\n            \u001b[36m>\u001b[39m\n              \u001b[0mNone\u001b[0m\n            \u001b[36m</p>\u001b[39m\n          \u001b[36m</div>\u001b[39m\n        \u001b[36m</div>\u001b[39m\n      \u001b[36m</div>\u001b[39m\n      \u001b[36m<div\u001b[39m\n        \u001b[33mclass\u001b[39m=\u001b[32m\"filters-section\"\u001b[39m\n      \u001b[36m>\u001b[39m\n        \u001b[36m<div\u001b[39m\n          \u001b[33mclass\u001b[39m=\u001b[32m\"filters-group\"\u001b[39m\n        \u001b[36m>\u001b[39m\n          \u001b[36m<div\u001b[39m\n            \u001b[33mclass\u001b[39m=\u001b[32m\"filter-item\"\u001b[39m\n          \u001b[36m>\u001b[39m\n            \u001b[36m<label\u001b[39m\n              \u001b[33mfor\u001b[39m=\u001b[32m\"patient-filter\"\u001b[39m\n            \u001b[36m>\u001b[39m\n              \u001b[0mFilter by Patient:\u001b[0m\n            \u001b[36m</label>\u001b[39m\n            \u001b[36m<select\u001b[39m\n              \u001b[33mclass\u001b[39m=\u001b[32m\"filter-select\"\u001b[39m\n              \u001b[33mid\u001b[39m=\u001b[32m\"patient-filter\"\u001b[39m\n            \u001b[36m>\u001b[39m\n              \u001b[36m<option\u001b[39m\n                \u001b[33mvalue\u001b[39m=\u001b[32m\"\"\u001b[39m\n              \u001b[36m>\u001b[39m\n                \u001b[0mAll Patients\u001b[0m\n              \u001b[36m</option>\u001b[39m\n            \u001b[36m</select>\u001b[39m\n          \u001b[36m</div>\u001b[39m\n          \u001b[36m<div\u001b[39m\n            \u001b[33mclass\u001b[39m=\u001b[32m\"filter-item\"\u001b[39m\n          \u001b[36m>\u001b[39m\n            \u001b[36m<label\u001b[39m\n              \u001b[33mfor\u001b[39m=\u001b[32m\"status-filter\"\u001b[39m\n            \u001b[36m>\u001b[39m\n              \u001b[0mFilter by Status:\u001b[0m\n            \u001b[36m</label>\u001b[39m\n            \u001b[36m<select\u001b[39m\n              \u001b[33mclass\u001b[39m=\u001b[32m\"filter-select\"\u001b[39m\n              \u001b[33mid\u001b[39m=\u001b[32m\"status-filter\"\u001b[39m\n            \u001b[36m>\u001b[39m\n              \u001b[36m<option\u001b[39m\n                \u001b[33mvalue\u001b[39m=\u001b[32m\"all\"\u001b[39m\n              \u001b[36m>\u001b[39m\n                \u001b[0mAll Status\u001b[0m\n              \u001b[36m</option>\u001b[39m\n              \u001b[36m<option\u001b[39m\n                \u001b[33mvalue\u001b[39m=\u001b[32m\"SENT\"\u001b[39m\n              \u001b[36m>\u001b[39m\n                \u001b[0mSent\u001b[0m\n              \u001b[36m</option>\u001b[39m\n              \u001b[36m<option\u001b[39m\n                \u001b[33mvalue\u001b[39m=\u001b[32m\"PENDING\"\u001b[39m\n              \u001b[36m>\u001b[39m\n                \u001b[0mPending\u001b[0m\n              \u001b[36m</option>\u001b[39m\n              \u001b[36m<option\u001b[39m\n                \u001b[33mvalue\u001b[39m=\u001b[32m\"DELIVERED\"\u001b[39m\n              \u001b[36m>\u001b[39m\n                \u001b[0mDelivered\u001b[0m\n              \u001b[36m</option>\u001b[39m\n              \u001b[36m<option\u001b[39m\n                \u001b[33mvalue\u001b[39m=\u001b[32m\"FAILED\"\u001b[39m\n              \u001b[36m>\u001b[39m\n                \u001b[0mFailed\u001b[0m\n              \u001b[36m</option>\u001b[39m\n              \u001b[36m<option\u001b[39m\n                \u001b[33mvalue\u001b[39m=\u001b[32m\"CANCELLED\"\u001b[39m\n              \u001b[36m>\u001b[39m\n                \u001b[0mCancelled\u001b[0m\n              \u001b[36m</option>\u001b[39m\n              \u001b[36m<option\u001b[39m\n                \u001b[33mvalue\u001b[39m=\u001b[32m\"READ\"\u001b[39m\n              \u001b[36m>\u001b[39m\n                \u001b[0mRead\u001b[0m\n              \u001b[36m</option>\u001b[39m\n            \u001b[36m</select>\u001b[39m\n          \u001b[36m</div>\u001b[39m\n          \u001b[36m<div\u001b[39m\n            \u001b[33mclass\u001b[39m=\u001b[32m\"filter-item\"\u001b[39m\n          \u001b[36m>\u001b[39m\n            \u001b[36m<label\u001b[39m\n              \u001b[33mfor\u001b[39m=\u001b[32m\"date-filter\"\u001b[39m\n            \u001b[36m>\u001b[39m\n              \u001b[0mDate Range:\u001b[0m\n            \u001b[36m</label>\u001b[39m\n            \u001b[36m<select\u001b[39m\n              \u001b[33mclass\u001b[39m=\u001b[32m\"filter-select\"\u001b[39m\n              \u001b[33mid\u001b[39m=\u001b[32m\"date-filter\"\u001b[39m\n            \u001b[36m>\u001b[39m\n              \u001b[36m<option\u001b[39m\n                \u001b[33mvalue\u001b[39m=\u001b[32m\"today\"\u001b[39m\n              \u001b[36m>\u001b[39m\n                \u001b[0mToday\u001b[0m\n              \u001b[36m</option>\u001b[39m\n              \u001b[36m<option\u001b[39m\n                \u001b[33mvalue\u001b[39m=\u001b[32m\"week\"\u001b[39m\n              \u001b[36m>\u001b[39m\n                \u001b[0mPast Week\u001b[0m\n              \u001b[36m</option>\u001b[39m\n              \u001b[36m<option\u001b[39m\n                \u001b[33mvalue\u001b[39m=\u001b[32m\"month\"\u001b[39m\n              \u001b[36m>\u001b[39m\n                \u001b[0mPast Month\u001b[0m\n              \u001b[36m</option>\u001b[39m\n              \u001b[36m<option\u001b[39m\n                \u001b[33mvalue\u001b[39m=\u001b[32m\"all\"\u001b[39m\n              \u001b[36m>\u001b[39m\n                \u001b[0mAll Time\u001b[0m\n              \u001b[36m</option>\u001b[39m\n            \u001b[36m</select>\u001b[39m\n          \u001b[36m</div>\u001b[39m\n          \u001b[36m<button\u001b[39m\n            \u001b[33maria-label\u001b[39m=\u001b[32m\"Reset all filters\"\u001b[39m\n            \u001b[33mclass\u001b[39m=\u001b[32m\"btn-secondary reset-filters\"\u001b[39m\n          \u001b[36m>\u001b[39m\n            \u001b[0mReset Filters\u001b[0m\n          \u001b[36m</button>\u001b[39m\n        \u001b[36m</div>\u001b[39m\n      \u001b[36m</div>\u001b[39m\n      \u001b[36m<div\u001b[39m\n        \u001b[33mclass\u001b[39m=\u001b[32m\"history-section\"\u001b[39m\n      \u001b[36m>\u001b[39m\n        \u001b[36m<div\u001b[39m\n          \u001b[33mclass\u001b[39m=\u001b[32m\"section-header\"\u001b[39m\n        \u001b[36m>\u001b[39m\n          \u001b[36m<h2>\u001b[39m\n            \u001b[0mNotification History\u001b[0m\n          \u001b[36m</h2>\u001b[39m\n          \u001b[36m<div\u001b[39m\n            \u001b[33mclass\u001b[39m=\u001b[32m\"history-actions\"\u001b[39m\n          \u001b[36m>\u001b[39m\n            \u001b[36m<button\u001b[39m\n              \u001b[33maria-label\u001b[39m=\u001b[32m\"Refresh notification history\"\u001b[39m\n              \u001b[33mclass\u001b[39m=\u001b[32m\"btn-secondary\"\u001b[39m\n            \u001b[36m>\u001b[39m\n              \u001b[36m<span\u001b[39m\n                \u001b[33mclass\u001b[39m=\u001b[32m\"icon\"\u001b[39m\n              \u001b[36m>\u001b[39m\n                \u001b[0m🔄\u001b[0m\n              \u001b[36m</span>\u001b[39m\n              \u001b[0mRefresh\u001b[0m\n            \u001b[36m</button>\u001b[39m\n          \u001b[36m</div>\u001b[39m\n        \u001b[36m</div>\u001b[39m\n        \u001b[36m<div\u001b[39m\n          \u001b[33mdata-testid\u001b[39m=\u001b[32m\"notification-history-table\"\u001b[39m\n        \u001b[36m>\u001b[39m\n          \u001b[36m<h3>\u001b[39m\n            \u001b[0mNotification History\u001b[0m\n          \u001b[36m</h3>\u001b[39m\n          \u001b[36m<div\u001b[39m\n            \u001b[33mdata-testid\u001b[39m=\u001b[32m\"notification-list\"\u001b[39m\n          \u001b[36m/>\u001b[39m\n          \u001b[36m<button\u001b[39m\n            \u001b[33mdata-testid\u001b[39m=\u001b[32m\"refresh-history\"\u001b[39m\n          \u001b[36m>\u001b[39m\n            \u001b[0mRefresh\u001b[0m\n          \u001b[36m</button>\u001b[39m\n        \u001b[36m</div>\u001b[39m\n      \u001b[36m</div>\u001b[39m\n    \u001b[36m</div>\u001b[39m\n  \u001b[36m</div>\u001b[39m\n\u001b[36m</body>\u001b[39m\n    at Proxy.waitForWrapper (/workspace/node_modules/@testing-library/dom/dist/wait-for.js:163:27)\n    at /workspace/src/test/integration/NotificationWorkflow.test.jsx:450:13\n    at file:///workspace/node_modules/@vitest/runner/dist/chunk-hooks.js:155:11\n    at file:///workspace/node_modules/@vitest/runner/dist/chunk-hooks.js:752:26\n    at file:///workspace/node_modules/@vitest/runner/dist/chunk-hooks.js:1897:20\n    at new Promise (<anonymous>)\n    at runWithTimeout (file:///workspace/node_modules/@vitest/runner/dist/chunk-hooks.js:1863:10)\n    at runTest (file:///workspace/node_modules/@vitest/runner/dist/chunk-hooks.js:1574:12)\n    at runSuite (file:///workspace/node_modules/@vitest/runner/dist/chunk-hooks.js:1729:8)\n    at runSuite (file:///workspace/node_modules/@vitest/runner/dist/chunk-hooks.js:1729:8)"],"location":{"line":438,"column":5},"meta":{}},{"ancestorTitles":["Notification System Integration Tests","Error Handling Integration"],"fullName":"Notification System Integration Tests Error Handling Integration should handle notification sending failures","status":"passed","title":"should handle notification sending failures","duration":80.17987399999993,"failureMessages":[],"location":{"line":466,"column":5},"meta":{}},{"ancestorTitles":["Notification System Integration Tests","Real-time Updates and Refresh"],"fullName":"Notification System Integration Tests Real-time Updates and Refresh should refresh data when refresh button is clicked","status":"failed","title":"should refresh data when refresh button is clicked","duration":1022.7091960000002,"failureMessages":["AssertionError: expected \"spy\" to be called with arguments: [ 1 ]\u001b[90m\n\nNumber of calls: \u001b[1m0\u001b[22m\n\u001b[39m\n\nIgnored nodes: comments, script, style\n\u001b[36m<html>\u001b[39m\n  \u001b[36m<head />\u001b[39m\n  \u001b[36m<body>\u001b[39m\n    \u001b[36m<div>\u001b[39m\n      \u001b[36m<div\u001b[39m\n        \u001b[33mclass\u001b[39m=\u001b[32m\"notification-management-dashboard\"\u001b[39m\n      \u001b[36m>\u001b[39m\n        \u001b[36m<div\u001b[39m\n          \u001b[33mclass\u001b[39m=\u001b[32m\"dashboard-header\"\u001b[39m\n        \u001b[36m>\u001b[39m\n          \u001b[36m<div\u001b[39m\n            \u001b[33mclass\u001b[39m=\u001b[32m\"header-info\"\u001b[39m\n          \u001b[36m>\u001b[39m\n            \u001b[36m<h1>\u001b[39m\n              \u001b[0mNotification Management\u001b[0m\n            \u001b[36m</h1>\u001b[39m\n            \u001b[36m<p>\u001b[39m\n              \u001b[0mSend notifications and manage communication with your patients\u001b[0m\n            \u001b[36m</p>\u001b[39m\n          \u001b[36m</div>\u001b[39m\n          \u001b[36m<div\u001b[39m\n            \u001b[33mclass\u001b[39m=\u001b[32m\"header-actions\"\u001b[39m\n          \u001b[36m>\u001b[39m\n            \u001b[36m<button\u001b[39m\n              \u001b[33maria-label\u001b[39m=\u001b[32m\"Manage notification templates\"\u001b[39m\n              \u001b[33mclass\u001b[39m=\u001b[32m\"btn-secondary\"\u001b[39m\n            \u001b[36m>\u001b[39m\n              \u001b[36m<span\u001b[39m\n                \u001b[33mclass\u001b[39m=\u001b[32m\"icon\"\u001b[39m\n              \u001b[36m>\u001b[39m\n                \u001b[0m📋\u001b[0m\n              \u001b[36m</span>\u001b[39m\n              \u001b[0mManage Templates\u001b[0m\n            \u001b[36m</button>\u001b[39m\n            \u001b[36m<button\u001b[39m\n              \u001b[33maria-label\u001b[39m=\u001b[32m\"Send new notification\"\u001b[39m\n              \u001b[33mclass\u001b[39m=\u001b[32m\"btn-primary\"\u001b[39m\n            \u001b[36m>\u001b[39m\n              \u001b[36m<span\u001b[39m\n                \u001b[33mclass\u001b[39m=\u001b[32m\"icon\"\u001b[39m\n              \u001b[36m>\u001b[39m\n                \u001b[0m📤\u001b[0m\n              \u001b[36m</span>\u001b[39m\n              \u001b[0mSend Notification\u001b[0m\n            \u001b[36m</button>\u001b[39m\n          \u001b[36m</div>\u001b[39m\n        \u001b[36m</div>\u001b[39m\n        \u001b[36m<div\u001b[39m\n          \u001b[33mclass\u001b[39m=\u001b[32m\"analytics-grid\"\u001b[39m\n        \u001b[36m>\u001b[39m\n          \u001b[36m<div\u001b[39m\n            \u001b[33mclass\u001b[39m=\u001b[32m\"analytics-card\"\u001b[39m\n          \u001b[36m>\u001b[39m\n            \u001b[36m<div\u001b[39m\n              \u001b[33mclass\u001b[39m=\u001b[32m\"card-icon sent\"\u001b[39m\n            \u001b[36m>\u001b[39m\n              \u001b[0m📤\u001b[0m\n            \u001b[36m</div>\u001b[39m\n            \u001b[36m<div\u001b[39m\n              \u001b[33mclass\u001b[39m=\u001b[32m\"card-content\"\u001b[39m\n            \u001b[36m>\u001b[39m\n              \u001b[36m<h3>\u001b[39m\n                \u001b[0mTotal Sent\u001b[0m\n              \u001b[36m</h3>\u001b[39m\n              \u001b[36m<p\u001b[39m\n                \u001b[33mclass\u001b[39m=\u001b[32m\"stat-number\"\u001b[39m\n              \u001b[36m>\u001b[39m\n                \u001b[0m2\u001b[0m\n              \u001b[36m</p>\u001b[39m\n            \u001b[36m</div>\u001b[39m\n          \u001b[36m</div>\u001b[39m\n          \u001b[36m<div\u001b[39m\n            \u001b[33mclass\u001b[39m=\u001b[32m\"analytics-card\"\u001b[39m\n          \u001b[36m>\u001b[39m\n            \u001b[36m<div\u001b[39m\n              \u001b[33mclass\u001b[39m=\u001b[32m\"card-icon pending\"\u001b[39m\n            \u001b[36m>\u001b[39m\n              \u001b[0m⏳\u001b[0m\n            \u001b[36m</div>\u001b[39m\n            \u001b[36m<div\u001b[39m\n              \u001b[33mclass\u001b[39m=\u001b[32m\"card-content\"\u001b[39m\n            \u001b[36m>\u001b[39m\n              \u001b[36m<h3>\u001b[39m\n                \u001b[0mPending\u001b[0m\n              \u001b[36m</h3>\u001b[39m\n              \u001b[36m<p\u001b[39m\n                \u001b[33mclass\u001b[39m=\u001b[32m\"stat-number\"\u001b[39m\n              \u001b[36m>\u001b[39m\n                \u001b[0m1\u001b[0m\n              \u001b[36m</p>\u001b[39m\n            \u001b[36m</div>\u001b[39m\n          \u001b[36m</div>\u001b[39m\n          \u001b[36m<div\u001b[39m\n            \u001b[33mclass\u001b[39m=\u001b[32m\"analytics-card\"\u001b[39m\n          \u001b[36m>\u001b[39m\n            \u001b[36m<div\u001b[39m\n              \u001b[33mclass\u001b[39m=\u001b[32m\"card-icon today\"\u001b[39m\n            \u001b[36m>\u001b[39m\n              \u001b[0m📅\u001b[0m\n            \u001b[36m</div>\u001b[39m\n            \u001b[36m<div\u001b[39m\n              \u001b[33mclass\u001b[39m=\u001b[32m\"card-content\"\u001b[39m\n            \u001b[36m>\u001b[39m\n              \u001b[36m<h3>\u001b[39m\n                \u001b[0mToday's Sent\u001b[0m\n              \u001b[36m</h3>\u001b[39m\n              \u001b[36m<p\u001b[39m\n                \u001b[33mclass\u001b[39m=\u001b[32m\"stat-number\"\u001b[39m\n              \u001b[36m>\u001b[39m\n                \u001b[0m0\u001b[0m\n              \u001b[36m</p>\u001b[39m\n            \u001b[36m</div>\u001b[39m\n          \u001b[36m</div>\u001b[39m\n          \u001b[36m<div\u001b[39m\n            \u001b[33mclass\u001b[39m=\u001b[32m\"analytics-card\"\u001b[39m\n          \u001b[36m>\u001b[39m\n            \u001b[36m<div\u001b[39m\n              \u001b[33mclass\u001b[39m=\u001b[32m\"card-icon template\"\u001b[39m\n            \u001b[36m>\u001b[39m\n              \u001b[0m🎯\u001b[0m\n            \u001b[36m</div>\u001b[39m\n            \u001b[36m<div\u001b[39m\n              \u001b[33mclass\u001b[39m=\u001b[32m\"card-content\"\u001b[39m\n            \u001b[36m>\u001b[39m\n              \u001b[36m<h3>\u001b[39m\n                \u001b[0mMost Used Template\u001b[0m\n              \u001b[36m</h3>\u001b[39m\n              \u001b[36m<p\u001b[39m\n                \u001b[33mclass\u001b[39m=\u001b[32m\"stat-text\"\u001b[39m\n              \u001b[36m>\u001b[39m\n                \u001b[0mNone\u001b[0m\n              \u001b[36m</p>\u001b[39m\n            \u001b[36m</div>\u001b[39m\n          \u001b[36m</div>\u001b[39m\n        \u001b[36m</div>\u001b[39m\n        \u001b[36m<div\u001b[39m\n          \u001b[33mclass\u001b[39m=\u001b[32m\"filters-section\"\u001b[39m\n        \u001b[36m>\u001b[39m\n          \u001b[36m<div\u001b[39m\n            \u001b[33mclass\u001b[39m=\u001b[32m\"filters-group\"\u001b[39m\n          \u001b[36m>\u001b[39m\n            \u001b[36m<div\u001b[39m\n              \u001b[33mclass\u001b[39m=\u001b[32m\"filter-item\"\u001b[39m\n            \u001b[36m>\u001b[39m\n              \u001b[36m<label\u001b[39m\n                \u001b[33mfor\u001b[39m=\u001b[32m\"patient-filter\"\u001b[39m\n              \u001b[36m>\u001b[39m\n                \u001b[0mFilter by Patient:\u001b[0m\n              \u001b[36m</label>\u001b[39m\n              \u001b[36m<select\u001b[39m\n                \u001b[33mclass\u001b[39m=\u001b[32m\"filter-select\"\u001b[39m\n                \u001b[33mid\u001b[39m=\u001b[32m\"patient-filter\"\u001b[39m\n              \u001b[36m>\u001b[39m\n                \u001b[36m<option\u001b[39m\n                  \u001b[33mvalue\u001b[39m=\u001b[32m\"\"\u001b[39m\n                \u001b[36m>\u001b[39m\n                  \u001b[0mAll Patients\u001b[0m\n                \u001b[36m</option>\u001b[39m\n                \u001b[36m<option\u001b[39m\n                  \u001b[33mvalue\u001b[39m=\u001b[32m\"2\"\u001b[39m\n                \u001b[36m>\u001b[39m\n                  \u001b[0mJohn\u001b[0m\n                  \u001b[0m \u001b[0m\n                  \u001b[0mDoe\u001b[0m\n                  \u001b[0m (\u001b[0m\n                  \u001b[0mjohn.doe@test.com\u001b[0m\n                  \u001b[0m)\u001b[0m\n                \u001b[36m</option>\u001b[39m\n                \u001b[36m<option\u001b[39m\n                  \u001b[33mvalue\u001b[39m=\u001b[32m\"3\"\u001b[39m\n                \u001b[36m>\u001b[39m\n                  \u001b[0mJane\u001b[0m\n                  \u001b[0m \u001b[0m\n                  \u001b[0mSmith\u001b[0m\n                  \u001b[0m (\u001b[0m\n                  \u001b[0mjane.smith@test.com\u001b[0m\n                  \u001b[0m)\u001b[0m\n                \u001b[36m</option>\u001b[39m\n                \u001b[36m<option\u001b[39m\n                  \u001b[33mvalue\u001b[39m=\u001b[32m\"4\"\u001b[39m\n                \u001b[36m>\u001b[39m\n                  \u001b[0mBob\u001b[0m\n                  \u001b[0m \u001b[0m\n                  \u001b[0mJohnson\u001b[0m\n                  \u001b[0m (\u001b[0m\n                  \u001b[0mbob.johnson@test.com\u001b[0m\n                  \u001b[0m)\u001b[0m\n                \u001b[36m</option>\u001b[39m\n              \u001b[36m</select>\u001b[39m\n            \u001b[36m</div>\u001b[39m\n            \u001b[36m<div\u001b[39m\n              \u001b[33mclass\u001b[39m=\u001b[32m\"filter-item\"\u001b[39m\n            \u001b[36m>\u001b[39m\n              \u001b[36m<label\u001b[39m\n                \u001b[33mfor\u001b[39m=\u001b[32m\"status-filter\"\u001b[39m\n              \u001b[36m>\u001b[39m\n                \u001b[0mFilter by Status:\u001b[0m\n              \u001b[36m</label>\u001b[39m\n              \u001b[36m<select\u001b[39m\n                \u001b[33mclass\u001b[39m=\u001b[32m\"filter-select\"\u001b[39m\n                \u001b[33mid\u001b[39m=\u001b[32m\"status-filter\"\u001b[39m\n              \u001b[36m>\u001b[39m\n                \u001b[36m<option\u001b[39m\n                  \u001b[33mvalue\u001b[39m=\u001b[32m\"all\"\u001b[39m\n                \u001b[36m>\u001b[39m\n                  \u001b[0mAll Status\u001b[0m\n                \u001b[36m</option>\u001b[39m\n                \u001b[36m<option\u001b[39m\n                  \u001b[33mvalue\u001b[39m=\u001b[32m\"SENT\"\u001b[39m\n                \u001b[36m>\u001b[39m\n                  \u001b[0mSent\u001b[0m\n                \u001b[36m</option>\u001b[39m\n                \u001b[36m<option\u001b[39m\n                  \u001b[33mvalue\u001b[39m=\u001b[32m\"PENDING\"\u001b[39m\n                \u001b[36m>\u001b[39m\n                  \u001b[0mPending\u001b[0m\n                \u001b[36m</option>\u001b[39m\n                \u001b[36m<option\u001b[39m\n                  \u001b[33mvalue\u001b[39m=\u001b[32m\"DELIVERED\"\u001b[39m\n                \u001b[36m>\u001b[39m\n                  \u001b[0mDelivered\u001b[0m\n                \u001b[36m</option>\u001b[39m\n                \u001b[36m<option\u001b[39m\n                  \u001b[33mvalue\u001b[39m=\u001b[32m\"FAILED\"\u001b[39m\n                \u001b[36m>\u001b[39m\n                  \u001b[0mFailed\u001b[0m\n                \u001b[36m</option>\u001b[39m\n                \u001b[36m<option\u001b[39m\n                  \u001b[33mvalue\u001b[39m=\u001b[32m\"CANCELLED\"\u001b[39m\n                \u001b[36m>\u001b[39m\n                  \u001b[0mCancelled\u001b[0m\n                \u001b[36m</option>\u001b[39m\n                \u001b[36m<option\u001b[39m\n                  \u001b[33mvalue\u001b[39m=\u001b[32m\"READ\"\u001b[39m\n                \u001b[36m>\u001b[39m\n                  \u001b[0mRead\u001b[0m\n                \u001b[36m</option>\u001b[39m\n              \u001b[36m</select>\u001b[39m\n            \u001b[36m</div>\u001b[39m\n            \u001b[36m<div\u001b[39m\n              \u001b[33mclass\u001b[39m=\u001b[32m\"filter-item\"\u001b[39m\n            \u001b[36m>\u001b[39m\n              \u001b[36m<label\u001b[39m\n                \u001b[33mfor\u001b[39m=\u001b[32m\"date-filter\"\u001b[39m\n              \u001b[36m>\u001b[39m\n                \u001b[0mDate Range:\u001b[0m\n              \u001b[36m</label>\u001b[39m\n              \u001b[36m<select\u001b[39m\n                \u001b[33mclass\u001b[39m=\u001b[32m\"filter-select\"\u001b[39m\n                \u001b[33mid\u001b[39m=\u001b[32m\"date-filter\"\u001b[39m\n              \u001b[36m>\u001b[39m\n                \u001b[36m<option\u001b[39m\n                  \u001b[33mvalue\u001b[39m=\u001b[32m\"today\"\u001b[39m\n                \u001b[36m>\u001b[39m\n                  \u001b[0mToday\u001b[0m\n                \u001b[36m</option>\u001b[39m\n                \u001b[36m<option\u001b[39m\n                  \u001b[33mvalue\u001b[39m=\u001b[32m\"week\"\u001b[39m\n                \u001b[36m>\u001b[39m\n                  \u001b[0mPast Week\u001b[0m\n                \u001b[36m</option>\u001b[39m\n                \u001b[36m<option\u001b[39m\n                  \u001b[33mvalue\u001b[39m=\u001b[32m\"month\"\u001b[39m\n                \u001b[36m>\u001b[39m\n                  \u001b[0mPast Month\u001b[0m\n                \u001b[36m</option>\u001b[39m\n                \u001b[36m<option\u001b[39m\n                  \u001b[33mvalue\u001b[39m=\u001b[32m\"all\"\u001b[39m\n                \u001b[36m>\u001b[39m\n                  \u001b[0mAll Time\u001b[0m\n                \u001b[36m</option>\u001b[39m\n              \u001b[36m</select>\u001b[39m\n            \u001b[36m</div>\u001b[39m\n            \u001b[36m<button\u001b[39m\n              \u001b[33maria-label\u001b[39m=\u001b[32m\"Reset all filters\"\u001b[39m\n              \u001b[33mclass\u001b[39m=\u001b[32m\"btn-secondary reset-filters\"\u001b[39m\n            \u001b[36m>\u001b[39m\n              \u001b[0mReset Filters\u001b[0m\n            \u001b[36m</button>\u001b[39m\n          \u001b[36m</div>\u001b[39m\n        \u001b[36m</div>\u001b[39m\n        \u001b[36m<div\u001b[39m\n          \u001b[33mclass\u001b[39m=\u001b[32m\"history-section\"\u001b[39m\n        \u001b[36m>\u001b[39m\n          \u001b[36m<div\u001b[39m\n            \u001b[33mclass\u001b[39m=\u001b[32m\"section-header\"\u001b[39m\n          \u001b[36m>\u001b[39m\n            \u001b[36m<h2>\u001b[39m\n              \u001b[0mNotification History\u001b[0m\n            \u001b[36m</h2>\u001b[39m\n            \u001b[36m<div\u001b[39m\n              \u001b[33mclass\u001b[39m=\u001b[32m\"history-actions\"\u001b[39m\n            \u001b[36m>\u001b[39m\n              \u001b[36m<button\u001b[39m\n                \u001b[33maria-label\u001b[39m=\u001b[32m\"Refresh notification history\"\u001b[39m\n                \u001b[33mclass\u001b[39m=\u001b[32m\"btn-secondary\"\u001b[39m\n              \u001b[36m>\u001b[39m\n                \u001b[36m<span\u001b[39m\n                  \u001b[33mclass\u001b[39m=\u001b[32m\"icon\"\u001b[39m\n                \u001b[36m>\u001b[39m\n                  \u001b[0m🔄\u001b[0m\n                \u001b[36m</span>\u001b[39m\n                \u001b[0mRefresh\u001b[0m\n              \u001b[36m</button>\u001b[39m\n            \u001b[36m</div>\u001b[39m\n          \u001b[36m</div>\u001b[39m\n          \u001b[36m<div\u001b[39m\n            \u001b[33mdata-testid\u001b[39m=\u001b[32m\"notification-history-table\"\u001b[39m\n          \u001b[36m>\u001b[39m\n            \u001b[36m<h3>\u001b[39m\n              \u001b[0mNotification History\u001b[0m\n            \u001b[36m</h3>\u001b[39m\n            \u001b[36m<div\u001b[39m\n              \u001b[33mdata-testid\u001b[39m=\u001b[32m\"notification-list\"\u001b[39m\n            \u001b[36m/>\u001b[39m\n            \u001b[36m<button\u001b[39m\n              \u001b[33mdata-testid\u001b[39m=\u001b[32m\"refresh-history\"\u001b[39m\n            \u001b[36m>\u001b[39m\n              \u001b[0mRefresh\u001b[0m\n            \u001b[36m</button>\u001b[39m\n          \u001b[36m</div>\u001b[39m\n        \u001b[36m</div>\u001b[39m\n      \u001b[36m</div>\u001b[39m\n    \u001b[36m</div>\u001b[39m\n  \u001b[36m</body>\u001b[39m\n\u001b[36m</html>\u001b[39m\n    at Proxy.<anonymous> (file:///workspace/node_modules/@vitest/expect/dist/index.js:1355:10)\n    at Proxy.<anonymous> (file:///workspace/node_modules/@vitest/expect/dist/index.js:1029:14)\n    at Proxy.methodWrapper (file:///workspace/node_modules/chai/chai.js:1618:25)\n    at /workspace/src/test/integration/NotificationWorkflow.test.jsx:517:65\n    at runWithExpensiveErrorDiagnosticsDisabled (/workspace/node_modules/@testing-library/dom/dist/config.js:47:12)\n    at checkCallback (/workspace/node_modules/@testing-library/dom/dist/wait-for.js:124:77)\n    at Timeout.checkRealTimersCallback (/workspace/node_modules/@testing-library/dom/dist/wait-for.js:118:16)\n    at listOnTimeout (node:internal/timers:588:17)\n    at processTimers (node:internal/timers:523:7)"],"location":{"line":500,"column":5},"meta":{}},{"ancestorTitles":["Notification System Integration Tests","Real-time Updates and Refresh"],"fullName":"Notification System Integration Tests Real-time Updates and Refresh should handle bulk operations correctly","status":"failed","title":"should handle bulk operations correctly","duration":9.19196600000032,"failureMessages":["TestingLibraryElementError: Unable to find an element by: [data-testid=\"bulk-delete\"]\n\nIgnored nodes: comments, script, style\n\u001b[36m<body>\u001b[39m\n  \u001b[36m<div>\u001b[39m\n    \u001b[36m<div\u001b[39m\n      \u001b[33mclass\u001b[39m=\u001b[32m\"notification-management-dashboard\"\u001b[39m\n    \u001b[36m>\u001b[39m\n      \u001b[36m<div\u001b[39m\n        \u001b[33mclass\u001b[39m=\u001b[32m\"dashboard-header\"\u001b[39m\n      \u001b[36m>\u001b[39m\n        \u001b[36m<div\u001b[39m\n          \u001b[33mclass\u001b[39m=\u001b[32m\"header-info\"\u001b[39m\n        \u001b[36m>\u001b[39m\n          \u001b[36m<h1>\u001b[39m\n            \u001b[0mNotification Management\u001b[0m\n          \u001b[36m</h1>\u001b[39m\n          \u001b[36m<p>\u001b[39m\n            \u001b[0mSend notifications and manage communication with your patients\u001b[0m\n          \u001b[36m</p>\u001b[39m\n        \u001b[36m</div>\u001b[39m\n        \u001b[36m<div\u001b[39m\n          \u001b[33mclass\u001b[39m=\u001b[32m\"header-actions\"\u001b[39m\n        \u001b[36m>\u001b[39m\n          \u001b[36m<button\u001b[39m\n            \u001b[33maria-label\u001b[39m=\u001b[32m\"Manage notification templates\"\u001b[39m\n            \u001b[33mclass\u001b[39m=\u001b[32m\"btn-secondary\"\u001b[39m\n          \u001b[36m>\u001b[39m\n            \u001b[36m<span\u001b[39m\n              \u001b[33mclass\u001b[39m=\u001b[32m\"icon\"\u001b[39m\n            \u001b[36m>\u001b[39m\n              \u001b[0m📋\u001b[0m\n            \u001b[36m</span>\u001b[39m\n            \u001b[0mManage Templates\u001b[0m\n          \u001b[36m</button>\u001b[39m\n          \u001b[36m<button\u001b[39m\n            \u001b[33maria-label\u001b[39m=\u001b[32m\"Send new notification\"\u001b[39m\n            \u001b[33mclass\u001b[39m=\u001b[32m\"btn-primary\"\u001b[39m\n          \u001b[36m>\u001b[39m\n            \u001b[36m<span\u001b[39m\n              \u001b[33mclass\u001b[39m=\u001b[32m\"icon\"\u001b[39m\n            \u001b[36m>\u001b[39m\n              \u001b[0m📤\u001b[0m\n            \u001b[36m</span>\u001b[39m\n            \u001b[0mSend Notification\u001b[0m\n          \u001b[36m</button>\u001b[39m\n        \u001b[36m</div>\u001b[39m\n      \u001b[36m</div>\u001b[39m\n      \u001b[36m<div\u001b[39m\n        \u001b[33mclass\u001b[39m=\u001b[32m\"analytics-grid\"\u001b[39m\n      \u001b[36m>\u001b[39m\n        \u001b[36m<div\u001b[39m\n          \u001b[33mclass\u001b[39m=\u001b[32m\"analytics-card\"\u001b[39m\n        \u001b[36m>\u001b[39m\n          \u001b[36m<div\u001b[39m\n            \u001b[33mclass\u001b[39m=\u001b[32m\"card-icon sent\"\u001b[39m\n          \u001b[36m>\u001b[39m\n            \u001b[0m📤\u001b[0m\n          \u001b[36m</div>\u001b[39m\n          \u001b[36m<div\u001b[39m\n            \u001b[33mclass\u001b[39m=\u001b[32m\"card-content\"\u001b[39m\n          \u001b[36m>\u001b[39m\n            \u001b[36m<h3>\u001b[39m\n              \u001b[0mTotal Sent\u001b[0m\n            \u001b[36m</h3>\u001b[39m\n            \u001b[36m<p\u001b[39m\n              \u001b[33mclass\u001b[39m=\u001b[32m\"stat-number\"\u001b[39m\n            \u001b[36m>\u001b[39m\n              \u001b[0m2\u001b[0m\n            \u001b[36m</p>\u001b[39m\n          \u001b[36m</div>\u001b[39m\n        \u001b[36m</div>\u001b[39m\n        \u001b[36m<div\u001b[39m\n          \u001b[33mclass\u001b[39m=\u001b[32m\"analytics-card\"\u001b[39m\n        \u001b[36m>\u001b[39m\n          \u001b[36m<div\u001b[39m\n            \u001b[33mclass\u001b[39m=\u001b[32m\"card-icon pending\"\u001b[39m\n          \u001b[36m>\u001b[39m\n            \u001b[0m⏳\u001b[0m\n          \u001b[36m</div>\u001b[39m\n          \u001b[36m<div\u001b[39m\n            \u001b[33mclass\u001b[39m=\u001b[32m\"card-content\"\u001b[39m\n          \u001b[36m>\u001b[39m\n            \u001b[36m<h3>\u001b[39m\n              \u001b[0mPending\u001b[0m\n            \u001b[36m</h3>\u001b[39m\n            \u001b[36m<p\u001b[39m\n              \u001b[33mclass\u001b[39m=\u001b[32m\"stat-number\"\u001b[39m\n            \u001b[36m>\u001b[39m\n              \u001b[0m1\u001b[0m\n            \u001b[36m</p>\u001b[39m\n          \u001b[36m</div>\u001b[39m\n        \u001b[36m</div>\u001b[39m\n        \u001b[36m<div\u001b[39m\n          \u001b[33mclass\u001b[39m=\u001b[32m\"analytics-card\"\u001b[39m\n        \u001b[36m>\u001b[39m\n          \u001b[36m<div\u001b[39m\n            \u001b[33mclass\u001b[39m=\u001b[32m\"card-icon today\"\u001b[39m\n          \u001b[36m>\u001b[39m\n            \u001b[0m📅\u001b[0m\n          \u001b[36m</div>\u001b[39m\n          \u001b[36m<div\u001b[39m\n            \u001b[33mclass\u001b[39m=\u001b[32m\"card-content\"\u001b[39m\n          \u001b[36m>\u001b[39m\n            \u001b[36m<h3>\u001b[39m\n              \u001b[0mToday's Sent\u001b[0m\n            \u001b[36m</h3>\u001b[39m\n            \u001b[36m<p\u001b[39m\n              \u001b[33mclass\u001b[39m=\u001b[32m\"stat-number\"\u001b[39m\n            \u001b[36m>\u001b[39m\n              \u001b[0m0\u001b[0m\n            \u001b[36m</p>\u001b[39m\n          \u001b[36m</div>\u001b[39m\n        \u001b[36m</div>\u001b[39m\n        \u001b[36m<div\u001b[39m\n          \u001b[33mclass\u001b[39m=\u001b[32m\"analytics-card\"\u001b[39m\n        \u001b[36m>\u001b[39m\n          \u001b[36m<div\u001b[39m\n            \u001b[33mclass\u001b[39m=\u001b[32m\"card-icon template\"\u001b[39m\n          \u001b[36m>\u001b[39m\n            \u001b[0m🎯\u001b[0m\n          \u001b[36m</div>\u001b[39m\n          \u001b[36m<div\u001b[39m\n            \u001b[33mclass\u001b[39m=\u001b[32m\"card-content\"\u001b[39m\n          \u001b[36m>\u001b[39m\n            \u001b[36m<h3>\u001b[39m\n              \u001b[0mMost Used Template\u001b[0m\n            \u001b[36m</h3>\u001b[39m\n            \u001b[36m<p\u001b[39m\n              \u001b[33mclass\u001b[39m=\u001b[32m\"stat-text\"\u001b[39m\n            \u001b[36m>\u001b[39m\n              \u001b[0mNone\u001b[0m\n            \u001b[36m</p>\u001b[39m\n          \u001b[36m</div>\u001b[39m\n        \u001b[36m</div>\u001b[39m\n      \u001b[36m</div>\u001b[39m\n      \u001b[36m<div\u001b[39m\n        \u001b[33mclass\u001b[39m=\u001b[32m\"filters-section\"\u001b[39m\n      \u001b[36m>\u001b[39m\n        \u001b[36m<div\u001b[39m\n          \u001b[33mclass\u001b[39m=\u001b[32m\"filters-group\"\u001b[39m\n        \u001b[36m>\u001b[39m\n          \u001b[36m<div\u001b[39m\n            \u001b[33mclass\u001b[39m=\u001b[32m\"filter-item\"\u001b[39m\n          \u001b[36m>\u001b[39m\n            \u001b[36m<label\u001b[39m\n              \u001b[33mfor\u001b[39m=\u001b[32m\"patient-filter\"\u001b[39m\n            \u001b[36m>\u001b[39m\n              \u001b[0mFilter by Patient:\u001b[0m\n            \u001b[36m</label>\u001b[39m\n            \u001b[36m<select\u001b[39m\n              \u001b[33mclass\u001b[39m=\u001b[32m\"filter-select\"\u001b[39m\n              \u001b[33mid\u001b[39m=\u001b[32m\"patient-filter\"\u001b[39m\n            \u001b[36m>\u001b[39m\n              \u001b[36m<option\u001b[39m\n                \u001b[33mvalue\u001b[39m=\u001b[32m\"\"\u001b[39m\n              \u001b[36m>\u001b[39m\n                \u001b[0mAll Patients\u001b[0m\n              \u001b[36m</option>\u001b[39m\n              \u001b[36m<option\u001b[39m\n                \u001b[33mvalue\u001b[39m=\u001b[32m\"2\"\u001b[39m\n              \u001b[36m>\u001b[39m\n                \u001b[0mJohn\u001b[0m\n                \u001b[0m \u001b[0m\n                \u001b[0mDoe\u001b[0m\n                \u001b[0m (\u001b[0m\n                \u001b[0mjohn.doe@test.com\u001b[0m\n                \u001b[0m)\u001b[0m\n              \u001b[36m</option>\u001b[39m\n              \u001b[36m<option\u001b[39m\n                \u001b[33mvalue\u001b[39m=\u001b[32m\"3\"\u001b[39m\n              \u001b[36m>\u001b[39m\n                \u001b[0mJane\u001b[0m\n                \u001b[0m \u001b[0m\n                \u001b[0mSmith\u001b[0m\n                \u001b[0m (\u001b[0m\n                \u001b[0mjane.smith@test.com\u001b[0m\n                \u001b[0m)\u001b[0m\n              \u001b[36m</option>\u001b[39m\n              \u001b[36m<option\u001b[39m\n                \u001b[33mvalue\u001b[39m=\u001b[32m\"4\"\u001b[39m\n              \u001b[36m>\u001b[39m\n                \u001b[0mBob\u001b[0m\n                \u001b[0m \u001b[0m\n                \u001b[0mJohnson\u001b[0m\n                \u001b[0m (\u001b[0m\n                \u001b[0mbob.johnson@test.com\u001b[0m\n                \u001b[0m)\u001b[0m\n              \u001b[36m</option>\u001b[39m\n            \u001b[36m</select>\u001b[39m\n          \u001b[36m</div>\u001b[39m\n          \u001b[36m<div\u001b[39m\n            \u001b[33mclass\u001b[39m=\u001b[32m\"filter-item\"\u001b[39m\n          \u001b[36m>\u001b[39m\n            \u001b[36m<label\u001b[39m\n              \u001b[33mfor\u001b[39m=\u001b[32m\"status-filter\"\u001b[39m\n            \u001b[36m>\u001b[39m\n              \u001b[0mFilter by Status:\u001b[0m\n            \u001b[36m</label>\u001b[39m\n            \u001b[36m<select\u001b[39m\n              \u001b[33mclass\u001b[39m=\u001b[32m\"filter-select\"\u001b[39m\n              \u001b[33mid\u001b[39m=\u001b[32m\"status-filter\"\u001b[39m\n            \u001b[36m>\u001b[39m\n              \u001b[36m<option\u001b[39m\n                \u001b[33mvalue\u001b[39m=\u001b[32m\"all\"\u001b[39m\n              \u001b[36m>\u001b[39m\n                \u001b[0mAll Status\u001b[0m\n              \u001b[36m</option>\u001b[39m\n              \u001b[36m<option\u001b[39m\n                \u001b[33mvalue\u001b[39m=\u001b[32m\"SENT\"\u001b[39m\n              \u001b[36m>\u001b[39m\n                \u001b[0mSent\u001b[0m\n              \u001b[36m</option>\u001b[39m\n              \u001b[36m<option\u001b[39m\n                \u001b[33mvalue\u001b[39m=\u001b[32m\"PENDING\"\u001b[39m\n              \u001b[36m>\u001b[39m\n                \u001b[0mPending\u001b[0m\n              \u001b[36m</option>\u001b[39m\n              \u001b[36m<option\u001b[39m\n                \u001b[33mvalue\u001b[39m=\u001b[32m\"DELIVERED\"\u001b[39m\n              \u001b[36m>\u001b[39m\n                \u001b[0mDelivered\u001b[0m\n              \u001b[36m</option>\u001b[39m\n              \u001b[36m<option\u001b[39m\n                \u001b[33mvalue\u001b[39m=\u001b[32m\"FAILED\"\u001b[39m\n              \u001b[36m>\u001b[39m\n                \u001b[0mFailed\u001b[0m\n              \u001b[36m</option>\u001b[39m\n              \u001b[36m<option\u001b[39m\n                \u001b[33mvalue\u001b[39m=\u001b[32m\"CANCELLED\"\u001b[39m\n              \u001b[36m>\u001b[39m\n                \u001b[0mCancelled\u001b[0m\n              \u001b[36m</option>\u001b[39m\n              \u001b[36m<option\u001b[39m\n                \u001b[33mvalue\u001b[39m=\u001b[32m\"READ\"\u001b[39m\n              \u001b[36m>\u001b[39m\n                \u001b[0mRead\u001b[0m\n              \u001b[36m</option>\u001b[39m\n            \u001b[36m</select>\u001b[39m\n          \u001b[36m</div>\u001b[39m\n          \u001b[36m<div\u001b[39m\n            \u001b[33mclass\u001b[39m=\u001b[32m\"filter-item\"\u001b[39m\n          \u001b[36m>\u001b[39m\n            \u001b[36m<label\u001b[39m\n              \u001b[33mfor\u001b[39m=\u001b[32m\"date-filter\"\u001b[39m\n            \u001b[36m>\u001b[39m\n              \u001b[0mDate Range:\u001b[0m\n            \u001b[36m</label>\u001b[39m\n            \u001b[36m<select\u001b[39m\n              \u001b[33mclass\u001b[39m=\u001b[32m\"filter-select\"\u001b[39m\n              \u001b[33mid\u001b[39m=\u001b[32m\"date-filter\"\u001b[39m\n            \u001b[36m>\u001b[39m\n              \u001b[36m<option\u001b[39m\n                \u001b[33mvalue\u001b[39m=\u001b[32m\"today\"\u001b[39m\n              \u001b[36m>\u001b[39m\n                \u001b[0mToday\u001b[0m\n              \u001b[36m</option>\u001b[39m\n              \u001b[36m<option\u001b[39m\n                \u001b[33mvalue\u001b[39m=\u001b[32m\"week\"\u001b[39m\n              \u001b[36m>\u001b[39m\n                \u001b[0mPast Week\u001b[0m\n              \u001b[36m</option>\u001b[39m\n              \u001b[36m<option\u001b[39m\n                \u001b[33mvalue\u001b[39m=\u001b[32m\"month\"\u001b[39m\n              \u001b[36m>\u001b[39m\n                \u001b[0mPast Month\u001b[0m\n              \u001b[36m</option>\u001b[39m\n              \u001b[36m<option\u001b[39m\n                \u001b[33mvalue\u001b[39m=\u001b[32m\"all\"\u001b[39m\n              \u001b[36m>\u001b[39m\n                \u001b[0mAll Time\u001b[0m\n              \u001b[36m</option>\u001b[39m\n            \u001b[36m</select>\u001b[39m\n          \u001b[36m</div>\u001b[39m\n          \u001b[36m<button\u001b[39m\n            \u001b[33maria-label\u001b[39m=\u001b[32m\"Reset all filters\"\u001b[39m\n            \u001b[33mclass\u001b[39m=\u001b[32m\"btn-secondary reset-filters\"\u001b[39m\n          \u001b[36m>\u001b[39m\n            \u001b[0mReset Filters\u001b[0m\n          \u001b[36m</button>\u001b[39m\n        \u001b[36m</div>\u001b[39m\n      \u001b[36m</div>\u001b[39m\n      \u001b[36m<div\u001b[39m\n        \u001b[33mclass\u001b[39m=\u001b[32m\"history-section\"\u001b[39m\n      \u001b[36m>\u001b[39m\n        \u001b[36m<div\u001b[39m\n          \u001b[33mclass\u001b[39m=\u001b[32m\"section-header\"\u001b[39m\n        \u001b[36m>\u001b[39m\n          \u001b[36m<h2>\u001b[39m\n            \u001b[0mNotification History\u001b[0m\n          \u001b[36m</h2>\u001b[39m\n          \u001b[36m<div\u001b[39m\n            \u001b[33mclass\u001b[39m=\u001b[32m\"history-actions\"\u001b[39m\n          \u001b[36m>\u001b[39m\n            \u001b[36m<button\u001b[39m\n              \u001b[33maria-label\u001b[39m=\u001b[32m\"Refresh notification history\"\u001b[39m\n              \u001b[33mclass\u001b[39m=\u001b[32m\"btn-secondary\"\u001b[39m\n            \u001b[36m>\u001b[39m\n              \u001b[36m<span\u001b[39m\n                \u001b[33mclass\u001b[39m=\u001b[32m\"icon\"\u001b[39m\n              \u001b[36m>\u001b[39m\n                \u001b[0m🔄\u001b[0m\n              \u001b[36m</span>\u001b[39m\n              \u001b[0mRefresh\u001b[0m\n            \u001b[36m</button>\u001b[39m\n          \u001b[36m</div>\u001b[39m\n        \u001b[36m</div>\u001b[39m\n        \u001b[36m<div\u001b[39m\n          \u001b[33mdata-testid\u001b[39m=\u001b[32m\"notification-history-table\"\u001b[39m\n        \u001b[36m>\u001b[39m\n          \u001b[36m<h3>\u001b[39m\n            \u001b[0mNotification History\u001b[0m\n          \u001b[36m</h3>\u001b[39m\n          \u001b[36m<div\u001b[39m\n            \u001b[33mdata-testid\u001b[39m=\u001b[32m\"notification-list\"\u001b[39m\n          \u001b[36m/>\u001b[39m\n          \u001b[36m<button\u001b[39m\n            \u001b[33mdata-testid\u001b[39m=\u001b[32m\"refresh-history\"\u001b[39m\n          \u001b[36m>\u001b[39m\n            \u001b[0mRefresh\u001b[0m\n          \u001b[36m</button>\u001b[39m\n        \u001b[36m</div>\u001b[39m\n      \u001b[36m</div>\u001b[39m\n    \u001b[36m</div>\u001b[39m\n  \u001b[36m</div>\u001b[39m\n\u001b[36m</body>\u001b[39m\n    at Object.getElementError (/workspace/node_modules/@testing-library/dom/dist/config.js:37:19)\n    at /workspace/node_modules/@testing-library/dom/dist/query-helpers.js:76:38\n    at /workspace/node_modules/@testing-library/dom/dist/query-helpers.js:52:17\n    at /workspace/node_modules/@testing-library/dom/dist/query-helpers.js:95:19\n    at /workspace/src/test/integration/NotificationWorkflow.test.jsx:532:39\n    at file:///workspace/node_modules/@vitest/runner/dist/chunk-hooks.js:752:20"],"location":{"line":523,"column":5},"meta":{}},{"ancestorTitles":["Notification System Integration Tests","Template Management Integration"],"fullName":"Notification System Integration Tests Template Management Integration should manage notification templates correctly","status":"passed","title":"should manage notification templates correctly","duration":45.07539600000018,"failureMessages":[],"location":{"line":545,"column":5},"meta":{}},{"ancestorTitles":["Notification System Integration Tests","Patient Data Validation"],"fullName":"Notification System Integration Tests Patient Data Validation should validate patient data integrity and prevent \"Unknown Patient\" issues","status":"failed","title":"should validate patient data integrity and prevent \"Unknown Patient\" issues","duration":1004.8046300000005,"failureMessages":["Error: Unable to find an element with the text: Valid Patient. This could be because the text is broken up by multiple elements. In this case, you can provide a function for your text matcher to make your matcher more flexible.\n\nIgnored nodes: comments, script, style\n\u001b[36m<div\u001b[39m\n  \u001b[33mdata-testid\u001b[39m=\u001b[32m\"notification-history-table\"\u001b[39m\n\u001b[36m>\u001b[39m\n  \u001b[36m<h3>\u001b[39m\n    \u001b[0mNotification History\u001b[0m\n  \u001b[36m</h3>\u001b[39m\n  \u001b[36m<div\u001b[39m\n    \u001b[33mdata-testid\u001b[39m=\u001b[32m\"notification-list\"\u001b[39m\n  \u001b[36m/>\u001b[39m\n  \u001b[36m<button\u001b[39m\n    \u001b[33mdata-testid\u001b[39m=\u001b[32m\"refresh-history\"\u001b[39m\n  \u001b[36m>\u001b[39m\n    \u001b[0mRefresh\u001b[0m\n  \u001b[36m</button>\u001b[39m\n\u001b[36m</div>\u001b[39m\n    at Proxy.waitForWrapper (/workspace/node_modules/@testing-library/dom/dist/wait-for.js:163:27)\n    at /workspace/src/test/integration/NotificationWorkflow.test.jsx:631:13\n    at file:///workspace/node_modules/@vitest/runner/dist/chunk-hooks.js:155:11\n    at file:///workspace/node_modules/@vitest/runner/dist/chunk-hooks.js:752:26\n    at file:///workspace/node_modules/@vitest/runner/dist/chunk-hooks.js:1897:20\n    at new Promise (<anonymous>)\n    at runWithTimeout (file:///workspace/node_modules/@vitest/runner/dist/chunk-hooks.js:1863:10)\n    at runTest (file:///workspace/node_modules/@vitest/runner/dist/chunk-hooks.js:1574:12)\n    at runSuite (file:///workspace/node_modules/@vitest/runner/dist/chunk-hooks.js:1729:8)\n    at runSuite (file:///workspace/node_modules/@vitest/runner/dist/chunk-hooks.js:1729:8)"],"location":{"line":578,"column":5},"meta":{}},{"ancestorTitles":["Notification System Integration Tests","Authentication Integration"],"fullName":"Notification System Integration Tests Authentication Integration should handle authentication state changes","status":"failed","title":"should handle authentication state changes","duration":1003.0350350000008,"failureMessages":["Error: Unable to find an element with the text: /please login to access/i. This could be because the text is broken up by multiple elements. In this case, you can provide a function for your text matcher to make your matcher more flexible.\n\nIgnored nodes: comments, script, style\n\u001b[36m<body>\u001b[39m\n  \u001b[36m<div>\u001b[39m\n    \u001b[36m<div\u001b[39m\n      \u001b[33mclass\u001b[39m=\u001b[32m\"notification-management-loading\"\u001b[39m\n    \u001b[36m>\u001b[39m\n      \u001b[36m<div\u001b[39m\n        \u001b[33mclass\u001b[39m=\u001b[32m\"loading-spinner\"\u001b[39m\n      \u001b[36m/>\u001b[39m\n      \u001b[36m<p>\u001b[39m\n        \u001b[0mLoading notification management dashboard...\u001b[0m\n      \u001b[36m</p>\u001b[39m\n    \u001b[36m</div>\u001b[39m\n  \u001b[36m</div>\u001b[39m\n\u001b[36m</body>\u001b[39m\n    at Proxy.waitForWrapper (/workspace/node_modules/@testing-library/dom/dist/wait-for.js:163:27)\n    at /workspace/src/test/integration/NotificationWorkflow.test.jsx:649:13\n    at file:///workspace/node_modules/@vitest/runner/dist/chunk-hooks.js:155:11\n    at file:///workspace/node_modules/@vitest/runner/dist/chunk-hooks.js:752:26\n    at file:///workspace/node_modules/@vitest/runner/dist/chunk-hooks.js:1897:20\n    at new Promise (<anonymous>)\n    at runWithTimeout (file:///workspace/node_modules/@vitest/runner/dist/chunk-hooks.js:1863:10)\n    at runTest (file:///workspace/node_modules/@vitest/runner/dist/chunk-hooks.js:1574:12)\n    at runSuite (file:///workspace/node_modules/@vitest/runner/dist/chunk-hooks.js:1729:8)\n    at runSuite (file:///workspace/node_modules/@vitest/runner/dist/chunk-hooks.js:1729:8)"],"location":{"line":645,"column":5},"meta":{}},{"ancestorTitles":["Notification System Integration Tests","Authentication Integration"],"fullName":"Notification System Integration Tests Authentication Integration should handle different doctor IDs correctly","status":"passed","title":"should handle different doctor IDs correctly","duration":5.979478999999628,"failureMessages":[],"location":{"line":669,"column":5},"meta":{}},{"ancestorTitles":["Notification System Integration Tests","Performance and Data Loading"],"fullName":"Notification System Integration Tests Performance and Data Loading should handle large datasets efficiently","status":"passed","title":"should handle large datasets efficiently","duration":20.537876999999753,"failureMessages":[],"location":{"line":681,"column":5},"meta":{}}],"startTime":1752574692169,"endTime":1752574698420.5378,"status":"failed","message":"","name":"/workspace/src/test/integration/NotificationWorkflow.test.jsx"}]}