-------------------------------------------------------------------------------
Test set: com.hivclinic.service.NotificationServiceTest
-------------------------------------------------------------------------------
Tests run: 17, Failures: 3, Errors: 2, Skipped: 0, Time elapsed: 0.115 s <<< FAILURE! -- in com.hivclinic.service.NotificationServiceTest
com.hivclinic.service.NotificationServiceTest.testMarkAsRead_Success -- Time elapsed: 0.025 s <<< ERROR!
java.lang.NullPointerException: Cannot invoke "com.hivclinic.model.Notification.getIsRead()" because "savedNotification" is null
	at com.hivclinic.service.NotificationService.lambda$markAsRead$4(NotificationService.java:127)
	at java.base/java.util.Optional.map(Optional.java:260)
	at com.hivclinic.service.NotificationService.markAsRead(NotificationService.java:99)
	at com.hivclinic.service.NotificationServiceTest.testMarkAsRead_Success(NotificationServiceTest.java:156)
	at java.base/java.lang.reflect.Method.invoke(Method.java:568)
	at java.base/java.util.ArrayList.forEach(ArrayList.java:1511)
	at java.base/java.util.ArrayList.forEach(ArrayList.java:1511)

com.hivclinic.service.NotificationServiceTest.testGetUnreadNotificationCount_Success -- Time elapsed: 0.005 s <<< FAILURE!
org.opentest4j.AssertionFailedError: expected: <1> but was: <0>
	at org.junit.jupiter.api.AssertionFailureBuilder.build(AssertionFailureBuilder.java:151)
	at org.junit.jupiter.api.AssertionFailureBuilder.buildAndThrow(AssertionFailureBuilder.java:132)
	at org.junit.jupiter.api.AssertEquals.failNotEqual(AssertEquals.java:197)
	at org.junit.jupiter.api.AssertEquals.assertEquals(AssertEquals.java:166)
	at org.junit.jupiter.api.AssertEquals.assertEquals(AssertEquals.java:161)
	at org.junit.jupiter.api.Assertions.assertEquals(Assertions.java:632)
	at com.hivclinic.service.NotificationServiceTest.testGetUnreadNotificationCount_Success(NotificationServiceTest.java:124)
	at java.base/java.lang.reflect.Method.invoke(Method.java:568)
	at java.base/java.util.ArrayList.forEach(ArrayList.java:1511)
	at java.base/java.util.ArrayList.forEach(ArrayList.java:1511)

com.hivclinic.service.NotificationServiceTest.testGetUnreadNotificationsByUserId_Success -- Time elapsed: 0.010 s <<< FAILURE!
org.opentest4j.AssertionFailedError: expected: <1> but was: <0>
	at org.junit.jupiter.api.AssertionFailureBuilder.build(AssertionFailureBuilder.java:151)
	at org.junit.jupiter.api.AssertionFailureBuilder.buildAndThrow(AssertionFailureBuilder.java:132)
	at org.junit.jupiter.api.AssertEquals.failNotEqual(AssertEquals.java:197)
	at org.junit.jupiter.api.AssertEquals.assertEquals(AssertEquals.java:150)
	at org.junit.jupiter.api.AssertEquals.assertEquals(AssertEquals.java:145)
	at org.junit.jupiter.api.Assertions.assertEquals(Assertions.java:531)
	at com.hivclinic.service.NotificationServiceTest.testGetUnreadNotificationsByUserId_Success(NotificationServiceTest.java:90)
	at java.base/java.lang.reflect.Method.invoke(Method.java:568)
	at java.base/java.util.ArrayList.forEach(ArrayList.java:1511)
	at java.base/java.util.ArrayList.forEach(ArrayList.java:1511)

com.hivclinic.service.NotificationServiceTest.testMarkAllAsRead_Success -- Time elapsed: 0.005 s <<< ERROR!
org.mockito.exceptions.base.MockitoException: 

Only void methods can doNothing()!
Example of correct use of doNothing():
    doNothing().
    doThrow(new RuntimeException())
    .when(mock).someVoidMethod();
Above means:
someVoidMethod() does nothing the 1st time but throws an exception the 2nd time is called
	at com.hivclinic.service.NotificationServiceTest.testMarkAllAsRead_Success(NotificationServiceTest.java:207)
	at java.base/java.lang.reflect.Method.invoke(Method.java:568)
	at java.base/java.util.ArrayList.forEach(ArrayList.java:1511)
	at java.base/java.util.ArrayList.forEach(ArrayList.java:1511)

com.hivclinic.service.NotificationServiceTest.testGetNotificationsByUserId_Success -- Time elapsed: 0.005 s <<< FAILURE!
org.opentest4j.AssertionFailedError: expected: <2> but was: <0>
	at org.junit.jupiter.api.AssertionFailureBuilder.build(AssertionFailureBuilder.java:151)
	at org.junit.jupiter.api.AssertionFailureBuilder.buildAndThrow(AssertionFailureBuilder.java:132)
	at org.junit.jupiter.api.AssertEquals.failNotEqual(AssertEquals.java:197)
	at org.junit.jupiter.api.AssertEquals.assertEquals(AssertEquals.java:150)
	at org.junit.jupiter.api.AssertEquals.assertEquals(AssertEquals.java:145)
	at org.junit.jupiter.api.Assertions.assertEquals(Assertions.java:531)
	at com.hivclinic.service.NotificationServiceTest.testGetNotificationsByUserId_Success(NotificationServiceTest.java:53)
	at java.base/java.lang.reflect.Method.invoke(Method.java:568)
	at java.base/java.util.ArrayList.forEach(ArrayList.java:1511)
	at java.base/java.util.ArrayList.forEach(ArrayList.java:1511)

