<?xml version="1.0" encoding="UTF-8"?>
<testsuite xmlns:xsi="http://www.w3.org/2001/XMLSchema-instance" xsi:noNamespaceSchemaLocation="https://maven.apache.org/surefire/maven-surefire-plugin/xsd/surefire-test-report-3.0.xsd" version="3.0" name="com.hivclinic.service.DoctorNotificationServiceTest" time="0.898" tests="19" errors="0" skipped="0" failures="0">
  <properties>
[...]
</properties>
  <testcase name="testGetNotificationHistory_Success" classname="com.hivclinic.service.DoctorNotificationServiceTest" time="0.539">
    <system-out><![CDATA[2025-07-10T16:38:18.524+07:00 DEBUG 5468 --- [HIV Clinic Backend] [           main] c.h.service.DoctorNotificationService    : Doctor 1 requesting notification history for patient 2
2025-07-10T16:38:18.531+07:00 DEBUG 5468 --- [HIV Clinic Backend] [           main] c.h.service.DoctorNotificationService    : Doctor 1 has 1 appointments with patient 2
2025-07-10T16:38:18.531+07:00 DEBUG 5468 --- [HIV Clinic Backend] [           main] c.h.service.DoctorNotificationService    : Found 2 notifications for patient 2
]]></system-out>
  </testcase>
  <testcase name="testSendNotificationToPatient_PatientNotFound" classname="com.hivclinic.service.DoctorNotificationServiceTest" time="0.024">
    <system-out><![CDATA[2025-07-10T16:38:18.557+07:00  INFO 5468 --- [HIV Clinic Backend] [           main] c.h.service.DoctorNotificationService    : Doctor 1 sending notification to patient 999 using template 1
2025-07-10T16:38:18.561+07:00 ERROR 5468 --- [HIV Clinic Backend] [           main] c.h.service.DoctorNotificationService    : Patient not found or invalid role: 999
]]></system-out>
  </testcase>
  <testcase name="testGetNotificationHistory_NoPermission" classname="com.hivclinic.service.DoctorNotificationServiceTest" time="0.014">
    <system-out><![CDATA[2025-07-10T16:38:18.586+07:00 DEBUG 5468 --- [HIV Clinic Backend] [           main] c.h.service.DoctorNotificationService    : Doctor 1 requesting notification history for patient 2
2025-07-10T16:38:18.589+07:00 DEBUG 5468 --- [HIV Clinic Backend] [           main] c.h.service.DoctorNotificationService    : Doctor 1 has 0 appointments with patient 2
2025-07-10T16:38:18.589+07:00 ERROR 5468 --- [HIV Clinic Backend] [           main] c.h.service.DoctorNotificationService    : Doctor 1 does not have permission to access patient 2 notifications
]]></system-out>
  </testcase>
  <testcase name="testGetPatientsWithAppointments_DoctorNotFound" classname="com.hivclinic.service.DoctorNotificationServiceTest" time="0.016">
    <system-out><![CDATA[2025-07-10T16:38:18.593+07:00 DEBUG 5468 --- [HIV Clinic Backend] [           main] c.h.service.DoctorNotificationService    : Getting patients with appointments for doctor 999
2025-07-10T16:38:18.602+07:00 DEBUG 5468 --- [HIV Clinic Backend] [           main] c.h.service.DoctorNotificationService    : Expected frontend structure: userId, firstName, lastName, email
2025-07-10T16:38:18.603+07:00 ERROR 5468 --- [HIV Clinic Backend] [           main] c.h.service.DoctorNotificationService    : Doctor not found: 999
]]></system-out>
  </testcase>
  <testcase name="testSendNotificationToPatient_Success" classname="com.hivclinic.service.DoctorNotificationServiceTest" time="0.049">
    <system-out><![CDATA[2025-07-10T16:38:18.626+07:00  INFO 5468 --- [HIV Clinic Backend] [           main] c.h.service.DoctorNotificationService    : Doctor 1 sending notification to patient 2 using template 1
2025-07-10T16:38:18.626+07:00 DEBUG 5468 --- [HIV Clinic Backend] [           main] c.h.service.DoctorNotificationService    : Doctor 1 has 1 appointments with patient 2
2025-07-10T16:38:18.654+07:00 DEBUG 5468 --- [HIV Clinic Backend] [           main] c.h.service.DoctorNotificationService    : Added appointment variables: date=2025-07-11, time=16:38, status=SCHEDULED
2025-07-10T16:38:18.654+07:00 DEBUG 5468 --- [HIV Clinic Backend] [           main] c.h.service.DoctorNotificationService    : Template variables populated: {clinicName=HIV Clinic, patientName=Jane Smith, clinicAddress=123 Healthcare Avenue, patientFirstName=Jane, appointmentStatus=SCHEDULED, currentDate=2025-07-10, clinicEmail=info@hivclinic.com, currentMonth=JULY, message=, todayDate=July 10, 2025, currentYear=2025, patientLastName=Smith, currentTime=16:38, clinicPhone=(555) 123-4567, appointmentTimeReadable=4:38 PM, doctorName=Dr. John Doe, doctorLastName=Doe, appointmentDateReadable=July 11, 2025, appointmentTime=16:38, currentDay=10, doctorFirstName=Dr. John, appointmentDateTime=2025-07-11T16:38:18.610002100, appointmentDate=2025-07-11}
2025-07-10T16:38:18.654+07:00  INFO 5468 --- [HIV Clinic Backend] [           main] c.h.service.DoctorNotificationService    : Processing template with 23 variables for patient 2 and doctor 1
2025-07-10T16:38:18.654+07:00  INFO 5468 --- [HIV Clinic Backend] [           main] c.h.service.DoctorNotificationService    : Notification sent successfully from doctor 1 to patient 2
]]></system-out>
  </testcase>
  <testcase name="testUnsendNotification_NotificationNotFound" classname="com.hivclinic.service.DoctorNotificationServiceTest" time="0.008">
    <system-out><![CDATA[2025-07-10T16:38:18.659+07:00  INFO 5468 --- [HIV Clinic Backend] [           main] c.h.service.DoctorNotificationService    : Doctor 1 attempting to unsend notification 999
2025-07-10T16:38:18.659+07:00 ERROR 5468 --- [HIV Clinic Backend] [           main] c.h.service.DoctorNotificationService    : Notification not found: 999
]]></system-out>
  </testcase>
  <testcase name="testGetPatientsWithAppointments_Success" classname="com.hivclinic.service.DoctorNotificationServiceTest" time="0.006">
    <system-out><![CDATA[2025-07-10T16:38:18.674+07:00 DEBUG 5468 --- [HIV Clinic Backend] [           main] c.h.service.DoctorNotificationService    : Getting patients with appointments for doctor 1
2025-07-10T16:38:18.675+07:00 DEBUG 5468 --- [HIV Clinic Backend] [           main] c.h.service.DoctorNotificationService    : Expected frontend structure: userId, firstName, lastName, email
2025-07-10T16:38:18.675+07:00 DEBUG 5468 --- [HIV Clinic Backend] [           main] c.h.service.DoctorNotificationService    : Found PatientProfile for user 2: Jane Smith
2025-07-10T16:38:18.675+07:00 DEBUG 5468 --- [HIV Clinic Backend] [           main] c.h.service.DoctorNotificationService    : Final mapping for patient: userId=2, username=patient1, email=patient@test.com, firstName=Jane, lastName=Smith
2025-07-10T16:38:18.675+07:00  INFO 5468 --- [HIV Clinic Backend] [           main] c.h.service.DoctorNotificationService    : Successfully fetched 1 unique patients with appointments for doctor 1
]]></system-out>
  </testcase>
  <testcase name="testSendNotificationToPatient_InactiveTemplate" classname="com.hivclinic.service.DoctorNotificationServiceTest" time="0.028">
    <system-out><![CDATA[2025-07-10T16:38:18.693+07:00  INFO 5468 --- [HIV Clinic Backend] [           main] c.h.service.DoctorNotificationService    : Doctor 1 sending notification to patient 2 using template 1
2025-07-10T16:38:18.698+07:00 DEBUG 5468 --- [HIV Clinic Backend] [           main] c.h.service.DoctorNotificationService    : Doctor 1 has 1 appointments with patient 2
2025-07-10T16:38:18.701+07:00 ERROR 5468 --- [HIV Clinic Backend] [           main] c.h.service.DoctorNotificationService    : Template not found or inactive: 1
]]></system-out>
  </testcase>
  <testcase name="testSendNotificationToPatient_NoPermission" classname="com.hivclinic.service.DoctorNotificationServiceTest" time="0.01">
    <system-out><![CDATA[2025-07-10T16:38:18.710+07:00  INFO 5468 --- [HIV Clinic Backend] [           main] c.h.service.DoctorNotificationService    : Doctor 1 sending notification to patient 2 using template 1
2025-07-10T16:38:18.710+07:00 DEBUG 5468 --- [HIV Clinic Backend] [           main] c.h.service.DoctorNotificationService    : Doctor 1 has 0 appointments with patient 2
2025-07-10T16:38:18.714+07:00 ERROR 5468 --- [HIV Clinic Backend] [           main] c.h.service.DoctorNotificationService    : Doctor 1 does not have permission to contact patient 2
]]></system-out>
  </testcase>
  <testcase name="testGetNotificationTemplatesByType_InvalidType" classname="com.hivclinic.service.DoctorNotificationServiceTest" time="0.011">
    <system-out><![CDATA[2025-07-10T16:38:18.723+07:00 ERROR 5468 --- [HIV Clinic Backend] [           main] c.h.service.DoctorNotificationService    : Invalid notification type: INVALID_TYPE
]]></system-out>
  </testcase>
  <testcase name="testSendNotificationToPatient_TemplateNotFound" classname="com.hivclinic.service.DoctorNotificationServiceTest" time="0.014">
    <system-out><![CDATA[2025-07-10T16:38:18.726+07:00  INFO 5468 --- [HIV Clinic Backend] [           main] c.h.service.DoctorNotificationService    : Doctor 1 sending notification to patient 2 using template 999
2025-07-10T16:38:18.738+07:00 DEBUG 5468 --- [HIV Clinic Backend] [           main] c.h.service.DoctorNotificationService    : Doctor 1 has 1 appointments with patient 2
2025-07-10T16:38:18.739+07:00 ERROR 5468 --- [HIV Clinic Backend] [           main] c.h.service.DoctorNotificationService    : Template not found or inactive: 999
]]></system-out>
  </testcase>
  <testcase name="testSendNotificationToPatient_DoctorNotFound" classname="com.hivclinic.service.DoctorNotificationServiceTest" time="0.004">
    <system-out><![CDATA[2025-07-10T16:38:18.745+07:00  INFO 5468 --- [HIV Clinic Backend] [           main] c.h.service.DoctorNotificationService    : Doctor 999 sending notification to patient 2 using template 1
2025-07-10T16:38:18.745+07:00 ERROR 5468 --- [HIV Clinic Backend] [           main] c.h.service.DoctorNotificationService    : Doctor not found or invalid role: 999
]]></system-out>
  </testcase>
  <testcase name="testGetPatientsWithAppointments_WithFallbackNames" classname="com.hivclinic.service.DoctorNotificationServiceTest" time="0.012">
    <system-out><![CDATA[2025-07-10T16:38:18.759+07:00 DEBUG 5468 --- [HIV Clinic Backend] [           main] c.h.service.DoctorNotificationService    : Getting patients with appointments for doctor 1
2025-07-10T16:38:18.760+07:00 DEBUG 5468 --- [HIV Clinic Backend] [           main] c.h.service.DoctorNotificationService    : Expected frontend structure: userId, firstName, lastName, email
2025-07-10T16:38:18.761+07:00 DEBUG 5468 --- [HIV Clinic Backend] [           main] c.h.service.DoctorNotificationService    : No PatientProfile found for user 3, using User entity: patient3 Patient
2025-07-10T16:38:18.761+07:00 DEBUG 5468 --- [HIV Clinic Backend] [           main] c.h.service.DoctorNotificationService    : Final mapping for patient: userId=3, username=patient3, email=patient3@test.com, firstName=patient3, lastName=Patient
2025-07-10T16:38:18.761+07:00  INFO 5468 --- [HIV Clinic Backend] [           main] c.h.service.DoctorNotificationService    : Successfully fetched 1 unique patients with appointments for doctor 1
]]></system-out>
  </testcase>
  <testcase name="testGetPatientsWithAppointments_NoAppointments" classname="com.hivclinic.service.DoctorNotificationServiceTest" time="0.013">
    <system-out><![CDATA[2025-07-10T16:38:18.772+07:00 DEBUG 5468 --- [HIV Clinic Backend] [           main] c.h.service.DoctorNotificationService    : Getting patients with appointments for doctor 1
2025-07-10T16:38:18.774+07:00 DEBUG 5468 --- [HIV Clinic Backend] [           main] c.h.service.DoctorNotificationService    : Expected frontend structure: userId, firstName, lastName, email
2025-07-10T16:38:18.775+07:00  INFO 5468 --- [HIV Clinic Backend] [           main] c.h.service.DoctorNotificationService    : Successfully fetched 0 unique patients with appointments for doctor 1
]]></system-out>
  </testcase>
  <testcase name="testGetPatientsWithAppointments_WithoutPatientProfile" classname="com.hivclinic.service.DoctorNotificationServiceTest" time="0.038">
    <system-out><![CDATA[2025-07-10T16:38:18.783+07:00 DEBUG 5468 --- [HIV Clinic Backend] [           main] c.h.service.DoctorNotificationService    : Getting patients with appointments for doctor 1
2025-07-10T16:38:18.810+07:00 DEBUG 5468 --- [HIV Clinic Backend] [           main] c.h.service.DoctorNotificationService    : Expected frontend structure: userId, firstName, lastName, email
2025-07-10T16:38:18.810+07:00 DEBUG 5468 --- [HIV Clinic Backend] [           main] c.h.service.DoctorNotificationService    : No PatientProfile found for user 2, using User entity: Jane Smith
2025-07-10T16:38:18.810+07:00 DEBUG 5468 --- [HIV Clinic Backend] [           main] c.h.service.DoctorNotificationService    : Final mapping for patient: userId=2, username=patient1, email=patient@test.com, firstName=Jane, lastName=Smith
2025-07-10T16:38:18.810+07:00  INFO 5468 --- [HIV Clinic Backend] [           main] c.h.service.DoctorNotificationService    : Successfully fetched 1 unique patients with appointments for doctor 1
]]></system-out>
  </testcase>
  <testcase name="testGetPatientsWithAppointments_ExceptionHandling" classname="com.hivclinic.service.DoctorNotificationServiceTest" time="0.053">
    <system-out><![CDATA[2025-07-10T16:38:18.830+07:00 DEBUG 5468 --- [HIV Clinic Backend] [           main] c.h.service.DoctorNotificationService    : Getting patients with appointments for doctor 1
2025-07-10T16:38:18.837+07:00 DEBUG 5468 --- [HIV Clinic Backend] [           main] c.h.service.DoctorNotificationService    : Expected frontend structure: userId, firstName, lastName, email
2025-07-10T16:38:18.841+07:00 ERROR 5468 --- [HIV Clinic Backend] [           main] c.h.service.DoctorNotificationService    : Error getting patients for doctor 1: Database error

java.lang.RuntimeException: Database error
	at com.hivclinic.service.DoctorNotificationService.getPatientsWithAppointments(DoctorNotificationService.java:437) ~[classes/:na]
	at com.hivclinic.service.DoctorNotificationServiceTest.testGetPatientsWithAppointments_ExceptionHandling(DoctorNotificationServiceTest.java:234) ~[test-classes/:na]
	at java.base/jdk.internal.reflect.NativeMethodAccessorImpl.invoke0(Native Method) ~[na:na]
	at java.base/jdk.internal.reflect.NativeMethodAccessorImpl.invoke(NativeMethodAccessorImpl.java:77) ~[na:na]
	at java.base/jdk.internal.reflect.DelegatingMethodAccessorImpl.invoke(DelegatingMethodAccessorImpl.java:43) ~[na:na]
	at java.base/java.lang.reflect.Method.invoke(Method.java:568) ~[na:na]
	at org.junit.platform.commons.util.ReflectionUtils.invokeMethod(ReflectionUtils.java:728) ~[junit-platform-commons-1.10.1.jar:1.10.1]
	at org.junit.jupiter.engine.execution.MethodInvocation.proceed(MethodInvocation.java:60) ~[junit-jupiter-engine-5.10.1.jar:5.10.1]
	at org.junit.jupiter.engine.execution.InvocationInterceptorChain$ValidatingInvocation.proceed(InvocationInterceptorChain.java:131) ~[junit-jupiter-engine-5.10.1.jar:5.10.1]
	at org.junit.jupiter.engine.extension.TimeoutExtension.intercept(TimeoutExtension.java:156) ~[junit-jupiter-engine-5.10.1.jar:5.10.1]
	at org.junit.jupiter.engine.extension.TimeoutExtension.interceptTestableMethod(TimeoutExtension.java:147) ~[junit-jupiter-engine-5.10.1.jar:5.10.1]
	at org.junit.jupiter.engine.extension.TimeoutExtension.interceptTestMethod(TimeoutExtension.java:86) ~[junit-jupiter-engine-5.10.1.jar:5.10.1]
	at org.junit.jupiter.engine.execution.InterceptingExecutableInvoker$ReflectiveInterceptorCall.lambda$ofVoidMethod$0(InterceptingExecutableInvoker.java:103) ~[junit-jupiter-engine-5.10.1.jar:5.10.1]
	at org.junit.jupiter.engine.execution.InterceptingExecutableInvoker.lambda$invoke$0(InterceptingExecutableInvoker.java:93) ~[junit-jupiter-engine-5.10.1.jar:5.10.1]
	at org.junit.jupiter.engine.execution.InvocationInterceptorChain$InterceptedInvocation.proceed(InvocationInterceptorChain.java:106) ~[junit-jupiter-engine-5.10.1.jar:5.10.1]
	at org.junit.jupiter.engine.execution.InvocationInterceptorChain.proceed(InvocationInterceptorChain.java:64) ~[junit-jupiter-engine-5.10.1.jar:5.10.1]
	at org.junit.jupiter.engine.execution.InvocationInterceptorChain.chainAndInvoke(InvocationInterceptorChain.java:45) ~[junit-jupiter-engine-5.10.1.jar:5.10.1]
	at org.junit.jupiter.engine.execution.InvocationInterceptorChain.invoke(InvocationInterceptorChain.java:37) ~[junit-jupiter-engine-5.10.1.jar:5.10.1]
	at org.junit.jupiter.engine.execution.InterceptingExecutableInvoker.invoke(InterceptingExecutableInvoker.java:92) ~[junit-jupiter-engine-5.10.1.jar:5.10.1]
	at org.junit.jupiter.engine.execution.InterceptingExecutableInvoker.invoke(InterceptingExecutableInvoker.java:86) ~[junit-jupiter-engine-5.10.1.jar:5.10.1]
	at org.junit.jupiter.engine.descriptor.TestMethodTestDescriptor.lambda$invokeTestMethod$7(TestMethodTestDescriptor.java:218) ~[junit-jupiter-engine-5.10.1.jar:5.10.1]
	at org.junit.platform.engine.support.hierarchical.ThrowableCollector.execute(ThrowableCollector.java:73) ~[junit-platform-engine-1.10.1.jar:1.10.1]
	at org.junit.jupiter.engine.descriptor.TestMethodTestDescriptor.invokeTestMethod(TestMethodTestDescriptor.java:214) ~[junit-jupiter-engine-5.10.1.jar:5.10.1]
	at org.junit.jupiter.engine.descriptor.TestMethodTestDescriptor.execute(TestMethodTestDescriptor.java:139) ~[junit-jupiter-engine-5.10.1.jar:5.10.1]
	at org.junit.jupiter.engine.descriptor.TestMethodTestDescriptor.execute(TestMethodTestDescriptor.java:69) ~[junit-jupiter-engine-5.10.1.jar:5.10.1]
	at org.junit.platform.engine.support.hierarchical.NodeTestTask.lambda$executeRecursively$6(NodeTestTask.java:151) ~[junit-platform-engine-1.10.1.jar:1.10.1]
	at org.junit.platform.engine.support.hierarchical.ThrowableCollector.execute(ThrowableCollector.java:73) ~[junit-platform-engine-1.10.1.jar:1.10.1]
	at org.junit.platform.engine.support.hierarchical.NodeTestTask.lambda$executeRecursively$8(NodeTestTask.java:141) ~[junit-platform-engine-1.10.1.jar:1.10.1]
	at org.junit.platform.engine.support.hierarchical.Node.around(Node.java:137) ~[junit-platform-engine-1.10.1.jar:1.10.1]
	at org.junit.platform.engine.support.hierarchical.NodeTestTask.lambda$executeRecursively$9(NodeTestTask.java:139) ~[junit-platform-engine-1.10.1.jar:1.10.1]
	at org.junit.platform.engine.support.hierarchical.ThrowableCollector.execute(ThrowableCollector.java:73) ~[junit-platform-engine-1.10.1.jar:1.10.1]
	at org.junit.platform.engine.support.hierarchical.NodeTestTask.executeRecursively(NodeTestTask.java:138) ~[junit-platform-engine-1.10.1.jar:1.10.1]
	at org.junit.platform.engine.support.hierarchical.NodeTestTask.execute(NodeTestTask.java:95) ~[junit-platform-engine-1.10.1.jar:1.10.1]
	at java.base/java.util.ArrayList.forEach(ArrayList.java:1511) ~[na:na]
	at org.junit.platform.engine.support.hierarchical.SameThreadHierarchicalTestExecutorService.invokeAll(SameThreadHierarchicalTestExecutorService.java:41) ~[junit-platform-engine-1.10.1.jar:1.10.1]
	at org.junit.platform.engine.support.hierarchical.NodeTestTask.lambda$executeRecursively$6(NodeTestTask.java:155) ~[junit-platform-engine-1.10.1.jar:1.10.1]
	at org.junit.platform.engine.support.hierarchical.ThrowableCollector.execute(ThrowableCollector.java:73) ~[junit-platform-engine-1.10.1.jar:1.10.1]
	at org.junit.platform.engine.support.hierarchical.NodeTestTask.lambda$executeRecursively$8(NodeTestTask.java:141) ~[junit-platform-engine-1.10.1.jar:1.10.1]
	at org.junit.platform.engine.support.hierarchical.Node.around(Node.java:137) ~[junit-platform-engine-1.10.1.jar:1.10.1]
	at org.junit.platform.engine.support.hierarchical.NodeTestTask.lambda$executeRecursively$9(NodeTestTask.java:139) ~[junit-platform-engine-1.10.1.jar:1.10.1]
	at org.junit.platform.engine.support.hierarchical.ThrowableCollector.execute(ThrowableCollector.java:73) ~[junit-platform-engine-1.10.1.jar:1.10.1]
	at org.junit.platform.engine.support.hierarchical.NodeTestTask.executeRecursively(NodeTestTask.java:138) ~[junit-platform-engine-1.10.1.jar:1.10.1]
	at org.junit.platform.engine.support.hierarchical.NodeTestTask.execute(NodeTestTask.java:95) ~[junit-platform-engine-1.10.1.jar:1.10.1]
	at java.base/java.util.ArrayList.forEach(ArrayList.java:1511) ~[na:na]
	at org.junit.platform.engine.support.hierarchical.SameThreadHierarchicalTestExecutorService.invokeAll(SameThreadHierarchicalTestExecutorService.java:41) ~[junit-platform-engine-1.10.1.jar:1.10.1]
	at org.junit.platform.engine.support.hierarchical.NodeTestTask.lambda$executeRecursively$6(NodeTestTask.java:155) ~[junit-platform-engine-1.10.1.jar:1.10.1]
	at org.junit.platform.engine.support.hierarchical.ThrowableCollector.execute(ThrowableCollector.java:73) ~[junit-platform-engine-1.10.1.jar:1.10.1]
	at org.junit.platform.engine.support.hierarchical.NodeTestTask.lambda$executeRecursively$8(NodeTestTask.java:141) ~[junit-platform-engine-1.10.1.jar:1.10.1]
	at org.junit.platform.engine.support.hierarchical.Node.around(Node.java:137) ~[junit-platform-engine-1.10.1.jar:1.10.1]
	at org.junit.platform.engine.support.hierarchical.NodeTestTask.lambda$executeRecursively$9(NodeTestTask.java:139) ~[junit-platform-engine-1.10.1.jar:1.10.1]
	at org.junit.platform.engine.support.hierarchical.ThrowableCollector.execute(ThrowableCollector.java:73) ~[junit-platform-engine-1.10.1.jar:1.10.1]
	at org.junit.platform.engine.support.hierarchical.NodeTestTask.executeRecursively(NodeTestTask.java:138) ~[junit-platform-engine-1.10.1.jar:1.10.1]
	at org.junit.platform.engine.support.hierarchical.NodeTestTask.execute(NodeTestTask.java:95) ~[junit-platform-engine-1.10.1.jar:1.10.1]
	at org.junit.platform.engine.support.hierarchical.SameThreadHierarchicalTestExecutorService.submit(SameThreadHierarchicalTestExecutorService.java:35) ~[junit-platform-engine-1.10.1.jar:1.10.1]
	at org.junit.platform.engine.support.hierarchical.HierarchicalTestExecutor.execute(HierarchicalTestExecutor.java:57) ~[junit-platform-engine-1.10.1.jar:1.10.1]
	at org.junit.platform.engine.support.hierarchical.HierarchicalTestEngine.execute(HierarchicalTestEngine.java:54) ~[junit-platform-engine-1.10.1.jar:1.10.1]
	at org.junit.platform.launcher.core.EngineExecutionOrchestrator.execute(EngineExecutionOrchestrator.java:198) ~[junit-platform-launcher-1.10.1.jar:1.10.1]
	at org.junit.platform.launcher.core.EngineExecutionOrchestrator.execute(EngineExecutionOrchestrator.java:169) ~[junit-platform-launcher-1.10.1.jar:1.10.1]
	at org.junit.platform.launcher.core.EngineExecutionOrchestrator.execute(EngineExecutionOrchestrator.java:93) ~[junit-platform-launcher-1.10.1.jar:1.10.1]
	at org.junit.platform.launcher.core.EngineExecutionOrchestrator.lambda$execute$0(EngineExecutionOrchestrator.java:58) ~[junit-platform-launcher-1.10.1.jar:1.10.1]
	at org.junit.platform.launcher.core.EngineExecutionOrchestrator.withInterceptedStreams(EngineExecutionOrchestrator.java:141) ~[junit-platform-launcher-1.10.1.jar:1.10.1]
	at org.junit.platform.launcher.core.EngineExecutionOrchestrator.execute(EngineExecutionOrchestrator.java:57) ~[junit-platform-launcher-1.10.1.jar:1.10.1]
	at org.junit.platform.launcher.core.DefaultLauncher.execute(DefaultLauncher.java:103) ~[junit-platform-launcher-1.10.1.jar:1.10.1]
	at org.junit.platform.launcher.core.DefaultLauncher.execute(DefaultLauncher.java:85) ~[junit-platform-launcher-1.10.1.jar:1.10.1]
	at org.junit.platform.launcher.core.DelegatingLauncher.execute(DelegatingLauncher.java:47) ~[junit-platform-launcher-1.10.1.jar:1.10.1]
	at org.apache.maven.surefire.junitplatform.LazyLauncher.execute(LazyLauncher.java:56) ~[surefire-junit-platform-3.1.2.jar:3.1.2]
	at org.apache.maven.surefire.junitplatform.JUnitPlatformProvider.execute(JUnitPlatformProvider.java:184) ~[surefire-junit-platform-3.1.2.jar:3.1.2]
	at org.apache.maven.surefire.junitplatform.JUnitPlatformProvider.invokeAllTests(JUnitPlatformProvider.java:148) ~[surefire-junit-platform-3.1.2.jar:3.1.2]
	at org.apache.maven.surefire.junitplatform.JUnitPlatformProvider.invoke(JUnitPlatformProvider.java:122) ~[surefire-junit-platform-3.1.2.jar:3.1.2]
	at java.base/jdk.internal.reflect.NativeMethodAccessorImpl.invoke0(Native Method) ~[na:na]
	at java.base/jdk.internal.reflect.NativeMethodAccessorImpl.invoke(NativeMethodAccessorImpl.java:77) ~[na:na]
	at java.base/jdk.internal.reflect.DelegatingMethodAccessorImpl.invoke(DelegatingMethodAccessorImpl.java:43) ~[na:na]
	at java.base/java.lang.reflect.Method.invoke(Method.java:568) ~[na:na]
	at org.apache.maven.surefire.api.util.ReflectionUtils.invokeMethodWithArray2(ReflectionUtils.java:137) ~[surefire-api-3.1.2.jar:3.1.2]
	at org.apache.maven.surefire.booter.ProviderFactory$ProviderProxy.invoke(ProviderFactory.java:148) ~[surefire-booter-3.1.2.jar:3.1.2]
	at org.apache.maven.surefire.booter.ProviderFactory.invokeProvider(ProviderFactory.java:88) ~[surefire-booter-3.1.2.jar:3.1.2]
	at org.apache.maven.plugin.surefire.InPluginVMSurefireStarter.runSuitesInProcess(InPluginVMSurefireStarter.java:91) ~[maven-surefire-common-3.1.2.jar:3.1.2]
	at org.apache.maven.plugin.surefire.AbstractSurefireMojo.executeProvider(AbstractSurefireMojo.java:1177) ~[na:na]
	at org.apache.maven.plugin.surefire.AbstractSurefireMojo.executeAfterPreconditionsChecked(AbstractSurefireMojo.java:1055) ~[na:na]
	at org.apache.maven.plugin.surefire.AbstractSurefireMojo.execute(AbstractSurefireMojo.java:871) ~[na:na]
	at org.apache.maven.plugin.DefaultBuildPluginManager.executeMojo(DefaultBuildPluginManager.java:126) ~[na:na]
	at org.apache.maven.lifecycle.internal.MojoExecutor.doExecute2(MojoExecutor.java:328) ~[na:na]
	at org.apache.maven.lifecycle.internal.MojoExecutor.doExecute(MojoExecutor.java:316) ~[na:na]
	at org.apache.maven.lifecycle.internal.MojoExecutor.execute(MojoExecutor.java:212) ~[na:na]
	at org.apache.maven.lifecycle.internal.MojoExecutor.execute(MojoExecutor.java:174) ~[na:na]
	at org.apache.maven.lifecycle.internal.MojoExecutor.access$000(MojoExecutor.java:75) ~[na:na]
	at org.apache.maven.lifecycle.internal.MojoExecutor$1.run(MojoExecutor.java:162) ~[na:na]
	at org.apache.maven.plugin.DefaultMojosExecutionStrategy.execute(DefaultMojosExecutionStrategy.java:39) ~[na:na]
	at org.apache.maven.lifecycle.internal.MojoExecutor.execute(MojoExecutor.java:159) ~[na:na]
	at org.apache.maven.lifecycle.internal.LifecycleModuleBuilder.buildProject(LifecycleModuleBuilder.java:105) ~[na:na]
	at org.apache.maven.lifecycle.internal.LifecycleModuleBuilder.buildProject(LifecycleModuleBuilder.java:73) ~[na:na]
	at org.apache.maven.lifecycle.internal.builder.singlethreaded.SingleThreadedBuilder.build(SingleThreadedBuilder.java:53) ~[na:na]
	at org.apache.maven.lifecycle.internal.LifecycleStarter.execute(LifecycleStarter.java:118) ~[na:na]
	at org.apache.maven.DefaultMaven.doExecute(DefaultMaven.java:261) ~[na:na]
	at org.apache.maven.DefaultMaven.doExecute(DefaultMaven.java:173) ~[na:na]
	at org.apache.maven.DefaultMaven.execute(DefaultMaven.java:101) ~[na:na]
	at org.apache.maven.cli.MavenCli.execute(MavenCli.java:906) ~[na:na]
	at org.apache.maven.cli.MavenCli.doMain(MavenCli.java:283) ~[na:na]
	at org.apache.maven.cli.MavenCli.main(MavenCli.java:206) ~[na:na]
	at java.base/jdk.internal.reflect.NativeMethodAccessorImpl.invoke0(Native Method) ~[na:na]
	at java.base/jdk.internal.reflect.NativeMethodAccessorImpl.invoke(NativeMethodAccessorImpl.java:77) ~[na:na]
	at java.base/jdk.internal.reflect.DelegatingMethodAccessorImpl.invoke(DelegatingMethodAccessorImpl.java:43) ~[na:na]
	at java.base/java.lang.reflect.Method.invoke(Method.java:568) ~[na:na]
	at org.codehaus.plexus.classworlds.launcher.Launcher.launchEnhanced(Launcher.java:255) ~[na:na]
	at org.codehaus.plexus.classworlds.launcher.Launcher.launch(Launcher.java:201) ~[na:na]
	at org.codehaus.plexus.classworlds.launcher.Launcher.mainWithExitCode(Launcher.java:361) ~[na:na]
	at org.codehaus.plexus.classworlds.launcher.Launcher.main(Launcher.java:314) ~[na:na]

]]></system-out>
  </testcase>
  <testcase name="testGetNotificationTemplatesByType_Success" classname="com.hivclinic.service.DoctorNotificationServiceTest" time="0.001"/>
  <testcase name="testUnsendNotification_Success" classname="com.hivclinic.service.DoctorNotificationServiceTest" time="0.014">
    <system-out><![CDATA[2025-07-10T16:38:18.886+07:00  INFO 5468 --- [HIV Clinic Backend] [           main] c.h.service.DoctorNotificationService    : Doctor 1 attempting to unsend notification 1
2025-07-10T16:38:18.890+07:00 DEBUG 5468 --- [HIV Clinic Backend] [           main] c.h.service.DoctorNotificationService    : Doctor 1 has 1 appointments with patient 2
2025-07-10T16:38:18.890+07:00  INFO 5468 --- [HIV Clinic Backend] [           main] c.h.service.DoctorNotificationService    : Notification 1 cancelled by doctor 1
]]></system-out>
  </testcase>
  <testcase name="testUnsendNotification_AlreadySent" classname="com.hivclinic.service.DoctorNotificationServiceTest" time="0.003">
    <system-out><![CDATA[2025-07-10T16:38:18.895+07:00  INFO 5468 --- [HIV Clinic Backend] [           main] c.h.service.DoctorNotificationService    : Doctor 1 attempting to unsend notification 1
2025-07-10T16:38:18.895+07:00  WARN 5468 --- [HIV Clinic Backend] [           main] c.h.service.DoctorNotificationService    : Cannot unsend notification 1 - already sent at 2025-07-10T16:38:18.895703400
]]></system-out>
  </testcase>
</testsuite>