<?xml version="1.0" encoding="UTF-8"?>
<testsuite xmlns:xsi="http://www.w3.org/2001/XMLSchema-instance" xsi:noNamespaceSchemaLocation="https://maven.apache.org/surefire/maven-surefire-plugin/xsd/surefire-test-report-3.0.xsd" version="3.0" name="com.hivclinic.service.DoctorNotificationServiceTest" time="1.736" tests="19" errors="0" skipped="0" failures="0">
  <properties>
[...]
</properties>
  <testcase name="testGetNotificationHistory_Success" classname="com.hivclinic.service.DoctorNotificationServiceTest" time="1.538">
    <system-err><![CDATA[WARNING: A Java agent has been loaded dynamically (C:\Users\PC\.m2\repository\net\bytebuddy\byte-buddy-agent\1.14.10\byte-buddy-agent-1.14.10.jar)
WARNING: If a serviceability tool is in use, please run with -XX:+EnableDynamicAgentLoading to hide this warning
WARNING: If a serviceability tool is not in use, please run with -Djdk.instrument.traceUsage for more information
WARNING: Dynamic loading of agents will be disallowed by default in a future release
]]></system-err>
  </testcase>
  <testcase name="testSendNotificationToPatient_PatientNotFound" classname="com.hivclinic.service.DoctorNotificationServiceTest" time="0.018">
    <system-out><![CDATA[01:09:01.708 [main] INFO com.hivclinic.service.DoctorNotificationService -- Doctor 1 sending notification to patient 999 using template 1
01:09:01.712 [main] ERROR com.hivclinic.service.DoctorNotificationService -- Patient not found or invalid role: 999
]]></system-out>
  </testcase>
  <testcase name="testGetNotificationHistory_NoPermission" classname="com.hivclinic.service.DoctorNotificationServiceTest" time="0.009">
    <system-out><![CDATA[01:09:01.728 [main] ERROR com.hivclinic.service.DoctorNotificationService -- Doctor 1 does not have permission to access patient 2 notifications
]]></system-out>
  </testcase>
  <testcase name="testGetPatientsWithAppointments_DoctorNotFound" classname="com.hivclinic.service.DoctorNotificationServiceTest" time="0.008">
    <system-out><![CDATA[01:09:01.737 [main] ERROR com.hivclinic.service.DoctorNotificationService -- Doctor not found: 999
]]></system-out>
  </testcase>
  <testcase name="testSendNotificationToPatient_Success" classname="com.hivclinic.service.DoctorNotificationServiceTest" time="0.015">
    <system-out><![CDATA[01:09:01.753 [main] INFO com.hivclinic.service.DoctorNotificationService -- Doctor 1 sending notification to patient 2 using template 1
01:09:01.755 [main] INFO com.hivclinic.service.DoctorNotificationService -- Notification sent successfully from doctor 1 to patient 2
]]></system-out>
  </testcase>
  <testcase name="testUnsendNotification_NotificationNotFound" classname="com.hivclinic.service.DoctorNotificationServiceTest" time="0.008">
    <system-out><![CDATA[01:09:01.764 [main] INFO com.hivclinic.service.DoctorNotificationService -- Doctor 1 attempting to unsend notification 999
01:09:01.764 [main] ERROR com.hivclinic.service.DoctorNotificationService -- Notification not found: 999
]]></system-out>
  </testcase>
  <testcase name="testGetPatientsWithAppointments_Success" classname="com.hivclinic.service.DoctorNotificationServiceTest" time="0.008">
    <system-out><![CDATA[01:09:01.773 [main] INFO com.hivclinic.service.DoctorNotificationService -- Successfully fetched 1 unique patients with appointments for doctor 1
]]></system-out>
  </testcase>
  <testcase name="testSendNotificationToPatient_InactiveTemplate" classname="com.hivclinic.service.DoctorNotificationServiceTest" time="0.009">
    <system-out><![CDATA[01:09:01.782 [main] INFO com.hivclinic.service.DoctorNotificationService -- Doctor 1 sending notification to patient 2 using template 1
01:09:01.783 [main] ERROR com.hivclinic.service.DoctorNotificationService -- Template not found or inactive: 1
]]></system-out>
  </testcase>
  <testcase name="testSendNotificationToPatient_NoPermission" classname="com.hivclinic.service.DoctorNotificationServiceTest" time="0.006">
    <system-out><![CDATA[01:09:01.791 [main] INFO com.hivclinic.service.DoctorNotificationService -- Doctor 1 sending notification to patient 2 using template 1
01:09:01.791 [main] ERROR com.hivclinic.service.DoctorNotificationService -- Doctor 1 does not have permission to contact patient 2
]]></system-out>
  </testcase>
  <testcase name="testGetNotificationTemplatesByType_InvalidType" classname="com.hivclinic.service.DoctorNotificationServiceTest" time="0.005">
    <system-out><![CDATA[01:09:01.798 [main] ERROR com.hivclinic.service.DoctorNotificationService -- Invalid notification type: INVALID_TYPE
]]></system-out>
  </testcase>
  <testcase name="testSendNotificationToPatient_TemplateNotFound" classname="com.hivclinic.service.DoctorNotificationServiceTest" time="0.007">
    <system-out><![CDATA[01:09:01.805 [main] INFO com.hivclinic.service.DoctorNotificationService -- Doctor 1 sending notification to patient 2 using template 999
01:09:01.806 [main] ERROR com.hivclinic.service.DoctorNotificationService -- Template not found or inactive: 999
]]></system-out>
  </testcase>
  <testcase name="testSendNotificationToPatient_DoctorNotFound" classname="com.hivclinic.service.DoctorNotificationServiceTest" time="0.006">
    <system-out><![CDATA[01:09:01.812 [main] INFO com.hivclinic.service.DoctorNotificationService -- Doctor 999 sending notification to patient 2 using template 1
01:09:01.813 [main] ERROR com.hivclinic.service.DoctorNotificationService -- Doctor not found or invalid role: 999
]]></system-out>
  </testcase>
  <testcase name="testGetPatientsWithAppointments_WithFallbackNames" classname="com.hivclinic.service.DoctorNotificationServiceTest" time="0.005">
    <system-out><![CDATA[01:09:01.819 [main] INFO com.hivclinic.service.DoctorNotificationService -- Successfully fetched 1 unique patients with appointments for doctor 1
]]></system-out>
  </testcase>
  <testcase name="testGetPatientsWithAppointments_NoAppointments" classname="com.hivclinic.service.DoctorNotificationServiceTest" time="0.005">
    <system-out><![CDATA[01:09:01.825 [main] INFO com.hivclinic.service.DoctorNotificationService -- Successfully fetched 0 unique patients with appointments for doctor 1
]]></system-out>
  </testcase>
  <testcase name="testGetPatientsWithAppointments_WithoutPatientProfile" classname="com.hivclinic.service.DoctorNotificationServiceTest" time="0.006">
    <system-out><![CDATA[01:09:01.833 [main] INFO com.hivclinic.service.DoctorNotificationService -- Successfully fetched 1 unique patients with appointments for doctor 1
]]></system-out>
  </testcase>
  <testcase name="testGetPatientsWithAppointments_ExceptionHandling" classname="com.hivclinic.service.DoctorNotificationServiceTest" time="0.007">
    <system-out><![CDATA[01:09:01.839 [main] ERROR com.hivclinic.service.DoctorNotificationService -- Error getting patients for doctor 1: Database error
java.lang.RuntimeException: Database error
	at com.hivclinic.service.DoctorNotificationService.getPatientsWithAppointments(DoctorNotificationService.java:341)
	at com.hivclinic.service.DoctorNotificationServiceTest.testGetPatientsWithAppointments_ExceptionHandling(DoctorNotificationServiceTest.java:234)
	at java.base/jdk.internal.reflect.DirectMethodHandleAccessor.invoke(DirectMethodHandleAccessor.java:103)
	at java.base/java.lang.reflect.Method.invoke(Method.java:580)
	at org.junit.platform.commons.util.ReflectionUtils.invokeMethod(ReflectionUtils.java:728)
	at org.junit.jupiter.engine.execution.MethodInvocation.proceed(MethodInvocation.java:60)
	at org.junit.jupiter.engine.execution.InvocationInterceptorChain$ValidatingInvocation.proceed(InvocationInterceptorChain.java:131)
	at org.junit.jupiter.engine.extension.TimeoutExtension.intercept(TimeoutExtension.java:156)
	at org.junit.jupiter.engine.extension.TimeoutExtension.interceptTestableMethod(TimeoutExtension.java:147)
	at org.junit.jupiter.engine.extension.TimeoutExtension.interceptTestMethod(TimeoutExtension.java:86)
	at org.junit.jupiter.engine.execution.InterceptingExecutableInvoker$ReflectiveInterceptorCall.lambda$ofVoidMethod$0(InterceptingExecutableInvoker.java:103)
	at org.junit.jupiter.engine.execution.InterceptingExecutableInvoker.lambda$invoke$0(InterceptingExecutableInvoker.java:93)
	at org.junit.jupiter.engine.execution.InvocationInterceptorChain$InterceptedInvocation.proceed(InvocationInterceptorChain.java:106)
	at org.junit.jupiter.engine.execution.InvocationInterceptorChain.proceed(InvocationInterceptorChain.java:64)
	at org.junit.jupiter.engine.execution.InvocationInterceptorChain.chainAndInvoke(InvocationInterceptorChain.java:45)
	at org.junit.jupiter.engine.execution.InvocationInterceptorChain.invoke(InvocationInterceptorChain.java:37)
	at org.junit.jupiter.engine.execution.InterceptingExecutableInvoker.invoke(InterceptingExecutableInvoker.java:92)
	at org.junit.jupiter.engine.execution.InterceptingExecutableInvoker.invoke(InterceptingExecutableInvoker.java:86)
	at org.junit.jupiter.engine.descriptor.TestMethodTestDescriptor.lambda$invokeTestMethod$7(TestMethodTestDescriptor.java:218)
	at org.junit.platform.engine.support.hierarchical.ThrowableCollector.execute(ThrowableCollector.java:73)
	at org.junit.jupiter.engine.descriptor.TestMethodTestDescriptor.invokeTestMethod(TestMethodTestDescriptor.java:214)
	at org.junit.jupiter.engine.descriptor.TestMethodTestDescriptor.execute(TestMethodTestDescriptor.java:139)
	at org.junit.jupiter.engine.descriptor.TestMethodTestDescriptor.execute(TestMethodTestDescriptor.java:69)
	at org.junit.platform.engine.support.hierarchical.NodeTestTask.lambda$executeRecursively$6(NodeTestTask.java:151)
	at org.junit.platform.engine.support.hierarchical.ThrowableCollector.execute(ThrowableCollector.java:73)
	at org.junit.platform.engine.support.hierarchical.NodeTestTask.lambda$executeRecursively$8(NodeTestTask.java:141)
	at org.junit.platform.engine.support.hierarchical.Node.around(Node.java:137)
	at org.junit.platform.engine.support.hierarchical.NodeTestTask.lambda$executeRecursively$9(NodeTestTask.java:139)
	at org.junit.platform.engine.support.hierarchical.ThrowableCollector.execute(ThrowableCollector.java:73)
	at org.junit.platform.engine.support.hierarchical.NodeTestTask.executeRecursively(NodeTestTask.java:138)
	at org.junit.platform.engine.support.hierarchical.NodeTestTask.execute(NodeTestTask.java:95)
	at java.base/java.util.ArrayList.forEach(ArrayList.java:1596)
	at org.junit.platform.engine.support.hierarchical.SameThreadHierarchicalTestExecutorService.invokeAll(SameThreadHierarchicalTestExecutorService.java:41)
	at org.junit.platform.engine.support.hierarchical.NodeTestTask.lambda$executeRecursively$6(NodeTestTask.java:155)
	at org.junit.platform.engine.support.hierarchical.ThrowableCollector.execute(ThrowableCollector.java:73)
	at org.junit.platform.engine.support.hierarchical.NodeTestTask.lambda$executeRecursively$8(NodeTestTask.java:141)
	at org.junit.platform.engine.support.hierarchical.Node.around(Node.java:137)
	at org.junit.platform.engine.support.hierarchical.NodeTestTask.lambda$executeRecursively$9(NodeTestTask.java:139)
	at org.junit.platform.engine.support.hierarchical.ThrowableCollector.execute(ThrowableCollector.java:73)
	at org.junit.platform.engine.support.hierarchical.NodeTestTask.executeRecursively(NodeTestTask.java:138)
	at org.junit.platform.engine.support.hierarchical.NodeTestTask.execute(NodeTestTask.java:95)
	at java.base/java.util.ArrayList.forEach(ArrayList.java:1596)
	at org.junit.platform.engine.support.hierarchical.SameThreadHierarchicalTestExecutorService.invokeAll(SameThreadHierarchicalTestExecutorService.java:41)
	at org.junit.platform.engine.support.hierarchical.NodeTestTask.lambda$executeRecursively$6(NodeTestTask.java:155)
	at org.junit.platform.engine.support.hierarchical.ThrowableCollector.execute(ThrowableCollector.java:73)
	at org.junit.platform.engine.support.hierarchical.NodeTestTask.lambda$executeRecursively$8(NodeTestTask.java:141)
	at org.junit.platform.engine.support.hierarchical.Node.around(Node.java:137)
	at org.junit.platform.engine.support.hierarchical.NodeTestTask.lambda$executeRecursively$9(NodeTestTask.java:139)
	at org.junit.platform.engine.support.hierarchical.ThrowableCollector.execute(ThrowableCollector.java:73)
	at org.junit.platform.engine.support.hierarchical.NodeTestTask.executeRecursively(NodeTestTask.java:138)
	at org.junit.platform.engine.support.hierarchical.NodeTestTask.execute(NodeTestTask.java:95)
	at org.junit.platform.engine.support.hierarchical.SameThreadHierarchicalTestExecutorService.submit(SameThreadHierarchicalTestExecutorService.java:35)
	at org.junit.platform.engine.support.hierarchical.HierarchicalTestExecutor.execute(HierarchicalTestExecutor.java:57)
	at org.junit.platform.engine.support.hierarchical.HierarchicalTestEngine.execute(HierarchicalTestEngine.java:54)
	at org.junit.platform.launcher.core.EngineExecutionOrchestrator.execute(EngineExecutionOrchestrator.java:198)
	at org.junit.platform.launcher.core.EngineExecutionOrchestrator.execute(EngineExecutionOrchestrator.java:169)
	at org.junit.platform.launcher.core.EngineExecutionOrchestrator.execute(EngineExecutionOrchestrator.java:93)
	at org.junit.platform.launcher.core.EngineExecutionOrchestrator.lambda$execute$0(EngineExecutionOrchestrator.java:58)
	at org.junit.platform.launcher.core.EngineExecutionOrchestrator.withInterceptedStreams(EngineExecutionOrchestrator.java:141)
	at org.junit.platform.launcher.core.EngineExecutionOrchestrator.execute(EngineExecutionOrchestrator.java:57)
	at org.junit.platform.launcher.core.DefaultLauncher.execute(DefaultLauncher.java:103)
	at org.junit.platform.launcher.core.DefaultLauncher.execute(DefaultLauncher.java:85)
	at org.junit.platform.launcher.core.DelegatingLauncher.execute(DelegatingLauncher.java:47)
	at org.apache.maven.surefire.junitplatform.LazyLauncher.execute(LazyLauncher.java:56)
	at org.apache.maven.surefire.junitplatform.JUnitPlatformProvider.execute(JUnitPlatformProvider.java:184)
	at org.apache.maven.surefire.junitplatform.JUnitPlatformProvider.invokeAllTests(JUnitPlatformProvider.java:148)
	at org.apache.maven.surefire.junitplatform.JUnitPlatformProvider.invoke(JUnitPlatformProvider.java:122)
	at org.apache.maven.surefire.booter.ForkedBooter.runSuitesInProcess(ForkedBooter.java:385)
	at org.apache.maven.surefire.booter.ForkedBooter.execute(ForkedBooter.java:162)
	at org.apache.maven.surefire.booter.ForkedBooter.run(ForkedBooter.java:507)
	at org.apache.maven.surefire.booter.ForkedBooter.main(ForkedBooter.java:495)
]]></system-out>
  </testcase>
  <testcase name="testGetNotificationTemplatesByType_Success" classname="com.hivclinic.service.DoctorNotificationServiceTest" time="0.005"/>
  <testcase name="testUnsendNotification_Success" classname="com.hivclinic.service.DoctorNotificationServiceTest" time="0.007">
    <system-out><![CDATA[01:09:01.855 [main] INFO com.hivclinic.service.DoctorNotificationService -- Doctor 1 attempting to unsend notification 1
01:09:01.855 [main] INFO com.hivclinic.service.DoctorNotificationService -- Notification 1 cancelled by doctor 1
]]></system-out>
  </testcase>
  <testcase name="testUnsendNotification_AlreadySent" classname="com.hivclinic.service.DoctorNotificationServiceTest" time="0.007">
    <system-out><![CDATA[01:09:01.862 [main] INFO com.hivclinic.service.DoctorNotificationService -- Doctor 1 attempting to unsend notification 1
01:09:01.863 [main] WARN com.hivclinic.service.DoctorNotificationService -- Cannot unsend notification 1 - already sent at 2025-07-07T01:09:01.861566300
]]></system-out>
  </testcase>
</testsuite>