<?xml version="1.0" encoding="UTF-8"?>
<testsuite xmlns:xsi="http://www.w3.org/2001/XMLSchema-instance" xsi:noNamespaceSchemaLocation="https://maven.apache.org/surefire/maven-surefire-plugin/xsd/surefire-test-report-3.0.xsd" version="3.0" name="com.hivclinic.service.NotificationVisibilityTest" time="3.594" tests="3" errors="0" skipped="0" failures="0">
  <properties>
[...]
</properties>
  <testcase name="testStaffCanSeeCancelledNotifications" classname="com.hivclinic.service.NotificationVisibilityTest" time="0.084">
    <system-out><![CDATA[2025-07-10T16:38:20.181+07:00  INFO 5468 --- [HIV Clinic Backend] [           main] t.c.s.AnnotationConfigContextLoaderUtils : Could not detect default configuration classes for test class [com.hivclinic.service.NotificationVisibilityTest]: NotificationVisibilityTest does not declare any static, non-private, non-final, nested classes annotated with @Configuration.
2025-07-10T16:38:20.189+07:00  INFO 5468 --- [HIV Clinic Backend] [           main] .b.t.c.SpringBootTestContextBootstrapper : Found @SpringBootConfiguration com.hivclinic.HivClinicBackendApplication for test class com.hivclinic.service.NotificationVisibilityTest

  .   ____          _            __ _ _
 /\\ / ___'_ __ _ _(_)_ __  __ _ \ \ \ \
( ( )\___ | '_ | '_| | '_ \/ _` | \ \ \ \
 \\/  ___)| |_)| | | | | || (_| |  ) ) ) )
  '  |____| .__|_| |_|_| |_\__, | / / / /
 =========|_|==============|___/=/_/_/_/
 :: Spring Boot ::                (v3.2.0)

2025-07-10T16:38:20.245+07:00  INFO 5468 --- [HIV Clinic Backend] [           main] c.h.service.NotificationVisibilityTest   : Starting NotificationVisibilityTest using Java 17.0.12 with PID 5468 (started by PC in C:\Users\PC\Github\swp-hiv-clinic)
2025-07-10T16:38:20.247+07:00 DEBUG 5468 --- [HIV Clinic Backend] [           main] c.h.service.NotificationVisibilityTest   : Running with Spring Boot v3.2.0, Spring v6.1.1
2025-07-10T16:38:20.249+07:00  INFO 5468 --- [HIV Clinic Backend] [           main] c.h.service.NotificationVisibilityTest   : No active profile set, falling back to 1 default profile: "default"
2025-07-10T16:38:20.648+07:00  INFO 5468 --- [HIV Clinic Backend] [           main] .s.d.r.c.RepositoryConfigurationDelegate : Bootstrapping Spring Data JPA repositories in DEFAULT mode.
2025-07-10T16:38:20.689+07:00  INFO 5468 --- [HIV Clinic Backend] [           main] .s.d.r.c.RepositoryConfigurationDelegate : Finished Spring Data repository scanning in 40 ms. Found 15 JPA repository interfaces.
2025-07-10T16:38:20.815+07:00  INFO 5468 --- [HIV Clinic Backend] [           main] o.hibernate.jpa.internal.util.LogHelper  : HHH000204: Processing PersistenceUnitInfo [name: default]
2025-07-10T16:38:20.820+07:00  INFO 5468 --- [HIV Clinic Backend] [           main] o.h.c.internal.RegionFactoryInitiator    : HHH000026: Second-level cache disabled
2025-07-10T16:38:20.826+07:00  INFO 5468 --- [HIV Clinic Backend] [           main] o.s.o.j.p.SpringPersistenceUnitInfo      : No LoadTimeWeaver setup: ignoring JPA class transformer
2025-07-10T16:38:20.827+07:00  INFO 5468 --- [HIV Clinic Backend] [           main] com.zaxxer.hikari.HikariDataSource       : HikariPool-2 - Starting...
2025-07-10T16:38:20.860+07:00  INFO 5468 --- [HIV Clinic Backend] [           main] com.zaxxer.hikari.pool.HikariPool        : HikariPool-2 - Added connection ConnectionID:6 ClientConnectionId: deef97ba-125a-4507-97a2-9c1c2f2f6d23
2025-07-10T16:38:20.861+07:00  INFO 5468 --- [HIV Clinic Backend] [           main] com.zaxxer.hikari.HikariDataSource       : HikariPool-2 - Start completed.
2025-07-10T16:38:20.862+07:00  WARN 5468 --- [HIV Clinic Backend] [           main] org.hibernate.orm.deprecation            : HHH90000025: SQLServerDialect does not need to be specified explicitly using 'hibernate.dialect' (remove the property setting and it will be selected by default)
2025-07-10T16:38:21.192+07:00  INFO 5468 --- [HIV Clinic Backend] [           main] o.h.e.t.j.p.i.JtaPlatformInitiator       : HHH000489: No JTA platform available (set 'hibernate.transaction.jta.platform' to enable JTA platform integration)
2025-07-10T16:38:22.743+07:00  INFO 5468 --- [HIV Clinic Backend] [           main] j.LocalContainerEntityManagerFactoryBean : Initialized JPA EntityManagerFactory for persistence unit 'default'
2025-07-10T16:38:23.202+07:00  WARN 5468 --- [HIV Clinic Backend] [           main] JpaBaseConfiguration$JpaWebConfiguration : spring.jpa.open-in-view is enabled by default. Therefore, database queries may be performed during view rendering. Explicitly configure spring.jpa.open-in-view to disable this warning
2025-07-10T16:38:23.210+07:00 DEBUG 5468 --- [HIV Clinic Backend] [           main] o.s.s.a.h.RoleHierarchyImpl              : setHierarchy() - The following role hierarchy was set: ROLE_ADMIN > ROLE_MANAGER
ROLE_MANAGER > ROLE_DOCTOR
ROLE_DOCTOR > ROLE_PATIENT
2025-07-10T16:38:23.218+07:00 DEBUG 5468 --- [HIV Clinic Backend] [           main] o.s.s.a.h.RoleHierarchyImpl              : buildRolesReachableInOneStepMap() - From role ROLE_ADMIN one can reach role ROLE_MANAGER in one step.
2025-07-10T16:38:23.218+07:00 DEBUG 5468 --- [HIV Clinic Backend] [           main] o.s.s.a.h.RoleHierarchyImpl              : buildRolesReachableInOneStepMap() - From role ROLE_MANAGER one can reach role ROLE_DOCTOR in one step.
2025-07-10T16:38:23.218+07:00 DEBUG 5468 --- [HIV Clinic Backend] [           main] o.s.s.a.h.RoleHierarchyImpl              : buildRolesReachableInOneStepMap() - From role ROLE_DOCTOR one can reach role ROLE_PATIENT in one step.
2025-07-10T16:38:23.218+07:00 DEBUG 5468 --- [HIV Clinic Backend] [           main] o.s.s.a.h.RoleHierarchyImpl              : buildRolesReachableInOneOrMoreStepsMap() - From role ROLE_DOCTOR one can reach [ROLE_PATIENT] in one or more steps.
2025-07-10T16:38:23.220+07:00 DEBUG 5468 --- [HIV Clinic Backend] [           main] o.s.s.a.h.RoleHierarchyImpl              : buildRolesReachableInOneOrMoreStepsMap() - From role ROLE_MANAGER one can reach [ROLE_PATIENT, ROLE_DOCTOR] in one or more steps.
2025-07-10T16:38:23.220+07:00 DEBUG 5468 --- [HIV Clinic Backend] [           main] o.s.s.a.h.RoleHierarchyImpl              : buildRolesReachableInOneOrMoreStepsMap() - From role ROLE_ADMIN one can reach [ROLE_PATIENT, ROLE_DOCTOR, ROLE_MANAGER] in one or more steps.
2025-07-10T16:38:23.317+07:00  INFO 5468 --- [HIV Clinic Backend] [           main] o.s.s.web.DefaultSecurityFilterChain     : Will secure any request with [org.springframework.security.web.session.DisableEncodeUrlFilter@5370f81e, org.springframework.security.web.context.request.async.WebAsyncManagerIntegrationFilter@4c19ec02, org.springframework.security.web.context.SecurityContextHolderFilter@2a4a4e9c, org.springframework.security.web.header.HeaderWriterFilter@322bd1f5, org.springframework.web.filter.CorsFilter@a2a542f, org.springframework.security.web.authentication.logout.LogoutFilter@2ab6b81a, com.hivclinic.config.JwtAuthenticationFilter@1ff52c12, org.springframework.security.web.savedrequest.RequestCacheAwareFilter@78d09907, org.springframework.security.web.servletapi.SecurityContextHolderAwareRequestFilter@14184b91, org.springframework.security.web.authentication.AnonymousAuthenticationFilter@ea54711, org.springframework.security.web.session.SessionManagementFilter@7847cd31, org.springframework.security.web.access.ExceptionTranslationFilter@1a4a58, org.springframework.security.web.access.intercept.AuthorizationFilter@c09972]
2025-07-10T16:38:23.479+07:00  INFO 5468 --- [HIV Clinic Backend] [           main] c.h.service.NotificationVisibilityTest   : Started NotificationVisibilityTest in 3.277 seconds (process running for 44.528)
2025-07-10T16:38:23.481+07:00  INFO 5468 --- [HIV Clinic Backend] [           main] com.hivclinic.config.DataInitializer     : Starting data initialization...
2025-07-10T16:38:23.481+07:00 DEBUG 5468 --- [HIV Clinic Backend] [   scheduling-1] c.h.s.NotificationSchedulingService      : Processing scheduled notifications
2025-07-10T16:38:23.481+07:00 DEBUG 5468 --- [HIV Clinic Backend] [           main] org.hibernate.SQL                        : 
    select
        count_big(*) 
    from
        Roles r1_0
Hibernate: 
    select
        count_big(*) 
    from
        Roles r1_0
2025-07-10T16:38:23.481+07:00 DEBUG 5468 --- [HIV Clinic Backend] [   scheduling-1] org.hibernate.SQL                        : 
    select
        n1_0.notificationId,
        n1_0.CreatedAt,
        n1_0.IsRead,
        n1_0.Message,
        n1_0.Priority,
        n1_0.RelatedEntityID,
        n1_0.RelatedEntityType,
        n1_0.ScheduledFor,
        n1_0.SentAt,
        n1_0.status,
        n1_0.Title,
        n1_0.Type,
        n1_0.UpdatedAt,
        n1_0.UserID 
    from
        Notifications n1_0
Hibernate: 
    select
        n1_0.notificationId,
        n1_0.CreatedAt,
        n1_0.IsRead,
        n1_0.Message,
        n1_0.Priority,
        n1_0.RelatedEntityID,
        n1_0.RelatedEntityType,
        n1_0.ScheduledFor,
        n1_0.SentAt,
        n1_0.status,
        n1_0.Title,
        n1_0.Type,
        n1_0.UpdatedAt,
        n1_0.UserID 
    from
        Notifications n1_0
2025-07-10T16:38:23.492+07:00  INFO 5468 --- [HIV Clinic Backend] [           main] com.hivclinic.config.DataInitializer     : Data already initialized, skipping...
2025-07-10T16:38:23.492+07:00 DEBUG 5468 --- [HIV Clinic Backend] [   scheduling-1] c.h.s.NotificationSchedulingService      : Found 0 notifications due for processing
2025-07-10T16:38:23.503+07:00 DEBUG 5468 --- [HIV Clinic Backend] [           main] org.hibernate.SQL                        : 
    select
        r1_0.RoleID,
        r1_0.RoleName 
    from
        Roles r1_0 
    where
        r1_0.RoleName=?
Hibernate: 
    select
        r1_0.RoleID,
        r1_0.RoleName 
    from
        Roles r1_0 
    where
        r1_0.RoleName=?
2025-07-10T16:38:23.523+07:00 DEBUG 5468 --- [HIV Clinic Backend] [           main] org.hibernate.SQL                        : 
    insert 
    into
        Users
        (CreatedAt, Email, FirstName, IsActive, LastName, PasswordHash, RoleID, Specialty, UpdatedAt, Username) 
    values
        (?, ?, ?, ?, ?, ?, ?, ?, ?, ?)
Hibernate: 
    insert 
    into
        Users
        (CreatedAt, Email, FirstName, IsActive, LastName, PasswordHash, RoleID, Specialty, UpdatedAt, Username) 
    values
        (?, ?, ?, ?, ?, ?, ?, ?, ?, ?)
DEBUG: Created test user with ID: 8
2025-07-10T16:38:23.539+07:00 DEBUG 5468 --- [HIV Clinic Backend] [           main] org.hibernate.SQL                        : 
    insert 
    into
        Notifications
        (CreatedAt, IsRead, Message, Priority, RelatedEntityID, RelatedEntityType, ScheduledFor, SentAt, status, Title, Type, UpdatedAt, UserID) 
    values
        (?, ?, ?, ?, ?, ?, ?, ?, ?, ?, ?, ?, ?)
Hibernate: 
    insert 
    into
        Notifications
        (CreatedAt, IsRead, Message, Priority, RelatedEntityID, RelatedEntityType, ScheduledFor, SentAt, status, Title, Type, UpdatedAt, UserID) 
    values
        (?, ?, ?, ?, ?, ?, ?, ?, ?, ?, ?, ?, ?)
DEBUG: Created test notification with ID: 12
2025-07-10T16:38:23.553+07:00 DEBUG 5468 --- [HIV Clinic Backend] [           main] org.hibernate.SQL                        : 
    update
        Notifications 
    set
        CreatedAt=?,
        IsRead=?,
        Message=?,
        Priority=?,
        RelatedEntityID=?,
        RelatedEntityType=?,
        ScheduledFor=?,
        SentAt=?,
        status=?,
        Title=?,
        Type=?,
        UpdatedAt=?,
        UserID=? 
    where
        notificationId=?
Hibernate: 
    update
        Notifications 
    set
        CreatedAt=?,
        IsRead=?,
        Message=?,
        Priority=?,
        RelatedEntityID=?,
        RelatedEntityType=?,
        ScheduledFor=?,
        SentAt=?,
        status=?,
        Title=?,
        Type=?,
        UpdatedAt=?,
        UserID=? 
    where
        notificationId=?
2025-07-10T16:38:23.561+07:00 DEBUG 5468 --- [HIV Clinic Backend] [           main] org.hibernate.SQL                        : 
    select
        n1_0.notificationId,
        n1_0.CreatedAt,
        n1_0.IsRead,
        n1_0.Message,
        n1_0.Priority,
        n1_0.RelatedEntityID,
        n1_0.RelatedEntityType,
        n1_0.ScheduledFor,
        n1_0.SentAt,
        n1_0.status,
        n1_0.Title,
        n1_0.Type,
        n1_0.UpdatedAt,
        n1_0.UserID 
    from
        Notifications n1_0 
    where
        n1_0.UserID=? 
    order by
        n1_0.CreatedAt desc
Hibernate: 
    select
        n1_0.notificationId,
        n1_0.CreatedAt,
        n1_0.IsRead,
        n1_0.Message,
        n1_0.Priority,
        n1_0.RelatedEntityID,
        n1_0.RelatedEntityType,
        n1_0.ScheduledFor,
        n1_0.SentAt,
        n1_0.status,
        n1_0.Title,
        n1_0.Type,
        n1_0.UpdatedAt,
        n1_0.UserID 
    from
        Notifications n1_0 
    where
        n1_0.UserID=? 
    order by
        n1_0.CreatedAt desc
DEBUG: ✓ Staff can still access cancelled notifications for management
]]></system-out>
  </testcase>
  <testcase name="testMixedActiveAndCancelledNotifications" classname="com.hivclinic.service.NotificationVisibilityTest" time="0.076">
    <system-out><![CDATA[2025-07-10T16:38:23.586+07:00 DEBUG 5468 --- [HIV Clinic Backend] [           main] org.hibernate.SQL                        : 
    select
        r1_0.RoleID,
        r1_0.RoleName 
    from
        Roles r1_0 
    where
        r1_0.RoleName=?
Hibernate: 
    select
        r1_0.RoleID,
        r1_0.RoleName 
    from
        Roles r1_0 
    where
        r1_0.RoleName=?
2025-07-10T16:38:23.592+07:00 DEBUG 5468 --- [HIV Clinic Backend] [           main] org.hibernate.SQL                        : 
    insert 
    into
        Users
        (CreatedAt, Email, FirstName, IsActive, LastName, PasswordHash, RoleID, Specialty, UpdatedAt, Username) 
    values
        (?, ?, ?, ?, ?, ?, ?, ?, ?, ?)
Hibernate: 
    insert 
    into
        Users
        (CreatedAt, Email, FirstName, IsActive, LastName, PasswordHash, RoleID, Specialty, UpdatedAt, Username) 
    values
        (?, ?, ?, ?, ?, ?, ?, ?, ?, ?)
DEBUG: Created test user with ID: 9
2025-07-10T16:38:23.604+07:00 DEBUG 5468 --- [HIV Clinic Backend] [           main] org.hibernate.SQL                        : 
    insert 
    into
        Notifications
        (CreatedAt, IsRead, Message, Priority, RelatedEntityID, RelatedEntityType, ScheduledFor, SentAt, status, Title, Type, UpdatedAt, UserID) 
    values
        (?, ?, ?, ?, ?, ?, ?, ?, ?, ?, ?, ?, ?)
Hibernate: 
    insert 
    into
        Notifications
        (CreatedAt, IsRead, Message, Priority, RelatedEntityID, RelatedEntityType, ScheduledFor, SentAt, status, Title, Type, UpdatedAt, UserID) 
    values
        (?, ?, ?, ?, ?, ?, ?, ?, ?, ?, ?, ?, ?)
DEBUG: Created test notification with ID: 13
2025-07-10T16:38:23.609+07:00 DEBUG 5468 --- [HIV Clinic Backend] [           main] org.hibernate.SQL                        : 
    insert 
    into
        Notifications
        (CreatedAt, IsRead, Message, Priority, RelatedEntityID, RelatedEntityType, ScheduledFor, SentAt, status, Title, Type, UpdatedAt, UserID) 
    values
        (?, ?, ?, ?, ?, ?, ?, ?, ?, ?, ?, ?, ?)
Hibernate: 
    insert 
    into
        Notifications
        (CreatedAt, IsRead, Message, Priority, RelatedEntityID, RelatedEntityType, ScheduledFor, SentAt, status, Title, Type, UpdatedAt, UserID) 
    values
        (?, ?, ?, ?, ?, ?, ?, ?, ?, ?, ?, ?, ?)
2025-07-10T16:38:23.624+07:00 DEBUG 5468 --- [HIV Clinic Backend] [           main] org.hibernate.SQL                        : 
    insert 
    into
        Notifications
        (CreatedAt, IsRead, Message, Priority, RelatedEntityID, RelatedEntityType, ScheduledFor, SentAt, status, Title, Type, UpdatedAt, UserID) 
    values
        (?, ?, ?, ?, ?, ?, ?, ?, ?, ?, ?, ?, ?)
Hibernate: 
    insert 
    into
        Notifications
        (CreatedAt, IsRead, Message, Priority, RelatedEntityID, RelatedEntityType, ScheduledFor, SentAt, status, Title, Type, UpdatedAt, UserID) 
    values
        (?, ?, ?, ?, ?, ?, ?, ?, ?, ?, ?, ?, ?)
2025-07-10T16:38:23.629+07:00 DEBUG 5468 --- [HIV Clinic Backend] [           main] org.hibernate.SQL                        : 
    select
        n1_0.notificationId,
        n1_0.CreatedAt,
        n1_0.IsRead,
        n1_0.Message,
        n1_0.Priority,
        n1_0.RelatedEntityID,
        n1_0.RelatedEntityType,
        n1_0.ScheduledFor,
        n1_0.SentAt,
        n1_0.status,
        n1_0.Title,
        n1_0.Type,
        n1_0.UpdatedAt,
        n1_0.UserID 
    from
        Notifications n1_0 
    where
        n1_0.UserID=? 
    order by
        n1_0.CreatedAt desc
Hibernate: 
    select
        n1_0.notificationId,
        n1_0.CreatedAt,
        n1_0.IsRead,
        n1_0.Message,
        n1_0.Priority,
        n1_0.RelatedEntityID,
        n1_0.RelatedEntityType,
        n1_0.ScheduledFor,
        n1_0.SentAt,
        n1_0.status,
        n1_0.Title,
        n1_0.Type,
        n1_0.UpdatedAt,
        n1_0.UserID 
    from
        Notifications n1_0 
    where
        n1_0.UserID=? 
    order by
        n1_0.CreatedAt desc
DEBUG: Found 3 total notifications for user 9
2025-07-10T16:38:23.641+07:00 DEBUG 5468 --- [HIV Clinic Backend] [           main] org.hibernate.SQL                        : 
    select
        n1_0.notificationId,
        n1_0.CreatedAt,
        n1_0.IsRead,
        n1_0.Message,
        n1_0.Priority,
        n1_0.RelatedEntityID,
        n1_0.RelatedEntityType,
        n1_0.ScheduledFor,
        n1_0.SentAt,
        n1_0.status,
        n1_0.Title,
        n1_0.Type,
        n1_0.UpdatedAt,
        n1_0.UserID 
    from
        Notifications n1_0 
    where
        n1_0.UserID=? 
        and n1_0.status!='CANCELLED' 
    order by
        n1_0.CreatedAt desc
Hibernate: 
    select
        n1_0.notificationId,
        n1_0.CreatedAt,
        n1_0.IsRead,
        n1_0.Message,
        n1_0.Priority,
        n1_0.RelatedEntityID,
        n1_0.RelatedEntityType,
        n1_0.ScheduledFor,
        n1_0.SentAt,
        n1_0.status,
        n1_0.Title,
        n1_0.Type,
        n1_0.UpdatedAt,
        n1_0.UserID 
    from
        Notifications n1_0 
    where
        n1_0.UserID=? 
        and n1_0.status!='CANCELLED' 
    order by
        n1_0.CreatedAt desc
DEBUG: Filtered out 1 cancelled notifications for patient visibility
DEBUG: Successfully hidden 1 cancelled notifications from patient
DEBUG: Hidden cancelled notification ID 15 with title: Cancelled Medication Reminder and status: CANCELLED
DEBUG: Returning 2 visible notifications (filtered out 1 cancelled notifications)
DEBUG: ✓ Mixed scenario test passed - Only active notifications visible to patient
]]></system-out>
  </testcase>
  <testcase name="testCancelledNotificationsHiddenFromPatient" classname="com.hivclinic.service.NotificationVisibilityTest" time="0.113">
    <system-out><![CDATA[2025-07-10T16:38:23.664+07:00 DEBUG 5468 --- [HIV Clinic Backend] [           main] org.hibernate.SQL                        : 
    select
        r1_0.RoleID,
        r1_0.RoleName 
    from
        Roles r1_0 
    where
        r1_0.RoleName=?
Hibernate: 
    select
        r1_0.RoleID,
        r1_0.RoleName 
    from
        Roles r1_0 
    where
        r1_0.RoleName=?
2025-07-10T16:38:23.672+07:00 DEBUG 5468 --- [HIV Clinic Backend] [           main] org.hibernate.SQL                        : 
    insert 
    into
        Users
        (CreatedAt, Email, FirstName, IsActive, LastName, PasswordHash, RoleID, Specialty, UpdatedAt, Username) 
    values
        (?, ?, ?, ?, ?, ?, ?, ?, ?, ?)
Hibernate: 
    insert 
    into
        Users
        (CreatedAt, Email, FirstName, IsActive, LastName, PasswordHash, RoleID, Specialty, UpdatedAt, Username) 
    values
        (?, ?, ?, ?, ?, ?, ?, ?, ?, ?)
DEBUG: Created test user with ID: 10
2025-07-10T16:38:23.679+07:00 DEBUG 5468 --- [HIV Clinic Backend] [           main] org.hibernate.SQL                        : 
    insert 
    into
        Notifications
        (CreatedAt, IsRead, Message, Priority, RelatedEntityID, RelatedEntityType, ScheduledFor, SentAt, status, Title, Type, UpdatedAt, UserID) 
    values
        (?, ?, ?, ?, ?, ?, ?, ?, ?, ?, ?, ?, ?)
Hibernate: 
    insert 
    into
        Notifications
        (CreatedAt, IsRead, Message, Priority, RelatedEntityID, RelatedEntityType, ScheduledFor, SentAt, status, Title, Type, UpdatedAt, UserID) 
    values
        (?, ?, ?, ?, ?, ?, ?, ?, ?, ?, ?, ?, ?)
DEBUG: Created test notification with ID: 16
2025-07-10T16:38:23.692+07:00 DEBUG 5468 --- [HIV Clinic Backend] [           main] org.hibernate.SQL                        : 
    select
        n1_0.notificationId,
        n1_0.CreatedAt,
        n1_0.IsRead,
        n1_0.Message,
        n1_0.Priority,
        n1_0.RelatedEntityID,
        n1_0.RelatedEntityType,
        n1_0.ScheduledFor,
        n1_0.SentAt,
        n1_0.status,
        n1_0.Title,
        n1_0.Type,
        n1_0.UpdatedAt,
        n1_0.UserID 
    from
        Notifications n1_0 
    where
        n1_0.UserID=? 
    order by
        n1_0.CreatedAt desc
Hibernate: 
    select
        n1_0.notificationId,
        n1_0.CreatedAt,
        n1_0.IsRead,
        n1_0.Message,
        n1_0.Priority,
        n1_0.RelatedEntityID,
        n1_0.RelatedEntityType,
        n1_0.ScheduledFor,
        n1_0.SentAt,
        n1_0.status,
        n1_0.Title,
        n1_0.Type,
        n1_0.UpdatedAt,
        n1_0.UserID 
    from
        Notifications n1_0 
    where
        n1_0.UserID=? 
    order by
        n1_0.CreatedAt desc
DEBUG: Found 1 total notifications for user 10
2025-07-10T16:38:23.700+07:00 DEBUG 5468 --- [HIV Clinic Backend] [           main] org.hibernate.SQL                        : 
    select
        n1_0.notificationId,
        n1_0.CreatedAt,
        n1_0.IsRead,
        n1_0.Message,
        n1_0.Priority,
        n1_0.RelatedEntityID,
        n1_0.RelatedEntityType,
        n1_0.ScheduledFor,
        n1_0.SentAt,
        n1_0.status,
        n1_0.Title,
        n1_0.Type,
        n1_0.UpdatedAt,
        n1_0.UserID 
    from
        Notifications n1_0 
    where
        n1_0.UserID=? 
        and n1_0.status!='CANCELLED' 
    order by
        n1_0.CreatedAt desc
Hibernate: 
    select
        n1_0.notificationId,
        n1_0.CreatedAt,
        n1_0.IsRead,
        n1_0.Message,
        n1_0.Priority,
        n1_0.RelatedEntityID,
        n1_0.RelatedEntityType,
        n1_0.ScheduledFor,
        n1_0.SentAt,
        n1_0.status,
        n1_0.Title,
        n1_0.Type,
        n1_0.UpdatedAt,
        n1_0.UserID 
    from
        Notifications n1_0 
    where
        n1_0.UserID=? 
        and n1_0.status!='CANCELLED' 
    order by
        n1_0.CreatedAt desc
DEBUG: Filtered out 0 cancelled notifications for patient visibility
DEBUG: Returning 1 visible notifications (filtered out 0 cancelled notifications)
DEBUG: ✓ Step 1 passed - Notification initially visible to patient
DEBUG: ✓ Step 2 passed - Notification marked as CANCELLED
2025-07-10T16:38:23.708+07:00 DEBUG 5468 --- [HIV Clinic Backend] [           main] org.hibernate.SQL                        : 
    update
        Notifications 
    set
        CreatedAt=?,
        IsRead=?,
        Message=?,
        Priority=?,
        RelatedEntityID=?,
        RelatedEntityType=?,
        ScheduledFor=?,
        SentAt=?,
        status=?,
        Title=?,
        Type=?,
        UpdatedAt=?,
        UserID=? 
    where
        notificationId=?
Hibernate: 
    update
        Notifications 
    set
        CreatedAt=?,
        IsRead=?,
        Message=?,
        Priority=?,
        RelatedEntityID=?,
        RelatedEntityType=?,
        ScheduledFor=?,
        SentAt=?,
        status=?,
        Title=?,
        Type=?,
        UpdatedAt=?,
        UserID=? 
    where
        notificationId=?
2025-07-10T16:38:23.716+07:00 DEBUG 5468 --- [HIV Clinic Backend] [           main] org.hibernate.SQL                        : 
    select
        n1_0.notificationId,
        n1_0.CreatedAt,
        n1_0.IsRead,
        n1_0.Message,
        n1_0.Priority,
        n1_0.RelatedEntityID,
        n1_0.RelatedEntityType,
        n1_0.ScheduledFor,
        n1_0.SentAt,
        n1_0.status,
        n1_0.Title,
        n1_0.Type,
        n1_0.UpdatedAt,
        n1_0.UserID 
    from
        Notifications n1_0 
    where
        n1_0.UserID=? 
    order by
        n1_0.CreatedAt desc
Hibernate: 
    select
        n1_0.notificationId,
        n1_0.CreatedAt,
        n1_0.IsRead,
        n1_0.Message,
        n1_0.Priority,
        n1_0.RelatedEntityID,
        n1_0.RelatedEntityType,
        n1_0.ScheduledFor,
        n1_0.SentAt,
        n1_0.status,
        n1_0.Title,
        n1_0.Type,
        n1_0.UpdatedAt,
        n1_0.UserID 
    from
        Notifications n1_0 
    where
        n1_0.UserID=? 
    order by
        n1_0.CreatedAt desc
DEBUG: Found 1 total notifications for user 10
2025-07-10T16:38:23.721+07:00 DEBUG 5468 --- [HIV Clinic Backend] [           main] org.hibernate.SQL                        : 
    select
        n1_0.notificationId,
        n1_0.CreatedAt,
        n1_0.IsRead,
        n1_0.Message,
        n1_0.Priority,
        n1_0.RelatedEntityID,
        n1_0.RelatedEntityType,
        n1_0.ScheduledFor,
        n1_0.SentAt,
        n1_0.status,
        n1_0.Title,
        n1_0.Type,
        n1_0.UpdatedAt,
        n1_0.UserID 
    from
        Notifications n1_0 
    where
        n1_0.UserID=? 
        and n1_0.status!='CANCELLED' 
    order by
        n1_0.CreatedAt desc
Hibernate: 
    select
        n1_0.notificationId,
        n1_0.CreatedAt,
        n1_0.IsRead,
        n1_0.Message,
        n1_0.Priority,
        n1_0.RelatedEntityID,
        n1_0.RelatedEntityType,
        n1_0.ScheduledFor,
        n1_0.SentAt,
        n1_0.status,
        n1_0.Title,
        n1_0.Type,
        n1_0.UpdatedAt,
        n1_0.UserID 
    from
        Notifications n1_0 
    where
        n1_0.UserID=? 
        and n1_0.status!='CANCELLED' 
    order by
        n1_0.CreatedAt desc
DEBUG: Filtered out 1 cancelled notifications for patient visibility
DEBUG: Successfully hidden 1 cancelled notifications from patient
DEBUG: Hidden cancelled notification ID 16 with title: Test Notification [CANCELLED] and status: CANCELLED
DEBUG: Returning 0 visible notifications (filtered out 1 cancelled notifications)
DEBUG: ✓ Step 3 passed - Cancelled notification hidden from patient
2025-07-10T16:38:23.725+07:00 DEBUG 5468 --- [HIV Clinic Backend] [           main] org.hibernate.SQL                        : 
    select
        n1_0.notificationId,
        n1_0.CreatedAt,
        n1_0.IsRead,
        n1_0.Message,
        n1_0.Priority,
        n1_0.RelatedEntityID,
        n1_0.RelatedEntityType,
        n1_0.ScheduledFor,
        n1_0.SentAt,
        n1_0.status,
        n1_0.Title,
        n1_0.Type,
        n1_0.UpdatedAt,
        n1_0.UserID 
    from
        Notifications n1_0 
    where
        n1_0.UserID=? 
        and n1_0.IsRead=?
Hibernate: 
    select
        n1_0.notificationId,
        n1_0.CreatedAt,
        n1_0.IsRead,
        n1_0.Message,
        n1_0.Priority,
        n1_0.RelatedEntityID,
        n1_0.RelatedEntityType,
        n1_0.ScheduledFor,
        n1_0.SentAt,
        n1_0.status,
        n1_0.Title,
        n1_0.Type,
        n1_0.UpdatedAt,
        n1_0.UserID 
    from
        Notifications n1_0 
    where
        n1_0.UserID=? 
        and n1_0.IsRead=?
DEBUG: Found 1 total unread notifications for user 10
2025-07-10T16:38:23.736+07:00 DEBUG 5468 --- [HIV Clinic Backend] [           main] org.hibernate.SQL                        : 
    select
        n1_0.notificationId,
        n1_0.CreatedAt,
        n1_0.IsRead,
        n1_0.Message,
        n1_0.Priority,
        n1_0.RelatedEntityID,
        n1_0.RelatedEntityType,
        n1_0.ScheduledFor,
        n1_0.SentAt,
        n1_0.status,
        n1_0.Title,
        n1_0.Type,
        n1_0.UpdatedAt,
        n1_0.UserID 
    from
        Notifications n1_0 
    where
        n1_0.UserID=? 
        and n1_0.IsRead=? 
        and n1_0.status!='CANCELLED'
Hibernate: 
    select
        n1_0.notificationId,
        n1_0.CreatedAt,
        n1_0.IsRead,
        n1_0.Message,
        n1_0.Priority,
        n1_0.RelatedEntityID,
        n1_0.RelatedEntityType,
        n1_0.ScheduledFor,
        n1_0.SentAt,
        n1_0.status,
        n1_0.Title,
        n1_0.Type,
        n1_0.UpdatedAt,
        n1_0.UserID 
    from
        Notifications n1_0 
    where
        n1_0.UserID=? 
        and n1_0.IsRead=? 
        and n1_0.status!='CANCELLED'
DEBUG: Filtered out 1 cancelled unread notifications for patient visibility
DEBUG: Successfully hidden 1 cancelled unread notifications from patient
DEBUG: Hidden cancelled unread notification ID 16 with title: Test Notification [CANCELLED] and status: CANCELLED
DEBUG: Returning 0 visible unread notifications (filtered out 1 cancelled notifications)
DEBUG: ✓ Step 4 passed - Cancelled notification not in unread list
2025-07-10T16:38:23.745+07:00 DEBUG 5468 --- [HIV Clinic Backend] [           main] org.hibernate.SQL                        : 
    select
        n1_0.notificationId,
        n1_0.CreatedAt,
        n1_0.IsRead,
        n1_0.Message,
        n1_0.Priority,
        n1_0.RelatedEntityID,
        n1_0.RelatedEntityType,
        n1_0.ScheduledFor,
        n1_0.SentAt,
        n1_0.status,
        n1_0.Title,
        n1_0.Type,
        n1_0.UpdatedAt,
        n1_0.UserID 
    from
        Notifications n1_0 
    where
        n1_0.UserID=? 
        and n1_0.IsRead=? 
        and n1_0.status!='CANCELLED'
Hibernate: 
    select
        n1_0.notificationId,
        n1_0.CreatedAt,
        n1_0.IsRead,
        n1_0.Message,
        n1_0.Priority,
        n1_0.RelatedEntityID,
        n1_0.RelatedEntityType,
        n1_0.ScheduledFor,
        n1_0.SentAt,
        n1_0.status,
        n1_0.Title,
        n1_0.Type,
        n1_0.UpdatedAt,
        n1_0.UserID 
    from
        Notifications n1_0 
    where
        n1_0.UserID=? 
        and n1_0.IsRead=? 
        and n1_0.status!='CANCELLED'
2025-07-10T16:38:23.748+07:00 DEBUG 5468 --- [HIV Clinic Backend] [           main] org.hibernate.SQL                        : 
    select
        n1_0.notificationId,
        n1_0.CreatedAt,
        n1_0.IsRead,
        n1_0.Message,
        n1_0.Priority,
        n1_0.RelatedEntityID,
        n1_0.RelatedEntityType,
        n1_0.ScheduledFor,
        n1_0.SentAt,
        n1_0.status,
        n1_0.Title,
        n1_0.Type,
        n1_0.UpdatedAt,
        n1_0.UserID 
    from
        Notifications n1_0 
    where
        n1_0.UserID=? 
        and n1_0.IsRead=?
Hibernate: 
    select
        n1_0.notificationId,
        n1_0.CreatedAt,
        n1_0.IsRead,
        n1_0.Message,
        n1_0.Priority,
        n1_0.RelatedEntityID,
        n1_0.RelatedEntityType,
        n1_0.ScheduledFor,
        n1_0.SentAt,
        n1_0.status,
        n1_0.Title,
        n1_0.Type,
        n1_0.UpdatedAt,
        n1_0.UserID 
    from
        Notifications n1_0 
    where
        n1_0.UserID=? 
        and n1_0.IsRead=?
DEBUG: Unread count for user 10: 0 (filtered out 1 cancelled)
2025-07-10T16:38:23.753+07:00 DEBUG 5468 --- [HIV Clinic Backend] [           main] org.hibernate.SQL                        : 
    insert 
    into
        Notifications
        (CreatedAt, IsRead, Message, Priority, RelatedEntityID, RelatedEntityType, ScheduledFor, SentAt, status, Title, Type, UpdatedAt, UserID) 
    values
        (?, ?, ?, ?, ?, ?, ?, ?, ?, ?, ?, ?, ?)
Hibernate: 
    insert 
    into
        Notifications
        (CreatedAt, IsRead, Message, Priority, RelatedEntityID, RelatedEntityType, ScheduledFor, SentAt, status, Title, Type, UpdatedAt, UserID) 
    values
        (?, ?, ?, ?, ?, ?, ?, ?, ?, ?, ?, ?, ?)
2025-07-10T16:38:23.759+07:00 DEBUG 5468 --- [HIV Clinic Backend] [           main] org.hibernate.SQL                        : 
    select
        n1_0.notificationId,
        n1_0.CreatedAt,
        n1_0.IsRead,
        n1_0.Message,
        n1_0.Priority,
        n1_0.RelatedEntityID,
        n1_0.RelatedEntityType,
        n1_0.ScheduledFor,
        n1_0.SentAt,
        n1_0.status,
        n1_0.Title,
        n1_0.Type,
        n1_0.UpdatedAt,
        n1_0.UserID 
    from
        Notifications n1_0 
    where
        n1_0.UserID=? 
        and n1_0.IsRead=? 
        and n1_0.status!='CANCELLED'
Hibernate: 
    select
        n1_0.notificationId,
        n1_0.CreatedAt,
        n1_0.IsRead,
        n1_0.Message,
        n1_0.Priority,
        n1_0.RelatedEntityID,
        n1_0.RelatedEntityType,
        n1_0.ScheduledFor,
        n1_0.SentAt,
        n1_0.status,
        n1_0.Title,
        n1_0.Type,
        n1_0.UpdatedAt,
        n1_0.UserID 
    from
        Notifications n1_0 
    where
        n1_0.UserID=? 
        and n1_0.IsRead=? 
        and n1_0.status!='CANCELLED'
2025-07-10T16:38:23.764+07:00 DEBUG 5468 --- [HIV Clinic Backend] [           main] org.hibernate.SQL                        : 
    select
        n1_0.notificationId,
        n1_0.CreatedAt,
        n1_0.IsRead,
        n1_0.Message,
        n1_0.Priority,
        n1_0.RelatedEntityID,
        n1_0.RelatedEntityType,
        n1_0.ScheduledFor,
        n1_0.SentAt,
        n1_0.status,
        n1_0.Title,
        n1_0.Type,
        n1_0.UpdatedAt,
        n1_0.UserID 
    from
        Notifications n1_0 
    where
        n1_0.UserID=? 
        and n1_0.IsRead=?
Hibernate: 
    select
        n1_0.notificationId,
        n1_0.CreatedAt,
        n1_0.IsRead,
        n1_0.Message,
        n1_0.Priority,
        n1_0.RelatedEntityID,
        n1_0.RelatedEntityType,
        n1_0.ScheduledFor,
        n1_0.SentAt,
        n1_0.status,
        n1_0.Title,
        n1_0.Type,
        n1_0.UpdatedAt,
        n1_0.UserID 
    from
        Notifications n1_0 
    where
        n1_0.UserID=? 
        and n1_0.IsRead=?
DEBUG: Unread count for user 10: 1 (filtered out 1 cancelled)
DEBUG: ✓ Step 5 passed - Unread count correctly excludes cancelled notifications
DEBUG: ✅ All test steps passed - Cancelled notifications are properly hidden from patients
]]></system-out>
  </testcase>
</testsuite>