<?xml version="1.0" encoding="UTF-8"?>
<testsuite xmlns:xsi="http://www.w3.org/2001/XMLSchema-instance" xsi:noNamespaceSchemaLocation="https://maven.apache.org/surefire/maven-surefire-plugin/xsd/surefire-test-report-3.0.xsd" version="3.0" name="com.hivclinic.service.NotificationStatusFixTest" time="10.052" tests="5" errors="0" skipped="0" failures="0">
  <properties>
[...]
</properties>
  <testcase name="testDtoMappingIncludesStatus" classname="com.hivclinic.service.NotificationStatusFixTest" time="0.763">
    <system-out><![CDATA[01:08:25.987 [main] INFO org.springframework.test.context.support.AnnotationConfigContextLoaderUtils -- Could not detect default configuration classes for test class [com.hivclinic.service.NotificationStatusFixTest]: NotificationStatusFixTest does not declare any static, non-private, non-final, nested classes annotated with @Configuration.
01:08:26.143 [main] INFO org.springframework.boot.test.context.SpringBootTestContextBootstrapper -- Found @SpringBootConfiguration com.hivclinic.HivClinicBackendApplication for test class com.hivclinic.service.NotificationStatusFixTest

  .   ____          _            __ _ _
 /\\ / ___'_ __ _ _(_)_ __  __ _ \ \ \ \
( ( )\___ | '_ | '_| | '_ \/ _` | \ \ \ \
 \\/  ___)| |_)| | | | | || (_| |  ) ) ) )
  '  |____| .__|_| |_|_| |_\__, | / / / /
 =========|_|==============|___/=/_/_/_/
 :: Spring Boot ::                (v3.2.0)

2025-07-07T01:08:26.634+07:00  INFO 16716 --- [HIV Clinic Backend] [           main] c.h.service.NotificationStatusFixTest    : Starting NotificationStatusFixTest using Java 21.0.6 with PID 16716 (started by PC in D:\DATA\Github\swp-hiv-clinic)
2025-07-07T01:08:26.635+07:00 DEBUG 16716 --- [HIV Clinic Backend] [           main] c.h.service.NotificationStatusFixTest    : Running with Spring Boot v3.2.0, Spring v6.1.1
2025-07-07T01:08:26.636+07:00  INFO 16716 --- [HIV Clinic Backend] [           main] c.h.service.NotificationStatusFixTest    : The following 1 profile is active: "test"
2025-07-07T01:08:27.537+07:00  INFO 16716 --- [HIV Clinic Backend] [           main] .s.d.r.c.RepositoryConfigurationDelegate : Bootstrapping Spring Data JPA repositories in DEFAULT mode.
2025-07-07T01:08:27.636+07:00  INFO 16716 --- [HIV Clinic Backend] [           main] .s.d.r.c.RepositoryConfigurationDelegate : Finished Spring Data repository scanning in 90 ms. Found 15 JPA repository interfaces.
2025-07-07T01:08:28.371+07:00  INFO 16716 --- [HIV Clinic Backend] [           main] o.hibernate.jpa.internal.util.LogHelper  : HHH000204: Processing PersistenceUnitInfo [name: default]
2025-07-07T01:08:28.463+07:00  INFO 16716 --- [HIV Clinic Backend] [           main] org.hibernate.Version                    : HHH000412: Hibernate ORM core version 6.3.1.Final
2025-07-07T01:08:28.536+07:00  INFO 16716 --- [HIV Clinic Backend] [           main] o.h.c.internal.RegionFactoryInitiator    : HHH000026: Second-level cache disabled
2025-07-07T01:08:28.881+07:00  INFO 16716 --- [HIV Clinic Backend] [           main] o.s.o.j.p.SpringPersistenceUnitInfo      : No LoadTimeWeaver setup: ignoring JPA class transformer
2025-07-07T01:08:28.911+07:00  INFO 16716 --- [HIV Clinic Backend] [           main] com.zaxxer.hikari.HikariDataSource       : HikariPool-1 - Starting...
2025-07-07T01:08:29.443+07:00  INFO 16716 --- [HIV Clinic Backend] [           main] com.zaxxer.hikari.pool.HikariPool        : HikariPool-1 - Added connection ConnectionID:1 ClientConnectionId: ddfd8c94-2da1-483a-95a5-8bf90fe1f60e
2025-07-07T01:08:29.445+07:00  INFO 16716 --- [HIV Clinic Backend] [           main] com.zaxxer.hikari.HikariDataSource       : HikariPool-1 - Start completed.
2025-07-07T01:08:29.479+07:00  WARN 16716 --- [HIV Clinic Backend] [           main] org.hibernate.orm.deprecation            : HHH90000025: SQLServerDialect does not need to be specified explicitly using 'hibernate.dialect' (remove the property setting and it will be selected by default)
2025-07-07T01:08:30.759+07:00  INFO 16716 --- [HIV Clinic Backend] [           main] o.h.e.t.j.p.i.JtaPlatformInitiator       : HHH000489: No JTA platform available (set 'hibernate.transaction.jta.platform' to enable JTA platform integration)
2025-07-07T01:08:32.065+07:00  INFO 16716 --- [HIV Clinic Backend] [           main] j.LocalContainerEntityManagerFactoryBean : Initialized JPA EntityManagerFactory for persistence unit 'default'
2025-07-07T01:08:32.362+07:00  INFO 16716 --- [HIV Clinic Backend] [           main] o.s.d.j.r.query.QueryEnhancerFactory     : Hibernate is in classpath; If applicable, HQL parser will be used.
2025-07-07T01:08:33.820+07:00  WARN 16716 --- [HIV Clinic Backend] [           main] JpaBaseConfiguration$JpaWebConfiguration : spring.jpa.open-in-view is enabled by default. Therefore, database queries may be performed during view rendering. Explicitly configure spring.jpa.open-in-view to disable this warning
2025-07-07T01:08:33.898+07:00 DEBUG 16716 --- [HIV Clinic Backend] [           main] o.s.s.a.h.RoleHierarchyImpl              : setHierarchy() - The following role hierarchy was set: ROLE_ADMIN > ROLE_MANAGER
ROLE_MANAGER > ROLE_DOCTOR
ROLE_DOCTOR > ROLE_PATIENT
2025-07-07T01:08:33.899+07:00 DEBUG 16716 --- [HIV Clinic Backend] [           main] o.s.s.a.h.RoleHierarchyImpl              : buildRolesReachableInOneStepMap() - From role ROLE_ADMIN one can reach role ROLE_MANAGER in one step.
2025-07-07T01:08:33.899+07:00 DEBUG 16716 --- [HIV Clinic Backend] [           main] o.s.s.a.h.RoleHierarchyImpl              : buildRolesReachableInOneStepMap() - From role ROLE_MANAGER one can reach role ROLE_DOCTOR in one step.
2025-07-07T01:08:33.899+07:00 DEBUG 16716 --- [HIV Clinic Backend] [           main] o.s.s.a.h.RoleHierarchyImpl              : buildRolesReachableInOneStepMap() - From role ROLE_DOCTOR one can reach role ROLE_PATIENT in one step.
2025-07-07T01:08:33.899+07:00 DEBUG 16716 --- [HIV Clinic Backend] [           main] o.s.s.a.h.RoleHierarchyImpl              : buildRolesReachableInOneOrMoreStepsMap() - From role ROLE_DOCTOR one can reach [ROLE_PATIENT] in one or more steps.
2025-07-07T01:08:33.899+07:00 DEBUG 16716 --- [HIV Clinic Backend] [           main] o.s.s.a.h.RoleHierarchyImpl              : buildRolesReachableInOneOrMoreStepsMap() - From role ROLE_MANAGER one can reach [ROLE_PATIENT, ROLE_DOCTOR] in one or more steps.
2025-07-07T01:08:33.899+07:00 DEBUG 16716 --- [HIV Clinic Backend] [           main] o.s.s.a.h.RoleHierarchyImpl              : buildRolesReachableInOneOrMoreStepsMap() - From role ROLE_ADMIN one can reach [ROLE_PATIENT, ROLE_DOCTOR, ROLE_MANAGER] in one or more steps.
2025-07-07T01:08:34.136+07:00  INFO 16716 --- [HIV Clinic Backend] [           main] o.s.s.web.DefaultSecurityFilterChain     : Will secure any request with [org.springframework.security.web.session.DisableEncodeUrlFilter@d424f08, org.springframework.security.web.context.request.async.WebAsyncManagerIntegrationFilter@3072b38f, org.springframework.security.web.context.SecurityContextHolderFilter@41da4be8, org.springframework.security.web.header.HeaderWriterFilter@3fc544d6, org.springframework.web.filter.CorsFilter@61c3b31c, org.springframework.security.web.authentication.logout.LogoutFilter@7f277cf6, com.hivclinic.config.JwtAuthenticationFilter@7f69a16b, org.springframework.security.web.savedrequest.RequestCacheAwareFilter@21e67d8d, org.springframework.security.web.servletapi.SecurityContextHolderAwareRequestFilter@23b05e58, org.springframework.security.web.authentication.AnonymousAuthenticationFilter@623f27a9, org.springframework.security.web.session.SessionManagementFilter@390d87cf, org.springframework.security.web.access.ExceptionTranslationFilter@5150ba5a, org.springframework.security.web.access.intercept.AuthorizationFilter@41cf885f]
2025-07-07T01:08:34.586+07:00  INFO 16716 --- [HIV Clinic Backend] [           main] c.h.service.NotificationStatusFixTest    : Started NotificationStatusFixTest in 8.233 seconds (process running for 9.498)
2025-07-07T01:08:34.588+07:00  INFO 16716 --- [HIV Clinic Backend] [           main] com.hivclinic.config.DataInitializer     : Starting data initialization...
2025-07-07T01:08:34.599+07:00 DEBUG 16716 --- [HIV Clinic Backend] [   scheduling-1] c.h.s.NotificationSchedulingService      : Processing scheduled notifications
2025-07-07T01:08:34.661+07:00 DEBUG 16716 --- [HIV Clinic Backend] [           main] org.hibernate.SQL                        : 
    select
        count_big(*) 
    from
        Roles r1_0
Hibernate: 
    select
        count_big(*) 
    from
        Roles r1_0
2025-07-07T01:08:34.661+07:00 DEBUG 16716 --- [HIV Clinic Backend] [   scheduling-1] org.hibernate.SQL                        : 
    select
        n1_0.notificationId,
        n1_0.CreatedAt,
        n1_0.IsRead,
        n1_0.Message,
        n1_0.Priority,
        n1_0.RelatedEntityID,
        n1_0.RelatedEntityType,
        n1_0.ScheduledFor,
        n1_0.SentAt,
        n1_0.status,
        n1_0.Title,
        n1_0.Type,
        n1_0.UpdatedAt,
        n1_0.UserID 
    from
        Notifications n1_0
Hibernate: 
    select
        n1_0.notificationId,
        n1_0.CreatedAt,
        n1_0.IsRead,
        n1_0.Message,
        n1_0.Priority,
        n1_0.RelatedEntityID,
        n1_0.RelatedEntityType,
        n1_0.ScheduledFor,
        n1_0.SentAt,
        n1_0.status,
        n1_0.Title,
        n1_0.Type,
        n1_0.UpdatedAt,
        n1_0.UserID 
    from
        Notifications n1_0
2025-07-07T01:08:34.672+07:00  INFO 16716 --- [HIV Clinic Backend] [           main] com.hivclinic.config.DataInitializer     : Data already initialized, skipping...
2025-07-07T01:08:34.683+07:00 DEBUG 16716 --- [HIV Clinic Backend] [   scheduling-1] c.h.s.NotificationSchedulingService      : Found 0 notifications due for processing
2025-07-07T01:08:35.307+07:00 DEBUG 16716 --- [HIV Clinic Backend] [           main] org.hibernate.SQL                        : 
    select
        n1_0.notificationId,
        n1_0.CreatedAt,
        n1_0.IsRead,
        n1_0.Message,
        n1_0.Priority,
        n1_0.RelatedEntityID,
        n1_0.RelatedEntityType,
        n1_0.ScheduledFor,
        n1_0.SentAt,
        n1_0.status,
        n1_0.Title,
        n1_0.Type,
        n1_0.UpdatedAt,
        n1_0.UserID 
    from
        Notifications n1_0
Hibernate: 
    select
        n1_0.notificationId,
        n1_0.CreatedAt,
        n1_0.IsRead,
        n1_0.Message,
        n1_0.Priority,
        n1_0.RelatedEntityID,
        n1_0.RelatedEntityType,
        n1_0.ScheduledFor,
        n1_0.SentAt,
        n1_0.status,
        n1_0.Title,
        n1_0.Type,
        n1_0.UpdatedAt,
        n1_0.UserID 
    from
        Notifications n1_0
2025-07-07T01:08:35.374+07:00 DEBUG 16716 --- [HIV Clinic Backend] [           main] org.hibernate.SQL                        : 
    insert 
    into
        Notifications
        (CreatedAt, IsRead, Message, Priority, RelatedEntityID, RelatedEntityType, ScheduledFor, SentAt, status, Title, Type, UpdatedAt, UserID) 
    values
        (?, ?, ?, ?, ?, ?, ?, ?, ?, ?, ?, ?, ?)
Hibernate: 
    insert 
    into
        Notifications
        (CreatedAt, IsRead, Message, Priority, RelatedEntityID, RelatedEntityType, ScheduledFor, SentAt, status, Title, Type, UpdatedAt, UserID) 
    values
        (?, ?, ?, ?, ?, ?, ?, ?, ?, ?, ?, ?, ?)
DEBUG: NotificationService.markAsRead called with notificationId=52, userId=1
DEBUG: Found notification with ID=52, userId=1, isRead=false, status=SENT, title=Appointment Reminder
DEBUG: Setting notification as read - updating both isRead and status fields
2025-07-07T01:08:35.411+07:00 DEBUG 16716 --- [HIV Clinic Backend] [           main] org.hibernate.SQL                        : 
    update
        Notifications 
    set
        CreatedAt=?,
        IsRead=?,
        Message=?,
        Priority=?,
        RelatedEntityID=?,
        RelatedEntityType=?,
        ScheduledFor=?,
        SentAt=?,
        status=?,
        Title=?,
        Type=?,
        UpdatedAt=?,
        UserID=? 
    where
        notificationId=?
Hibernate: 
    update
        Notifications 
    set
        CreatedAt=?,
        IsRead=?,
        Message=?,
        Priority=?,
        RelatedEntityID=?,
        RelatedEntityType=?,
        ScheduledFor=?,
        SentAt=?,
        status=?,
        Title=?,
        Type=?,
        UpdatedAt=?,
        UserID=? 
    where
        notificationId=?
2025-07-07T01:08:35.420+07:00 DEBUG 16716 --- [HIV Clinic Backend] [           main] org.hibernate.SQL                        : 
    delete 
    from
        Notifications 
    where
        notificationId=?
Hibernate: 
    delete 
    from
        Notifications 
    where
        notificationId=?
2025-07-07T01:08:35.425+07:00 DEBUG 16716 --- [HIV Clinic Backend] [           main] org.hibernate.SQL                        : 
    delete 
    from
        Notifications 
    where
        notificationId=?
Hibernate: 
    delete 
    from
        Notifications 
    where
        notificationId=?
2025-07-07T01:08:35.426+07:00 DEBUG 16716 --- [HIV Clinic Backend] [           main] org.hibernate.SQL                        : 
    delete 
    from
        Notifications 
    where
        notificationId=?
Hibernate: 
    delete 
    from
        Notifications 
    where
        notificationId=?
2025-07-07T01:08:35.427+07:00 DEBUG 16716 --- [HIV Clinic Backend] [           main] org.hibernate.SQL                        : 
    delete 
    from
        Notifications 
    where
        notificationId=?
Hibernate: 
    delete 
    from
        Notifications 
    where
        notificationId=?
2025-07-07T01:08:35.428+07:00 DEBUG 16716 --- [HIV Clinic Backend] [           main] org.hibernate.SQL                        : 
    delete 
    from
        Notifications 
    where
        notificationId=?
Hibernate: 
    delete 
    from
        Notifications 
    where
        notificationId=?
2025-07-07T01:08:35.429+07:00 DEBUG 16716 --- [HIV Clinic Backend] [           main] org.hibernate.SQL                        : 
    delete 
    from
        Notifications 
    where
        notificationId=?
Hibernate: 
    delete 
    from
        Notifications 
    where
        notificationId=?
2025-07-07T01:08:35.430+07:00 DEBUG 16716 --- [HIV Clinic Backend] [           main] org.hibernate.SQL                        : 
    delete 
    from
        Notifications 
    where
        notificationId=?
Hibernate: 
    delete 
    from
        Notifications 
    where
        notificationId=?
2025-07-07T01:08:35.431+07:00 DEBUG 16716 --- [HIV Clinic Backend] [           main] org.hibernate.SQL                        : 
    delete 
    from
        Notifications 
    where
        notificationId=?
Hibernate: 
    delete 
    from
        Notifications 
    where
        notificationId=?
2025-07-07T01:08:35.432+07:00 DEBUG 16716 --- [HIV Clinic Backend] [           main] org.hibernate.SQL                        : 
    delete 
    from
        Notifications 
    where
        notificationId=?
Hibernate: 
    delete 
    from
        Notifications 
    where
        notificationId=?
2025-07-07T01:08:35.433+07:00 DEBUG 16716 --- [HIV Clinic Backend] [           main] org.hibernate.SQL                        : 
    delete 
    from
        Notifications 
    where
        notificationId=?
Hibernate: 
    delete 
    from
        Notifications 
    where
        notificationId=?
DEBUG: Saved and flushed notification with isRead=true, status=READ
DEBUG: Successfully created DTO with isRead=true, status=READ
]]></system-out>
    <system-err><![CDATA[WARNING: A Java agent has been loaded dynamically (C:\Users\PC\.m2\repository\net\bytebuddy\byte-buddy-agent\1.14.10\byte-buddy-agent-1.14.10.jar)
WARNING: If a serviceability tool is in use, please run with -XX:+EnableDynamicAgentLoading to hide this warning
WARNING: If a serviceability tool is not in use, please run with -Djdk.instrument.traceUsage for more information
WARNING: Dynamic loading of agents will be disallowed by default in a future release
]]></system-err>
  </testcase>
  <testcase name="testUnreadNotificationsQuery" classname="com.hivclinic.service.NotificationStatusFixTest" time="0.084">
    <system-out><![CDATA[2025-07-07T01:08:35.461+07:00 DEBUG 16716 --- [HIV Clinic Backend] [           main] org.hibernate.SQL                        : 
    select
        n1_0.notificationId,
        n1_0.CreatedAt,
        n1_0.IsRead,
        n1_0.Message,
        n1_0.Priority,
        n1_0.RelatedEntityID,
        n1_0.RelatedEntityType,
        n1_0.ScheduledFor,
        n1_0.SentAt,
        n1_0.status,
        n1_0.Title,
        n1_0.Type,
        n1_0.UpdatedAt,
        n1_0.UserID 
    from
        Notifications n1_0
Hibernate: 
    select
        n1_0.notificationId,
        n1_0.CreatedAt,
        n1_0.IsRead,
        n1_0.Message,
        n1_0.Priority,
        n1_0.RelatedEntityID,
        n1_0.RelatedEntityType,
        n1_0.ScheduledFor,
        n1_0.SentAt,
        n1_0.status,
        n1_0.Title,
        n1_0.Type,
        n1_0.UpdatedAt,
        n1_0.UserID 
    from
        Notifications n1_0
2025-07-07T01:08:35.471+07:00 DEBUG 16716 --- [HIV Clinic Backend] [           main] org.hibernate.SQL                        : 
    insert 
    into
        Notifications
        (CreatedAt, IsRead, Message, Priority, RelatedEntityID, RelatedEntityType, ScheduledFor, SentAt, status, Title, Type, UpdatedAt, UserID) 
    values
        (?, ?, ?, ?, ?, ?, ?, ?, ?, ?, ?, ?, ?)
Hibernate: 
    insert 
    into
        Notifications
        (CreatedAt, IsRead, Message, Priority, RelatedEntityID, RelatedEntityType, ScheduledFor, SentAt, status, Title, Type, UpdatedAt, UserID) 
    values
        (?, ?, ?, ?, ?, ?, ?, ?, ?, ?, ?, ?, ?)
2025-07-07T01:08:35.476+07:00 DEBUG 16716 --- [HIV Clinic Backend] [           main] org.hibernate.SQL                        : 
    insert 
    into
        Notifications
        (CreatedAt, IsRead, Message, Priority, RelatedEntityID, RelatedEntityType, ScheduledFor, SentAt, status, Title, Type, UpdatedAt, UserID) 
    values
        (?, ?, ?, ?, ?, ?, ?, ?, ?, ?, ?, ?, ?)
Hibernate: 
    insert 
    into
        Notifications
        (CreatedAt, IsRead, Message, Priority, RelatedEntityID, RelatedEntityType, ScheduledFor, SentAt, status, Title, Type, UpdatedAt, UserID) 
    values
        (?, ?, ?, ?, ?, ?, ?, ?, ?, ?, ?, ?, ?)
DEBUG: NotificationService.markAsRead called with notificationId=53, userId=1
DEBUG: Found notification with ID=53, userId=1, isRead=false, status=SENT, title=Appointment Reminder
DEBUG: Setting notification as read - updating both isRead and status fields
2025-07-07T01:08:35.482+07:00 DEBUG 16716 --- [HIV Clinic Backend] [           main] org.hibernate.SQL                        : 
    update
        Notifications 
    set
        CreatedAt=?,
        IsRead=?,
        Message=?,
        Priority=?,
        RelatedEntityID=?,
        RelatedEntityType=?,
        ScheduledFor=?,
        SentAt=?,
        status=?,
        Title=?,
        Type=?,
        UpdatedAt=?,
        UserID=? 
    where
        notificationId=?
Hibernate: 
    update
        Notifications 
    set
        CreatedAt=?,
        IsRead=?,
        Message=?,
        Priority=?,
        RelatedEntityID=?,
        RelatedEntityType=?,
        ScheduledFor=?,
        SentAt=?,
        status=?,
        Title=?,
        Type=?,
        UpdatedAt=?,
        UserID=? 
    where
        notificationId=?
2025-07-07T01:08:35.484+07:00 DEBUG 16716 --- [HIV Clinic Backend] [           main] org.hibernate.SQL                        : 
    delete 
    from
        Notifications 
    where
        notificationId=?
Hibernate: 
    delete 
    from
        Notifications 
    where
        notificationId=?
2025-07-07T01:08:35.485+07:00 DEBUG 16716 --- [HIV Clinic Backend] [           main] org.hibernate.SQL                        : 
    delete 
    from
        Notifications 
    where
        notificationId=?
Hibernate: 
    delete 
    from
        Notifications 
    where
        notificationId=?
2025-07-07T01:08:35.486+07:00 DEBUG 16716 --- [HIV Clinic Backend] [           main] org.hibernate.SQL                        : 
    delete 
    from
        Notifications 
    where
        notificationId=?
Hibernate: 
    delete 
    from
        Notifications 
    where
        notificationId=?
2025-07-07T01:08:35.488+07:00 DEBUG 16716 --- [HIV Clinic Backend] [           main] org.hibernate.SQL                        : 
    delete 
    from
        Notifications 
    where
        notificationId=?
Hibernate: 
    delete 
    from
        Notifications 
    where
        notificationId=?
2025-07-07T01:08:35.489+07:00 DEBUG 16716 --- [HIV Clinic Backend] [           main] org.hibernate.SQL                        : 
    delete 
    from
        Notifications 
    where
        notificationId=?
Hibernate: 
    delete 
    from
        Notifications 
    where
        notificationId=?
2025-07-07T01:08:35.491+07:00 DEBUG 16716 --- [HIV Clinic Backend] [           main] org.hibernate.SQL                        : 
    delete 
    from
        Notifications 
    where
        notificationId=?
Hibernate: 
    delete 
    from
        Notifications 
    where
        notificationId=?
2025-07-07T01:08:35.493+07:00 DEBUG 16716 --- [HIV Clinic Backend] [           main] org.hibernate.SQL                        : 
    delete 
    from
        Notifications 
    where
        notificationId=?
Hibernate: 
    delete 
    from
        Notifications 
    where
        notificationId=?
2025-07-07T01:08:35.494+07:00 DEBUG 16716 --- [HIV Clinic Backend] [           main] org.hibernate.SQL                        : 
    delete 
    from
        Notifications 
    where
        notificationId=?
Hibernate: 
    delete 
    from
        Notifications 
    where
        notificationId=?
2025-07-07T01:08:35.496+07:00 DEBUG 16716 --- [HIV Clinic Backend] [           main] org.hibernate.SQL                        : 
    delete 
    from
        Notifications 
    where
        notificationId=?
Hibernate: 
    delete 
    from
        Notifications 
    where
        notificationId=?
2025-07-07T01:08:35.497+07:00 DEBUG 16716 --- [HIV Clinic Backend] [           main] org.hibernate.SQL                        : 
    delete 
    from
        Notifications 
    where
        notificationId=?
Hibernate: 
    delete 
    from
        Notifications 
    where
        notificationId=?
DEBUG: Saved and flushed notification with isRead=true, status=READ
DEBUG: Successfully created DTO with isRead=true, status=READ
2025-07-07T01:08:35.523+07:00 DEBUG 16716 --- [HIV Clinic Backend] [           main] org.hibernate.SQL                        : 
    select
        n1_0.notificationId,
        n1_0.CreatedAt,
        n1_0.IsRead,
        n1_0.Message,
        n1_0.Priority,
        n1_0.RelatedEntityID,
        n1_0.RelatedEntityType,
        n1_0.ScheduledFor,
        n1_0.SentAt,
        n1_0.status,
        n1_0.Title,
        n1_0.Type,
        n1_0.UpdatedAt,
        n1_0.UserID 
    from
        Notifications n1_0 
    where
        n1_0.UserID=? 
        and n1_0.IsRead=?
Hibernate: 
    select
        n1_0.notificationId,
        n1_0.CreatedAt,
        n1_0.IsRead,
        n1_0.Message,
        n1_0.Priority,
        n1_0.RelatedEntityID,
        n1_0.RelatedEntityType,
        n1_0.ScheduledFor,
        n1_0.SentAt,
        n1_0.status,
        n1_0.Title,
        n1_0.Type,
        n1_0.UpdatedAt,
        n1_0.UserID 
    from
        Notifications n1_0 
    where
        n1_0.UserID=? 
        and n1_0.IsRead=?
2025-07-07T01:08:35.531+07:00 DEBUG 16716 --- [HIV Clinic Backend] [           main] org.hibernate.SQL                        : 
    select
        n1_0.notificationId,
        n1_0.CreatedAt,
        n1_0.IsRead,
        n1_0.Message,
        n1_0.Priority,
        n1_0.RelatedEntityID,
        n1_0.RelatedEntityType,
        n1_0.ScheduledFor,
        n1_0.SentAt,
        n1_0.status,
        n1_0.Title,
        n1_0.Type,
        n1_0.UpdatedAt,
        n1_0.UserID 
    from
        Notifications n1_0 
    where
        n1_0.UserID=? 
        and n1_0.IsRead=?
Hibernate: 
    select
        n1_0.notificationId,
        n1_0.CreatedAt,
        n1_0.IsRead,
        n1_0.Message,
        n1_0.Priority,
        n1_0.RelatedEntityID,
        n1_0.RelatedEntityType,
        n1_0.ScheduledFor,
        n1_0.SentAt,
        n1_0.status,
        n1_0.Title,
        n1_0.Type,
        n1_0.UpdatedAt,
        n1_0.UserID 
    from
        Notifications n1_0 
    where
        n1_0.UserID=? 
        and n1_0.IsRead=?
]]></system-out>
  </testcase>
  <testcase name="testCreateNotificationSetsCorrectStatus" classname="com.hivclinic.service.NotificationStatusFixTest" time="0.028">
    <system-out><![CDATA[2025-07-07T01:08:35.545+07:00 DEBUG 16716 --- [HIV Clinic Backend] [           main] org.hibernate.SQL                        : 
    select
        n1_0.notificationId,
        n1_0.CreatedAt,
        n1_0.IsRead,
        n1_0.Message,
        n1_0.Priority,
        n1_0.RelatedEntityID,
        n1_0.RelatedEntityType,
        n1_0.ScheduledFor,
        n1_0.SentAt,
        n1_0.status,
        n1_0.Title,
        n1_0.Type,
        n1_0.UpdatedAt,
        n1_0.UserID 
    from
        Notifications n1_0
Hibernate: 
    select
        n1_0.notificationId,
        n1_0.CreatedAt,
        n1_0.IsRead,
        n1_0.Message,
        n1_0.Priority,
        n1_0.RelatedEntityID,
        n1_0.RelatedEntityType,
        n1_0.ScheduledFor,
        n1_0.SentAt,
        n1_0.status,
        n1_0.Title,
        n1_0.Type,
        n1_0.UpdatedAt,
        n1_0.UserID 
    from
        Notifications n1_0
2025-07-07T01:08:35.554+07:00 DEBUG 16716 --- [HIV Clinic Backend] [           main] org.hibernate.SQL                        : 
    insert 
    into
        Notifications
        (CreatedAt, IsRead, Message, Priority, RelatedEntityID, RelatedEntityType, ScheduledFor, SentAt, status, Title, Type, UpdatedAt, UserID) 
    values
        (?, ?, ?, ?, ?, ?, ?, ?, ?, ?, ?, ?, ?)
Hibernate: 
    insert 
    into
        Notifications
        (CreatedAt, IsRead, Message, Priority, RelatedEntityID, RelatedEntityType, ScheduledFor, SentAt, status, Title, Type, UpdatedAt, UserID) 
    values
        (?, ?, ?, ?, ?, ?, ?, ?, ?, ?, ?, ?, ?)
2025-07-07T01:08:35.558+07:00 DEBUG 16716 --- [HIV Clinic Backend] [           main] org.hibernate.SQL                        : 
    insert 
    into
        Notifications
        (CreatedAt, IsRead, Message, Priority, RelatedEntityID, RelatedEntityType, ScheduledFor, SentAt, status, Title, Type, UpdatedAt, UserID) 
    values
        (?, ?, ?, ?, ?, ?, ?, ?, ?, ?, ?, ?, ?)
Hibernate: 
    insert 
    into
        Notifications
        (CreatedAt, IsRead, Message, Priority, RelatedEntityID, RelatedEntityType, ScheduledFor, SentAt, status, Title, Type, UpdatedAt, UserID) 
    values
        (?, ?, ?, ?, ?, ?, ?, ?, ?, ?, ?, ?, ?)
2025-07-07T01:08:35.561+07:00 DEBUG 16716 --- [HIV Clinic Backend] [           main] org.hibernate.SQL                        : 
    insert 
    into
        Notifications
        (CreatedAt, IsRead, Message, Priority, RelatedEntityID, RelatedEntityType, ScheduledFor, SentAt, status, Title, Type, UpdatedAt, UserID) 
    values
        (?, ?, ?, ?, ?, ?, ?, ?, ?, ?, ?, ?, ?)
Hibernate: 
    insert 
    into
        Notifications
        (CreatedAt, IsRead, Message, Priority, RelatedEntityID, RelatedEntityType, ScheduledFor, SentAt, status, Title, Type, UpdatedAt, UserID) 
    values
        (?, ?, ?, ?, ?, ?, ?, ?, ?, ?, ?, ?, ?)
]]></system-out>
  </testcase>
  <testcase name="testMarkAsReadUpdatesBothFields" classname="com.hivclinic.service.NotificationStatusFixTest" time="0.087">
    <system-out><![CDATA[2025-07-07T01:08:35.573+07:00 DEBUG 16716 --- [HIV Clinic Backend] [           main] org.hibernate.SQL                        : 
    select
        n1_0.notificationId,
        n1_0.CreatedAt,
        n1_0.IsRead,
        n1_0.Message,
        n1_0.Priority,
        n1_0.RelatedEntityID,
        n1_0.RelatedEntityType,
        n1_0.ScheduledFor,
        n1_0.SentAt,
        n1_0.status,
        n1_0.Title,
        n1_0.Type,
        n1_0.UpdatedAt,
        n1_0.UserID 
    from
        Notifications n1_0
Hibernate: 
    select
        n1_0.notificationId,
        n1_0.CreatedAt,
        n1_0.IsRead,
        n1_0.Message,
        n1_0.Priority,
        n1_0.RelatedEntityID,
        n1_0.RelatedEntityType,
        n1_0.ScheduledFor,
        n1_0.SentAt,
        n1_0.status,
        n1_0.Title,
        n1_0.Type,
        n1_0.UpdatedAt,
        n1_0.UserID 
    from
        Notifications n1_0
2025-07-07T01:08:35.634+07:00 DEBUG 16716 --- [HIV Clinic Backend] [           main] org.hibernate.SQL                        : 
    insert 
    into
        Notifications
        (CreatedAt, IsRead, Message, Priority, RelatedEntityID, RelatedEntityType, ScheduledFor, SentAt, status, Title, Type, UpdatedAt, UserID) 
    values
        (?, ?, ?, ?, ?, ?, ?, ?, ?, ?, ?, ?, ?)
Hibernate: 
    insert 
    into
        Notifications
        (CreatedAt, IsRead, Message, Priority, RelatedEntityID, RelatedEntityType, ScheduledFor, SentAt, status, Title, Type, UpdatedAt, UserID) 
    values
        (?, ?, ?, ?, ?, ?, ?, ?, ?, ?, ?, ?, ?)
DEBUG: NotificationService.markAsRead called with notificationId=58, userId=1
DEBUG: Found notification with ID=58, userId=1, isRead=false, status=SENT, title=Appointment Reminder
DEBUG: Setting notification as read - updating both isRead and status fields
2025-07-07T01:08:35.638+07:00 DEBUG 16716 --- [HIV Clinic Backend] [           main] org.hibernate.SQL                        : 
    update
        Notifications 
    set
        CreatedAt=?,
        IsRead=?,
        Message=?,
        Priority=?,
        RelatedEntityID=?,
        RelatedEntityType=?,
        ScheduledFor=?,
        SentAt=?,
        status=?,
        Title=?,
        Type=?,
        UpdatedAt=?,
        UserID=? 
    where
        notificationId=?
Hibernate: 
    update
        Notifications 
    set
        CreatedAt=?,
        IsRead=?,
        Message=?,
        Priority=?,
        RelatedEntityID=?,
        RelatedEntityType=?,
        ScheduledFor=?,
        SentAt=?,
        status=?,
        Title=?,
        Type=?,
        UpdatedAt=?,
        UserID=? 
    where
        notificationId=?
2025-07-07T01:08:35.640+07:00 DEBUG 16716 --- [HIV Clinic Backend] [           main] org.hibernate.SQL                        : 
    delete 
    from
        Notifications 
    where
        notificationId=?
Hibernate: 
    delete 
    from
        Notifications 
    where
        notificationId=?
2025-07-07T01:08:35.641+07:00 DEBUG 16716 --- [HIV Clinic Backend] [           main] org.hibernate.SQL                        : 
    delete 
    from
        Notifications 
    where
        notificationId=?
Hibernate: 
    delete 
    from
        Notifications 
    where
        notificationId=?
2025-07-07T01:08:35.642+07:00 DEBUG 16716 --- [HIV Clinic Backend] [           main] org.hibernate.SQL                        : 
    delete 
    from
        Notifications 
    where
        notificationId=?
Hibernate: 
    delete 
    from
        Notifications 
    where
        notificationId=?
2025-07-07T01:08:35.643+07:00 DEBUG 16716 --- [HIV Clinic Backend] [           main] org.hibernate.SQL                        : 
    delete 
    from
        Notifications 
    where
        notificationId=?
Hibernate: 
    delete 
    from
        Notifications 
    where
        notificationId=?
2025-07-07T01:08:35.645+07:00 DEBUG 16716 --- [HIV Clinic Backend] [           main] org.hibernate.SQL                        : 
    delete 
    from
        Notifications 
    where
        notificationId=?
Hibernate: 
    delete 
    from
        Notifications 
    where
        notificationId=?
2025-07-07T01:08:35.646+07:00 DEBUG 16716 --- [HIV Clinic Backend] [           main] org.hibernate.SQL                        : 
    delete 
    from
        Notifications 
    where
        notificationId=?
Hibernate: 
    delete 
    from
        Notifications 
    where
        notificationId=?
2025-07-07T01:08:35.647+07:00 DEBUG 16716 --- [HIV Clinic Backend] [           main] org.hibernate.SQL                        : 
    delete 
    from
        Notifications 
    where
        notificationId=?
Hibernate: 
    delete 
    from
        Notifications 
    where
        notificationId=?
2025-07-07T01:08:35.648+07:00 DEBUG 16716 --- [HIV Clinic Backend] [           main] org.hibernate.SQL                        : 
    delete 
    from
        Notifications 
    where
        notificationId=?
Hibernate: 
    delete 
    from
        Notifications 
    where
        notificationId=?
2025-07-07T01:08:35.650+07:00 DEBUG 16716 --- [HIV Clinic Backend] [           main] org.hibernate.SQL                        : 
    delete 
    from
        Notifications 
    where
        notificationId=?
Hibernate: 
    delete 
    from
        Notifications 
    where
        notificationId=?
2025-07-07T01:08:35.651+07:00 DEBUG 16716 --- [HIV Clinic Backend] [           main] org.hibernate.SQL                        : 
    delete 
    from
        Notifications 
    where
        notificationId=?
Hibernate: 
    delete 
    from
        Notifications 
    where
        notificationId=?
DEBUG: Saved and flushed notification with isRead=true, status=READ
DEBUG: Successfully created DTO with isRead=true, status=READ
]]></system-out>
  </testcase>
  <testcase name="testMarkAllAsReadUpdatesBothFields" classname="com.hivclinic.service.NotificationStatusFixTest" time="0.091">
    <system-out><![CDATA[2025-07-07T01:08:35.661+07:00 DEBUG 16716 --- [HIV Clinic Backend] [           main] org.hibernate.SQL                        : 
    select
        n1_0.notificationId,
        n1_0.CreatedAt,
        n1_0.IsRead,
        n1_0.Message,
        n1_0.Priority,
        n1_0.RelatedEntityID,
        n1_0.RelatedEntityType,
        n1_0.ScheduledFor,
        n1_0.SentAt,
        n1_0.status,
        n1_0.Title,
        n1_0.Type,
        n1_0.UpdatedAt,
        n1_0.UserID 
    from
        Notifications n1_0
Hibernate: 
    select
        n1_0.notificationId,
        n1_0.CreatedAt,
        n1_0.IsRead,
        n1_0.Message,
        n1_0.Priority,
        n1_0.RelatedEntityID,
        n1_0.RelatedEntityType,
        n1_0.ScheduledFor,
        n1_0.SentAt,
        n1_0.status,
        n1_0.Title,
        n1_0.Type,
        n1_0.UpdatedAt,
        n1_0.UserID 
    from
        Notifications n1_0
2025-07-07T01:08:35.669+07:00 DEBUG 16716 --- [HIV Clinic Backend] [           main] org.hibernate.SQL                        : 
    insert 
    into
        Notifications
        (CreatedAt, IsRead, Message, Priority, RelatedEntityID, RelatedEntityType, ScheduledFor, SentAt, status, Title, Type, UpdatedAt, UserID) 
    values
        (?, ?, ?, ?, ?, ?, ?, ?, ?, ?, ?, ?, ?)
Hibernate: 
    insert 
    into
        Notifications
        (CreatedAt, IsRead, Message, Priority, RelatedEntityID, RelatedEntityType, ScheduledFor, SentAt, status, Title, Type, UpdatedAt, UserID) 
    values
        (?, ?, ?, ?, ?, ?, ?, ?, ?, ?, ?, ?, ?)
2025-07-07T01:08:35.672+07:00 DEBUG 16716 --- [HIV Clinic Backend] [           main] org.hibernate.SQL                        : 
    insert 
    into
        Notifications
        (CreatedAt, IsRead, Message, Priority, RelatedEntityID, RelatedEntityType, ScheduledFor, SentAt, status, Title, Type, UpdatedAt, UserID) 
    values
        (?, ?, ?, ?, ?, ?, ?, ?, ?, ?, ?, ?, ?)
Hibernate: 
    insert 
    into
        Notifications
        (CreatedAt, IsRead, Message, Priority, RelatedEntityID, RelatedEntityType, ScheduledFor, SentAt, status, Title, Type, UpdatedAt, UserID) 
    values
        (?, ?, ?, ?, ?, ?, ?, ?, ?, ?, ?, ?, ?)
2025-07-07T01:08:35.675+07:00 DEBUG 16716 --- [HIV Clinic Backend] [           main] org.hibernate.SQL                        : 
    insert 
    into
        Notifications
        (CreatedAt, IsRead, Message, Priority, RelatedEntityID, RelatedEntityType, ScheduledFor, SentAt, status, Title, Type, UpdatedAt, UserID) 
    values
        (?, ?, ?, ?, ?, ?, ?, ?, ?, ?, ?, ?, ?)
Hibernate: 
    insert 
    into
        Notifications
        (CreatedAt, IsRead, Message, Priority, RelatedEntityID, RelatedEntityType, ScheduledFor, SentAt, status, Title, Type, UpdatedAt, UserID) 
    values
        (?, ?, ?, ?, ?, ?, ?, ?, ?, ?, ?, ?, ?)
DEBUG: NotificationService.markAllAsRead called for userId=1
2025-07-07T01:08:35.679+07:00 DEBUG 16716 --- [HIV Clinic Backend] [           main] org.hibernate.SQL                        : 
    delete 
    from
        Notifications 
    where
        notificationId=?
Hibernate: 
    delete 
    from
        Notifications 
    where
        notificationId=?
2025-07-07T01:08:35.683+07:00 DEBUG 16716 --- [HIV Clinic Backend] [           main] org.hibernate.SQL                        : 
    delete 
    from
        Notifications 
    where
        notificationId=?
Hibernate: 
    delete 
    from
        Notifications 
    where
        notificationId=?
2025-07-07T01:08:35.686+07:00 DEBUG 16716 --- [HIV Clinic Backend] [           main] org.hibernate.SQL                        : 
    delete 
    from
        Notifications 
    where
        notificationId=?
Hibernate: 
    delete 
    from
        Notifications 
    where
        notificationId=?
2025-07-07T01:08:35.687+07:00 DEBUG 16716 --- [HIV Clinic Backend] [           main] org.hibernate.SQL                        : 
    delete 
    from
        Notifications 
    where
        notificationId=?
Hibernate: 
    delete 
    from
        Notifications 
    where
        notificationId=?
2025-07-07T01:08:35.688+07:00 DEBUG 16716 --- [HIV Clinic Backend] [           main] org.hibernate.SQL                        : 
    delete 
    from
        Notifications 
    where
        notificationId=?
Hibernate: 
    delete 
    from
        Notifications 
    where
        notificationId=?
2025-07-07T01:08:35.689+07:00 DEBUG 16716 --- [HIV Clinic Backend] [           main] org.hibernate.SQL                        : 
    delete 
    from
        Notifications 
    where
        notificationId=?
Hibernate: 
    delete 
    from
        Notifications 
    where
        notificationId=?
2025-07-07T01:08:35.690+07:00 DEBUG 16716 --- [HIV Clinic Backend] [           main] org.hibernate.SQL                        : 
    delete 
    from
        Notifications 
    where
        notificationId=?
Hibernate: 
    delete 
    from
        Notifications 
    where
        notificationId=?
2025-07-07T01:08:35.691+07:00 DEBUG 16716 --- [HIV Clinic Backend] [           main] org.hibernate.SQL                        : 
    delete 
    from
        Notifications 
    where
        notificationId=?
Hibernate: 
    delete 
    from
        Notifications 
    where
        notificationId=?
2025-07-07T01:08:35.692+07:00 DEBUG 16716 --- [HIV Clinic Backend] [           main] org.hibernate.SQL                        : 
    delete 
    from
        Notifications 
    where
        notificationId=?
Hibernate: 
    delete 
    from
        Notifications 
    where
        notificationId=?
2025-07-07T01:08:35.693+07:00 DEBUG 16716 --- [HIV Clinic Backend] [           main] org.hibernate.SQL                        : 
    delete 
    from
        Notifications 
    where
        notificationId=?
Hibernate: 
    delete 
    from
        Notifications 
    where
        notificationId=?
2025-07-07T01:08:35.694+07:00 DEBUG 16716 --- [HIV Clinic Backend] [           main] org.hibernate.SQL                        : 
    select
        n1_0.notificationId,
        n1_0.CreatedAt,
        n1_0.IsRead,
        n1_0.Message,
        n1_0.Priority,
        n1_0.RelatedEntityID,
        n1_0.RelatedEntityType,
        n1_0.ScheduledFor,
        n1_0.SentAt,
        n1_0.status,
        n1_0.Title,
        n1_0.Type,
        n1_0.UpdatedAt,
        n1_0.UserID 
    from
        Notifications n1_0 
    where
        n1_0.UserID=? 
        and n1_0.IsRead=?
Hibernate: 
    select
        n1_0.notificationId,
        n1_0.CreatedAt,
        n1_0.IsRead,
        n1_0.Message,
        n1_0.Priority,
        n1_0.RelatedEntityID,
        n1_0.RelatedEntityType,
        n1_0.ScheduledFor,
        n1_0.SentAt,
        n1_0.status,
        n1_0.Title,
        n1_0.Type,
        n1_0.UpdatedAt,
        n1_0.UserID 
    from
        Notifications n1_0 
    where
        n1_0.UserID=? 
        and n1_0.IsRead=?
DEBUG: Found 3 unread notifications to mark as read
2025-07-07T01:08:35.722+07:00 DEBUG 16716 --- [HIV Clinic Backend] [           main] org.hibernate.SQL                        : 
    update
        Notifications 
    set
        IsRead=1,
        status='READ' 
    where
        UserID=? 
        and IsRead=0
Hibernate: 
    update
        Notifications 
    set
        IsRead=1,
        status='READ' 
    where
        UserID=? 
        and IsRead=0
DEBUG: Repository method updated 3 notifications for userId=1
2025-07-07T01:08:35.731+07:00 DEBUG 16716 --- [HIV Clinic Backend] [           main] org.hibernate.SQL                        : 
    select
        n1_0.notificationId,
        n1_0.CreatedAt,
        n1_0.IsRead,
        n1_0.Message,
        n1_0.Priority,
        n1_0.RelatedEntityID,
        n1_0.RelatedEntityType,
        n1_0.ScheduledFor,
        n1_0.SentAt,
        n1_0.status,
        n1_0.Title,
        n1_0.Type,
        n1_0.UpdatedAt,
        n1_0.UserID 
    from
        Notifications n1_0 
    where
        n1_0.notificationId=?
Hibernate: 
    select
        n1_0.notificationId,
        n1_0.CreatedAt,
        n1_0.IsRead,
        n1_0.Message,
        n1_0.Priority,
        n1_0.RelatedEntityID,
        n1_0.RelatedEntityType,
        n1_0.ScheduledFor,
        n1_0.SentAt,
        n1_0.status,
        n1_0.Title,
        n1_0.Type,
        n1_0.UpdatedAt,
        n1_0.UserID 
    from
        Notifications n1_0 
    where
        n1_0.notificationId=?
DEBUG: Verification - notification ID=59, isRead=true, status=READ
2025-07-07T01:08:35.735+07:00 DEBUG 16716 --- [HIV Clinic Backend] [           main] org.hibernate.SQL                        : 
    select
        n1_0.notificationId,
        n1_0.CreatedAt,
        n1_0.IsRead,
        n1_0.Message,
        n1_0.Priority,
        n1_0.RelatedEntityID,
        n1_0.RelatedEntityType,
        n1_0.ScheduledFor,
        n1_0.SentAt,
        n1_0.status,
        n1_0.Title,
        n1_0.Type,
        n1_0.UpdatedAt,
        n1_0.UserID 
    from
        Notifications n1_0 
    where
        n1_0.notificationId=?
Hibernate: 
    select
        n1_0.notificationId,
        n1_0.CreatedAt,
        n1_0.IsRead,
        n1_0.Message,
        n1_0.Priority,
        n1_0.RelatedEntityID,
        n1_0.RelatedEntityType,
        n1_0.ScheduledFor,
        n1_0.SentAt,
        n1_0.status,
        n1_0.Title,
        n1_0.Type,
        n1_0.UpdatedAt,
        n1_0.UserID 
    from
        Notifications n1_0 
    where
        n1_0.notificationId=?
DEBUG: Verification - notification ID=60, isRead=true, status=READ
2025-07-07T01:08:35.739+07:00 DEBUG 16716 --- [HIV Clinic Backend] [           main] org.hibernate.SQL                        : 
    select
        n1_0.notificationId,
        n1_0.CreatedAt,
        n1_0.IsRead,
        n1_0.Message,
        n1_0.Priority,
        n1_0.RelatedEntityID,
        n1_0.RelatedEntityType,
        n1_0.ScheduledFor,
        n1_0.SentAt,
        n1_0.status,
        n1_0.Title,
        n1_0.Type,
        n1_0.UpdatedAt,
        n1_0.UserID 
    from
        Notifications n1_0 
    where
        n1_0.notificationId=?
Hibernate: 
    select
        n1_0.notificationId,
        n1_0.CreatedAt,
        n1_0.IsRead,
        n1_0.Message,
        n1_0.Priority,
        n1_0.RelatedEntityID,
        n1_0.RelatedEntityType,
        n1_0.ScheduledFor,
        n1_0.SentAt,
        n1_0.status,
        n1_0.Title,
        n1_0.Type,
        n1_0.UpdatedAt,
        n1_0.UserID 
    from
        Notifications n1_0 
    where
        n1_0.notificationId=?
DEBUG: Verification - notification ID=61, isRead=true, status=READ
DEBUG: Successfully marked all notifications as read for userId=1. Verified 3 notifications.
]]></system-out>
  </testcase>
</testsuite>