<?xml version="1.0" encoding="UTF-8"?>
<testsuite xmlns:xsi="http://www.w3.org/2001/XMLSchema-instance" xsi:noNamespaceSchemaLocation="https://maven.apache.org/surefire/maven-surefire-plugin/xsd/surefire-test-report-3.0.xsd" version="3.0" name="com.hivclinic.service.NotificationStatusFixTest" time="0.493" tests="5" errors="0" skipped="0" failures="0">
  <properties>
[...]
</properties>
  <testcase name="testDtoMappingIncludesStatus" classname="com.hivclinic.service.NotificationStatusFixTest" time="0.063">
    <system-out><![CDATA[2025-07-10T16:38:19.480+07:00  INFO 5468 --- [HIV Clinic Backend] [           main] t.c.s.AnnotationConfigContextLoaderUtils : Could not detect default configuration classes for test class [com.hivclinic.service.NotificationStatusFixTest]: NotificationStatusFixTest does not declare any static, non-private, non-final, nested classes annotated with @Configuration.
2025-07-10T16:38:19.524+07:00  INFO 5468 --- [HIV Clinic Backend] [           main] .b.t.c.SpringBootTestContextBootstrapper : Found @SpringBootConfiguration com.hivclinic.HivClinicBackendApplication for test class com.hivclinic.service.NotificationStatusFixTest
2025-07-10T16:38:19.546+07:00 DEBUG 5468 --- [HIV Clinic Backend] [           main] org.hibernate.SQL                        : 
    select
        n1_0.notificationId,
        n1_0.CreatedAt,
        n1_0.IsRead,
        n1_0.Message,
        n1_0.Priority,
        n1_0.RelatedEntityID,
        n1_0.RelatedEntityType,
        n1_0.ScheduledFor,
        n1_0.SentAt,
        n1_0.status,
        n1_0.Title,
        n1_0.Type,
        n1_0.UpdatedAt,
        n1_0.UserID 
    from
        Notifications n1_0
Hibernate: 
    select
        n1_0.notificationId,
        n1_0.CreatedAt,
        n1_0.IsRead,
        n1_0.Message,
        n1_0.Priority,
        n1_0.RelatedEntityID,
        n1_0.RelatedEntityType,
        n1_0.ScheduledFor,
        n1_0.SentAt,
        n1_0.status,
        n1_0.Title,
        n1_0.Type,
        n1_0.UpdatedAt,
        n1_0.UserID 
    from
        Notifications n1_0
2025-07-10T16:38:19.559+07:00 DEBUG 5468 --- [HIV Clinic Backend] [           main] org.hibernate.SQL                        : 
    insert 
    into
        Notifications
        (CreatedAt, IsRead, Message, Priority, RelatedEntityID, RelatedEntityType, ScheduledFor, SentAt, status, Title, Type, UpdatedAt, UserID) 
    values
        (?, ?, ?, ?, ?, ?, ?, ?, ?, ?, ?, ?, ?)
Hibernate: 
    insert 
    into
        Notifications
        (CreatedAt, IsRead, Message, Priority, RelatedEntityID, RelatedEntityType, ScheduledFor, SentAt, status, Title, Type, UpdatedAt, UserID) 
    values
        (?, ?, ?, ?, ?, ?, ?, ?, ?, ?, ?, ?, ?)
DEBUG: NotificationService.markAsRead called with notificationId=2, userId=1
DEBUG: Found notification with ID=2, userId=1, isRead=false, status=SENT, title=Appointment Reminder
DEBUG: Setting notification as read - updating both isRead and status fields
2025-07-10T16:38:19.576+07:00 DEBUG 5468 --- [HIV Clinic Backend] [           main] org.hibernate.SQL                        : 
    update
        Notifications 
    set
        CreatedAt=?,
        IsRead=?,
        Message=?,
        Priority=?,
        RelatedEntityID=?,
        RelatedEntityType=?,
        ScheduledFor=?,
        SentAt=?,
        status=?,
        Title=?,
        Type=?,
        UpdatedAt=?,
        UserID=? 
    where
        notificationId=?
Hibernate: 
    update
        Notifications 
    set
        CreatedAt=?,
        IsRead=?,
        Message=?,
        Priority=?,
        RelatedEntityID=?,
        RelatedEntityType=?,
        ScheduledFor=?,
        SentAt=?,
        status=?,
        Title=?,
        Type=?,
        UpdatedAt=?,
        UserID=? 
    where
        notificationId=?
2025-07-10T16:38:19.590+07:00 DEBUG 5468 --- [HIV Clinic Backend] [           main] org.hibernate.SQL                        : 
    delete 
    from
        Notifications 
    where
        notificationId=?
Hibernate: 
    delete 
    from
        Notifications 
    where
        notificationId=?
DEBUG: Saved and flushed notification with isRead=true, status=READ
DEBUG: Successfully created DTO with isRead=true, status=READ
]]></system-out>
  </testcase>
  <testcase name="testUnreadNotificationsQuery" classname="com.hivclinic.service.NotificationStatusFixTest" time="0.168">
    <system-out><![CDATA[2025-07-10T16:38:19.612+07:00 DEBUG 5468 --- [HIV Clinic Backend] [           main] org.hibernate.SQL                        : 
    select
        n1_0.notificationId,
        n1_0.CreatedAt,
        n1_0.IsRead,
        n1_0.Message,
        n1_0.Priority,
        n1_0.RelatedEntityID,
        n1_0.RelatedEntityType,
        n1_0.ScheduledFor,
        n1_0.SentAt,
        n1_0.status,
        n1_0.Title,
        n1_0.Type,
        n1_0.UpdatedAt,
        n1_0.UserID 
    from
        Notifications n1_0
Hibernate: 
    select
        n1_0.notificationId,
        n1_0.CreatedAt,
        n1_0.IsRead,
        n1_0.Message,
        n1_0.Priority,
        n1_0.RelatedEntityID,
        n1_0.RelatedEntityType,
        n1_0.ScheduledFor,
        n1_0.SentAt,
        n1_0.status,
        n1_0.Title,
        n1_0.Type,
        n1_0.UpdatedAt,
        n1_0.UserID 
    from
        Notifications n1_0
2025-07-10T16:38:19.626+07:00 DEBUG 5468 --- [HIV Clinic Backend] [           main] org.hibernate.SQL                        : 
    insert 
    into
        Notifications
        (CreatedAt, IsRead, Message, Priority, RelatedEntityID, RelatedEntityType, ScheduledFor, SentAt, status, Title, Type, UpdatedAt, UserID) 
    values
        (?, ?, ?, ?, ?, ?, ?, ?, ?, ?, ?, ?, ?)
Hibernate: 
    insert 
    into
        Notifications
        (CreatedAt, IsRead, Message, Priority, RelatedEntityID, RelatedEntityType, ScheduledFor, SentAt, status, Title, Type, UpdatedAt, UserID) 
    values
        (?, ?, ?, ?, ?, ?, ?, ?, ?, ?, ?, ?, ?)
2025-07-10T16:38:19.641+07:00 DEBUG 5468 --- [HIV Clinic Backend] [           main] org.hibernate.SQL                        : 
    insert 
    into
        Notifications
        (CreatedAt, IsRead, Message, Priority, RelatedEntityID, RelatedEntityType, ScheduledFor, SentAt, status, Title, Type, UpdatedAt, UserID) 
    values
        (?, ?, ?, ?, ?, ?, ?, ?, ?, ?, ?, ?, ?)
Hibernate: 
    insert 
    into
        Notifications
        (CreatedAt, IsRead, Message, Priority, RelatedEntityID, RelatedEntityType, ScheduledFor, SentAt, status, Title, Type, UpdatedAt, UserID) 
    values
        (?, ?, ?, ?, ?, ?, ?, ?, ?, ?, ?, ?, ?)
DEBUG: NotificationService.markAsRead called with notificationId=3, userId=1
DEBUG: Found notification with ID=3, userId=1, isRead=false, status=SENT, title=Appointment Reminder
DEBUG: Setting notification as read - updating both isRead and status fields
2025-07-10T16:38:19.646+07:00 DEBUG 5468 --- [HIV Clinic Backend] [           main] org.hibernate.SQL                        : 
    update
        Notifications 
    set
        CreatedAt=?,
        IsRead=?,
        Message=?,
        Priority=?,
        RelatedEntityID=?,
        RelatedEntityType=?,
        ScheduledFor=?,
        SentAt=?,
        status=?,
        Title=?,
        Type=?,
        UpdatedAt=?,
        UserID=? 
    where
        notificationId=?
Hibernate: 
    update
        Notifications 
    set
        CreatedAt=?,
        IsRead=?,
        Message=?,
        Priority=?,
        RelatedEntityID=?,
        RelatedEntityType=?,
        ScheduledFor=?,
        SentAt=?,
        status=?,
        Title=?,
        Type=?,
        UpdatedAt=?,
        UserID=? 
    where
        notificationId=?
2025-07-10T16:38:19.664+07:00 DEBUG 5468 --- [HIV Clinic Backend] [           main] org.hibernate.SQL                        : 
    delete 
    from
        Notifications 
    where
        notificationId=?
Hibernate: 
    delete 
    from
        Notifications 
    where
        notificationId=?
DEBUG: Saved and flushed notification with isRead=true, status=READ
DEBUG: Successfully created DTO with isRead=true, status=READ
2025-07-10T16:38:19.709+07:00 DEBUG 5468 --- [HIV Clinic Backend] [           main] org.hibernate.SQL                        : 
    select
        n1_0.notificationId,
        n1_0.CreatedAt,
        n1_0.IsRead,
        n1_0.Message,
        n1_0.Priority,
        n1_0.RelatedEntityID,
        n1_0.RelatedEntityType,
        n1_0.ScheduledFor,
        n1_0.SentAt,
        n1_0.status,
        n1_0.Title,
        n1_0.Type,
        n1_0.UpdatedAt,
        n1_0.UserID 
    from
        Notifications n1_0 
    where
        n1_0.UserID=? 
        and n1_0.IsRead=?
Hibernate: 
    select
        n1_0.notificationId,
        n1_0.CreatedAt,
        n1_0.IsRead,
        n1_0.Message,
        n1_0.Priority,
        n1_0.RelatedEntityID,
        n1_0.RelatedEntityType,
        n1_0.ScheduledFor,
        n1_0.SentAt,
        n1_0.status,
        n1_0.Title,
        n1_0.Type,
        n1_0.UpdatedAt,
        n1_0.UserID 
    from
        Notifications n1_0 
    where
        n1_0.UserID=? 
        and n1_0.IsRead=?
DEBUG: Found 1 total unread notifications for user 1
2025-07-10T16:38:19.738+07:00 DEBUG 5468 --- [HIV Clinic Backend] [           main] org.hibernate.SQL                        : 
    select
        n1_0.notificationId,
        n1_0.CreatedAt,
        n1_0.IsRead,
        n1_0.Message,
        n1_0.Priority,
        n1_0.RelatedEntityID,
        n1_0.RelatedEntityType,
        n1_0.ScheduledFor,
        n1_0.SentAt,
        n1_0.status,
        n1_0.Title,
        n1_0.Type,
        n1_0.UpdatedAt,
        n1_0.UserID 
    from
        Notifications n1_0 
    where
        n1_0.UserID=? 
        and n1_0.IsRead=? 
        and n1_0.status!='CANCELLED'
Hibernate: 
    select
        n1_0.notificationId,
        n1_0.CreatedAt,
        n1_0.IsRead,
        n1_0.Message,
        n1_0.Priority,
        n1_0.RelatedEntityID,
        n1_0.RelatedEntityType,
        n1_0.ScheduledFor,
        n1_0.SentAt,
        n1_0.status,
        n1_0.Title,
        n1_0.Type,
        n1_0.UpdatedAt,
        n1_0.UserID 
    from
        Notifications n1_0 
    where
        n1_0.UserID=? 
        and n1_0.IsRead=? 
        and n1_0.status!='CANCELLED'
DEBUG: Filtered out 0 cancelled unread notifications for patient visibility
DEBUG: Returning 1 visible unread notifications (filtered out 0 cancelled notifications)
2025-07-10T16:38:19.750+07:00 DEBUG 5468 --- [HIV Clinic Backend] [           main] org.hibernate.SQL                        : 
    select
        n1_0.notificationId,
        n1_0.CreatedAt,
        n1_0.IsRead,
        n1_0.Message,
        n1_0.Priority,
        n1_0.RelatedEntityID,
        n1_0.RelatedEntityType,
        n1_0.ScheduledFor,
        n1_0.SentAt,
        n1_0.status,
        n1_0.Title,
        n1_0.Type,
        n1_0.UpdatedAt,
        n1_0.UserID 
    from
        Notifications n1_0 
    where
        n1_0.UserID=? 
        and n1_0.IsRead=? 
        and n1_0.status!='CANCELLED'
Hibernate: 
    select
        n1_0.notificationId,
        n1_0.CreatedAt,
        n1_0.IsRead,
        n1_0.Message,
        n1_0.Priority,
        n1_0.RelatedEntityID,
        n1_0.RelatedEntityType,
        n1_0.ScheduledFor,
        n1_0.SentAt,
        n1_0.status,
        n1_0.Title,
        n1_0.Type,
        n1_0.UpdatedAt,
        n1_0.UserID 
    from
        Notifications n1_0 
    where
        n1_0.UserID=? 
        and n1_0.IsRead=? 
        and n1_0.status!='CANCELLED'
2025-07-10T16:38:19.754+07:00 DEBUG 5468 --- [HIV Clinic Backend] [           main] org.hibernate.SQL                        : 
    select
        n1_0.notificationId,
        n1_0.CreatedAt,
        n1_0.IsRead,
        n1_0.Message,
        n1_0.Priority,
        n1_0.RelatedEntityID,
        n1_0.RelatedEntityType,
        n1_0.ScheduledFor,
        n1_0.SentAt,
        n1_0.status,
        n1_0.Title,
        n1_0.Type,
        n1_0.UpdatedAt,
        n1_0.UserID 
    from
        Notifications n1_0 
    where
        n1_0.UserID=? 
        and n1_0.IsRead=?
Hibernate: 
    select
        n1_0.notificationId,
        n1_0.CreatedAt,
        n1_0.IsRead,
        n1_0.Message,
        n1_0.Priority,
        n1_0.RelatedEntityID,
        n1_0.RelatedEntityType,
        n1_0.ScheduledFor,
        n1_0.SentAt,
        n1_0.status,
        n1_0.Title,
        n1_0.Type,
        n1_0.UpdatedAt,
        n1_0.UserID 
    from
        Notifications n1_0 
    where
        n1_0.UserID=? 
        and n1_0.IsRead=?
DEBUG: Unread count for user 1: 1 (filtered out 0 cancelled)
]]></system-out>
  </testcase>
  <testcase name="testCreateNotificationSetsCorrectStatus" classname="com.hivclinic.service.NotificationStatusFixTest" time="0.03">
    <system-out><![CDATA[2025-07-10T16:38:19.783+07:00 DEBUG 5468 --- [HIV Clinic Backend] [           main] org.hibernate.SQL                        : 
    select
        n1_0.notificationId,
        n1_0.CreatedAt,
        n1_0.IsRead,
        n1_0.Message,
        n1_0.Priority,
        n1_0.RelatedEntityID,
        n1_0.RelatedEntityType,
        n1_0.ScheduledFor,
        n1_0.SentAt,
        n1_0.status,
        n1_0.Title,
        n1_0.Type,
        n1_0.UpdatedAt,
        n1_0.UserID 
    from
        Notifications n1_0
Hibernate: 
    select
        n1_0.notificationId,
        n1_0.CreatedAt,
        n1_0.IsRead,
        n1_0.Message,
        n1_0.Priority,
        n1_0.RelatedEntityID,
        n1_0.RelatedEntityType,
        n1_0.ScheduledFor,
        n1_0.SentAt,
        n1_0.status,
        n1_0.Title,
        n1_0.Type,
        n1_0.UpdatedAt,
        n1_0.UserID 
    from
        Notifications n1_0
2025-07-10T16:38:19.793+07:00 DEBUG 5468 --- [HIV Clinic Backend] [           main] org.hibernate.SQL                        : 
    insert 
    into
        Notifications
        (CreatedAt, IsRead, Message, Priority, RelatedEntityID, RelatedEntityType, ScheduledFor, SentAt, status, Title, Type, UpdatedAt, UserID) 
    values
        (?, ?, ?, ?, ?, ?, ?, ?, ?, ?, ?, ?, ?)
Hibernate: 
    insert 
    into
        Notifications
        (CreatedAt, IsRead, Message, Priority, RelatedEntityID, RelatedEntityType, ScheduledFor, SentAt, status, Title, Type, UpdatedAt, UserID) 
    values
        (?, ?, ?, ?, ?, ?, ?, ?, ?, ?, ?, ?, ?)
2025-07-10T16:38:19.803+07:00 DEBUG 5468 --- [HIV Clinic Backend] [           main] org.hibernate.SQL                        : 
    insert 
    into
        Notifications
        (CreatedAt, IsRead, Message, Priority, RelatedEntityID, RelatedEntityType, ScheduledFor, SentAt, status, Title, Type, UpdatedAt, UserID) 
    values
        (?, ?, ?, ?, ?, ?, ?, ?, ?, ?, ?, ?, ?)
Hibernate: 
    insert 
    into
        Notifications
        (CreatedAt, IsRead, Message, Priority, RelatedEntityID, RelatedEntityType, ScheduledFor, SentAt, status, Title, Type, UpdatedAt, UserID) 
    values
        (?, ?, ?, ?, ?, ?, ?, ?, ?, ?, ?, ?, ?)
2025-07-10T16:38:19.806+07:00 DEBUG 5468 --- [HIV Clinic Backend] [           main] org.hibernate.SQL                        : 
    insert 
    into
        Notifications
        (CreatedAt, IsRead, Message, Priority, RelatedEntityID, RelatedEntityType, ScheduledFor, SentAt, status, Title, Type, UpdatedAt, UserID) 
    values
        (?, ?, ?, ?, ?, ?, ?, ?, ?, ?, ?, ?, ?)
Hibernate: 
    insert 
    into
        Notifications
        (CreatedAt, IsRead, Message, Priority, RelatedEntityID, RelatedEntityType, ScheduledFor, SentAt, status, Title, Type, UpdatedAt, UserID) 
    values
        (?, ?, ?, ?, ?, ?, ?, ?, ?, ?, ?, ?, ?)
]]></system-out>
  </testcase>
  <testcase name="testMarkAsReadUpdatesBothFields" classname="com.hivclinic.service.NotificationStatusFixTest" time="0.046">
    <system-out><![CDATA[2025-07-10T16:38:19.822+07:00 DEBUG 5468 --- [HIV Clinic Backend] [           main] org.hibernate.SQL                        : 
    select
        n1_0.notificationId,
        n1_0.CreatedAt,
        n1_0.IsRead,
        n1_0.Message,
        n1_0.Priority,
        n1_0.RelatedEntityID,
        n1_0.RelatedEntityType,
        n1_0.ScheduledFor,
        n1_0.SentAt,
        n1_0.status,
        n1_0.Title,
        n1_0.Type,
        n1_0.UpdatedAt,
        n1_0.UserID 
    from
        Notifications n1_0
Hibernate: 
    select
        n1_0.notificationId,
        n1_0.CreatedAt,
        n1_0.IsRead,
        n1_0.Message,
        n1_0.Priority,
        n1_0.RelatedEntityID,
        n1_0.RelatedEntityType,
        n1_0.ScheduledFor,
        n1_0.SentAt,
        n1_0.status,
        n1_0.Title,
        n1_0.Type,
        n1_0.UpdatedAt,
        n1_0.UserID 
    from
        Notifications n1_0
2025-07-10T16:38:19.826+07:00 DEBUG 5468 --- [HIV Clinic Backend] [           main] org.hibernate.SQL                        : 
    insert 
    into
        Notifications
        (CreatedAt, IsRead, Message, Priority, RelatedEntityID, RelatedEntityType, ScheduledFor, SentAt, status, Title, Type, UpdatedAt, UserID) 
    values
        (?, ?, ?, ?, ?, ?, ?, ?, ?, ?, ?, ?, ?)
Hibernate: 
    insert 
    into
        Notifications
        (CreatedAt, IsRead, Message, Priority, RelatedEntityID, RelatedEntityType, ScheduledFor, SentAt, status, Title, Type, UpdatedAt, UserID) 
    values
        (?, ?, ?, ?, ?, ?, ?, ?, ?, ?, ?, ?, ?)
DEBUG: NotificationService.markAsRead called with notificationId=8, userId=1
DEBUG: Found notification with ID=8, userId=1, isRead=false, status=SENT, title=Appointment Reminder
DEBUG: Setting notification as read - updating both isRead and status fields
2025-07-10T16:38:19.833+07:00 DEBUG 5468 --- [HIV Clinic Backend] [           main] org.hibernate.SQL                        : 
    update
        Notifications 
    set
        CreatedAt=?,
        IsRead=?,
        Message=?,
        Priority=?,
        RelatedEntityID=?,
        RelatedEntityType=?,
        ScheduledFor=?,
        SentAt=?,
        status=?,
        Title=?,
        Type=?,
        UpdatedAt=?,
        UserID=? 
    where
        notificationId=?
Hibernate: 
    update
        Notifications 
    set
        CreatedAt=?,
        IsRead=?,
        Message=?,
        Priority=?,
        RelatedEntityID=?,
        RelatedEntityType=?,
        ScheduledFor=?,
        SentAt=?,
        status=?,
        Title=?,
        Type=?,
        UpdatedAt=?,
        UserID=? 
    where
        notificationId=?
2025-07-10T16:38:19.843+07:00 DEBUG 5468 --- [HIV Clinic Backend] [           main] org.hibernate.SQL                        : 
    delete 
    from
        Notifications 
    where
        notificationId=?
Hibernate: 
    delete 
    from
        Notifications 
    where
        notificationId=?
DEBUG: Saved and flushed notification with isRead=true, status=READ
DEBUG: Successfully created DTO with isRead=true, status=READ
]]></system-out>
  </testcase>
  <testcase name="testMarkAllAsReadUpdatesBothFields" classname="com.hivclinic.service.NotificationStatusFixTest" time="0.114">
    <system-out><![CDATA[2025-07-10T16:38:19.859+07:00 DEBUG 5468 --- [HIV Clinic Backend] [           main] org.hibernate.SQL                        : 
    select
        n1_0.notificationId,
        n1_0.CreatedAt,
        n1_0.IsRead,
        n1_0.Message,
        n1_0.Priority,
        n1_0.RelatedEntityID,
        n1_0.RelatedEntityType,
        n1_0.ScheduledFor,
        n1_0.SentAt,
        n1_0.status,
        n1_0.Title,
        n1_0.Type,
        n1_0.UpdatedAt,
        n1_0.UserID 
    from
        Notifications n1_0
Hibernate: 
    select
        n1_0.notificationId,
        n1_0.CreatedAt,
        n1_0.IsRead,
        n1_0.Message,
        n1_0.Priority,
        n1_0.RelatedEntityID,
        n1_0.RelatedEntityType,
        n1_0.ScheduledFor,
        n1_0.SentAt,
        n1_0.status,
        n1_0.Title,
        n1_0.Type,
        n1_0.UpdatedAt,
        n1_0.UserID 
    from
        Notifications n1_0
2025-07-10T16:38:19.865+07:00 DEBUG 5468 --- [HIV Clinic Backend] [           main] org.hibernate.SQL                        : 
    insert 
    into
        Notifications
        (CreatedAt, IsRead, Message, Priority, RelatedEntityID, RelatedEntityType, ScheduledFor, SentAt, status, Title, Type, UpdatedAt, UserID) 
    values
        (?, ?, ?, ?, ?, ?, ?, ?, ?, ?, ?, ?, ?)
Hibernate: 
    insert 
    into
        Notifications
        (CreatedAt, IsRead, Message, Priority, RelatedEntityID, RelatedEntityType, ScheduledFor, SentAt, status, Title, Type, UpdatedAt, UserID) 
    values
        (?, ?, ?, ?, ?, ?, ?, ?, ?, ?, ?, ?, ?)
2025-07-10T16:38:19.871+07:00 DEBUG 5468 --- [HIV Clinic Backend] [           main] org.hibernate.SQL                        : 
    insert 
    into
        Notifications
        (CreatedAt, IsRead, Message, Priority, RelatedEntityID, RelatedEntityType, ScheduledFor, SentAt, status, Title, Type, UpdatedAt, UserID) 
    values
        (?, ?, ?, ?, ?, ?, ?, ?, ?, ?, ?, ?, ?)
Hibernate: 
    insert 
    into
        Notifications
        (CreatedAt, IsRead, Message, Priority, RelatedEntityID, RelatedEntityType, ScheduledFor, SentAt, status, Title, Type, UpdatedAt, UserID) 
    values
        (?, ?, ?, ?, ?, ?, ?, ?, ?, ?, ?, ?, ?)
2025-07-10T16:38:19.874+07:00 DEBUG 5468 --- [HIV Clinic Backend] [           main] org.hibernate.SQL                        : 
    insert 
    into
        Notifications
        (CreatedAt, IsRead, Message, Priority, RelatedEntityID, RelatedEntityType, ScheduledFor, SentAt, status, Title, Type, UpdatedAt, UserID) 
    values
        (?, ?, ?, ?, ?, ?, ?, ?, ?, ?, ?, ?, ?)
Hibernate: 
    insert 
    into
        Notifications
        (CreatedAt, IsRead, Message, Priority, RelatedEntityID, RelatedEntityType, ScheduledFor, SentAt, status, Title, Type, UpdatedAt, UserID) 
    values
        (?, ?, ?, ?, ?, ?, ?, ?, ?, ?, ?, ?, ?)
DEBUG: NotificationService.markAllAsRead called for userId=1
2025-07-10T16:38:19.881+07:00 DEBUG 5468 --- [HIV Clinic Backend] [           main] org.hibernate.SQL                        : 
    delete 
    from
        Notifications 
    where
        notificationId=?
Hibernate: 
    delete 
    from
        Notifications 
    where
        notificationId=?
2025-07-10T16:38:19.888+07:00 DEBUG 5468 --- [HIV Clinic Backend] [           main] org.hibernate.SQL                        : 
    select
        n1_0.notificationId,
        n1_0.CreatedAt,
        n1_0.IsRead,
        n1_0.Message,
        n1_0.Priority,
        n1_0.RelatedEntityID,
        n1_0.RelatedEntityType,
        n1_0.ScheduledFor,
        n1_0.SentAt,
        n1_0.status,
        n1_0.Title,
        n1_0.Type,
        n1_0.UpdatedAt,
        n1_0.UserID 
    from
        Notifications n1_0 
    where
        n1_0.UserID=? 
        and n1_0.IsRead=?
Hibernate: 
    select
        n1_0.notificationId,
        n1_0.CreatedAt,
        n1_0.IsRead,
        n1_0.Message,
        n1_0.Priority,
        n1_0.RelatedEntityID,
        n1_0.RelatedEntityType,
        n1_0.ScheduledFor,
        n1_0.SentAt,
        n1_0.status,
        n1_0.Title,
        n1_0.Type,
        n1_0.UpdatedAt,
        n1_0.UserID 
    from
        Notifications n1_0 
    where
        n1_0.UserID=? 
        and n1_0.IsRead=?
DEBUG: Found 3 unread notifications to mark as read
2025-07-10T16:38:19.918+07:00 DEBUG 5468 --- [HIV Clinic Backend] [           main] org.hibernate.SQL                        : 
    update
        Notifications 
    set
        IsRead=1,
        status='READ' 
    where
        UserID=? 
        and IsRead=0
Hibernate: 
    update
        Notifications 
    set
        IsRead=1,
        status='READ' 
    where
        UserID=? 
        and IsRead=0
DEBUG: Repository method updated 3 notifications for userId=1
2025-07-10T16:38:19.934+07:00 DEBUG 5468 --- [HIV Clinic Backend] [           main] org.hibernate.SQL                        : 
    select
        n1_0.notificationId,
        n1_0.CreatedAt,
        n1_0.IsRead,
        n1_0.Message,
        n1_0.Priority,
        n1_0.RelatedEntityID,
        n1_0.RelatedEntityType,
        n1_0.ScheduledFor,
        n1_0.SentAt,
        n1_0.status,
        n1_0.Title,
        n1_0.Type,
        n1_0.UpdatedAt,
        n1_0.UserID 
    from
        Notifications n1_0 
    where
        n1_0.notificationId=?
Hibernate: 
    select
        n1_0.notificationId,
        n1_0.CreatedAt,
        n1_0.IsRead,
        n1_0.Message,
        n1_0.Priority,
        n1_0.RelatedEntityID,
        n1_0.RelatedEntityType,
        n1_0.ScheduledFor,
        n1_0.SentAt,
        n1_0.status,
        n1_0.Title,
        n1_0.Type,
        n1_0.UpdatedAt,
        n1_0.UserID 
    from
        Notifications n1_0 
    where
        n1_0.notificationId=?
DEBUG: Verification - notification ID=9, isRead=true, status=READ
2025-07-10T16:38:19.940+07:00 DEBUG 5468 --- [HIV Clinic Backend] [           main] org.hibernate.SQL                        : 
    select
        n1_0.notificationId,
        n1_0.CreatedAt,
        n1_0.IsRead,
        n1_0.Message,
        n1_0.Priority,
        n1_0.RelatedEntityID,
        n1_0.RelatedEntityType,
        n1_0.ScheduledFor,
        n1_0.SentAt,
        n1_0.status,
        n1_0.Title,
        n1_0.Type,
        n1_0.UpdatedAt,
        n1_0.UserID 
    from
        Notifications n1_0 
    where
        n1_0.notificationId=?
Hibernate: 
    select
        n1_0.notificationId,
        n1_0.CreatedAt,
        n1_0.IsRead,
        n1_0.Message,
        n1_0.Priority,
        n1_0.RelatedEntityID,
        n1_0.RelatedEntityType,
        n1_0.ScheduledFor,
        n1_0.SentAt,
        n1_0.status,
        n1_0.Title,
        n1_0.Type,
        n1_0.UpdatedAt,
        n1_0.UserID 
    from
        Notifications n1_0 
    where
        n1_0.notificationId=?
DEBUG: Verification - notification ID=10, isRead=true, status=READ
2025-07-10T16:38:19.952+07:00 DEBUG 5468 --- [HIV Clinic Backend] [           main] org.hibernate.SQL                        : 
    select
        n1_0.notificationId,
        n1_0.CreatedAt,
        n1_0.IsRead,
        n1_0.Message,
        n1_0.Priority,
        n1_0.RelatedEntityID,
        n1_0.RelatedEntityType,
        n1_0.ScheduledFor,
        n1_0.SentAt,
        n1_0.status,
        n1_0.Title,
        n1_0.Type,
        n1_0.UpdatedAt,
        n1_0.UserID 
    from
        Notifications n1_0 
    where
        n1_0.notificationId=?
Hibernate: 
    select
        n1_0.notificationId,
        n1_0.CreatedAt,
        n1_0.IsRead,
        n1_0.Message,
        n1_0.Priority,
        n1_0.RelatedEntityID,
        n1_0.RelatedEntityType,
        n1_0.ScheduledFor,
        n1_0.SentAt,
        n1_0.status,
        n1_0.Title,
        n1_0.Type,
        n1_0.UpdatedAt,
        n1_0.UserID 
    from
        Notifications n1_0 
    where
        n1_0.notificationId=?
DEBUG: Verification - notification ID=11, isRead=true, status=READ
DEBUG: Successfully marked all notifications as read for userId=1. Verified 3 notifications.
]]></system-out>
  </testcase>
</testsuite>