<?xml version="1.0" encoding="UTF-8"?>
<testsuite xmlns:xsi="http://www.w3.org/2001/XMLSchema-instance" xsi:noNamespaceSchemaLocation="https://maven.apache.org/surefire/maven-surefire-plugin/xsd/surefire-test-report-3.0.xsd" version="3.0" name="com.hivclinic.service.NotificationTemplateServiceTest" time="0.137" tests="10" errors="0" skipped="0" failures="0">
  <properties>
[...]
</properties>
  <testcase name="testMixedBracketFormats" classname="com.hivclinic.service.NotificationTemplateServiceTest" time="0.008">
    <system-out><![CDATA[2025-07-10T16:38:19.993+07:00  INFO 5468 --- [HIV Clinic Backend] [           main] t.c.s.AnnotationConfigContextLoaderUtils : Could not detect default configuration classes for test class [com.hivclinic.service.NotificationTemplateServiceTest]: NotificationTemplateServiceTest does not declare any static, non-private, non-final, nested classes annotated with @Configuration.
2025-07-10T16:38:19.995+07:00  INFO 5468 --- [HIV Clinic Backend] [           main] .b.t.c.SpringBootTestContextBootstrapper : Found @SpringBootConfiguration com.hivclinic.HivClinicBackendApplication for test class com.hivclinic.service.NotificationTemplateServiceTest
2025-07-10T16:38:20.005+07:00 DEBUG 5468 --- [HIV Clinic Backend] [           main] c.h.service.NotificationTemplateService  : Processing template with 78 characters and 3 variables
2025-07-10T16:38:20.007+07:00 DEBUG 5468 --- [HIV Clinic Backend] [           main] c.h.service.NotificationTemplateService  : Replaced 1 occurrences of 'clinicName' with 'HIV Clinic'
2025-07-10T16:38:20.007+07:00 DEBUG 5468 --- [HIV Clinic Backend] [           main] c.h.service.NotificationTemplateService  : Replaced 2 occurrences of 'patientName' with 'Jane Smith'
2025-07-10T16:38:20.007+07:00 DEBUG 5468 --- [HIV Clinic Backend] [           main] c.h.service.NotificationTemplateService  : Replaced 2 occurrences of 'doctorName' with 'Dr. Johnson'
2025-07-10T16:38:20.007+07:00  INFO 5468 --- [HIV Clinic Backend] [           main] c.h.service.NotificationTemplateService  : Template processing completed: 5 total replacements made, 0 unresolved placeholders
]]></system-out>
  </testcase>
  <testcase name="testBasicTemplateProcessing" classname="com.hivclinic.service.NotificationTemplateServiceTest" time="0.011">
    <system-out><![CDATA[2025-07-10T16:38:20.013+07:00 DEBUG 5468 --- [HIV Clinic Backend] [           main] c.h.service.NotificationTemplateService  : Processing template with 72 characters and 2 variables
2025-07-10T16:38:20.019+07:00 DEBUG 5468 --- [HIV Clinic Backend] [           main] c.h.service.NotificationTemplateService  : Replaced 2 occurrences of 'patientName' with 'John Doe'
2025-07-10T16:38:20.019+07:00 DEBUG 5468 --- [HIV Clinic Backend] [           main] c.h.service.NotificationTemplateService  : Replaced 2 occurrences of 'doctorName' with 'Dr. Smith'
2025-07-10T16:38:20.019+07:00  INFO 5468 --- [HIV Clinic Backend] [           main] c.h.service.NotificationTemplateService  : Template processing completed: 4 total replacements made, 0 unresolved placeholders
]]></system-out>
  </testcase>
  <testcase name="testCustomMessageVariable" classname="com.hivclinic.service.NotificationTemplateServiceTest" time="0.011">
    <system-out><![CDATA[2025-07-10T16:38:20.027+07:00 DEBUG 5468 --- [HIV Clinic Backend] [           main] c.h.service.NotificationTemplateService  : Processing template with 62 characters and 3 variables
2025-07-10T16:38:20.027+07:00 DEBUG 5468 --- [HIV Clinic Backend] [           main] c.h.service.NotificationTemplateService  : Replaced 2 occurrences of 'patientName' with 'Alice Johnson'
2025-07-10T16:38:20.027+07:00 DEBUG 5468 --- [HIV Clinic Backend] [           main] c.h.service.NotificationTemplateService  : Replaced 2 occurrences of 'doctorName' with 'Dr. Brown'
2025-07-10T16:38:20.027+07:00 DEBUG 5468 --- [HIV Clinic Backend] [           main] c.h.service.NotificationTemplateService  : Replaced 2 occurrences of 'message' with 'Please remember to take your medication as prescri...'
2025-07-10T16:38:20.027+07:00  INFO 5468 --- [HIV Clinic Backend] [           main] c.h.service.NotificationTemplateService  : Template processing completed: 6 total replacements made, 0 unresolved placeholders
]]></system-out>
  </testcase>
  <testcase name="testNullTemplate" classname="com.hivclinic.service.NotificationTemplateServiceTest" time="0.005">
    <system-out><![CDATA[2025-07-10T16:38:20.041+07:00  WARN 5468 --- [HIV Clinic Backend] [           main] c.h.service.NotificationTemplateService  : Template body is null or empty, returning empty string
]]></system-out>
  </testcase>
  <testcase name="testAllVariableTypes" classname="com.hivclinic.service.NotificationTemplateServiceTest" time="0.017">
    <system-out><![CDATA[2025-07-10T16:38:20.048+07:00 DEBUG 5468 --- [HIV Clinic Backend] [           main] c.h.service.NotificationTemplateService  : Processing template with 286 characters and 12 variables
2025-07-10T16:38:20.052+07:00 DEBUG 5468 --- [HIV Clinic Backend] [           main] c.h.service.NotificationTemplateService  : Replaced 2 occurrences of 'clinicName' with 'HIV Clinic'
2025-07-10T16:38:20.053+07:00 DEBUG 5468 --- [HIV Clinic Backend] [           main] c.h.service.NotificationTemplateService  : Replaced 2 occurrences of 'patientName' with 'John Doe'
2025-07-10T16:38:20.053+07:00 DEBUG 5468 --- [HIV Clinic Backend] [           main] c.h.service.NotificationTemplateService  : Replaced 2 occurrences of 'doctorName' with 'Dr. Smith'
2025-07-10T16:38:20.054+07:00 DEBUG 5468 --- [HIV Clinic Backend] [           main] c.h.service.NotificationTemplateService  : Replaced 2 occurrences of 'doctorLastName' with 'Smith'
2025-07-10T16:38:20.054+07:00 DEBUG 5468 --- [HIV Clinic Backend] [           main] c.h.service.NotificationTemplateService  : Replaced 2 occurrences of 'appointmentTime' with '14:00'
2025-07-10T16:38:20.055+07:00 DEBUG 5468 --- [HIV Clinic Backend] [           main] c.h.service.NotificationTemplateService  : Replaced 2 occurrences of 'patientFirstName' with 'John'
2025-07-10T16:38:20.055+07:00 DEBUG 5468 --- [HIV Clinic Backend] [           main] c.h.service.NotificationTemplateService  : Replaced 2 occurrences of 'appointmentStatus' with 'CONFIRMED'
2025-07-10T16:38:20.055+07:00 DEBUG 5468 --- [HIV Clinic Backend] [           main] c.h.service.NotificationTemplateService  : Replaced 2 occurrences of 'doctorFirstName' with 'Dr.'
2025-07-10T16:38:20.056+07:00 DEBUG 5468 --- [HIV Clinic Backend] [           main] c.h.service.NotificationTemplateService  : Replaced 2 occurrences of 'message' with 'Please arrive 15 minutes early.'
2025-07-10T16:38:20.056+07:00 DEBUG 5468 --- [HIV Clinic Backend] [           main] c.h.service.NotificationTemplateService  : Replaced 2 occurrences of 'todayDate' with 'July 7, 2025'
2025-07-10T16:38:20.056+07:00 DEBUG 5468 --- [HIV Clinic Backend] [           main] c.h.service.NotificationTemplateService  : Replaced 2 occurrences of 'appointmentDate' with '2025-07-08'
2025-07-10T16:38:20.056+07:00 DEBUG 5468 --- [HIV Clinic Backend] [           main] c.h.service.NotificationTemplateService  : Replaced 2 occurrences of 'patientLastName' with 'Doe'
2025-07-10T16:38:20.057+07:00  INFO 5468 --- [HIV Clinic Backend] [           main] c.h.service.NotificationTemplateService  : Template processing completed: 24 total replacements made, 0 unresolved placeholders
]]></system-out>
  </testcase>
  <testcase name="testEmptyVariables" classname="com.hivclinic.service.NotificationTemplateServiceTest" time="0.013">
    <system-out><![CDATA[2025-07-10T16:38:20.064+07:00 DEBUG 5468 --- [HIV Clinic Backend] [           main] c.h.service.NotificationTemplateService  : Processing template with 42 characters and 2 variables
2025-07-10T16:38:20.071+07:00 DEBUG 5468 --- [HIV Clinic Backend] [           main] c.h.service.NotificationTemplateService  : Replaced 2 occurrences of 'patientName' with 'John Doe'
2025-07-10T16:38:20.071+07:00 DEBUG 5468 --- [HIV Clinic Backend] [           main] c.h.service.NotificationTemplateService  : Replaced 2 occurrences of 'message' with ''
2025-07-10T16:38:20.072+07:00  INFO 5468 --- [HIV Clinic Backend] [           main] c.h.service.NotificationTemplateService  : Template processing completed: 4 total replacements made, 0 unresolved placeholders
]]></system-out>
  </testcase>
  <testcase name="testMissingVariables" classname="com.hivclinic.service.NotificationTemplateServiceTest" time="0.015">
    <system-out><![CDATA[2025-07-10T16:38:20.078+07:00 DEBUG 5468 --- [HIV Clinic Backend] [           main] c.h.service.NotificationTemplateService  : Processing template with 85 characters and 2 variables
2025-07-10T16:38:20.080+07:00 DEBUG 5468 --- [HIV Clinic Backend] [           main] c.h.service.NotificationTemplateService  : Replaced 2 occurrences of 'patientName' with 'John Doe'
2025-07-10T16:38:20.080+07:00 DEBUG 5468 --- [HIV Clinic Backend] [           main] c.h.service.NotificationTemplateService  : Replaced 2 occurrences of 'doctorName' with 'Dr. Smith'
2025-07-10T16:38:20.084+07:00  WARN 5468 --- [HIV Clinic Backend] [           main] c.h.service.NotificationTemplateService  : Unresolved placeholder found: '{{missingVariable}}' (variable: 'missingVariable')
2025-07-10T16:38:20.085+07:00  INFO 5468 --- [HIV Clinic Backend] [           main] c.h.service.NotificationTemplateService  : Template processing completed: 4 total replacements made, 1 unresolved placeholders
2025-07-10T16:38:20.087+07:00  WARN 5468 --- [HIV Clinic Backend] [           main] c.h.service.NotificationTemplateService  : Unresolved placeholders in template: [{{missingVariable}}]
]]></system-out>
  </testcase>
  <testcase name="testNoVariables" classname="com.hivclinic.service.NotificationTemplateServiceTest" time="0.009">
    <system-out><![CDATA[2025-07-10T16:38:20.096+07:00 DEBUG 5468 --- [HIV Clinic Backend] [           main] c.h.service.NotificationTemplateService  : Processing template with 52 characters and 0 variables
2025-07-10T16:38:20.096+07:00 DEBUG 5468 --- [HIV Clinic Backend] [           main] c.h.service.NotificationTemplateService  : No variables provided for template processing
]]></system-out>
  </testcase>
  <testcase name="testAppointmentTemplateProcessing" classname="com.hivclinic.service.NotificationTemplateServiceTest" time="0.008">
    <system-out><![CDATA[2025-07-10T16:38:20.107+07:00 DEBUG 5468 --- [HIV Clinic Backend] [           main] c.h.service.NotificationTemplateService  : Processing template with 104 characters and 3 variables
2025-07-10T16:38:20.110+07:00 DEBUG 5468 --- [HIV Clinic Backend] [           main] c.h.service.NotificationTemplateService  : Replaced 2 occurrences of 'appointmentTime' with '14:00'
2025-07-10T16:38:20.111+07:00 DEBUG 5468 --- [HIV Clinic Backend] [           main] c.h.service.NotificationTemplateService  : Replaced 2 occurrences of 'patientFirstName' with 'John'
2025-07-10T16:38:20.111+07:00 DEBUG 5468 --- [HIV Clinic Backend] [           main] c.h.service.NotificationTemplateService  : Replaced 2 occurrences of 'appointmentDate' with '2025-07-08'
2025-07-10T16:38:20.111+07:00  INFO 5468 --- [HIV Clinic Backend] [           main] c.h.service.NotificationTemplateService  : Template processing completed: 6 total replacements made, 0 unresolved placeholders
]]></system-out>
  </testcase>
  <testcase name="testEmptyTemplate" classname="com.hivclinic.service.NotificationTemplateServiceTest" time="0.009">
    <system-out><![CDATA[2025-07-10T16:38:20.121+07:00  WARN 5468 --- [HIV Clinic Backend] [           main] c.h.service.NotificationTemplateService  : Template body is null or empty, returning empty string
]]></system-out>
  </testcase>
</testsuite>