<?xml version="1.0" encoding="UTF-8"?>
<testsuite xmlns:xsi="http://www.w3.org/2001/XMLSchema-instance" xsi:noNamespaceSchemaLocation="https://maven.apache.org/surefire/maven-surefire-plugin/xsd/surefire-test-report-3.0.xsd" version="3.0" name="com.hivclinic.service.NotificationVisibilityTest" time="9.574" tests="3" errors="0" skipped="0" failures="0">
  <properties>
[...]
</properties>
  <testcase name="testStaffCanSeeCancelledNotifications" classname="com.hivclinic.service.NotificationVisibilityTest" time="0.676">
    <system-out><![CDATA[23:56:38.749 [main] INFO org.springframework.test.context.support.AnnotationConfigContextLoaderUtils -- Could not detect default configuration classes for test class [com.hivclinic.service.NotificationVisibilityTest]: NotificationVisibilityTest does not declare any static, non-private, non-final, nested classes annotated with @Configuration.
23:56:38.871 [main] INFO org.springframework.boot.test.context.SpringBootTestContextBootstrapper -- Found @SpringBootConfiguration com.hivclinic.HivClinicBackendApplication for test class com.hivclinic.service.NotificationVisibilityTest

  .   ____          _            __ _ _
 /\\ / ___'_ __ _ _(_)_ __  __ _ \ \ \ \
( ( )\___ | '_ | '_| | '_ \/ _` | \ \ \ \
 \\/  ___)| |_)| | | | | || (_| |  ) ) ) )
  '  |____| .__|_| |_|_| |_\__, | / / / /
 =========|_|==============|___/=/_/_/_/
 :: Spring Boot ::                (v3.2.0)

2025-07-07T23:56:39.307+07:00  INFO 9424 --- [HIV Clinic Backend] [           main] c.h.service.NotificationVisibilityTest   : Starting NotificationVisibilityTest using Java 21.0.6 with PID 9424 (started by PC in D:\DATA\Github\swp-hiv-clinic)
2025-07-07T23:56:39.308+07:00 DEBUG 9424 --- [HIV Clinic Backend] [           main] c.h.service.NotificationVisibilityTest   : Running with Spring Boot v3.2.0, Spring v6.1.1
2025-07-07T23:56:39.309+07:00  INFO 9424 --- [HIV Clinic Backend] [           main] c.h.service.NotificationVisibilityTest   : No active profile set, falling back to 1 default profile: "default"
2025-07-07T23:56:40.140+07:00  INFO 9424 --- [HIV Clinic Backend] [           main] .s.d.r.c.RepositoryConfigurationDelegate : Bootstrapping Spring Data JPA repositories in DEFAULT mode.
2025-07-07T23:56:40.235+07:00  INFO 9424 --- [HIV Clinic Backend] [           main] .s.d.r.c.RepositoryConfigurationDelegate : Finished Spring Data repository scanning in 88 ms. Found 15 JPA repository interfaces.
2025-07-07T23:56:40.980+07:00  INFO 9424 --- [HIV Clinic Backend] [           main] o.hibernate.jpa.internal.util.LogHelper  : HHH000204: Processing PersistenceUnitInfo [name: default]
2025-07-07T23:56:41.039+07:00  INFO 9424 --- [HIV Clinic Backend] [           main] org.hibernate.Version                    : HHH000412: Hibernate ORM core version 6.3.1.Final
2025-07-07T23:56:41.096+07:00  INFO 9424 --- [HIV Clinic Backend] [           main] o.h.c.internal.RegionFactoryInitiator    : HHH000026: Second-level cache disabled
2025-07-07T23:56:41.370+07:00  INFO 9424 --- [HIV Clinic Backend] [           main] o.s.o.j.p.SpringPersistenceUnitInfo      : No LoadTimeWeaver setup: ignoring JPA class transformer
2025-07-07T23:56:41.396+07:00  INFO 9424 --- [HIV Clinic Backend] [           main] com.zaxxer.hikari.HikariDataSource       : HikariPool-1 - Starting...
2025-07-07T23:56:41.830+07:00  INFO 9424 --- [HIV Clinic Backend] [           main] com.zaxxer.hikari.pool.HikariPool        : HikariPool-1 - Added connection ConnectionID:1 ClientConnectionId: 46840d24-63ea-4372-8b4c-275ef067fe4b
2025-07-07T23:56:41.832+07:00  INFO 9424 --- [HIV Clinic Backend] [           main] com.zaxxer.hikari.HikariDataSource       : HikariPool-1 - Start completed.
2025-07-07T23:56:41.855+07:00  WARN 9424 --- [HIV Clinic Backend] [           main] org.hibernate.orm.deprecation            : HHH90000025: SQLServerDialect does not need to be specified explicitly using 'hibernate.dialect' (remove the property setting and it will be selected by default)
2025-07-07T23:56:43.098+07:00  INFO 9424 --- [HIV Clinic Backend] [           main] o.h.e.t.j.p.i.JtaPlatformInitiator       : HHH000489: No JTA platform available (set 'hibernate.transaction.jta.platform' to enable JTA platform integration)
2025-07-07T23:56:44.473+07:00  INFO 9424 --- [HIV Clinic Backend] [           main] j.LocalContainerEntityManagerFactoryBean : Initialized JPA EntityManagerFactory for persistence unit 'default'
2025-07-07T23:56:44.822+07:00  INFO 9424 --- [HIV Clinic Backend] [           main] o.s.d.j.r.query.QueryEnhancerFactory     : Hibernate is in classpath; If applicable, HQL parser will be used.
2025-07-07T23:56:46.336+07:00  WARN 9424 --- [HIV Clinic Backend] [           main] JpaBaseConfiguration$JpaWebConfiguration : spring.jpa.open-in-view is enabled by default. Therefore, database queries may be performed during view rendering. Explicitly configure spring.jpa.open-in-view to disable this warning
2025-07-07T23:56:46.402+07:00 DEBUG 9424 --- [HIV Clinic Backend] [           main] o.s.s.a.h.RoleHierarchyImpl              : setHierarchy() - The following role hierarchy was set: ROLE_ADMIN > ROLE_MANAGER
ROLE_MANAGER > ROLE_DOCTOR
ROLE_DOCTOR > ROLE_PATIENT
2025-07-07T23:56:46.403+07:00 DEBUG 9424 --- [HIV Clinic Backend] [           main] o.s.s.a.h.RoleHierarchyImpl              : buildRolesReachableInOneStepMap() - From role ROLE_ADMIN one can reach role ROLE_MANAGER in one step.
2025-07-07T23:56:46.403+07:00 DEBUG 9424 --- [HIV Clinic Backend] [           main] o.s.s.a.h.RoleHierarchyImpl              : buildRolesReachableInOneStepMap() - From role ROLE_MANAGER one can reach role ROLE_DOCTOR in one step.
2025-07-07T23:56:46.403+07:00 DEBUG 9424 --- [HIV Clinic Backend] [           main] o.s.s.a.h.RoleHierarchyImpl              : buildRolesReachableInOneStepMap() - From role ROLE_DOCTOR one can reach role ROLE_PATIENT in one step.
2025-07-07T23:56:46.403+07:00 DEBUG 9424 --- [HIV Clinic Backend] [           main] o.s.s.a.h.RoleHierarchyImpl              : buildRolesReachableInOneOrMoreStepsMap() - From role ROLE_DOCTOR one can reach [ROLE_PATIENT] in one or more steps.
2025-07-07T23:56:46.403+07:00 DEBUG 9424 --- [HIV Clinic Backend] [           main] o.s.s.a.h.RoleHierarchyImpl              : buildRolesReachableInOneOrMoreStepsMap() - From role ROLE_MANAGER one can reach [ROLE_PATIENT, ROLE_DOCTOR] in one or more steps.
2025-07-07T23:56:46.403+07:00 DEBUG 9424 --- [HIV Clinic Backend] [           main] o.s.s.a.h.RoleHierarchyImpl              : buildRolesReachableInOneOrMoreStepsMap() - From role ROLE_ADMIN one can reach [ROLE_PATIENT, ROLE_DOCTOR, ROLE_MANAGER] in one or more steps.
2025-07-07T23:56:46.698+07:00  INFO 9424 --- [HIV Clinic Backend] [           main] o.s.s.web.DefaultSecurityFilterChain     : Will secure any request with [org.springframework.security.web.session.DisableEncodeUrlFilter@2db2b708, org.springframework.security.web.context.request.async.WebAsyncManagerIntegrationFilter@4d760ddb, org.springframework.security.web.context.SecurityContextHolderFilter@6a6b5f00, org.springframework.security.web.header.HeaderWriterFilter@7342eb53, org.springframework.web.filter.CorsFilter@980142a, org.springframework.security.web.authentication.logout.LogoutFilter@756837b8, com.hivclinic.config.JwtAuthenticationFilter@29483d10, org.springframework.security.web.savedrequest.RequestCacheAwareFilter@166a81d9, org.springframework.security.web.servletapi.SecurityContextHolderAwareRequestFilter@12329d37, org.springframework.security.web.authentication.AnonymousAuthenticationFilter@767bcf4d, org.springframework.security.web.session.SessionManagementFilter@606ab048, org.springframework.security.web.access.ExceptionTranslationFilter@5592464a, org.springframework.security.web.access.intercept.AuthorizationFilter@1b7f7b6e]
2025-07-07T23:56:47.146+07:00  INFO 9424 --- [HIV Clinic Backend] [           main] c.h.service.NotificationVisibilityTest   : Started NotificationVisibilityTest in 8.093 seconds (process running for 9.264)
2025-07-07T23:56:47.149+07:00  INFO 9424 --- [HIV Clinic Backend] [           main] com.hivclinic.config.DataInitializer     : Starting data initialization...
2025-07-07T23:56:47.161+07:00 DEBUG 9424 --- [HIV Clinic Backend] [   scheduling-1] c.h.s.NotificationSchedulingService      : Processing scheduled notifications
2025-07-07T23:56:47.225+07:00 DEBUG 9424 --- [HIV Clinic Backend] [           main] org.hibernate.SQL                        : 
    select
        count_big(*) 
    from
        Roles r1_0
Hibernate: 
    select
        count_big(*) 
    from
        Roles r1_0
2025-07-07T23:56:47.225+07:00 DEBUG 9424 --- [HIV Clinic Backend] [   scheduling-1] org.hibernate.SQL                        : 
    select
        n1_0.notificationId,
        n1_0.CreatedAt,
        n1_0.IsRead,
        n1_0.Message,
        n1_0.Priority,
        n1_0.RelatedEntityID,
        n1_0.RelatedEntityType,
        n1_0.ScheduledFor,
        n1_0.SentAt,
        n1_0.status,
        n1_0.Title,
        n1_0.Type,
        n1_0.UpdatedAt,
        n1_0.UserID 
    from
        Notifications n1_0
Hibernate: 
    select
        n1_0.notificationId,
        n1_0.CreatedAt,
        n1_0.IsRead,
        n1_0.Message,
        n1_0.Priority,
        n1_0.RelatedEntityID,
        n1_0.RelatedEntityType,
        n1_0.ScheduledFor,
        n1_0.SentAt,
        n1_0.status,
        n1_0.Title,
        n1_0.Type,
        n1_0.UpdatedAt,
        n1_0.UserID 
    from
        Notifications n1_0
2025-07-07T23:56:47.239+07:00  INFO 9424 --- [HIV Clinic Backend] [           main] com.hivclinic.config.DataInitializer     : Data already initialized, skipping...
2025-07-07T23:56:47.253+07:00 DEBUG 9424 --- [HIV Clinic Backend] [   scheduling-1] c.h.s.NotificationSchedulingService      : Found 0 notifications due for processing
2025-07-07T23:56:47.809+07:00 DEBUG 9424 --- [HIV Clinic Backend] [           main] org.hibernate.SQL                        : 
    select
        r1_0.RoleID,
        r1_0.RoleName 
    from
        Roles r1_0 
    where
        r1_0.RoleName=?
Hibernate: 
    select
        r1_0.RoleID,
        r1_0.RoleName 
    from
        Roles r1_0 
    where
        r1_0.RoleName=?
2025-07-07T23:56:47.856+07:00 DEBUG 9424 --- [HIV Clinic Backend] [           main] org.hibernate.SQL                        : 
    insert 
    into
        Users
        (CreatedAt, Email, FirstName, IsActive, LastName, PasswordHash, RoleID, Specialty, UpdatedAt, Username) 
    values
        (?, ?, ?, ?, ?, ?, ?, ?, ?, ?)
Hibernate: 
    insert 
    into
        Users
        (CreatedAt, Email, FirstName, IsActive, LastName, PasswordHash, RoleID, Specialty, UpdatedAt, Username) 
    values
        (?, ?, ?, ?, ?, ?, ?, ?, ?, ?)
DEBUG: Created test user with ID: 9
2025-07-07T23:56:47.877+07:00 DEBUG 9424 --- [HIV Clinic Backend] [           main] org.hibernate.SQL                        : 
    insert 
    into
        Notifications
        (CreatedAt, IsRead, Message, Priority, RelatedEntityID, RelatedEntityType, ScheduledFor, SentAt, status, Title, Type, UpdatedAt, UserID) 
    values
        (?, ?, ?, ?, ?, ?, ?, ?, ?, ?, ?, ?, ?)
Hibernate: 
    insert 
    into
        Notifications
        (CreatedAt, IsRead, Message, Priority, RelatedEntityID, RelatedEntityType, ScheduledFor, SentAt, status, Title, Type, UpdatedAt, UserID) 
    values
        (?, ?, ?, ?, ?, ?, ?, ?, ?, ?, ?, ?, ?)
DEBUG: Created test notification with ID: 65
2025-07-07T23:56:47.903+07:00 DEBUG 9424 --- [HIV Clinic Backend] [           main] org.hibernate.SQL                        : 
    update
        Notifications 
    set
        CreatedAt=?,
        IsRead=?,
        Message=?,
        Priority=?,
        RelatedEntityID=?,
        RelatedEntityType=?,
        ScheduledFor=?,
        SentAt=?,
        status=?,
        Title=?,
        Type=?,
        UpdatedAt=?,
        UserID=? 
    where
        notificationId=?
Hibernate: 
    update
        Notifications 
    set
        CreatedAt=?,
        IsRead=?,
        Message=?,
        Priority=?,
        RelatedEntityID=?,
        RelatedEntityType=?,
        ScheduledFor=?,
        SentAt=?,
        status=?,
        Title=?,
        Type=?,
        UpdatedAt=?,
        UserID=? 
    where
        notificationId=?
2025-07-07T23:56:47.909+07:00 DEBUG 9424 --- [HIV Clinic Backend] [           main] org.hibernate.SQL                        : 
    select
        n1_0.notificationId,
        n1_0.CreatedAt,
        n1_0.IsRead,
        n1_0.Message,
        n1_0.Priority,
        n1_0.RelatedEntityID,
        n1_0.RelatedEntityType,
        n1_0.ScheduledFor,
        n1_0.SentAt,
        n1_0.status,
        n1_0.Title,
        n1_0.Type,
        n1_0.UpdatedAt,
        n1_0.UserID 
    from
        Notifications n1_0 
    where
        n1_0.UserID=? 
    order by
        n1_0.CreatedAt desc
Hibernate: 
    select
        n1_0.notificationId,
        n1_0.CreatedAt,
        n1_0.IsRead,
        n1_0.Message,
        n1_0.Priority,
        n1_0.RelatedEntityID,
        n1_0.RelatedEntityType,
        n1_0.ScheduledFor,
        n1_0.SentAt,
        n1_0.status,
        n1_0.Title,
        n1_0.Type,
        n1_0.UpdatedAt,
        n1_0.UserID 
    from
        Notifications n1_0 
    where
        n1_0.UserID=? 
    order by
        n1_0.CreatedAt desc
DEBUG: ✓ Staff can still access cancelled notifications for management
]]></system-out>
    <system-err><![CDATA[WARNING: A Java agent has been loaded dynamically (C:\Users\PC\.m2\repository\net\bytebuddy\byte-buddy-agent\1.14.10\byte-buddy-agent-1.14.10.jar)
WARNING: If a serviceability tool is in use, please run with -XX:+EnableDynamicAgentLoading to hide this warning
WARNING: If a serviceability tool is not in use, please run with -Djdk.instrument.traceUsage for more information
WARNING: Dynamic loading of agents will be disallowed by default in a future release
]]></system-err>
  </testcase>
  <testcase name="testMixedActiveAndCancelledNotifications" classname="com.hivclinic.service.NotificationVisibilityTest" time="0.071">
    <system-out><![CDATA[2025-07-07T23:56:47.942+07:00 DEBUG 9424 --- [HIV Clinic Backend] [           main] org.hibernate.SQL                        : 
    select
        r1_0.RoleID,
        r1_0.RoleName 
    from
        Roles r1_0 
    where
        r1_0.RoleName=?
Hibernate: 
    select
        r1_0.RoleID,
        r1_0.RoleName 
    from
        Roles r1_0 
    where
        r1_0.RoleName=?
2025-07-07T23:56:47.946+07:00 DEBUG 9424 --- [HIV Clinic Backend] [           main] org.hibernate.SQL                        : 
    insert 
    into
        Users
        (CreatedAt, Email, FirstName, IsActive, LastName, PasswordHash, RoleID, Specialty, UpdatedAt, Username) 
    values
        (?, ?, ?, ?, ?, ?, ?, ?, ?, ?)
Hibernate: 
    insert 
    into
        Users
        (CreatedAt, Email, FirstName, IsActive, LastName, PasswordHash, RoleID, Specialty, UpdatedAt, Username) 
    values
        (?, ?, ?, ?, ?, ?, ?, ?, ?, ?)
DEBUG: Created test user with ID: 10
2025-07-07T23:56:47.953+07:00 DEBUG 9424 --- [HIV Clinic Backend] [           main] org.hibernate.SQL                        : 
    insert 
    into
        Notifications
        (CreatedAt, IsRead, Message, Priority, RelatedEntityID, RelatedEntityType, ScheduledFor, SentAt, status, Title, Type, UpdatedAt, UserID) 
    values
        (?, ?, ?, ?, ?, ?, ?, ?, ?, ?, ?, ?, ?)
Hibernate: 
    insert 
    into
        Notifications
        (CreatedAt, IsRead, Message, Priority, RelatedEntityID, RelatedEntityType, ScheduledFor, SentAt, status, Title, Type, UpdatedAt, UserID) 
    values
        (?, ?, ?, ?, ?, ?, ?, ?, ?, ?, ?, ?, ?)
DEBUG: Created test notification with ID: 66
2025-07-07T23:56:47.960+07:00 DEBUG 9424 --- [HIV Clinic Backend] [           main] org.hibernate.SQL                        : 
    insert 
    into
        Notifications
        (CreatedAt, IsRead, Message, Priority, RelatedEntityID, RelatedEntityType, ScheduledFor, SentAt, status, Title, Type, UpdatedAt, UserID) 
    values
        (?, ?, ?, ?, ?, ?, ?, ?, ?, ?, ?, ?, ?)
Hibernate: 
    insert 
    into
        Notifications
        (CreatedAt, IsRead, Message, Priority, RelatedEntityID, RelatedEntityType, ScheduledFor, SentAt, status, Title, Type, UpdatedAt, UserID) 
    values
        (?, ?, ?, ?, ?, ?, ?, ?, ?, ?, ?, ?, ?)
2025-07-07T23:56:47.968+07:00 DEBUG 9424 --- [HIV Clinic Backend] [           main] org.hibernate.SQL                        : 
    insert 
    into
        Notifications
        (CreatedAt, IsRead, Message, Priority, RelatedEntityID, RelatedEntityType, ScheduledFor, SentAt, status, Title, Type, UpdatedAt, UserID) 
    values
        (?, ?, ?, ?, ?, ?, ?, ?, ?, ?, ?, ?, ?)
Hibernate: 
    insert 
    into
        Notifications
        (CreatedAt, IsRead, Message, Priority, RelatedEntityID, RelatedEntityType, ScheduledFor, SentAt, status, Title, Type, UpdatedAt, UserID) 
    values
        (?, ?, ?, ?, ?, ?, ?, ?, ?, ?, ?, ?, ?)
2025-07-07T23:56:47.976+07:00 DEBUG 9424 --- [HIV Clinic Backend] [           main] org.hibernate.SQL                        : 
    select
        n1_0.notificationId,
        n1_0.CreatedAt,
        n1_0.IsRead,
        n1_0.Message,
        n1_0.Priority,
        n1_0.RelatedEntityID,
        n1_0.RelatedEntityType,
        n1_0.ScheduledFor,
        n1_0.SentAt,
        n1_0.status,
        n1_0.Title,
        n1_0.Type,
        n1_0.UpdatedAt,
        n1_0.UserID 
    from
        Notifications n1_0 
    where
        n1_0.UserID=? 
    order by
        n1_0.CreatedAt desc
Hibernate: 
    select
        n1_0.notificationId,
        n1_0.CreatedAt,
        n1_0.IsRead,
        n1_0.Message,
        n1_0.Priority,
        n1_0.RelatedEntityID,
        n1_0.RelatedEntityType,
        n1_0.ScheduledFor,
        n1_0.SentAt,
        n1_0.status,
        n1_0.Title,
        n1_0.Type,
        n1_0.UpdatedAt,
        n1_0.UserID 
    from
        Notifications n1_0 
    where
        n1_0.UserID=? 
    order by
        n1_0.CreatedAt desc
DEBUG: Found 3 total notifications for user 10
2025-07-07T23:56:47.993+07:00 DEBUG 9424 --- [HIV Clinic Backend] [           main] org.hibernate.SQL                        : 
    select
        n1_0.notificationId,
        n1_0.CreatedAt,
        n1_0.IsRead,
        n1_0.Message,
        n1_0.Priority,
        n1_0.RelatedEntityID,
        n1_0.RelatedEntityType,
        n1_0.ScheduledFor,
        n1_0.SentAt,
        n1_0.status,
        n1_0.Title,
        n1_0.Type,
        n1_0.UpdatedAt,
        n1_0.UserID 
    from
        Notifications n1_0 
    where
        n1_0.UserID=? 
        and n1_0.status!='CANCELLED' 
    order by
        n1_0.CreatedAt desc
Hibernate: 
    select
        n1_0.notificationId,
        n1_0.CreatedAt,
        n1_0.IsRead,
        n1_0.Message,
        n1_0.Priority,
        n1_0.RelatedEntityID,
        n1_0.RelatedEntityType,
        n1_0.ScheduledFor,
        n1_0.SentAt,
        n1_0.status,
        n1_0.Title,
        n1_0.Type,
        n1_0.UpdatedAt,
        n1_0.UserID 
    from
        Notifications n1_0 
    where
        n1_0.UserID=? 
        and n1_0.status!='CANCELLED' 
    order by
        n1_0.CreatedAt desc
DEBUG: Filtered out 1 cancelled notifications for patient visibility
DEBUG: Successfully hidden 1 cancelled notifications from patient
DEBUG: Hidden cancelled notification ID 68 with title: Cancelled Medication Reminder and status: CANCELLED
DEBUG: Returning 2 visible notifications (filtered out 1 cancelled notifications)
DEBUG: ✓ Mixed scenario test passed - Only active notifications visible to patient
]]></system-out>
  </testcase>
  <testcase name="testCancelledNotificationsHiddenFromPatient" classname="com.hivclinic.service.NotificationVisibilityTest" time="0.098">
    <system-out><![CDATA[2025-07-07T23:56:48.014+07:00 DEBUG 9424 --- [HIV Clinic Backend] [           main] org.hibernate.SQL                        : 
    select
        r1_0.RoleID,
        r1_0.RoleName 
    from
        Roles r1_0 
    where
        r1_0.RoleName=?
Hibernate: 
    select
        r1_0.RoleID,
        r1_0.RoleName 
    from
        Roles r1_0 
    where
        r1_0.RoleName=?
2025-07-07T23:56:48.019+07:00 DEBUG 9424 --- [HIV Clinic Backend] [           main] org.hibernate.SQL                        : 
    insert 
    into
        Users
        (CreatedAt, Email, FirstName, IsActive, LastName, PasswordHash, RoleID, Specialty, UpdatedAt, Username) 
    values
        (?, ?, ?, ?, ?, ?, ?, ?, ?, ?)
Hibernate: 
    insert 
    into
        Users
        (CreatedAt, Email, FirstName, IsActive, LastName, PasswordHash, RoleID, Specialty, UpdatedAt, Username) 
    values
        (?, ?, ?, ?, ?, ?, ?, ?, ?, ?)
DEBUG: Created test user with ID: 11
2025-07-07T23:56:48.023+07:00 DEBUG 9424 --- [HIV Clinic Backend] [           main] org.hibernate.SQL                        : 
    insert 
    into
        Notifications
        (CreatedAt, IsRead, Message, Priority, RelatedEntityID, RelatedEntityType, ScheduledFor, SentAt, status, Title, Type, UpdatedAt, UserID) 
    values
        (?, ?, ?, ?, ?, ?, ?, ?, ?, ?, ?, ?, ?)
Hibernate: 
    insert 
    into
        Notifications
        (CreatedAt, IsRead, Message, Priority, RelatedEntityID, RelatedEntityType, ScheduledFor, SentAt, status, Title, Type, UpdatedAt, UserID) 
    values
        (?, ?, ?, ?, ?, ?, ?, ?, ?, ?, ?, ?, ?)
DEBUG: Created test notification with ID: 69
2025-07-07T23:56:48.031+07:00 DEBUG 9424 --- [HIV Clinic Backend] [           main] org.hibernate.SQL                        : 
    select
        n1_0.notificationId,
        n1_0.CreatedAt,
        n1_0.IsRead,
        n1_0.Message,
        n1_0.Priority,
        n1_0.RelatedEntityID,
        n1_0.RelatedEntityType,
        n1_0.ScheduledFor,
        n1_0.SentAt,
        n1_0.status,
        n1_0.Title,
        n1_0.Type,
        n1_0.UpdatedAt,
        n1_0.UserID 
    from
        Notifications n1_0 
    where
        n1_0.UserID=? 
    order by
        n1_0.CreatedAt desc
Hibernate: 
    select
        n1_0.notificationId,
        n1_0.CreatedAt,
        n1_0.IsRead,
        n1_0.Message,
        n1_0.Priority,
        n1_0.RelatedEntityID,
        n1_0.RelatedEntityType,
        n1_0.ScheduledFor,
        n1_0.SentAt,
        n1_0.status,
        n1_0.Title,
        n1_0.Type,
        n1_0.UpdatedAt,
        n1_0.UserID 
    from
        Notifications n1_0 
    where
        n1_0.UserID=? 
    order by
        n1_0.CreatedAt desc
DEBUG: Found 1 total notifications for user 11
2025-07-07T23:56:48.041+07:00 DEBUG 9424 --- [HIV Clinic Backend] [           main] org.hibernate.SQL                        : 
    select
        n1_0.notificationId,
        n1_0.CreatedAt,
        n1_0.IsRead,
        n1_0.Message,
        n1_0.Priority,
        n1_0.RelatedEntityID,
        n1_0.RelatedEntityType,
        n1_0.ScheduledFor,
        n1_0.SentAt,
        n1_0.status,
        n1_0.Title,
        n1_0.Type,
        n1_0.UpdatedAt,
        n1_0.UserID 
    from
        Notifications n1_0 
    where
        n1_0.UserID=? 
        and n1_0.status!='CANCELLED' 
    order by
        n1_0.CreatedAt desc
Hibernate: 
    select
        n1_0.notificationId,
        n1_0.CreatedAt,
        n1_0.IsRead,
        n1_0.Message,
        n1_0.Priority,
        n1_0.RelatedEntityID,
        n1_0.RelatedEntityType,
        n1_0.ScheduledFor,
        n1_0.SentAt,
        n1_0.status,
        n1_0.Title,
        n1_0.Type,
        n1_0.UpdatedAt,
        n1_0.UserID 
    from
        Notifications n1_0 
    where
        n1_0.UserID=? 
        and n1_0.status!='CANCELLED' 
    order by
        n1_0.CreatedAt desc
DEBUG: Filtered out 0 cancelled notifications for patient visibility
DEBUG: Returning 1 visible notifications (filtered out 0 cancelled notifications)
DEBUG: ✓ Step 1 passed - Notification initially visible to patient
DEBUG: ✓ Step 2 passed - Notification marked as CANCELLED
2025-07-07T23:56:48.049+07:00 DEBUG 9424 --- [HIV Clinic Backend] [           main] org.hibernate.SQL                        : 
    update
        Notifications 
    set
        CreatedAt=?,
        IsRead=?,
        Message=?,
        Priority=?,
        RelatedEntityID=?,
        RelatedEntityType=?,
        ScheduledFor=?,
        SentAt=?,
        status=?,
        Title=?,
        Type=?,
        UpdatedAt=?,
        UserID=? 
    where
        notificationId=?
Hibernate: 
    update
        Notifications 
    set
        CreatedAt=?,
        IsRead=?,
        Message=?,
        Priority=?,
        RelatedEntityID=?,
        RelatedEntityType=?,
        ScheduledFor=?,
        SentAt=?,
        status=?,
        Title=?,
        Type=?,
        UpdatedAt=?,
        UserID=? 
    where
        notificationId=?
2025-07-07T23:56:48.056+07:00 DEBUG 9424 --- [HIV Clinic Backend] [           main] org.hibernate.SQL                        : 
    select
        n1_0.notificationId,
        n1_0.CreatedAt,
        n1_0.IsRead,
        n1_0.Message,
        n1_0.Priority,
        n1_0.RelatedEntityID,
        n1_0.RelatedEntityType,
        n1_0.ScheduledFor,
        n1_0.SentAt,
        n1_0.status,
        n1_0.Title,
        n1_0.Type,
        n1_0.UpdatedAt,
        n1_0.UserID 
    from
        Notifications n1_0 
    where
        n1_0.UserID=? 
    order by
        n1_0.CreatedAt desc
Hibernate: 
    select
        n1_0.notificationId,
        n1_0.CreatedAt,
        n1_0.IsRead,
        n1_0.Message,
        n1_0.Priority,
        n1_0.RelatedEntityID,
        n1_0.RelatedEntityType,
        n1_0.ScheduledFor,
        n1_0.SentAt,
        n1_0.status,
        n1_0.Title,
        n1_0.Type,
        n1_0.UpdatedAt,
        n1_0.UserID 
    from
        Notifications n1_0 
    where
        n1_0.UserID=? 
    order by
        n1_0.CreatedAt desc
DEBUG: Found 1 total notifications for user 11
2025-07-07T23:56:48.060+07:00 DEBUG 9424 --- [HIV Clinic Backend] [           main] org.hibernate.SQL                        : 
    select
        n1_0.notificationId,
        n1_0.CreatedAt,
        n1_0.IsRead,
        n1_0.Message,
        n1_0.Priority,
        n1_0.RelatedEntityID,
        n1_0.RelatedEntityType,
        n1_0.ScheduledFor,
        n1_0.SentAt,
        n1_0.status,
        n1_0.Title,
        n1_0.Type,
        n1_0.UpdatedAt,
        n1_0.UserID 
    from
        Notifications n1_0 
    where
        n1_0.UserID=? 
        and n1_0.status!='CANCELLED' 
    order by
        n1_0.CreatedAt desc
Hibernate: 
    select
        n1_0.notificationId,
        n1_0.CreatedAt,
        n1_0.IsRead,
        n1_0.Message,
        n1_0.Priority,
        n1_0.RelatedEntityID,
        n1_0.RelatedEntityType,
        n1_0.ScheduledFor,
        n1_0.SentAt,
        n1_0.status,
        n1_0.Title,
        n1_0.Type,
        n1_0.UpdatedAt,
        n1_0.UserID 
    from
        Notifications n1_0 
    where
        n1_0.UserID=? 
        and n1_0.status!='CANCELLED' 
    order by
        n1_0.CreatedAt desc
DEBUG: Filtered out 1 cancelled notifications for patient visibility
DEBUG: Successfully hidden 1 cancelled notifications from patient
DEBUG: Hidden cancelled notification ID 69 with title: Test Notification [CANCELLED] and status: CANCELLED
DEBUG: Returning 0 visible notifications (filtered out 1 cancelled notifications)
DEBUG: ✓ Step 3 passed - Cancelled notification hidden from patient
2025-07-07T23:56:48.067+07:00 DEBUG 9424 --- [HIV Clinic Backend] [           main] org.hibernate.SQL                        : 
    select
        n1_0.notificationId,
        n1_0.CreatedAt,
        n1_0.IsRead,
        n1_0.Message,
        n1_0.Priority,
        n1_0.RelatedEntityID,
        n1_0.RelatedEntityType,
        n1_0.ScheduledFor,
        n1_0.SentAt,
        n1_0.status,
        n1_0.Title,
        n1_0.Type,
        n1_0.UpdatedAt,
        n1_0.UserID 
    from
        Notifications n1_0 
    where
        n1_0.UserID=? 
        and n1_0.IsRead=?
Hibernate: 
    select
        n1_0.notificationId,
        n1_0.CreatedAt,
        n1_0.IsRead,
        n1_0.Message,
        n1_0.Priority,
        n1_0.RelatedEntityID,
        n1_0.RelatedEntityType,
        n1_0.ScheduledFor,
        n1_0.SentAt,
        n1_0.status,
        n1_0.Title,
        n1_0.Type,
        n1_0.UpdatedAt,
        n1_0.UserID 
    from
        Notifications n1_0 
    where
        n1_0.UserID=? 
        and n1_0.IsRead=?
DEBUG: Found 1 total unread notifications for user 11
2025-07-07T23:56:48.074+07:00 DEBUG 9424 --- [HIV Clinic Backend] [           main] org.hibernate.SQL                        : 
    select
        n1_0.notificationId,
        n1_0.CreatedAt,
        n1_0.IsRead,
        n1_0.Message,
        n1_0.Priority,
        n1_0.RelatedEntityID,
        n1_0.RelatedEntityType,
        n1_0.ScheduledFor,
        n1_0.SentAt,
        n1_0.status,
        n1_0.Title,
        n1_0.Type,
        n1_0.UpdatedAt,
        n1_0.UserID 
    from
        Notifications n1_0 
    where
        n1_0.UserID=? 
        and n1_0.IsRead=? 
        and n1_0.status!='CANCELLED'
Hibernate: 
    select
        n1_0.notificationId,
        n1_0.CreatedAt,
        n1_0.IsRead,
        n1_0.Message,
        n1_0.Priority,
        n1_0.RelatedEntityID,
        n1_0.RelatedEntityType,
        n1_0.ScheduledFor,
        n1_0.SentAt,
        n1_0.status,
        n1_0.Title,
        n1_0.Type,
        n1_0.UpdatedAt,
        n1_0.UserID 
    from
        Notifications n1_0 
    where
        n1_0.UserID=? 
        and n1_0.IsRead=? 
        and n1_0.status!='CANCELLED'
DEBUG: Filtered out 1 cancelled unread notifications for patient visibility
DEBUG: Successfully hidden 1 cancelled unread notifications from patient
DEBUG: Hidden cancelled unread notification ID 69 with title: Test Notification [CANCELLED] and status: CANCELLED
DEBUG: Returning 0 visible unread notifications (filtered out 1 cancelled notifications)
DEBUG: ✓ Step 4 passed - Cancelled notification not in unread list
2025-07-07T23:56:48.082+07:00 DEBUG 9424 --- [HIV Clinic Backend] [           main] org.hibernate.SQL                        : 
    select
        n1_0.notificationId,
        n1_0.CreatedAt,
        n1_0.IsRead,
        n1_0.Message,
        n1_0.Priority,
        n1_0.RelatedEntityID,
        n1_0.RelatedEntityType,
        n1_0.ScheduledFor,
        n1_0.SentAt,
        n1_0.status,
        n1_0.Title,
        n1_0.Type,
        n1_0.UpdatedAt,
        n1_0.UserID 
    from
        Notifications n1_0 
    where
        n1_0.UserID=? 
        and n1_0.IsRead=? 
        and n1_0.status!='CANCELLED'
Hibernate: 
    select
        n1_0.notificationId,
        n1_0.CreatedAt,
        n1_0.IsRead,
        n1_0.Message,
        n1_0.Priority,
        n1_0.RelatedEntityID,
        n1_0.RelatedEntityType,
        n1_0.ScheduledFor,
        n1_0.SentAt,
        n1_0.status,
        n1_0.Title,
        n1_0.Type,
        n1_0.UpdatedAt,
        n1_0.UserID 
    from
        Notifications n1_0 
    where
        n1_0.UserID=? 
        and n1_0.IsRead=? 
        and n1_0.status!='CANCELLED'
2025-07-07T23:56:48.085+07:00 DEBUG 9424 --- [HIV Clinic Backend] [           main] org.hibernate.SQL                        : 
    select
        n1_0.notificationId,
        n1_0.CreatedAt,
        n1_0.IsRead,
        n1_0.Message,
        n1_0.Priority,
        n1_0.RelatedEntityID,
        n1_0.RelatedEntityType,
        n1_0.ScheduledFor,
        n1_0.SentAt,
        n1_0.status,
        n1_0.Title,
        n1_0.Type,
        n1_0.UpdatedAt,
        n1_0.UserID 
    from
        Notifications n1_0 
    where
        n1_0.UserID=? 
        and n1_0.IsRead=?
Hibernate: 
    select
        n1_0.notificationId,
        n1_0.CreatedAt,
        n1_0.IsRead,
        n1_0.Message,
        n1_0.Priority,
        n1_0.RelatedEntityID,
        n1_0.RelatedEntityType,
        n1_0.ScheduledFor,
        n1_0.SentAt,
        n1_0.status,
        n1_0.Title,
        n1_0.Type,
        n1_0.UpdatedAt,
        n1_0.UserID 
    from
        Notifications n1_0 
    where
        n1_0.UserID=? 
        and n1_0.IsRead=?
DEBUG: Unread count for user 11: 0 (filtered out 1 cancelled)
2025-07-07T23:56:48.090+07:00 DEBUG 9424 --- [HIV Clinic Backend] [           main] org.hibernate.SQL                        : 
    insert 
    into
        Notifications
        (CreatedAt, IsRead, Message, Priority, RelatedEntityID, RelatedEntityType, ScheduledFor, SentAt, status, Title, Type, UpdatedAt, UserID) 
    values
        (?, ?, ?, ?, ?, ?, ?, ?, ?, ?, ?, ?, ?)
Hibernate: 
    insert 
    into
        Notifications
        (CreatedAt, IsRead, Message, Priority, RelatedEntityID, RelatedEntityType, ScheduledFor, SentAt, status, Title, Type, UpdatedAt, UserID) 
    values
        (?, ?, ?, ?, ?, ?, ?, ?, ?, ?, ?, ?, ?)
2025-07-07T23:56:48.095+07:00 DEBUG 9424 --- [HIV Clinic Backend] [           main] org.hibernate.SQL                        : 
    select
        n1_0.notificationId,
        n1_0.CreatedAt,
        n1_0.IsRead,
        n1_0.Message,
        n1_0.Priority,
        n1_0.RelatedEntityID,
        n1_0.RelatedEntityType,
        n1_0.ScheduledFor,
        n1_0.SentAt,
        n1_0.status,
        n1_0.Title,
        n1_0.Type,
        n1_0.UpdatedAt,
        n1_0.UserID 
    from
        Notifications n1_0 
    where
        n1_0.UserID=? 
        and n1_0.IsRead=? 
        and n1_0.status!='CANCELLED'
Hibernate: 
    select
        n1_0.notificationId,
        n1_0.CreatedAt,
        n1_0.IsRead,
        n1_0.Message,
        n1_0.Priority,
        n1_0.RelatedEntityID,
        n1_0.RelatedEntityType,
        n1_0.ScheduledFor,
        n1_0.SentAt,
        n1_0.status,
        n1_0.Title,
        n1_0.Type,
        n1_0.UpdatedAt,
        n1_0.UserID 
    from
        Notifications n1_0 
    where
        n1_0.UserID=? 
        and n1_0.IsRead=? 
        and n1_0.status!='CANCELLED'
2025-07-07T23:56:48.099+07:00 DEBUG 9424 --- [HIV Clinic Backend] [           main] org.hibernate.SQL                        : 
    select
        n1_0.notificationId,
        n1_0.CreatedAt,
        n1_0.IsRead,
        n1_0.Message,
        n1_0.Priority,
        n1_0.RelatedEntityID,
        n1_0.RelatedEntityType,
        n1_0.ScheduledFor,
        n1_0.SentAt,
        n1_0.status,
        n1_0.Title,
        n1_0.Type,
        n1_0.UpdatedAt,
        n1_0.UserID 
    from
        Notifications n1_0 
    where
        n1_0.UserID=? 
        and n1_0.IsRead=?
Hibernate: 
    select
        n1_0.notificationId,
        n1_0.CreatedAt,
        n1_0.IsRead,
        n1_0.Message,
        n1_0.Priority,
        n1_0.RelatedEntityID,
        n1_0.RelatedEntityType,
        n1_0.ScheduledFor,
        n1_0.SentAt,
        n1_0.status,
        n1_0.Title,
        n1_0.Type,
        n1_0.UpdatedAt,
        n1_0.UserID 
    from
        Notifications n1_0 
    where
        n1_0.UserID=? 
        and n1_0.IsRead=?
DEBUG: Unread count for user 11: 1 (filtered out 1 cancelled)
DEBUG: ✓ Step 5 passed - Unread count correctly excludes cancelled notifications
DEBUG: ✅ All test steps passed - Cancelled notifications are properly hidden from patients
]]></system-out>
  </testcase>
</testsuite>